[2024-08-18T07:41:47.232+0000] {processor.py:186} INFO - Started process (PID=433) to work on /opt/airflow/dags/conditionalBranching.py
[2024-08-18T07:41:47.234+0000] {processor.py:914} INFO - Processing file /opt/airflow/dags/conditionalBranching.py for tasks to queue
[2024-08-18T07:41:47.236+0000] {logging_mixin.py:190} INFO - [2024-08-18T07:41:47.235+0000] {dagbag.py:587} INFO - Filling up the DagBag from /opt/airflow/dags/conditionalBranching.py
[2024-08-18T07:41:47.315+0000] {processor.py:925} INFO - DAG(s) 'conditional_branching' retrieved from /opt/airflow/dags/conditionalBranching.py
[2024-08-18T07:41:47.584+0000] {logging_mixin.py:190} INFO - [2024-08-18T07:41:47.583+0000] {override.py:1858} INFO - Created Permission View: can read on DAG:conditional_branching
[2024-08-18T07:41:47.653+0000] {logging_mixin.py:190} INFO - [2024-08-18T07:41:47.652+0000] {override.py:1858} INFO - Created Permission View: can edit on DAG:conditional_branching
[2024-08-18T07:41:47.733+0000] {logging_mixin.py:190} INFO - [2024-08-18T07:41:47.732+0000] {override.py:1858} INFO - Created Permission View: can delete on DAG:conditional_branching
[2024-08-18T07:41:47.735+0000] {logging_mixin.py:190} INFO - [2024-08-18T07:41:47.734+0000] {dag.py:3211} INFO - Sync 1 DAGs
[2024-08-18T07:41:47.773+0000] {logging_mixin.py:190} INFO - [2024-08-18T07:41:47.773+0000] {dag.py:3234} INFO - Creating ORM DAG for conditional_branching
[2024-08-18T07:41:48.000+0000] {logging_mixin.py:190} INFO - [2024-08-18T07:41:48.000+0000] {dag.py:4138} INFO - Setting next_dagrun for conditional_branching to 2024-08-17 23:00:00+00:00, run_after=2024-08-18 23:00:00+00:00
[2024-08-18T07:41:48.137+0000] {processor.py:208} INFO - Processing /opt/airflow/dags/conditionalBranching.py took 0.910 seconds
[2024-08-18T07:42:19.307+0000] {processor.py:186} INFO - Started process (PID=444) to work on /opt/airflow/dags/conditionalBranching.py
[2024-08-18T07:42:19.309+0000] {processor.py:914} INFO - Processing file /opt/airflow/dags/conditionalBranching.py for tasks to queue
[2024-08-18T07:42:19.313+0000] {logging_mixin.py:190} INFO - [2024-08-18T07:42:19.313+0000] {dagbag.py:587} INFO - Filling up the DagBag from /opt/airflow/dags/conditionalBranching.py
[2024-08-18T07:42:19.365+0000] {processor.py:925} INFO - DAG(s) 'conditional_branching' retrieved from /opt/airflow/dags/conditionalBranching.py
[2024-08-18T07:42:19.422+0000] {logging_mixin.py:190} INFO - [2024-08-18T07:42:19.421+0000] {dag.py:3211} INFO - Sync 1 DAGs
[2024-08-18T07:42:19.476+0000] {logging_mixin.py:190} INFO - [2024-08-18T07:42:19.475+0000] {dag.py:4138} INFO - Setting next_dagrun for conditional_branching to 2024-08-17 23:00:00+00:00, run_after=2024-08-18 23:00:00+00:00
[2024-08-18T07:42:19.612+0000] {processor.py:208} INFO - Processing /opt/airflow/dags/conditionalBranching.py took 0.313 seconds
[2024-08-18T07:42:50.203+0000] {processor.py:186} INFO - Started process (PID=455) to work on /opt/airflow/dags/conditionalBranching.py
[2024-08-18T07:42:50.205+0000] {processor.py:914} INFO - Processing file /opt/airflow/dags/conditionalBranching.py for tasks to queue
[2024-08-18T07:42:50.208+0000] {logging_mixin.py:190} INFO - [2024-08-18T07:42:50.208+0000] {dagbag.py:587} INFO - Filling up the DagBag from /opt/airflow/dags/conditionalBranching.py
[2024-08-18T07:42:50.267+0000] {processor.py:925} INFO - DAG(s) 'conditional_branching' retrieved from /opt/airflow/dags/conditionalBranching.py
[2024-08-18T07:42:50.347+0000] {logging_mixin.py:190} INFO - [2024-08-18T07:42:50.346+0000] {dag.py:3211} INFO - Sync 1 DAGs
[2024-08-18T07:42:50.421+0000] {logging_mixin.py:190} INFO - [2024-08-18T07:42:50.420+0000] {dag.py:4138} INFO - Setting next_dagrun for conditional_branching to 2024-08-17 23:00:00+00:00, run_after=2024-08-18 23:00:00+00:00
[2024-08-18T07:42:50.559+0000] {processor.py:208} INFO - Processing /opt/airflow/dags/conditionalBranching.py took 0.362 seconds
[2024-08-18T07:43:20.990+0000] {processor.py:186} INFO - Started process (PID=466) to work on /opt/airflow/dags/conditionalBranching.py
[2024-08-18T07:43:20.993+0000] {processor.py:914} INFO - Processing file /opt/airflow/dags/conditionalBranching.py for tasks to queue
[2024-08-18T07:43:20.996+0000] {logging_mixin.py:190} INFO - [2024-08-18T07:43:20.995+0000] {dagbag.py:587} INFO - Filling up the DagBag from /opt/airflow/dags/conditionalBranching.py
[2024-08-18T07:43:21.063+0000] {processor.py:925} INFO - DAG(s) 'conditional_branching' retrieved from /opt/airflow/dags/conditionalBranching.py
[2024-08-18T07:43:21.135+0000] {logging_mixin.py:190} INFO - [2024-08-18T07:43:21.134+0000] {dag.py:3211} INFO - Sync 1 DAGs
[2024-08-18T07:43:21.193+0000] {logging_mixin.py:190} INFO - [2024-08-18T07:43:21.192+0000] {dag.py:4138} INFO - Setting next_dagrun for conditional_branching to 2024-08-17 23:00:00+00:00, run_after=2024-08-18 23:00:00+00:00
[2024-08-18T07:43:21.321+0000] {processor.py:208} INFO - Processing /opt/airflow/dags/conditionalBranching.py took 0.342 seconds
[2024-08-18T07:43:52.188+0000] {processor.py:186} INFO - Started process (PID=477) to work on /opt/airflow/dags/conditionalBranching.py
[2024-08-18T07:43:52.190+0000] {processor.py:914} INFO - Processing file /opt/airflow/dags/conditionalBranching.py for tasks to queue
[2024-08-18T07:43:52.193+0000] {logging_mixin.py:190} INFO - [2024-08-18T07:43:52.192+0000] {dagbag.py:587} INFO - Filling up the DagBag from /opt/airflow/dags/conditionalBranching.py
[2024-08-18T07:43:52.251+0000] {processor.py:925} INFO - DAG(s) 'conditional_branching' retrieved from /opt/airflow/dags/conditionalBranching.py
[2024-08-18T07:43:52.309+0000] {logging_mixin.py:190} INFO - [2024-08-18T07:43:52.309+0000] {dag.py:3211} INFO - Sync 1 DAGs
[2024-08-18T07:43:52.363+0000] {logging_mixin.py:190} INFO - [2024-08-18T07:43:52.363+0000] {dag.py:4138} INFO - Setting next_dagrun for conditional_branching to 2024-08-17 23:00:00+00:00, run_after=2024-08-18 23:00:00+00:00
[2024-08-18T07:43:52.496+0000] {processor.py:208} INFO - Processing /opt/airflow/dags/conditionalBranching.py took 0.314 seconds
[2024-08-18T07:44:24.042+0000] {processor.py:186} INFO - Started process (PID=488) to work on /opt/airflow/dags/conditionalBranching.py
[2024-08-18T07:44:24.043+0000] {processor.py:914} INFO - Processing file /opt/airflow/dags/conditionalBranching.py for tasks to queue
[2024-08-18T07:44:24.046+0000] {logging_mixin.py:190} INFO - [2024-08-18T07:44:24.045+0000] {dagbag.py:587} INFO - Filling up the DagBag from /opt/airflow/dags/conditionalBranching.py
[2024-08-18T07:44:24.106+0000] {processor.py:925} INFO - DAG(s) 'conditional_branching' retrieved from /opt/airflow/dags/conditionalBranching.py
[2024-08-18T07:44:24.165+0000] {logging_mixin.py:190} INFO - [2024-08-18T07:44:24.164+0000] {dag.py:3211} INFO - Sync 1 DAGs
[2024-08-18T07:44:24.213+0000] {logging_mixin.py:190} INFO - [2024-08-18T07:44:24.213+0000] {dag.py:4138} INFO - Setting next_dagrun for conditional_branching to 2024-08-17 23:00:00+00:00, run_after=2024-08-18 23:00:00+00:00
[2024-08-18T07:44:24.361+0000] {processor.py:208} INFO - Processing /opt/airflow/dags/conditionalBranching.py took 0.324 seconds
[2024-08-18T07:44:55.385+0000] {processor.py:186} INFO - Started process (PID=499) to work on /opt/airflow/dags/conditionalBranching.py
[2024-08-18T07:44:55.387+0000] {processor.py:914} INFO - Processing file /opt/airflow/dags/conditionalBranching.py for tasks to queue
[2024-08-18T07:44:55.389+0000] {logging_mixin.py:190} INFO - [2024-08-18T07:44:55.389+0000] {dagbag.py:587} INFO - Filling up the DagBag from /opt/airflow/dags/conditionalBranching.py
[2024-08-18T07:44:55.448+0000] {processor.py:925} INFO - DAG(s) 'conditional_branching' retrieved from /opt/airflow/dags/conditionalBranching.py
[2024-08-18T07:44:55.506+0000] {logging_mixin.py:190} INFO - [2024-08-18T07:44:55.505+0000] {dag.py:3211} INFO - Sync 1 DAGs
[2024-08-18T07:44:55.558+0000] {logging_mixin.py:190} INFO - [2024-08-18T07:44:55.557+0000] {dag.py:4138} INFO - Setting next_dagrun for conditional_branching to 2024-08-17 23:00:00+00:00, run_after=2024-08-18 23:00:00+00:00
[2024-08-18T07:44:55.702+0000] {processor.py:208} INFO - Processing /opt/airflow/dags/conditionalBranching.py took 0.323 seconds
[2024-08-18T07:45:26.910+0000] {processor.py:186} INFO - Started process (PID=510) to work on /opt/airflow/dags/conditionalBranching.py
[2024-08-18T07:45:26.913+0000] {processor.py:914} INFO - Processing file /opt/airflow/dags/conditionalBranching.py for tasks to queue
[2024-08-18T07:45:26.916+0000] {logging_mixin.py:190} INFO - [2024-08-18T07:45:26.916+0000] {dagbag.py:587} INFO - Filling up the DagBag from /opt/airflow/dags/conditionalBranching.py
[2024-08-18T07:45:26.971+0000] {processor.py:925} INFO - DAG(s) 'conditional_branching' retrieved from /opt/airflow/dags/conditionalBranching.py
[2024-08-18T07:45:27.025+0000] {logging_mixin.py:190} INFO - [2024-08-18T07:45:27.024+0000] {dag.py:3211} INFO - Sync 1 DAGs
[2024-08-18T07:45:27.072+0000] {logging_mixin.py:190} INFO - [2024-08-18T07:45:27.071+0000] {dag.py:4138} INFO - Setting next_dagrun for conditional_branching to 2024-08-17 23:00:00+00:00, run_after=2024-08-18 23:00:00+00:00
[2024-08-18T07:45:27.208+0000] {processor.py:208} INFO - Processing /opt/airflow/dags/conditionalBranching.py took 0.307 seconds
[2024-08-18T07:45:57.607+0000] {processor.py:186} INFO - Started process (PID=521) to work on /opt/airflow/dags/conditionalBranching.py
[2024-08-18T07:45:57.608+0000] {processor.py:914} INFO - Processing file /opt/airflow/dags/conditionalBranching.py for tasks to queue
[2024-08-18T07:45:57.610+0000] {logging_mixin.py:190} INFO - [2024-08-18T07:45:57.609+0000] {dagbag.py:587} INFO - Filling up the DagBag from /opt/airflow/dags/conditionalBranching.py
[2024-08-18T07:45:57.657+0000] {processor.py:925} INFO - DAG(s) 'conditional_branching' retrieved from /opt/airflow/dags/conditionalBranching.py
[2024-08-18T07:45:57.703+0000] {logging_mixin.py:190} INFO - [2024-08-18T07:45:57.702+0000] {dag.py:3211} INFO - Sync 1 DAGs
[2024-08-18T07:45:57.741+0000] {logging_mixin.py:190} INFO - [2024-08-18T07:45:57.740+0000] {dag.py:4138} INFO - Setting next_dagrun for conditional_branching to 2024-08-17 23:00:00+00:00, run_after=2024-08-18 23:00:00+00:00
[2024-08-18T07:45:57.858+0000] {processor.py:208} INFO - Processing /opt/airflow/dags/conditionalBranching.py took 0.257 seconds
[2024-08-18T07:46:28.565+0000] {processor.py:186} INFO - Started process (PID=532) to work on /opt/airflow/dags/conditionalBranching.py
[2024-08-18T07:46:28.568+0000] {processor.py:914} INFO - Processing file /opt/airflow/dags/conditionalBranching.py for tasks to queue
[2024-08-18T07:46:28.570+0000] {logging_mixin.py:190} INFO - [2024-08-18T07:46:28.570+0000] {dagbag.py:587} INFO - Filling up the DagBag from /opt/airflow/dags/conditionalBranching.py
[2024-08-18T07:46:28.629+0000] {processor.py:925} INFO - DAG(s) 'conditional_branching' retrieved from /opt/airflow/dags/conditionalBranching.py
[2024-08-18T07:46:28.671+0000] {logging_mixin.py:190} INFO - [2024-08-18T07:46:28.670+0000] {dag.py:3211} INFO - Sync 1 DAGs
[2024-08-18T07:46:28.736+0000] {logging_mixin.py:190} INFO - [2024-08-18T07:46:28.735+0000] {dag.py:4138} INFO - Setting next_dagrun for conditional_branching to 2024-08-17 23:00:00+00:00, run_after=2024-08-18 23:00:00+00:00
[2024-08-18T07:46:28.817+0000] {processor.py:208} INFO - Processing /opt/airflow/dags/conditionalBranching.py took 0.258 seconds
[2024-08-18T07:46:59.898+0000] {processor.py:186} INFO - Started process (PID=544) to work on /opt/airflow/dags/conditionalBranching.py
[2024-08-18T07:46:59.900+0000] {processor.py:914} INFO - Processing file /opt/airflow/dags/conditionalBranching.py for tasks to queue
[2024-08-18T07:46:59.901+0000] {logging_mixin.py:190} INFO - [2024-08-18T07:46:59.901+0000] {dagbag.py:587} INFO - Filling up the DagBag from /opt/airflow/dags/conditionalBranching.py
[2024-08-18T07:46:59.933+0000] {processor.py:925} INFO - DAG(s) 'conditional_branching' retrieved from /opt/airflow/dags/conditionalBranching.py
[2024-08-18T07:46:59.986+0000] {logging_mixin.py:190} INFO - [2024-08-18T07:46:59.985+0000] {dag.py:3211} INFO - Sync 1 DAGs
[2024-08-18T07:47:00.029+0000] {logging_mixin.py:190} INFO - [2024-08-18T07:47:00.029+0000] {dag.py:4138} INFO - Setting next_dagrun for conditional_branching to 2024-08-17 23:00:00+00:00, run_after=2024-08-18 23:00:00+00:00
[2024-08-18T07:47:00.134+0000] {processor.py:208} INFO - Processing /opt/airflow/dags/conditionalBranching.py took 0.241 seconds
[2024-08-18T07:47:30.536+0000] {processor.py:186} INFO - Started process (PID=556) to work on /opt/airflow/dags/conditionalBranching.py
[2024-08-18T07:47:30.537+0000] {processor.py:914} INFO - Processing file /opt/airflow/dags/conditionalBranching.py for tasks to queue
[2024-08-18T07:47:30.540+0000] {logging_mixin.py:190} INFO - [2024-08-18T07:47:30.539+0000] {dagbag.py:587} INFO - Filling up the DagBag from /opt/airflow/dags/conditionalBranching.py
[2024-08-18T07:47:30.595+0000] {processor.py:925} INFO - DAG(s) 'conditional_branching' retrieved from /opt/airflow/dags/conditionalBranching.py
[2024-08-18T07:47:30.654+0000] {logging_mixin.py:190} INFO - [2024-08-18T07:47:30.653+0000] {dag.py:3211} INFO - Sync 1 DAGs
[2024-08-18T07:47:30.696+0000] {logging_mixin.py:190} INFO - [2024-08-18T07:47:30.696+0000] {dag.py:4138} INFO - Setting next_dagrun for conditional_branching to 2024-08-17 23:00:00+00:00, run_after=2024-08-18 23:00:00+00:00
[2024-08-18T07:47:30.834+0000] {processor.py:208} INFO - Processing /opt/airflow/dags/conditionalBranching.py took 0.304 seconds
[2024-08-18T07:48:01.495+0000] {processor.py:186} INFO - Started process (PID=568) to work on /opt/airflow/dags/conditionalBranching.py
[2024-08-18T07:48:01.496+0000] {processor.py:914} INFO - Processing file /opt/airflow/dags/conditionalBranching.py for tasks to queue
[2024-08-18T07:48:01.499+0000] {logging_mixin.py:190} INFO - [2024-08-18T07:48:01.498+0000] {dagbag.py:587} INFO - Filling up the DagBag from /opt/airflow/dags/conditionalBranching.py
[2024-08-18T07:48:01.554+0000] {processor.py:925} INFO - DAG(s) 'conditional_branching' retrieved from /opt/airflow/dags/conditionalBranching.py
[2024-08-18T07:48:01.617+0000] {logging_mixin.py:190} INFO - [2024-08-18T07:48:01.615+0000] {dag.py:3211} INFO - Sync 1 DAGs
[2024-08-18T07:48:01.665+0000] {logging_mixin.py:190} INFO - [2024-08-18T07:48:01.665+0000] {dag.py:4138} INFO - Setting next_dagrun for conditional_branching to 2024-08-17 23:00:00+00:00, run_after=2024-08-18 23:00:00+00:00
[2024-08-18T07:48:01.799+0000] {processor.py:208} INFO - Processing /opt/airflow/dags/conditionalBranching.py took 0.312 seconds
[2024-08-18T07:48:32.664+0000] {processor.py:186} INFO - Started process (PID=580) to work on /opt/airflow/dags/conditionalBranching.py
[2024-08-18T07:48:32.666+0000] {processor.py:914} INFO - Processing file /opt/airflow/dags/conditionalBranching.py for tasks to queue
[2024-08-18T07:48:32.667+0000] {logging_mixin.py:190} INFO - [2024-08-18T07:48:32.667+0000] {dagbag.py:587} INFO - Filling up the DagBag from /opt/airflow/dags/conditionalBranching.py
[2024-08-18T07:48:32.703+0000] {processor.py:925} INFO - DAG(s) 'conditional_branching' retrieved from /opt/airflow/dags/conditionalBranching.py
[2024-08-18T07:48:32.755+0000] {logging_mixin.py:190} INFO - [2024-08-18T07:48:32.754+0000] {dag.py:3211} INFO - Sync 1 DAGs
[2024-08-18T07:48:32.797+0000] {logging_mixin.py:190} INFO - [2024-08-18T07:48:32.796+0000] {dag.py:4138} INFO - Setting next_dagrun for conditional_branching to 2024-08-17 23:00:00+00:00, run_after=2024-08-18 23:00:00+00:00
[2024-08-18T07:48:32.933+0000] {processor.py:208} INFO - Processing /opt/airflow/dags/conditionalBranching.py took 0.275 seconds
[2024-08-18T07:49:03.839+0000] {processor.py:186} INFO - Started process (PID=592) to work on /opt/airflow/dags/conditionalBranching.py
[2024-08-18T07:49:03.840+0000] {processor.py:914} INFO - Processing file /opt/airflow/dags/conditionalBranching.py for tasks to queue
[2024-08-18T07:49:03.842+0000] {logging_mixin.py:190} INFO - [2024-08-18T07:49:03.842+0000] {dagbag.py:587} INFO - Filling up the DagBag from /opt/airflow/dags/conditionalBranching.py
[2024-08-18T07:49:03.894+0000] {processor.py:925} INFO - DAG(s) 'conditional_branching' retrieved from /opt/airflow/dags/conditionalBranching.py
[2024-08-18T07:49:03.946+0000] {logging_mixin.py:190} INFO - [2024-08-18T07:49:03.945+0000] {dag.py:3211} INFO - Sync 1 DAGs
[2024-08-18T07:49:03.988+0000] {logging_mixin.py:190} INFO - [2024-08-18T07:49:03.988+0000] {dag.py:4138} INFO - Setting next_dagrun for conditional_branching to 2024-08-17 23:00:00+00:00, run_after=2024-08-18 23:00:00+00:00
[2024-08-18T07:49:04.125+0000] {processor.py:208} INFO - Processing /opt/airflow/dags/conditionalBranching.py took 0.291 seconds
[2024-08-18T07:49:35.343+0000] {processor.py:186} INFO - Started process (PID=604) to work on /opt/airflow/dags/conditionalBranching.py
[2024-08-18T07:49:35.344+0000] {processor.py:914} INFO - Processing file /opt/airflow/dags/conditionalBranching.py for tasks to queue
[2024-08-18T07:49:35.347+0000] {logging_mixin.py:190} INFO - [2024-08-18T07:49:35.346+0000] {dagbag.py:587} INFO - Filling up the DagBag from /opt/airflow/dags/conditionalBranching.py
[2024-08-18T07:49:35.395+0000] {processor.py:925} INFO - DAG(s) 'conditional_branching' retrieved from /opt/airflow/dags/conditionalBranching.py
[2024-08-18T07:49:35.449+0000] {logging_mixin.py:190} INFO - [2024-08-18T07:49:35.447+0000] {dag.py:3211} INFO - Sync 1 DAGs
[2024-08-18T07:49:35.484+0000] {logging_mixin.py:190} INFO - [2024-08-18T07:49:35.484+0000] {dag.py:4138} INFO - Setting next_dagrun for conditional_branching to 2024-08-17 23:00:00+00:00, run_after=2024-08-18 23:00:00+00:00
[2024-08-18T07:49:35.592+0000] {processor.py:208} INFO - Processing /opt/airflow/dags/conditionalBranching.py took 0.255 seconds
[2024-08-18T07:50:06.441+0000] {processor.py:186} INFO - Started process (PID=616) to work on /opt/airflow/dags/conditionalBranching.py
[2024-08-18T07:50:06.443+0000] {processor.py:914} INFO - Processing file /opt/airflow/dags/conditionalBranching.py for tasks to queue
[2024-08-18T07:50:06.445+0000] {logging_mixin.py:190} INFO - [2024-08-18T07:50:06.444+0000] {dagbag.py:587} INFO - Filling up the DagBag from /opt/airflow/dags/conditionalBranching.py
[2024-08-18T07:50:06.475+0000] {processor.py:925} INFO - DAG(s) 'conditional_branching' retrieved from /opt/airflow/dags/conditionalBranching.py
[2024-08-18T07:50:06.530+0000] {logging_mixin.py:190} INFO - [2024-08-18T07:50:06.530+0000] {dag.py:3211} INFO - Sync 1 DAGs
[2024-08-18T07:50:06.571+0000] {logging_mixin.py:190} INFO - [2024-08-18T07:50:06.571+0000] {dag.py:4138} INFO - Setting next_dagrun for conditional_branching to 2024-08-17 23:00:00+00:00, run_after=2024-08-18 23:00:00+00:00
[2024-08-18T07:50:06.708+0000] {processor.py:208} INFO - Processing /opt/airflow/dags/conditionalBranching.py took 0.272 seconds
[2024-08-18T07:50:38.046+0000] {processor.py:186} INFO - Started process (PID=628) to work on /opt/airflow/dags/conditionalBranching.py
[2024-08-18T07:50:38.047+0000] {processor.py:914} INFO - Processing file /opt/airflow/dags/conditionalBranching.py for tasks to queue
[2024-08-18T07:50:38.049+0000] {logging_mixin.py:190} INFO - [2024-08-18T07:50:38.049+0000] {dagbag.py:587} INFO - Filling up the DagBag from /opt/airflow/dags/conditionalBranching.py
[2024-08-18T07:50:38.124+0000] {processor.py:925} INFO - DAG(s) 'conditional_branching' retrieved from /opt/airflow/dags/conditionalBranching.py
[2024-08-18T07:50:38.176+0000] {logging_mixin.py:190} INFO - [2024-08-18T07:50:38.175+0000] {dag.py:3211} INFO - Sync 1 DAGs
[2024-08-18T07:50:38.217+0000] {logging_mixin.py:190} INFO - [2024-08-18T07:50:38.217+0000] {dag.py:4138} INFO - Setting next_dagrun for conditional_branching to 2024-08-17 23:00:00+00:00, run_after=2024-08-18 23:00:00+00:00
[2024-08-18T07:50:38.353+0000] {processor.py:208} INFO - Processing /opt/airflow/dags/conditionalBranching.py took 0.314 seconds
[2024-08-18T07:51:09.454+0000] {processor.py:186} INFO - Started process (PID=640) to work on /opt/airflow/dags/conditionalBranching.py
[2024-08-18T07:51:09.457+0000] {processor.py:914} INFO - Processing file /opt/airflow/dags/conditionalBranching.py for tasks to queue
[2024-08-18T07:51:09.459+0000] {logging_mixin.py:190} INFO - [2024-08-18T07:51:09.458+0000] {dagbag.py:587} INFO - Filling up the DagBag from /opt/airflow/dags/conditionalBranching.py
[2024-08-18T07:51:09.508+0000] {processor.py:925} INFO - DAG(s) 'conditional_branching' retrieved from /opt/airflow/dags/conditionalBranching.py
[2024-08-18T07:51:09.564+0000] {logging_mixin.py:190} INFO - [2024-08-18T07:51:09.563+0000] {dag.py:3211} INFO - Sync 1 DAGs
[2024-08-18T07:51:09.610+0000] {logging_mixin.py:190} INFO - [2024-08-18T07:51:09.610+0000] {dag.py:4138} INFO - Setting next_dagrun for conditional_branching to 2024-08-17 23:00:00+00:00, run_after=2024-08-18 23:00:00+00:00
[2024-08-18T07:51:09.748+0000] {processor.py:208} INFO - Processing /opt/airflow/dags/conditionalBranching.py took 0.299 seconds
[2024-08-18T07:51:40.959+0000] {processor.py:186} INFO - Started process (PID=652) to work on /opt/airflow/dags/conditionalBranching.py
[2024-08-18T07:51:40.960+0000] {processor.py:914} INFO - Processing file /opt/airflow/dags/conditionalBranching.py for tasks to queue
[2024-08-18T07:51:40.962+0000] {logging_mixin.py:190} INFO - [2024-08-18T07:51:40.962+0000] {dagbag.py:587} INFO - Filling up the DagBag from /opt/airflow/dags/conditionalBranching.py
[2024-08-18T07:51:41.012+0000] {processor.py:925} INFO - DAG(s) 'conditional_branching' retrieved from /opt/airflow/dags/conditionalBranching.py
[2024-08-18T07:51:41.063+0000] {logging_mixin.py:190} INFO - [2024-08-18T07:51:41.063+0000] {dag.py:3211} INFO - Sync 1 DAGs
[2024-08-18T07:51:41.100+0000] {logging_mixin.py:190} INFO - [2024-08-18T07:51:41.100+0000] {dag.py:4138} INFO - Setting next_dagrun for conditional_branching to 2024-08-17 23:00:00+00:00, run_after=2024-08-18 23:00:00+00:00
[2024-08-18T07:51:41.229+0000] {processor.py:208} INFO - Processing /opt/airflow/dags/conditionalBranching.py took 0.276 seconds
[2024-08-18T07:52:11.702+0000] {processor.py:186} INFO - Started process (PID=667) to work on /opt/airflow/dags/conditionalBranching.py
[2024-08-18T07:52:11.703+0000] {processor.py:914} INFO - Processing file /opt/airflow/dags/conditionalBranching.py for tasks to queue
[2024-08-18T07:52:11.705+0000] {logging_mixin.py:190} INFO - [2024-08-18T07:52:11.704+0000] {dagbag.py:587} INFO - Filling up the DagBag from /opt/airflow/dags/conditionalBranching.py
[2024-08-18T07:52:11.762+0000] {processor.py:925} INFO - DAG(s) 'conditional_branching' retrieved from /opt/airflow/dags/conditionalBranching.py
[2024-08-18T07:52:11.812+0000] {logging_mixin.py:190} INFO - [2024-08-18T07:52:11.811+0000] {dag.py:3211} INFO - Sync 1 DAGs
[2024-08-18T07:52:11.859+0000] {logging_mixin.py:190} INFO - [2024-08-18T07:52:11.859+0000] {dag.py:4138} INFO - Setting next_dagrun for conditional_branching to 2024-08-17 23:00:00+00:00, run_after=2024-08-18 23:00:00+00:00
[2024-08-18T07:52:11.992+0000] {processor.py:208} INFO - Processing /opt/airflow/dags/conditionalBranching.py took 0.296 seconds
[2024-08-18T07:52:42.486+0000] {processor.py:186} INFO - Started process (PID=682) to work on /opt/airflow/dags/conditionalBranching.py
[2024-08-18T07:52:42.488+0000] {processor.py:914} INFO - Processing file /opt/airflow/dags/conditionalBranching.py for tasks to queue
[2024-08-18T07:52:42.490+0000] {logging_mixin.py:190} INFO - [2024-08-18T07:52:42.489+0000] {dagbag.py:587} INFO - Filling up the DagBag from /opt/airflow/dags/conditionalBranching.py
[2024-08-18T07:52:42.547+0000] {processor.py:925} INFO - DAG(s) 'conditional_branching' retrieved from /opt/airflow/dags/conditionalBranching.py
[2024-08-18T07:52:42.602+0000] {logging_mixin.py:190} INFO - [2024-08-18T07:52:42.601+0000] {dag.py:3211} INFO - Sync 1 DAGs
[2024-08-18T07:52:42.646+0000] {logging_mixin.py:190} INFO - [2024-08-18T07:52:42.646+0000] {dag.py:4138} INFO - Setting next_dagrun for conditional_branching to 2024-08-17 23:00:00+00:00, run_after=2024-08-18 23:00:00+00:00
[2024-08-18T07:52:42.781+0000] {processor.py:208} INFO - Processing /opt/airflow/dags/conditionalBranching.py took 0.302 seconds
[2024-08-18T07:53:13.062+0000] {processor.py:186} INFO - Started process (PID=697) to work on /opt/airflow/dags/conditionalBranching.py
[2024-08-18T07:53:13.064+0000] {processor.py:914} INFO - Processing file /opt/airflow/dags/conditionalBranching.py for tasks to queue
[2024-08-18T07:53:13.066+0000] {logging_mixin.py:190} INFO - [2024-08-18T07:53:13.065+0000] {dagbag.py:587} INFO - Filling up the DagBag from /opt/airflow/dags/conditionalBranching.py
[2024-08-18T07:53:13.120+0000] {processor.py:925} INFO - DAG(s) 'conditional_branching' retrieved from /opt/airflow/dags/conditionalBranching.py
[2024-08-18T07:53:13.173+0000] {logging_mixin.py:190} INFO - [2024-08-18T07:53:13.172+0000] {dag.py:3211} INFO - Sync 1 DAGs
[2024-08-18T07:53:13.214+0000] {logging_mixin.py:190} INFO - [2024-08-18T07:53:13.214+0000] {dag.py:4138} INFO - Setting next_dagrun for conditional_branching to 2024-08-17 23:00:00+00:00, run_after=2024-08-18 23:00:00+00:00
[2024-08-18T07:53:13.324+0000] {processor.py:208} INFO - Processing /opt/airflow/dags/conditionalBranching.py took 0.267 seconds
[2024-08-18T07:53:43.514+0000] {processor.py:186} INFO - Started process (PID=712) to work on /opt/airflow/dags/conditionalBranching.py
[2024-08-18T07:53:43.515+0000] {processor.py:914} INFO - Processing file /opt/airflow/dags/conditionalBranching.py for tasks to queue
[2024-08-18T07:53:43.517+0000] {logging_mixin.py:190} INFO - [2024-08-18T07:53:43.516+0000] {dagbag.py:587} INFO - Filling up the DagBag from /opt/airflow/dags/conditionalBranching.py
[2024-08-18T07:53:43.572+0000] {processor.py:925} INFO - DAG(s) 'conditional_branching' retrieved from /opt/airflow/dags/conditionalBranching.py
[2024-08-18T07:53:43.621+0000] {logging_mixin.py:190} INFO - [2024-08-18T07:53:43.620+0000] {dag.py:3211} INFO - Sync 1 DAGs
[2024-08-18T07:53:43.660+0000] {logging_mixin.py:190} INFO - [2024-08-18T07:53:43.660+0000] {dag.py:4138} INFO - Setting next_dagrun for conditional_branching to 2024-08-17 23:00:00+00:00, run_after=2024-08-18 23:00:00+00:00
[2024-08-18T07:53:43.798+0000] {processor.py:208} INFO - Processing /opt/airflow/dags/conditionalBranching.py took 0.291 seconds
[2024-08-18T07:54:15.027+0000] {processor.py:186} INFO - Started process (PID=728) to work on /opt/airflow/dags/conditionalBranching.py
[2024-08-18T07:54:15.028+0000] {processor.py:914} INFO - Processing file /opt/airflow/dags/conditionalBranching.py for tasks to queue
[2024-08-18T07:54:15.031+0000] {logging_mixin.py:190} INFO - [2024-08-18T07:54:15.030+0000] {dagbag.py:587} INFO - Filling up the DagBag from /opt/airflow/dags/conditionalBranching.py
[2024-08-18T07:54:15.085+0000] {processor.py:925} INFO - DAG(s) 'conditional_branching' retrieved from /opt/airflow/dags/conditionalBranching.py
[2024-08-18T07:54:15.135+0000] {logging_mixin.py:190} INFO - [2024-08-18T07:54:15.135+0000] {dag.py:3211} INFO - Sync 1 DAGs
[2024-08-18T07:54:15.177+0000] {logging_mixin.py:190} INFO - [2024-08-18T07:54:15.177+0000] {dag.py:4138} INFO - Setting next_dagrun for conditional_branching to 2024-08-17 23:00:00+00:00, run_after=2024-08-18 23:00:00+00:00
[2024-08-18T07:54:15.460+0000] {processor.py:208} INFO - Processing /opt/airflow/dags/conditionalBranching.py took 0.439 seconds
[2024-08-18T07:54:46.742+0000] {processor.py:186} INFO - Started process (PID=743) to work on /opt/airflow/dags/conditionalBranching.py
[2024-08-18T07:54:46.744+0000] {processor.py:914} INFO - Processing file /opt/airflow/dags/conditionalBranching.py for tasks to queue
[2024-08-18T07:54:46.745+0000] {logging_mixin.py:190} INFO - [2024-08-18T07:54:46.745+0000] {dagbag.py:587} INFO - Filling up the DagBag from /opt/airflow/dags/conditionalBranching.py
[2024-08-18T07:54:46.799+0000] {processor.py:925} INFO - DAG(s) 'conditional_branching' retrieved from /opt/airflow/dags/conditionalBranching.py
[2024-08-18T07:54:46.848+0000] {logging_mixin.py:190} INFO - [2024-08-18T07:54:46.847+0000] {dag.py:3211} INFO - Sync 1 DAGs
[2024-08-18T07:54:46.890+0000] {logging_mixin.py:190} INFO - [2024-08-18T07:54:46.890+0000] {dag.py:4138} INFO - Setting next_dagrun for conditional_branching to 2024-08-17 23:00:00+00:00, run_after=2024-08-18 23:00:00+00:00
[2024-08-18T07:54:47.008+0000] {processor.py:208} INFO - Processing /opt/airflow/dags/conditionalBranching.py took 0.271 seconds
[2024-08-18T07:55:17.275+0000] {processor.py:186} INFO - Started process (PID=758) to work on /opt/airflow/dags/conditionalBranching.py
[2024-08-18T07:55:17.277+0000] {processor.py:914} INFO - Processing file /opt/airflow/dags/conditionalBranching.py for tasks to queue
[2024-08-18T07:55:17.280+0000] {logging_mixin.py:190} INFO - [2024-08-18T07:55:17.279+0000] {dagbag.py:587} INFO - Filling up the DagBag from /opt/airflow/dags/conditionalBranching.py
[2024-08-18T07:55:17.327+0000] {processor.py:925} INFO - DAG(s) 'conditional_branching' retrieved from /opt/airflow/dags/conditionalBranching.py
[2024-08-18T07:55:17.372+0000] {logging_mixin.py:190} INFO - [2024-08-18T07:55:17.372+0000] {dag.py:3211} INFO - Sync 1 DAGs
[2024-08-18T07:55:17.409+0000] {logging_mixin.py:190} INFO - [2024-08-18T07:55:17.408+0000] {dag.py:4138} INFO - Setting next_dagrun for conditional_branching to 2024-08-17 23:00:00+00:00, run_after=2024-08-18 23:00:00+00:00
[2024-08-18T07:55:17.477+0000] {processor.py:208} INFO - Processing /opt/airflow/dags/conditionalBranching.py took 0.220 seconds
[2024-08-18T07:55:49.733+0000] {processor.py:186} INFO - Started process (PID=773) to work on /opt/airflow/dags/conditionalBranching.py
[2024-08-18T07:55:49.735+0000] {processor.py:914} INFO - Processing file /opt/airflow/dags/conditionalBranching.py for tasks to queue
[2024-08-18T07:55:49.737+0000] {logging_mixin.py:190} INFO - [2024-08-18T07:55:49.736+0000] {dagbag.py:587} INFO - Filling up the DagBag from /opt/airflow/dags/conditionalBranching.py
[2024-08-18T07:55:49.769+0000] {processor.py:925} INFO - DAG(s) 'conditional_branching' retrieved from /opt/airflow/dags/conditionalBranching.py
[2024-08-18T07:55:49.826+0000] {logging_mixin.py:190} INFO - [2024-08-18T07:55:49.825+0000] {dag.py:3211} INFO - Sync 1 DAGs
[2024-08-18T07:55:49.873+0000] {logging_mixin.py:190} INFO - [2024-08-18T07:55:49.872+0000] {dag.py:4138} INFO - Setting next_dagrun for conditional_branching to 2024-08-17 23:00:00+00:00, run_after=2024-08-18 23:00:00+00:00
[2024-08-18T07:55:49.986+0000] {processor.py:208} INFO - Processing /opt/airflow/dags/conditionalBranching.py took 0.259 seconds
[2024-08-18T07:56:21.162+0000] {processor.py:186} INFO - Started process (PID=788) to work on /opt/airflow/dags/conditionalBranching.py
[2024-08-18T07:56:21.164+0000] {processor.py:914} INFO - Processing file /opt/airflow/dags/conditionalBranching.py for tasks to queue
[2024-08-18T07:56:21.167+0000] {logging_mixin.py:190} INFO - [2024-08-18T07:56:21.166+0000] {dagbag.py:587} INFO - Filling up the DagBag from /opt/airflow/dags/conditionalBranching.py
[2024-08-18T07:56:21.234+0000] {processor.py:925} INFO - DAG(s) 'conditional_branching' retrieved from /opt/airflow/dags/conditionalBranching.py
[2024-08-18T07:56:21.306+0000] {logging_mixin.py:190} INFO - [2024-08-18T07:56:21.305+0000] {dag.py:3211} INFO - Sync 1 DAGs
[2024-08-18T07:56:21.359+0000] {logging_mixin.py:190} INFO - [2024-08-18T07:56:21.358+0000] {dag.py:4138} INFO - Setting next_dagrun for conditional_branching to 2024-08-17 23:00:00+00:00, run_after=2024-08-18 23:00:00+00:00
[2024-08-18T07:56:21.509+0000] {processor.py:208} INFO - Processing /opt/airflow/dags/conditionalBranching.py took 0.353 seconds
[2024-08-18T07:56:54.782+0000] {processor.py:186} INFO - Started process (PID=804) to work on /opt/airflow/dags/conditionalBranching.py
[2024-08-18T07:56:54.784+0000] {processor.py:914} INFO - Processing file /opt/airflow/dags/conditionalBranching.py for tasks to queue
[2024-08-18T07:56:54.785+0000] {logging_mixin.py:190} INFO - [2024-08-18T07:56:54.785+0000] {dagbag.py:587} INFO - Filling up the DagBag from /opt/airflow/dags/conditionalBranching.py
[2024-08-18T07:56:54.832+0000] {processor.py:925} INFO - DAG(s) 'conditional_branching' retrieved from /opt/airflow/dags/conditionalBranching.py
[2024-08-18T07:56:54.883+0000] {logging_mixin.py:190} INFO - [2024-08-18T07:56:54.881+0000] {dag.py:3211} INFO - Sync 1 DAGs
[2024-08-18T07:56:54.923+0000] {logging_mixin.py:190} INFO - [2024-08-18T07:56:54.922+0000] {dag.py:4138} INFO - Setting next_dagrun for conditional_branching to 2024-08-17 23:00:00+00:00, run_after=2024-08-18 23:00:00+00:00
[2024-08-18T07:56:55.048+0000] {processor.py:208} INFO - Processing /opt/airflow/dags/conditionalBranching.py took 0.272 seconds
[2024-08-18T07:57:26.738+0000] {processor.py:186} INFO - Started process (PID=820) to work on /opt/airflow/dags/conditionalBranching.py
[2024-08-18T07:57:26.740+0000] {processor.py:914} INFO - Processing file /opt/airflow/dags/conditionalBranching.py for tasks to queue
[2024-08-18T07:57:26.743+0000] {logging_mixin.py:190} INFO - [2024-08-18T07:57:26.742+0000] {dagbag.py:587} INFO - Filling up the DagBag from /opt/airflow/dags/conditionalBranching.py
[2024-08-18T07:57:26.806+0000] {processor.py:925} INFO - DAG(s) 'conditional_branching' retrieved from /opt/airflow/dags/conditionalBranching.py
[2024-08-18T07:57:26.886+0000] {logging_mixin.py:190} INFO - [2024-08-18T07:57:26.885+0000] {dag.py:3211} INFO - Sync 1 DAGs
[2024-08-18T07:57:26.959+0000] {logging_mixin.py:190} INFO - [2024-08-18T07:57:26.959+0000] {dag.py:4138} INFO - Setting next_dagrun for conditional_branching to 2024-08-17 23:00:00+00:00, run_after=2024-08-18 23:00:00+00:00
[2024-08-18T07:57:27.099+0000] {processor.py:208} INFO - Processing /opt/airflow/dags/conditionalBranching.py took 0.372 seconds
[2024-08-18T07:57:58.412+0000] {processor.py:186} INFO - Started process (PID=836) to work on /opt/airflow/dags/conditionalBranching.py
[2024-08-18T07:57:58.414+0000] {processor.py:914} INFO - Processing file /opt/airflow/dags/conditionalBranching.py for tasks to queue
[2024-08-18T07:57:58.418+0000] {logging_mixin.py:190} INFO - [2024-08-18T07:57:58.417+0000] {dagbag.py:587} INFO - Filling up the DagBag from /opt/airflow/dags/conditionalBranching.py
[2024-08-18T07:57:58.458+0000] {processor.py:925} INFO - DAG(s) 'conditional_branching' retrieved from /opt/airflow/dags/conditionalBranching.py
[2024-08-18T07:57:58.511+0000] {logging_mixin.py:190} INFO - [2024-08-18T07:57:58.510+0000] {dag.py:3211} INFO - Sync 1 DAGs
[2024-08-18T07:57:58.557+0000] {logging_mixin.py:190} INFO - [2024-08-18T07:57:58.557+0000] {dag.py:4138} INFO - Setting next_dagrun for conditional_branching to 2024-08-17 23:00:00+00:00, run_after=2024-08-18 23:00:00+00:00
[2024-08-18T07:57:58.684+0000] {processor.py:208} INFO - Processing /opt/airflow/dags/conditionalBranching.py took 0.278 seconds
[2024-08-18T07:58:29.979+0000] {processor.py:186} INFO - Started process (PID=852) to work on /opt/airflow/dags/conditionalBranching.py
[2024-08-18T07:58:29.980+0000] {processor.py:914} INFO - Processing file /opt/airflow/dags/conditionalBranching.py for tasks to queue
[2024-08-18T07:58:29.983+0000] {logging_mixin.py:190} INFO - [2024-08-18T07:58:29.982+0000] {dagbag.py:587} INFO - Filling up the DagBag from /opt/airflow/dags/conditionalBranching.py
[2024-08-18T07:58:30.040+0000] {processor.py:925} INFO - DAG(s) 'conditional_branching' retrieved from /opt/airflow/dags/conditionalBranching.py
[2024-08-18T07:58:30.081+0000] {logging_mixin.py:190} INFO - [2024-08-18T07:58:30.080+0000] {dag.py:3211} INFO - Sync 1 DAGs
[2024-08-18T07:58:30.124+0000] {logging_mixin.py:190} INFO - [2024-08-18T07:58:30.123+0000] {dag.py:4138} INFO - Setting next_dagrun for conditional_branching to 2024-08-17 23:00:00+00:00, run_after=2024-08-18 23:00:00+00:00
[2024-08-18T07:58:30.266+0000] {processor.py:208} INFO - Processing /opt/airflow/dags/conditionalBranching.py took 0.295 seconds
[2024-08-18T07:59:01.444+0000] {processor.py:186} INFO - Started process (PID=867) to work on /opt/airflow/dags/conditionalBranching.py
[2024-08-18T07:59:01.446+0000] {processor.py:914} INFO - Processing file /opt/airflow/dags/conditionalBranching.py for tasks to queue
[2024-08-18T07:59:01.448+0000] {logging_mixin.py:190} INFO - [2024-08-18T07:59:01.448+0000] {dagbag.py:587} INFO - Filling up the DagBag from /opt/airflow/dags/conditionalBranching.py
[2024-08-18T07:59:01.508+0000] {processor.py:925} INFO - DAG(s) 'conditional_branching' retrieved from /opt/airflow/dags/conditionalBranching.py
[2024-08-18T07:59:01.568+0000] {logging_mixin.py:190} INFO - [2024-08-18T07:59:01.568+0000] {dag.py:3211} INFO - Sync 1 DAGs
[2024-08-18T07:59:01.626+0000] {logging_mixin.py:190} INFO - [2024-08-18T07:59:01.625+0000] {dag.py:4138} INFO - Setting next_dagrun for conditional_branching to 2024-08-17 23:00:00+00:00, run_after=2024-08-18 23:00:00+00:00
[2024-08-18T07:59:01.989+0000] {processor.py:208} INFO - Processing /opt/airflow/dags/conditionalBranching.py took 0.554 seconds
[2024-08-18T07:59:33.049+0000] {processor.py:186} INFO - Started process (PID=883) to work on /opt/airflow/dags/conditionalBranching.py
[2024-08-18T07:59:33.051+0000] {processor.py:914} INFO - Processing file /opt/airflow/dags/conditionalBranching.py for tasks to queue
[2024-08-18T07:59:33.053+0000] {logging_mixin.py:190} INFO - [2024-08-18T07:59:33.052+0000] {dagbag.py:587} INFO - Filling up the DagBag from /opt/airflow/dags/conditionalBranching.py
[2024-08-18T07:59:33.092+0000] {processor.py:925} INFO - DAG(s) 'conditional_branching' retrieved from /opt/airflow/dags/conditionalBranching.py
[2024-08-18T07:59:33.147+0000] {logging_mixin.py:190} INFO - [2024-08-18T07:59:33.146+0000] {dag.py:3211} INFO - Sync 1 DAGs
[2024-08-18T07:59:33.421+0000] {logging_mixin.py:190} INFO - [2024-08-18T07:59:33.420+0000] {dag.py:4138} INFO - Setting next_dagrun for conditional_branching to 2024-08-17 23:00:00+00:00, run_after=2024-08-18 23:00:00+00:00
[2024-08-18T07:59:33.541+0000] {processor.py:208} INFO - Processing /opt/airflow/dags/conditionalBranching.py took 0.501 seconds
[2024-08-18T08:00:04.080+0000] {processor.py:186} INFO - Started process (PID=899) to work on /opt/airflow/dags/conditionalBranching.py
[2024-08-18T08:00:04.082+0000] {processor.py:914} INFO - Processing file /opt/airflow/dags/conditionalBranching.py for tasks to queue
[2024-08-18T08:00:04.085+0000] {logging_mixin.py:190} INFO - [2024-08-18T08:00:04.084+0000] {dagbag.py:587} INFO - Filling up the DagBag from /opt/airflow/dags/conditionalBranching.py
[2024-08-18T08:00:04.144+0000] {processor.py:925} INFO - DAG(s) 'conditional_branching' retrieved from /opt/airflow/dags/conditionalBranching.py
[2024-08-18T08:00:04.205+0000] {logging_mixin.py:190} INFO - [2024-08-18T08:00:04.205+0000] {dag.py:3211} INFO - Sync 1 DAGs
[2024-08-18T08:00:04.481+0000] {logging_mixin.py:190} INFO - [2024-08-18T08:00:04.481+0000] {dag.py:4138} INFO - Setting next_dagrun for conditional_branching to 2024-08-17 23:00:00+00:00, run_after=2024-08-18 23:00:00+00:00
[2024-08-18T08:00:04.542+0000] {processor.py:208} INFO - Processing /opt/airflow/dags/conditionalBranching.py took 0.468 seconds
[2024-08-18T08:00:35.358+0000] {processor.py:186} INFO - Started process (PID=915) to work on /opt/airflow/dags/conditionalBranching.py
[2024-08-18T08:00:35.360+0000] {processor.py:914} INFO - Processing file /opt/airflow/dags/conditionalBranching.py for tasks to queue
[2024-08-18T08:00:35.363+0000] {logging_mixin.py:190} INFO - [2024-08-18T08:00:35.362+0000] {dagbag.py:587} INFO - Filling up the DagBag from /opt/airflow/dags/conditionalBranching.py
[2024-08-18T08:00:35.421+0000] {processor.py:925} INFO - DAG(s) 'conditional_branching' retrieved from /opt/airflow/dags/conditionalBranching.py
[2024-08-18T08:00:35.472+0000] {logging_mixin.py:190} INFO - [2024-08-18T08:00:35.471+0000] {dag.py:3211} INFO - Sync 1 DAGs
[2024-08-18T08:00:35.521+0000] {logging_mixin.py:190} INFO - [2024-08-18T08:00:35.521+0000] {dag.py:4138} INFO - Setting next_dagrun for conditional_branching to 2024-08-17 23:00:00+00:00, run_after=2024-08-18 23:00:00+00:00
[2024-08-18T08:00:35.654+0000] {processor.py:208} INFO - Processing /opt/airflow/dags/conditionalBranching.py took 0.306 seconds
[2024-08-18T08:01:07.318+0000] {processor.py:186} INFO - Started process (PID=931) to work on /opt/airflow/dags/conditionalBranching.py
[2024-08-18T08:01:07.319+0000] {processor.py:914} INFO - Processing file /opt/airflow/dags/conditionalBranching.py for tasks to queue
[2024-08-18T08:01:07.321+0000] {logging_mixin.py:190} INFO - [2024-08-18T08:01:07.321+0000] {dagbag.py:587} INFO - Filling up the DagBag from /opt/airflow/dags/conditionalBranching.py
[2024-08-18T08:01:07.379+0000] {processor.py:925} INFO - DAG(s) 'conditional_branching' retrieved from /opt/airflow/dags/conditionalBranching.py
[2024-08-18T08:01:07.432+0000] {logging_mixin.py:190} INFO - [2024-08-18T08:01:07.431+0000] {dag.py:3211} INFO - Sync 1 DAGs
[2024-08-18T08:01:07.476+0000] {logging_mixin.py:190} INFO - [2024-08-18T08:01:07.476+0000] {dag.py:4138} INFO - Setting next_dagrun for conditional_branching to 2024-08-17 23:00:00+00:00, run_after=2024-08-18 23:00:00+00:00
[2024-08-18T08:01:07.617+0000] {processor.py:208} INFO - Processing /opt/airflow/dags/conditionalBranching.py took 0.304 seconds
[2024-08-18T08:01:39.073+0000] {processor.py:186} INFO - Started process (PID=947) to work on /opt/airflow/dags/conditionalBranching.py
[2024-08-18T08:01:39.074+0000] {processor.py:914} INFO - Processing file /opt/airflow/dags/conditionalBranching.py for tasks to queue
[2024-08-18T08:01:39.076+0000] {logging_mixin.py:190} INFO - [2024-08-18T08:01:39.076+0000] {dagbag.py:587} INFO - Filling up the DagBag from /opt/airflow/dags/conditionalBranching.py
[2024-08-18T08:01:39.139+0000] {processor.py:925} INFO - DAG(s) 'conditional_branching' retrieved from /opt/airflow/dags/conditionalBranching.py
[2024-08-18T08:01:39.189+0000] {logging_mixin.py:190} INFO - [2024-08-18T08:01:39.188+0000] {dag.py:3211} INFO - Sync 1 DAGs
[2024-08-18T08:01:39.228+0000] {logging_mixin.py:190} INFO - [2024-08-18T08:01:39.227+0000] {dag.py:4138} INFO - Setting next_dagrun for conditional_branching to 2024-08-17 23:00:00+00:00, run_after=2024-08-18 23:00:00+00:00
[2024-08-18T08:01:39.356+0000] {processor.py:208} INFO - Processing /opt/airflow/dags/conditionalBranching.py took 0.290 seconds
[2024-08-18T08:02:09.934+0000] {processor.py:186} INFO - Started process (PID=965) to work on /opt/airflow/dags/conditionalBranching.py
[2024-08-18T08:02:09.935+0000] {processor.py:914} INFO - Processing file /opt/airflow/dags/conditionalBranching.py for tasks to queue
[2024-08-18T08:02:09.938+0000] {logging_mixin.py:190} INFO - [2024-08-18T08:02:09.937+0000] {dagbag.py:587} INFO - Filling up the DagBag from /opt/airflow/dags/conditionalBranching.py
[2024-08-18T08:02:09.988+0000] {processor.py:925} INFO - DAG(s) 'conditional_branching' retrieved from /opt/airflow/dags/conditionalBranching.py
[2024-08-18T08:02:10.037+0000] {logging_mixin.py:190} INFO - [2024-08-18T08:02:10.037+0000] {dag.py:3211} INFO - Sync 1 DAGs
[2024-08-18T08:02:10.074+0000] {logging_mixin.py:190} INFO - [2024-08-18T08:02:10.074+0000] {dag.py:4138} INFO - Setting next_dagrun for conditional_branching to 2024-08-17 23:00:00+00:00, run_after=2024-08-18 23:00:00+00:00
[2024-08-18T08:02:10.165+0000] {processor.py:208} INFO - Processing /opt/airflow/dags/conditionalBranching.py took 0.237 seconds
[2024-08-18T08:02:41.188+0000] {processor.py:186} INFO - Started process (PID=983) to work on /opt/airflow/dags/conditionalBranching.py
[2024-08-18T08:02:41.190+0000] {processor.py:914} INFO - Processing file /opt/airflow/dags/conditionalBranching.py for tasks to queue
[2024-08-18T08:02:41.191+0000] {logging_mixin.py:190} INFO - [2024-08-18T08:02:41.191+0000] {dagbag.py:587} INFO - Filling up the DagBag from /opt/airflow/dags/conditionalBranching.py
[2024-08-18T08:02:41.253+0000] {processor.py:925} INFO - DAG(s) 'conditional_branching' retrieved from /opt/airflow/dags/conditionalBranching.py
[2024-08-18T08:02:41.303+0000] {logging_mixin.py:190} INFO - [2024-08-18T08:02:41.303+0000] {dag.py:3211} INFO - Sync 1 DAGs
[2024-08-18T08:02:41.347+0000] {logging_mixin.py:190} INFO - [2024-08-18T08:02:41.346+0000] {dag.py:4138} INFO - Setting next_dagrun for conditional_branching to 2024-08-17 23:00:00+00:00, run_after=2024-08-18 23:00:00+00:00
[2024-08-18T08:02:41.489+0000] {processor.py:208} INFO - Processing /opt/airflow/dags/conditionalBranching.py took 0.306 seconds
[2024-08-18T08:03:12.802+0000] {processor.py:186} INFO - Started process (PID=1001) to work on /opt/airflow/dags/conditionalBranching.py
[2024-08-18T08:03:12.803+0000] {processor.py:914} INFO - Processing file /opt/airflow/dags/conditionalBranching.py for tasks to queue
[2024-08-18T08:03:12.806+0000] {logging_mixin.py:190} INFO - [2024-08-18T08:03:12.805+0000] {dagbag.py:587} INFO - Filling up the DagBag from /opt/airflow/dags/conditionalBranching.py
[2024-08-18T08:03:12.861+0000] {processor.py:925} INFO - DAG(s) 'conditional_branching' retrieved from /opt/airflow/dags/conditionalBranching.py
[2024-08-18T08:03:12.913+0000] {logging_mixin.py:190} INFO - [2024-08-18T08:03:12.912+0000] {dag.py:3211} INFO - Sync 1 DAGs
[2024-08-18T08:03:12.957+0000] {logging_mixin.py:190} INFO - [2024-08-18T08:03:12.957+0000] {dag.py:4138} INFO - Setting next_dagrun for conditional_branching to 2024-08-17 23:00:00+00:00, run_after=2024-08-18 23:00:00+00:00
[2024-08-18T08:03:13.098+0000] {processor.py:208} INFO - Processing /opt/airflow/dags/conditionalBranching.py took 0.302 seconds
[2024-08-18T08:03:44.600+0000] {processor.py:186} INFO - Started process (PID=1019) to work on /opt/airflow/dags/conditionalBranching.py
[2024-08-18T08:03:44.602+0000] {processor.py:914} INFO - Processing file /opt/airflow/dags/conditionalBranching.py for tasks to queue
[2024-08-18T08:03:44.604+0000] {logging_mixin.py:190} INFO - [2024-08-18T08:03:44.603+0000] {dagbag.py:587} INFO - Filling up the DagBag from /opt/airflow/dags/conditionalBranching.py
[2024-08-18T08:03:44.659+0000] {processor.py:925} INFO - DAG(s) 'conditional_branching' retrieved from /opt/airflow/dags/conditionalBranching.py
[2024-08-18T08:03:44.708+0000] {logging_mixin.py:190} INFO - [2024-08-18T08:03:44.708+0000] {dag.py:3211} INFO - Sync 1 DAGs
[2024-08-18T08:03:44.749+0000] {logging_mixin.py:190} INFO - [2024-08-18T08:03:44.749+0000] {dag.py:4138} INFO - Setting next_dagrun for conditional_branching to 2024-08-17 23:00:00+00:00, run_after=2024-08-18 23:00:00+00:00
[2024-08-18T08:03:44.876+0000] {processor.py:208} INFO - Processing /opt/airflow/dags/conditionalBranching.py took 0.282 seconds
[2024-08-18T08:04:16.140+0000] {processor.py:186} INFO - Started process (PID=1037) to work on /opt/airflow/dags/conditionalBranching.py
[2024-08-18T08:04:16.142+0000] {processor.py:914} INFO - Processing file /opt/airflow/dags/conditionalBranching.py for tasks to queue
[2024-08-18T08:04:16.143+0000] {logging_mixin.py:190} INFO - [2024-08-18T08:04:16.143+0000] {dagbag.py:587} INFO - Filling up the DagBag from /opt/airflow/dags/conditionalBranching.py
[2024-08-18T08:04:16.204+0000] {processor.py:925} INFO - DAG(s) 'conditional_branching' retrieved from /opt/airflow/dags/conditionalBranching.py
[2024-08-18T08:04:16.257+0000] {logging_mixin.py:190} INFO - [2024-08-18T08:04:16.256+0000] {dag.py:3211} INFO - Sync 1 DAGs
[2024-08-18T08:04:16.297+0000] {logging_mixin.py:190} INFO - [2024-08-18T08:04:16.297+0000] {dag.py:4138} INFO - Setting next_dagrun for conditional_branching to 2024-08-17 23:00:00+00:00, run_after=2024-08-18 23:00:00+00:00
[2024-08-18T08:04:16.437+0000] {processor.py:208} INFO - Processing /opt/airflow/dags/conditionalBranching.py took 0.303 seconds
[2024-08-18T08:04:47.052+0000] {processor.py:186} INFO - Started process (PID=1055) to work on /opt/airflow/dags/conditionalBranching.py
[2024-08-18T08:04:47.054+0000] {processor.py:914} INFO - Processing file /opt/airflow/dags/conditionalBranching.py for tasks to queue
[2024-08-18T08:04:47.058+0000] {logging_mixin.py:190} INFO - [2024-08-18T08:04:47.057+0000] {dagbag.py:587} INFO - Filling up the DagBag from /opt/airflow/dags/conditionalBranching.py
[2024-08-18T08:04:47.116+0000] {processor.py:925} INFO - DAG(s) 'conditional_branching' retrieved from /opt/airflow/dags/conditionalBranching.py
[2024-08-18T08:04:47.167+0000] {logging_mixin.py:190} INFO - [2024-08-18T08:04:47.167+0000] {dag.py:3211} INFO - Sync 1 DAGs
[2024-08-18T08:04:47.211+0000] {logging_mixin.py:190} INFO - [2024-08-18T08:04:47.211+0000] {dag.py:4138} INFO - Setting next_dagrun for conditional_branching to 2024-08-17 23:00:00+00:00, run_after=2024-08-18 23:00:00+00:00
[2024-08-18T08:04:47.324+0000] {processor.py:208} INFO - Processing /opt/airflow/dags/conditionalBranching.py took 0.280 seconds
[2024-08-18T08:05:17.975+0000] {processor.py:186} INFO - Started process (PID=1073) to work on /opt/airflow/dags/conditionalBranching.py
[2024-08-18T08:05:17.977+0000] {processor.py:914} INFO - Processing file /opt/airflow/dags/conditionalBranching.py for tasks to queue
[2024-08-18T08:05:17.979+0000] {logging_mixin.py:190} INFO - [2024-08-18T08:05:17.978+0000] {dagbag.py:587} INFO - Filling up the DagBag from /opt/airflow/dags/conditionalBranching.py
[2024-08-18T08:05:18.044+0000] {processor.py:925} INFO - DAG(s) 'conditional_branching' retrieved from /opt/airflow/dags/conditionalBranching.py
[2024-08-18T08:05:18.102+0000] {logging_mixin.py:190} INFO - [2024-08-18T08:05:18.100+0000] {dag.py:3211} INFO - Sync 1 DAGs
[2024-08-18T08:05:18.153+0000] {logging_mixin.py:190} INFO - [2024-08-18T08:05:18.153+0000] {dag.py:4138} INFO - Setting next_dagrun for conditional_branching to 2024-08-17 23:00:00+00:00, run_after=2024-08-18 23:00:00+00:00
[2024-08-18T08:05:18.472+0000] {processor.py:208} INFO - Processing /opt/airflow/dags/conditionalBranching.py took 0.503 seconds
[2024-08-18T08:05:49.751+0000] {processor.py:186} INFO - Started process (PID=1091) to work on /opt/airflow/dags/conditionalBranching.py
[2024-08-18T08:05:49.753+0000] {processor.py:914} INFO - Processing file /opt/airflow/dags/conditionalBranching.py for tasks to queue
[2024-08-18T08:05:49.755+0000] {logging_mixin.py:190} INFO - [2024-08-18T08:05:49.755+0000] {dagbag.py:587} INFO - Filling up the DagBag from /opt/airflow/dags/conditionalBranching.py
[2024-08-18T08:05:49.804+0000] {processor.py:925} INFO - DAG(s) 'conditional_branching' retrieved from /opt/airflow/dags/conditionalBranching.py
[2024-08-18T08:05:49.852+0000] {logging_mixin.py:190} INFO - [2024-08-18T08:05:49.851+0000] {dag.py:3211} INFO - Sync 1 DAGs
[2024-08-18T08:05:50.071+0000] {logging_mixin.py:190} INFO - [2024-08-18T08:05:50.071+0000] {dag.py:4138} INFO - Setting next_dagrun for conditional_branching to 2024-08-17 23:00:00+00:00, run_after=2024-08-18 23:00:00+00:00
[2024-08-18T08:05:50.191+0000] {processor.py:208} INFO - Processing /opt/airflow/dags/conditionalBranching.py took 0.445 seconds
[2024-08-18T08:06:21.528+0000] {processor.py:186} INFO - Started process (PID=1109) to work on /opt/airflow/dags/conditionalBranching.py
[2024-08-18T08:06:21.531+0000] {processor.py:914} INFO - Processing file /opt/airflow/dags/conditionalBranching.py for tasks to queue
[2024-08-18T08:06:21.538+0000] {logging_mixin.py:190} INFO - [2024-08-18T08:06:21.537+0000] {dagbag.py:587} INFO - Filling up the DagBag from /opt/airflow/dags/conditionalBranching.py
[2024-08-18T08:06:21.604+0000] {processor.py:925} INFO - DAG(s) 'conditional_branching' retrieved from /opt/airflow/dags/conditionalBranching.py
[2024-08-18T08:06:21.686+0000] {logging_mixin.py:190} INFO - [2024-08-18T08:06:21.684+0000] {dag.py:3211} INFO - Sync 1 DAGs
[2024-08-18T08:06:22.018+0000] {logging_mixin.py:190} INFO - [2024-08-18T08:06:22.018+0000] {dag.py:4138} INFO - Setting next_dagrun for conditional_branching to 2024-08-17 23:00:00+00:00, run_after=2024-08-18 23:00:00+00:00
[2024-08-18T08:06:22.153+0000] {processor.py:208} INFO - Processing /opt/airflow/dags/conditionalBranching.py took 0.641 seconds
[2024-08-18T08:06:54.650+0000] {processor.py:186} INFO - Started process (PID=1127) to work on /opt/airflow/dags/conditionalBranching.py
[2024-08-18T08:06:54.652+0000] {processor.py:914} INFO - Processing file /opt/airflow/dags/conditionalBranching.py for tasks to queue
[2024-08-18T08:06:54.656+0000] {logging_mixin.py:190} INFO - [2024-08-18T08:06:54.655+0000] {dagbag.py:587} INFO - Filling up the DagBag from /opt/airflow/dags/conditionalBranching.py
[2024-08-18T08:06:54.717+0000] {processor.py:925} INFO - DAG(s) 'conditional_branching' retrieved from /opt/airflow/dags/conditionalBranching.py
[2024-08-18T08:06:54.787+0000] {logging_mixin.py:190} INFO - [2024-08-18T08:06:54.786+0000] {dag.py:3211} INFO - Sync 1 DAGs
[2024-08-18T08:06:55.131+0000] {logging_mixin.py:190} INFO - [2024-08-18T08:06:55.130+0000] {dag.py:4138} INFO - Setting next_dagrun for conditional_branching to 2024-08-17 23:00:00+00:00, run_after=2024-08-18 23:00:00+00:00
[2024-08-18T08:06:55.256+0000] {processor.py:208} INFO - Processing /opt/airflow/dags/conditionalBranching.py took 0.616 seconds
[2024-08-18T08:07:25.944+0000] {processor.py:186} INFO - Started process (PID=1145) to work on /opt/airflow/dags/conditionalBranching.py
[2024-08-18T08:07:25.947+0000] {processor.py:914} INFO - Processing file /opt/airflow/dags/conditionalBranching.py for tasks to queue
[2024-08-18T08:07:25.950+0000] {logging_mixin.py:190} INFO - [2024-08-18T08:07:25.949+0000] {dagbag.py:587} INFO - Filling up the DagBag from /opt/airflow/dags/conditionalBranching.py
[2024-08-18T08:07:26.009+0000] {processor.py:925} INFO - DAG(s) 'conditional_branching' retrieved from /opt/airflow/dags/conditionalBranching.py
[2024-08-18T08:07:26.094+0000] {logging_mixin.py:190} INFO - [2024-08-18T08:07:26.092+0000] {dag.py:3211} INFO - Sync 1 DAGs
[2024-08-18T08:07:26.159+0000] {logging_mixin.py:190} INFO - [2024-08-18T08:07:26.159+0000] {dag.py:4138} INFO - Setting next_dagrun for conditional_branching to 2024-08-17 23:00:00+00:00, run_after=2024-08-18 23:00:00+00:00
[2024-08-18T08:07:26.290+0000] {processor.py:208} INFO - Processing /opt/airflow/dags/conditionalBranching.py took 0.358 seconds
[2024-08-18T08:07:56.617+0000] {processor.py:186} INFO - Started process (PID=1162) to work on /opt/airflow/dags/conditionalBranching.py
[2024-08-18T08:07:56.619+0000] {processor.py:914} INFO - Processing file /opt/airflow/dags/conditionalBranching.py for tasks to queue
[2024-08-18T08:07:56.622+0000] {logging_mixin.py:190} INFO - [2024-08-18T08:07:56.622+0000] {dagbag.py:587} INFO - Filling up the DagBag from /opt/airflow/dags/conditionalBranching.py
[2024-08-18T08:07:56.682+0000] {processor.py:925} INFO - DAG(s) 'conditional_branching' retrieved from /opt/airflow/dags/conditionalBranching.py
[2024-08-18T08:07:56.739+0000] {logging_mixin.py:190} INFO - [2024-08-18T08:07:56.739+0000] {dag.py:3211} INFO - Sync 1 DAGs
[2024-08-18T08:07:56.785+0000] {logging_mixin.py:190} INFO - [2024-08-18T08:07:56.784+0000] {dag.py:4138} INFO - Setting next_dagrun for conditional_branching to 2024-08-17 23:00:00+00:00, run_after=2024-08-18 23:00:00+00:00
[2024-08-18T08:07:56.910+0000] {processor.py:208} INFO - Processing /opt/airflow/dags/conditionalBranching.py took 0.303 seconds
[2024-08-18T08:08:27.307+0000] {processor.py:186} INFO - Started process (PID=1180) to work on /opt/airflow/dags/conditionalBranching.py
[2024-08-18T08:08:27.309+0000] {processor.py:914} INFO - Processing file /opt/airflow/dags/conditionalBranching.py for tasks to queue
[2024-08-18T08:08:27.311+0000] {logging_mixin.py:190} INFO - [2024-08-18T08:08:27.310+0000] {dagbag.py:587} INFO - Filling up the DagBag from /opt/airflow/dags/conditionalBranching.py
[2024-08-18T08:08:27.368+0000] {processor.py:925} INFO - DAG(s) 'conditional_branching' retrieved from /opt/airflow/dags/conditionalBranching.py
[2024-08-18T08:08:27.420+0000] {logging_mixin.py:190} INFO - [2024-08-18T08:08:27.419+0000] {dag.py:3211} INFO - Sync 1 DAGs
[2024-08-18T08:08:27.465+0000] {logging_mixin.py:190} INFO - [2024-08-18T08:08:27.464+0000] {dag.py:4138} INFO - Setting next_dagrun for conditional_branching to 2024-08-17 23:00:00+00:00, run_after=2024-08-18 23:00:00+00:00
[2024-08-18T08:08:27.568+0000] {processor.py:208} INFO - Processing /opt/airflow/dags/conditionalBranching.py took 0.267 seconds
[2024-08-18T08:09:00.018+0000] {processor.py:186} INFO - Started process (PID=1198) to work on /opt/airflow/dags/conditionalBranching.py
[2024-08-18T08:09:00.020+0000] {processor.py:914} INFO - Processing file /opt/airflow/dags/conditionalBranching.py for tasks to queue
[2024-08-18T08:09:00.023+0000] {logging_mixin.py:190} INFO - [2024-08-18T08:09:00.022+0000] {dagbag.py:587} INFO - Filling up the DagBag from /opt/airflow/dags/conditionalBranching.py
[2024-08-18T08:09:00.085+0000] {processor.py:925} INFO - DAG(s) 'conditional_branching' retrieved from /opt/airflow/dags/conditionalBranching.py
[2024-08-18T08:09:00.150+0000] {logging_mixin.py:190} INFO - [2024-08-18T08:09:00.149+0000] {dag.py:3211} INFO - Sync 1 DAGs
[2024-08-18T08:09:00.205+0000] {logging_mixin.py:190} INFO - [2024-08-18T08:09:00.204+0000] {dag.py:4138} INFO - Setting next_dagrun for conditional_branching to 2024-08-17 23:00:00+00:00, run_after=2024-08-18 23:00:00+00:00
[2024-08-18T08:09:00.354+0000] {processor.py:208} INFO - Processing /opt/airflow/dags/conditionalBranching.py took 0.348 seconds
[2024-08-18T08:09:31.071+0000] {processor.py:186} INFO - Started process (PID=1216) to work on /opt/airflow/dags/conditionalBranching.py
[2024-08-18T08:09:31.073+0000] {processor.py:914} INFO - Processing file /opt/airflow/dags/conditionalBranching.py for tasks to queue
[2024-08-18T08:09:31.075+0000] {logging_mixin.py:190} INFO - [2024-08-18T08:09:31.075+0000] {dagbag.py:587} INFO - Filling up the DagBag from /opt/airflow/dags/conditionalBranching.py
[2024-08-18T08:09:31.128+0000] {processor.py:925} INFO - DAG(s) 'conditional_branching' retrieved from /opt/airflow/dags/conditionalBranching.py
[2024-08-18T08:09:31.189+0000] {logging_mixin.py:190} INFO - [2024-08-18T08:09:31.188+0000] {dag.py:3211} INFO - Sync 1 DAGs
[2024-08-18T08:09:31.244+0000] {logging_mixin.py:190} INFO - [2024-08-18T08:09:31.244+0000] {dag.py:4138} INFO - Setting next_dagrun for conditional_branching to 2024-08-17 23:00:00+00:00, run_after=2024-08-18 23:00:00+00:00
[2024-08-18T08:09:31.358+0000] {processor.py:208} INFO - Processing /opt/airflow/dags/conditionalBranching.py took 0.296 seconds
[2024-08-18T08:10:02.360+0000] {processor.py:186} INFO - Started process (PID=1234) to work on /opt/airflow/dags/conditionalBranching.py
[2024-08-18T08:10:02.362+0000] {processor.py:914} INFO - Processing file /opt/airflow/dags/conditionalBranching.py for tasks to queue
[2024-08-18T08:10:02.363+0000] {logging_mixin.py:190} INFO - [2024-08-18T08:10:02.363+0000] {dagbag.py:587} INFO - Filling up the DagBag from /opt/airflow/dags/conditionalBranching.py
[2024-08-18T08:10:02.417+0000] {processor.py:925} INFO - DAG(s) 'conditional_branching' retrieved from /opt/airflow/dags/conditionalBranching.py
[2024-08-18T08:10:02.469+0000] {logging_mixin.py:190} INFO - [2024-08-18T08:10:02.469+0000] {dag.py:3211} INFO - Sync 1 DAGs
[2024-08-18T08:10:02.512+0000] {logging_mixin.py:190} INFO - [2024-08-18T08:10:02.512+0000] {dag.py:4138} INFO - Setting next_dagrun for conditional_branching to 2024-08-17 23:00:00+00:00, run_after=2024-08-18 23:00:00+00:00
[2024-08-18T08:10:02.637+0000] {processor.py:208} INFO - Processing /opt/airflow/dags/conditionalBranching.py took 0.283 seconds
[2024-08-18T08:10:33.764+0000] {processor.py:186} INFO - Started process (PID=1252) to work on /opt/airflow/dags/conditionalBranching.py
[2024-08-18T08:10:33.766+0000] {processor.py:914} INFO - Processing file /opt/airflow/dags/conditionalBranching.py for tasks to queue
[2024-08-18T08:10:33.767+0000] {logging_mixin.py:190} INFO - [2024-08-18T08:10:33.767+0000] {dagbag.py:587} INFO - Filling up the DagBag from /opt/airflow/dags/conditionalBranching.py
[2024-08-18T08:10:33.819+0000] {processor.py:925} INFO - DAG(s) 'conditional_branching' retrieved from /opt/airflow/dags/conditionalBranching.py
[2024-08-18T08:10:33.877+0000] {logging_mixin.py:190} INFO - [2024-08-18T08:10:33.876+0000] {dag.py:3211} INFO - Sync 1 DAGs
[2024-08-18T08:10:33.918+0000] {logging_mixin.py:190} INFO - [2024-08-18T08:10:33.918+0000] {dag.py:4138} INFO - Setting next_dagrun for conditional_branching to 2024-08-17 23:00:00+00:00, run_after=2024-08-18 23:00:00+00:00
[2024-08-18T08:10:34.031+0000] {processor.py:208} INFO - Processing /opt/airflow/dags/conditionalBranching.py took 0.273 seconds
[2024-08-18T08:11:05.262+0000] {processor.py:186} INFO - Started process (PID=1269) to work on /opt/airflow/dags/conditionalBranching.py
[2024-08-18T08:11:05.265+0000] {processor.py:914} INFO - Processing file /opt/airflow/dags/conditionalBranching.py for tasks to queue
[2024-08-18T08:11:05.267+0000] {logging_mixin.py:190} INFO - [2024-08-18T08:11:05.267+0000] {dagbag.py:587} INFO - Filling up the DagBag from /opt/airflow/dags/conditionalBranching.py
[2024-08-18T08:11:05.329+0000] {processor.py:925} INFO - DAG(s) 'conditional_branching' retrieved from /opt/airflow/dags/conditionalBranching.py
[2024-08-18T08:11:05.411+0000] {logging_mixin.py:190} INFO - [2024-08-18T08:11:05.410+0000] {dag.py:3211} INFO - Sync 1 DAGs
[2024-08-18T08:11:05.477+0000] {logging_mixin.py:190} INFO - [2024-08-18T08:11:05.476+0000] {dag.py:4138} INFO - Setting next_dagrun for conditional_branching to 2024-08-17 23:00:00+00:00, run_after=2024-08-18 23:00:00+00:00
[2024-08-18T08:11:05.605+0000] {processor.py:208} INFO - Processing /opt/airflow/dags/conditionalBranching.py took 0.356 seconds
[2024-08-18T08:11:36.253+0000] {processor.py:186} INFO - Started process (PID=1287) to work on /opt/airflow/dags/conditionalBranching.py
[2024-08-18T08:11:36.255+0000] {processor.py:914} INFO - Processing file /opt/airflow/dags/conditionalBranching.py for tasks to queue
[2024-08-18T08:11:36.257+0000] {logging_mixin.py:190} INFO - [2024-08-18T08:11:36.256+0000] {dagbag.py:587} INFO - Filling up the DagBag from /opt/airflow/dags/conditionalBranching.py
[2024-08-18T08:11:36.293+0000] {processor.py:925} INFO - DAG(s) 'conditional_branching' retrieved from /opt/airflow/dags/conditionalBranching.py
[2024-08-18T08:11:36.342+0000] {logging_mixin.py:190} INFO - [2024-08-18T08:11:36.341+0000] {dag.py:3211} INFO - Sync 1 DAGs
[2024-08-18T08:11:36.387+0000] {logging_mixin.py:190} INFO - [2024-08-18T08:11:36.386+0000] {dag.py:4138} INFO - Setting next_dagrun for conditional_branching to 2024-08-17 23:00:00+00:00, run_after=2024-08-18 23:00:00+00:00
[2024-08-18T08:11:36.707+0000] {processor.py:208} INFO - Processing /opt/airflow/dags/conditionalBranching.py took 0.461 seconds
[2024-08-18T08:12:09.307+0000] {processor.py:186} INFO - Started process (PID=1305) to work on /opt/airflow/dags/conditionalBranching.py
[2024-08-18T08:12:09.310+0000] {processor.py:914} INFO - Processing file /opt/airflow/dags/conditionalBranching.py for tasks to queue
[2024-08-18T08:12:09.312+0000] {logging_mixin.py:190} INFO - [2024-08-18T08:12:09.312+0000] {dagbag.py:587} INFO - Filling up the DagBag from /opt/airflow/dags/conditionalBranching.py
[2024-08-18T08:12:09.357+0000] {processor.py:925} INFO - DAG(s) 'conditional_branching' retrieved from /opt/airflow/dags/conditionalBranching.py
[2024-08-18T08:12:09.414+0000] {logging_mixin.py:190} INFO - [2024-08-18T08:12:09.413+0000] {dag.py:3211} INFO - Sync 1 DAGs
[2024-08-18T08:12:09.627+0000] {logging_mixin.py:190} INFO - [2024-08-18T08:12:09.627+0000] {dag.py:4138} INFO - Setting next_dagrun for conditional_branching to 2024-08-17 23:00:00+00:00, run_after=2024-08-18 23:00:00+00:00
[2024-08-18T08:12:09.741+0000] {processor.py:208} INFO - Processing /opt/airflow/dags/conditionalBranching.py took 0.442 seconds
[2024-08-18T08:12:41.461+0000] {processor.py:186} INFO - Started process (PID=1324) to work on /opt/airflow/dags/conditionalBranching.py
[2024-08-18T08:12:41.464+0000] {processor.py:914} INFO - Processing file /opt/airflow/dags/conditionalBranching.py for tasks to queue
[2024-08-18T08:12:41.469+0000] {logging_mixin.py:190} INFO - [2024-08-18T08:12:41.467+0000] {dagbag.py:587} INFO - Filling up the DagBag from /opt/airflow/dags/conditionalBranching.py
[2024-08-18T08:12:41.534+0000] {processor.py:925} INFO - DAG(s) 'conditional_branching' retrieved from /opt/airflow/dags/conditionalBranching.py
[2024-08-18T08:12:41.603+0000] {logging_mixin.py:190} INFO - [2024-08-18T08:12:41.603+0000] {dag.py:3211} INFO - Sync 1 DAGs
[2024-08-18T08:12:41.964+0000] {logging_mixin.py:190} INFO - [2024-08-18T08:12:41.964+0000] {dag.py:4138} INFO - Setting next_dagrun for conditional_branching to 2024-08-17 23:00:00+00:00, run_after=2024-08-18 23:00:00+00:00
[2024-08-18T08:12:42.086+0000] {processor.py:208} INFO - Processing /opt/airflow/dags/conditionalBranching.py took 0.643 seconds
[2024-08-18T08:13:14.721+0000] {processor.py:186} INFO - Started process (PID=1342) to work on /opt/airflow/dags/conditionalBranching.py
[2024-08-18T08:13:14.723+0000] {processor.py:914} INFO - Processing file /opt/airflow/dags/conditionalBranching.py for tasks to queue
[2024-08-18T08:13:14.727+0000] {logging_mixin.py:190} INFO - [2024-08-18T08:13:14.726+0000] {dagbag.py:587} INFO - Filling up the DagBag from /opt/airflow/dags/conditionalBranching.py
[2024-08-18T08:13:14.819+0000] {processor.py:925} INFO - DAG(s) 'conditional_branching' retrieved from /opt/airflow/dags/conditionalBranching.py
[2024-08-18T08:13:15.052+0000] {logging_mixin.py:190} INFO - [2024-08-18T08:13:15.051+0000] {dag.py:3211} INFO - Sync 1 DAGs
[2024-08-18T08:13:15.932+0000] {logging_mixin.py:190} INFO - [2024-08-18T08:13:15.931+0000] {dag.py:4138} INFO - Setting next_dagrun for conditional_branching to 2024-08-17 23:00:00+00:00, run_after=2024-08-18 23:00:00+00:00
[2024-08-18T08:13:16.173+0000] {processor.py:208} INFO - Processing /opt/airflow/dags/conditionalBranching.py took 1.462 seconds
[2024-08-18T08:13:52.370+0000] {processor.py:186} INFO - Started process (PID=1359) to work on /opt/airflow/dags/conditionalBranching.py
[2024-08-18T08:13:52.371+0000] {processor.py:914} INFO - Processing file /opt/airflow/dags/conditionalBranching.py for tasks to queue
[2024-08-18T08:13:52.374+0000] {logging_mixin.py:190} INFO - [2024-08-18T08:13:52.373+0000] {dagbag.py:587} INFO - Filling up the DagBag from /opt/airflow/dags/conditionalBranching.py
[2024-08-18T08:13:52.425+0000] {processor.py:925} INFO - DAG(s) 'conditional_branching' retrieved from /opt/airflow/dags/conditionalBranching.py
[2024-08-18T08:13:52.480+0000] {logging_mixin.py:190} INFO - [2024-08-18T08:13:52.479+0000] {dag.py:3211} INFO - Sync 1 DAGs
[2024-08-18T08:13:52.520+0000] {logging_mixin.py:190} INFO - [2024-08-18T08:13:52.520+0000] {dag.py:4138} INFO - Setting next_dagrun for conditional_branching to 2024-08-17 23:00:00+00:00, run_after=2024-08-18 23:00:00+00:00
[2024-08-18T08:13:52.638+0000] {processor.py:208} INFO - Processing /opt/airflow/dags/conditionalBranching.py took 0.274 seconds
