[2024-08-18T07:16:44.200+0000] {processor.py:186} INFO - Started process (PID=84) to work on /opt/airflow/dags/connection.py
[2024-08-18T07:16:44.205+0000] {processor.py:914} INFO - Processing file /opt/airflow/dags/connection.py for tasks to queue
[2024-08-18T07:16:44.212+0000] {logging_mixin.py:190} INFO - [2024-08-18T07:16:44.211+0000] {dagbag.py:587} INFO - Filling up the DagBag from /opt/airflow/dags/connection.py
[2024-08-18T07:16:44.305+0000] {logging_mixin.py:190} INFO - [2024-08-18T07:16:44.302+0000] {templater.py:94} ERROR - Failed to resolve template field 'sql'
Traceback (most recent call last):
  File "/home/airflow/.local/lib/python3.12/site-packages/airflow/template/templater.py", line 92, in resolve_template_files
    setattr(self, field, env.loader.get_source(env, content)[0])  # type: ignore
                         ^^^^^^^^^^^^^^^^^^^^^^^^^^^^^^^^^^^
  File "/home/airflow/.local/lib/python3.12/site-packages/jinja2/loaders.py", line 207, in get_source
    raise TemplateNotFound(template)
jinja2.exceptions.TemplateNotFound: ./sqls/profit_uk.sql
[2024-08-18T07:16:44.314+0000] {processor.py:925} INFO - DAG(s) 'load_profit_uk' retrieved from /opt/airflow/dags/connection.py
[2024-08-18T07:16:44.510+0000] {logging_mixin.py:190} INFO - [2024-08-18T07:16:44.509+0000] {override.py:1858} INFO - Created Permission View: can read on DAG:load_profit_uk
[2024-08-18T07:16:44.599+0000] {logging_mixin.py:190} INFO - [2024-08-18T07:16:44.599+0000] {override.py:1858} INFO - Created Permission View: can edit on DAG:load_profit_uk
[2024-08-18T07:16:44.675+0000] {logging_mixin.py:190} INFO - [2024-08-18T07:16:44.674+0000] {override.py:1858} INFO - Created Permission View: can delete on DAG:load_profit_uk
[2024-08-18T07:16:44.676+0000] {logging_mixin.py:190} INFO - [2024-08-18T07:16:44.676+0000] {dag.py:3211} INFO - Sync 1 DAGs
[2024-08-18T07:16:44.706+0000] {logging_mixin.py:190} INFO - [2024-08-18T07:16:44.706+0000] {dag.py:3234} INFO - Creating ORM DAG for load_profit_uk
[2024-08-18T07:16:44.723+0000] {logging_mixin.py:190} INFO - [2024-08-18T07:16:44.723+0000] {dag.py:4138} INFO - Setting next_dagrun for load_profit_uk to 2024-08-17 21:00:00+00:00, run_after=2024-08-18 21:00:00+00:00
[2024-08-18T07:16:44.825+0000] {processor.py:208} INFO - Processing /opt/airflow/dags/connection.py took 0.648 seconds
[2024-08-18T07:17:15.509+0000] {processor.py:186} INFO - Started process (PID=89) to work on /opt/airflow/dags/connection.py
[2024-08-18T07:17:15.511+0000] {processor.py:914} INFO - Processing file /opt/airflow/dags/connection.py for tasks to queue
[2024-08-18T07:17:15.513+0000] {logging_mixin.py:190} INFO - [2024-08-18T07:17:15.513+0000] {dagbag.py:587} INFO - Filling up the DagBag from /opt/airflow/dags/connection.py
[2024-08-18T07:17:15.543+0000] {logging_mixin.py:190} INFO - [2024-08-18T07:17:15.542+0000] {templater.py:94} ERROR - Failed to resolve template field 'sql'
Traceback (most recent call last):
  File "/home/airflow/.local/lib/python3.12/site-packages/airflow/template/templater.py", line 92, in resolve_template_files
    setattr(self, field, env.loader.get_source(env, content)[0])  # type: ignore
                         ^^^^^^^^^^^^^^^^^^^^^^^^^^^^^^^^^^^
  File "/home/airflow/.local/lib/python3.12/site-packages/jinja2/loaders.py", line 207, in get_source
    raise TemplateNotFound(template)
jinja2.exceptions.TemplateNotFound: ./sqls/profit_uk.sql
[2024-08-18T07:17:15.547+0000] {processor.py:925} INFO - DAG(s) 'load_profit_uk' retrieved from /opt/airflow/dags/connection.py
[2024-08-18T07:17:15.580+0000] {logging_mixin.py:190} INFO - [2024-08-18T07:17:15.579+0000] {dag.py:3211} INFO - Sync 1 DAGs
[2024-08-18T07:17:15.614+0000] {logging_mixin.py:190} INFO - [2024-08-18T07:17:15.614+0000] {dag.py:4138} INFO - Setting next_dagrun for load_profit_uk to 2024-08-17 21:00:00+00:00, run_after=2024-08-18 21:00:00+00:00
[2024-08-18T07:17:15.682+0000] {processor.py:208} INFO - Processing /opt/airflow/dags/connection.py took 0.178 seconds
[2024-08-18T07:17:45.962+0000] {processor.py:186} INFO - Started process (PID=94) to work on /opt/airflow/dags/connection.py
[2024-08-18T07:17:45.965+0000] {processor.py:914} INFO - Processing file /opt/airflow/dags/connection.py for tasks to queue
[2024-08-18T07:17:45.971+0000] {logging_mixin.py:190} INFO - [2024-08-18T07:17:45.971+0000] {dagbag.py:587} INFO - Filling up the DagBag from /opt/airflow/dags/connection.py
[2024-08-18T07:17:46.036+0000] {logging_mixin.py:190} INFO - [2024-08-18T07:17:46.034+0000] {templater.py:94} ERROR - Failed to resolve template field 'sql'
Traceback (most recent call last):
  File "/home/airflow/.local/lib/python3.12/site-packages/airflow/template/templater.py", line 92, in resolve_template_files
    setattr(self, field, env.loader.get_source(env, content)[0])  # type: ignore
                         ^^^^^^^^^^^^^^^^^^^^^^^^^^^^^^^^^^^
  File "/home/airflow/.local/lib/python3.12/site-packages/jinja2/loaders.py", line 207, in get_source
    raise TemplateNotFound(template)
jinja2.exceptions.TemplateNotFound: ./sqls/profit_uk.sql
[2024-08-18T07:17:46.047+0000] {processor.py:925} INFO - DAG(s) 'load_profit_uk' retrieved from /opt/airflow/dags/connection.py
[2024-08-18T07:17:46.117+0000] {logging_mixin.py:190} INFO - [2024-08-18T07:17:46.115+0000] {dag.py:3211} INFO - Sync 1 DAGs
[2024-08-18T07:17:46.171+0000] {logging_mixin.py:190} INFO - [2024-08-18T07:17:46.171+0000] {dag.py:4138} INFO - Setting next_dagrun for load_profit_uk to 2024-08-17 21:00:00+00:00, run_after=2024-08-18 21:00:00+00:00
[2024-08-18T07:17:46.290+0000] {processor.py:208} INFO - Processing /opt/airflow/dags/connection.py took 0.343 seconds
[2024-08-18T07:18:16.966+0000] {processor.py:186} INFO - Started process (PID=99) to work on /opt/airflow/dags/connection.py
[2024-08-18T07:18:16.969+0000] {processor.py:914} INFO - Processing file /opt/airflow/dags/connection.py for tasks to queue
[2024-08-18T07:18:16.975+0000] {logging_mixin.py:190} INFO - [2024-08-18T07:18:16.974+0000] {dagbag.py:587} INFO - Filling up the DagBag from /opt/airflow/dags/connection.py
[2024-08-18T07:18:17.041+0000] {logging_mixin.py:190} INFO - [2024-08-18T07:18:17.039+0000] {templater.py:94} ERROR - Failed to resolve template field 'sql'
Traceback (most recent call last):
  File "/home/airflow/.local/lib/python3.12/site-packages/airflow/template/templater.py", line 92, in resolve_template_files
    setattr(self, field, env.loader.get_source(env, content)[0])  # type: ignore
                         ^^^^^^^^^^^^^^^^^^^^^^^^^^^^^^^^^^^
  File "/home/airflow/.local/lib/python3.12/site-packages/jinja2/loaders.py", line 207, in get_source
    raise TemplateNotFound(template)
jinja2.exceptions.TemplateNotFound: ./sqls/profit_uk.sql
[2024-08-18T07:18:17.049+0000] {processor.py:925} INFO - DAG(s) 'load_profit_uk' retrieved from /opt/airflow/dags/connection.py
[2024-08-18T07:18:17.102+0000] {logging_mixin.py:190} INFO - [2024-08-18T07:18:17.102+0000] {dag.py:3211} INFO - Sync 1 DAGs
[2024-08-18T07:18:17.151+0000] {logging_mixin.py:190} INFO - [2024-08-18T07:18:17.151+0000] {dag.py:4138} INFO - Setting next_dagrun for load_profit_uk to 2024-08-17 21:00:00+00:00, run_after=2024-08-18 21:00:00+00:00
[2024-08-18T07:18:17.270+0000] {processor.py:208} INFO - Processing /opt/airflow/dags/connection.py took 0.315 seconds
[2024-08-18T07:18:47.502+0000] {processor.py:186} INFO - Started process (PID=104) to work on /opt/airflow/dags/connection.py
[2024-08-18T07:18:47.503+0000] {processor.py:914} INFO - Processing file /opt/airflow/dags/connection.py for tasks to queue
[2024-08-18T07:18:47.506+0000] {logging_mixin.py:190} INFO - [2024-08-18T07:18:47.505+0000] {dagbag.py:587} INFO - Filling up the DagBag from /opt/airflow/dags/connection.py
[2024-08-18T07:18:47.532+0000] {logging_mixin.py:190} INFO - [2024-08-18T07:18:47.532+0000] {templater.py:94} ERROR - Failed to resolve template field 'sql'
Traceback (most recent call last):
  File "/home/airflow/.local/lib/python3.12/site-packages/airflow/template/templater.py", line 92, in resolve_template_files
    setattr(self, field, env.loader.get_source(env, content)[0])  # type: ignore
                         ^^^^^^^^^^^^^^^^^^^^^^^^^^^^^^^^^^^
  File "/home/airflow/.local/lib/python3.12/site-packages/jinja2/loaders.py", line 207, in get_source
    raise TemplateNotFound(template)
jinja2.exceptions.TemplateNotFound: ./sqls/profit_uk.sql
[2024-08-18T07:18:47.536+0000] {processor.py:925} INFO - DAG(s) 'load_profit_uk' retrieved from /opt/airflow/dags/connection.py
[2024-08-18T07:18:47.567+0000] {logging_mixin.py:190} INFO - [2024-08-18T07:18:47.566+0000] {dag.py:3211} INFO - Sync 1 DAGs
[2024-08-18T07:18:47.621+0000] {logging_mixin.py:190} INFO - [2024-08-18T07:18:47.620+0000] {dag.py:4138} INFO - Setting next_dagrun for load_profit_uk to 2024-08-17 21:00:00+00:00, run_after=2024-08-18 21:00:00+00:00
[2024-08-18T07:18:47.784+0000] {processor.py:208} INFO - Processing /opt/airflow/dags/connection.py took 0.287 seconds
[2024-08-18T07:19:18.397+0000] {processor.py:186} INFO - Started process (PID=109) to work on /opt/airflow/dags/connection.py
[2024-08-18T07:19:18.398+0000] {processor.py:914} INFO - Processing file /opt/airflow/dags/connection.py for tasks to queue
[2024-08-18T07:19:18.404+0000] {logging_mixin.py:190} INFO - [2024-08-18T07:19:18.403+0000] {dagbag.py:587} INFO - Filling up the DagBag from /opt/airflow/dags/connection.py
[2024-08-18T07:19:18.466+0000] {processor.py:925} INFO - DAG(s) 'load_profit_uk' retrieved from /opt/airflow/dags/connection.py
[2024-08-18T07:19:18.648+0000] {logging_mixin.py:190} INFO - [2024-08-18T07:19:18.648+0000] {dag.py:3211} INFO - Sync 1 DAGs
[2024-08-18T07:19:18.693+0000] {logging_mixin.py:190} INFO - [2024-08-18T07:19:18.692+0000] {dag.py:4138} INFO - Setting next_dagrun for load_profit_uk to 2024-08-17 21:00:00+00:00, run_after=2024-08-18 21:00:00+00:00
[2024-08-18T07:19:18.820+0000] {processor.py:208} INFO - Processing /opt/airflow/dags/connection.py took 0.429 seconds
[2024-08-18T07:19:49.422+0000] {processor.py:186} INFO - Started process (PID=114) to work on /opt/airflow/dags/connection.py
[2024-08-18T07:19:49.423+0000] {processor.py:914} INFO - Processing file /opt/airflow/dags/connection.py for tasks to queue
[2024-08-18T07:19:49.425+0000] {logging_mixin.py:190} INFO - [2024-08-18T07:19:49.425+0000] {dagbag.py:587} INFO - Filling up the DagBag from /opt/airflow/dags/connection.py
[2024-08-18T07:19:49.461+0000] {processor.py:925} INFO - DAG(s) 'load_profit_uk' retrieved from /opt/airflow/dags/connection.py
[2024-08-18T07:19:49.490+0000] {logging_mixin.py:190} INFO - [2024-08-18T07:19:49.489+0000] {dag.py:3211} INFO - Sync 1 DAGs
[2024-08-18T07:19:49.514+0000] {logging_mixin.py:190} INFO - [2024-08-18T07:19:49.514+0000] {dag.py:4138} INFO - Setting next_dagrun for load_profit_uk to 2024-08-17 21:00:00+00:00, run_after=2024-08-18 21:00:00+00:00
[2024-08-18T07:19:49.579+0000] {processor.py:208} INFO - Processing /opt/airflow/dags/connection.py took 0.164 seconds
[2024-08-18T07:20:19.787+0000] {processor.py:186} INFO - Started process (PID=119) to work on /opt/airflow/dags/connection.py
[2024-08-18T07:20:19.789+0000] {processor.py:914} INFO - Processing file /opt/airflow/dags/connection.py for tasks to queue
[2024-08-18T07:20:19.793+0000] {logging_mixin.py:190} INFO - [2024-08-18T07:20:19.793+0000] {dagbag.py:587} INFO - Filling up the DagBag from /opt/airflow/dags/connection.py
[2024-08-18T07:20:19.897+0000] {processor.py:925} INFO - DAG(s) 'load_profit_uk' retrieved from /opt/airflow/dags/connection.py
[2024-08-18T07:20:19.983+0000] {logging_mixin.py:190} INFO - [2024-08-18T07:20:19.982+0000] {dag.py:3211} INFO - Sync 1 DAGs
[2024-08-18T07:20:20.030+0000] {logging_mixin.py:190} INFO - [2024-08-18T07:20:20.030+0000] {dag.py:4138} INFO - Setting next_dagrun for load_profit_uk to 2024-08-17 21:00:00+00:00, run_after=2024-08-18 21:00:00+00:00
[2024-08-18T07:20:20.106+0000] {processor.py:208} INFO - Processing /opt/airflow/dags/connection.py took 0.329 seconds
[2024-08-18T07:20:50.753+0000] {processor.py:186} INFO - Started process (PID=124) to work on /opt/airflow/dags/connection.py
[2024-08-18T07:20:50.754+0000] {processor.py:914} INFO - Processing file /opt/airflow/dags/connection.py for tasks to queue
[2024-08-18T07:20:50.756+0000] {logging_mixin.py:190} INFO - [2024-08-18T07:20:50.755+0000] {dagbag.py:587} INFO - Filling up the DagBag from /opt/airflow/dags/connection.py
[2024-08-18T07:20:50.792+0000] {processor.py:925} INFO - DAG(s) 'load_profit_uk' retrieved from /opt/airflow/dags/connection.py
[2024-08-18T07:20:50.821+0000] {logging_mixin.py:190} INFO - [2024-08-18T07:20:50.821+0000] {dag.py:3211} INFO - Sync 1 DAGs
[2024-08-18T07:20:50.848+0000] {logging_mixin.py:190} INFO - [2024-08-18T07:20:50.848+0000] {dag.py:4138} INFO - Setting next_dagrun for load_profit_uk to 2024-08-17 21:00:00+00:00, run_after=2024-08-18 21:00:00+00:00
[2024-08-18T07:20:50.917+0000] {processor.py:208} INFO - Processing /opt/airflow/dags/connection.py took 0.169 seconds
