[2024-08-18T07:36:46.095+0000] {processor.py:186} INFO - Started process (PID=337) to work on /opt/airflow/dags/consumer.py
[2024-08-18T07:36:46.098+0000] {processor.py:914} INFO - Processing file /opt/airflow/dags/consumer.py for tasks to queue
[2024-08-18T07:36:46.101+0000] {logging_mixin.py:190} INFO - [2024-08-18T07:36:46.100+0000] {dagbag.py:587} INFO - Filling up the DagBag from /opt/airflow/dags/consumer.py
[2024-08-18T07:36:46.211+0000] {processor.py:925} INFO - DAG(s) 'data_consumer_dag' retrieved from /opt/airflow/dags/consumer.py
[2024-08-18T07:36:46.471+0000] {logging_mixin.py:190} INFO - [2024-08-18T07:36:46.469+0000] {override.py:1858} INFO - Created Permission View: can read on DAG:data_consumer_dag
[2024-08-18T07:36:46.566+0000] {logging_mixin.py:190} INFO - [2024-08-18T07:36:46.566+0000] {override.py:1858} INFO - Created Permission View: can edit on DAG:data_consumer_dag
[2024-08-18T07:36:46.644+0000] {logging_mixin.py:190} INFO - [2024-08-18T07:36:46.643+0000] {override.py:1858} INFO - Created Permission View: can delete on DAG:data_consumer_dag
[2024-08-18T07:36:46.645+0000] {logging_mixin.py:190} INFO - [2024-08-18T07:36:46.645+0000] {dag.py:3211} INFO - Sync 1 DAGs
[2024-08-18T07:36:46.905+0000] {logging_mixin.py:190} INFO - [2024-08-18T07:36:46.905+0000] {dag.py:3234} INFO - Creating ORM DAG for data_consumer_dag
[2024-08-18T07:36:46.931+0000] {logging_mixin.py:190} INFO - [2024-08-18T07:36:46.931+0000] {dag.py:4138} INFO - Setting next_dagrun for data_consumer_dag to None, run_after=None
[2024-08-18T07:36:47.148+0000] {processor.py:208} INFO - Processing /opt/airflow/dags/consumer.py took 1.065 seconds
[2024-08-18T07:37:18.288+0000] {processor.py:186} INFO - Started process (PID=347) to work on /opt/airflow/dags/consumer.py
[2024-08-18T07:37:18.290+0000] {processor.py:914} INFO - Processing file /opt/airflow/dags/consumer.py for tasks to queue
[2024-08-18T07:37:18.292+0000] {logging_mixin.py:190} INFO - [2024-08-18T07:37:18.291+0000] {dagbag.py:587} INFO - Filling up the DagBag from /opt/airflow/dags/consumer.py
[2024-08-18T07:37:18.353+0000] {processor.py:925} INFO - DAG(s) 'data_consumer_dag' retrieved from /opt/airflow/dags/consumer.py
[2024-08-18T07:37:18.402+0000] {logging_mixin.py:190} INFO - [2024-08-18T07:37:18.401+0000] {dag.py:3211} INFO - Sync 1 DAGs
[2024-08-18T07:37:18.447+0000] {logging_mixin.py:190} INFO - [2024-08-18T07:37:18.447+0000] {dag.py:4138} INFO - Setting next_dagrun for data_consumer_dag to None, run_after=None
[2024-08-18T07:37:18.575+0000] {processor.py:208} INFO - Processing /opt/airflow/dags/consumer.py took 0.293 seconds
[2024-08-18T07:37:49.604+0000] {processor.py:186} INFO - Started process (PID=357) to work on /opt/airflow/dags/consumer.py
[2024-08-18T07:37:49.606+0000] {processor.py:914} INFO - Processing file /opt/airflow/dags/consumer.py for tasks to queue
[2024-08-18T07:37:49.608+0000] {logging_mixin.py:190} INFO - [2024-08-18T07:37:49.607+0000] {dagbag.py:587} INFO - Filling up the DagBag from /opt/airflow/dags/consumer.py
[2024-08-18T07:37:49.704+0000] {processor.py:925} INFO - DAG(s) 'data_consumer_dag' retrieved from /opt/airflow/dags/consumer.py
[2024-08-18T07:37:49.776+0000] {logging_mixin.py:190} INFO - [2024-08-18T07:37:49.775+0000] {dag.py:3211} INFO - Sync 1 DAGs
[2024-08-18T07:37:49.842+0000] {logging_mixin.py:190} INFO - [2024-08-18T07:37:49.842+0000] {dag.py:4138} INFO - Setting next_dagrun for data_consumer_dag to None, run_after=None
[2024-08-18T07:37:50.003+0000] {processor.py:208} INFO - Processing /opt/airflow/dags/consumer.py took 0.405 seconds
[2024-08-18T07:38:20.783+0000] {processor.py:186} INFO - Started process (PID=367) to work on /opt/airflow/dags/consumer.py
[2024-08-18T07:38:20.784+0000] {processor.py:914} INFO - Processing file /opt/airflow/dags/consumer.py for tasks to queue
[2024-08-18T07:38:20.786+0000] {logging_mixin.py:190} INFO - [2024-08-18T07:38:20.786+0000] {dagbag.py:587} INFO - Filling up the DagBag from /opt/airflow/dags/consumer.py
[2024-08-18T07:38:20.870+0000] {processor.py:925} INFO - DAG(s) 'data_consumer_dag' retrieved from /opt/airflow/dags/consumer.py
[2024-08-18T07:38:20.935+0000] {logging_mixin.py:190} INFO - [2024-08-18T07:38:20.934+0000] {dag.py:3211} INFO - Sync 1 DAGs
[2024-08-18T07:38:21.010+0000] {logging_mixin.py:190} INFO - [2024-08-18T07:38:21.009+0000] {dag.py:4138} INFO - Setting next_dagrun for data_consumer_dag to None, run_after=None
[2024-08-18T07:38:21.171+0000] {processor.py:208} INFO - Processing /opt/airflow/dags/consumer.py took 0.395 seconds
[2024-08-18T07:38:51.918+0000] {processor.py:186} INFO - Started process (PID=377) to work on /opt/airflow/dags/consumer.py
[2024-08-18T07:38:51.919+0000] {processor.py:914} INFO - Processing file /opt/airflow/dags/consumer.py for tasks to queue
[2024-08-18T07:38:51.922+0000] {logging_mixin.py:190} INFO - [2024-08-18T07:38:51.922+0000] {dagbag.py:587} INFO - Filling up the DagBag from /opt/airflow/dags/consumer.py
[2024-08-18T07:38:51.988+0000] {processor.py:925} INFO - DAG(s) 'data_consumer_dag' retrieved from /opt/airflow/dags/consumer.py
[2024-08-18T07:38:52.048+0000] {logging_mixin.py:190} INFO - [2024-08-18T07:38:52.047+0000] {dag.py:3211} INFO - Sync 1 DAGs
[2024-08-18T07:38:52.093+0000] {logging_mixin.py:190} INFO - [2024-08-18T07:38:52.093+0000] {dag.py:4138} INFO - Setting next_dagrun for data_consumer_dag to None, run_after=None
[2024-08-18T07:38:52.244+0000] {processor.py:208} INFO - Processing /opt/airflow/dags/consumer.py took 0.332 seconds
[2024-08-18T07:39:23.648+0000] {processor.py:186} INFO - Started process (PID=387) to work on /opt/airflow/dags/consumer.py
[2024-08-18T07:39:23.650+0000] {processor.py:914} INFO - Processing file /opt/airflow/dags/consumer.py for tasks to queue
[2024-08-18T07:39:23.654+0000] {logging_mixin.py:190} INFO - [2024-08-18T07:39:23.653+0000] {dagbag.py:587} INFO - Filling up the DagBag from /opt/airflow/dags/consumer.py
[2024-08-18T07:39:23.718+0000] {processor.py:925} INFO - DAG(s) 'data_consumer_dag' retrieved from /opt/airflow/dags/consumer.py
[2024-08-18T07:39:23.770+0000] {logging_mixin.py:190} INFO - [2024-08-18T07:39:23.769+0000] {dag.py:3211} INFO - Sync 1 DAGs
[2024-08-18T07:39:23.825+0000] {logging_mixin.py:190} INFO - [2024-08-18T07:39:23.825+0000] {dag.py:4138} INFO - Setting next_dagrun for data_consumer_dag to None, run_after=None
[2024-08-18T07:39:23.951+0000] {processor.py:208} INFO - Processing /opt/airflow/dags/consumer.py took 0.313 seconds
[2024-08-18T07:39:54.372+0000] {processor.py:186} INFO - Started process (PID=397) to work on /opt/airflow/dags/consumer.py
[2024-08-18T07:39:54.374+0000] {processor.py:914} INFO - Processing file /opt/airflow/dags/consumer.py for tasks to queue
[2024-08-18T07:39:54.377+0000] {logging_mixin.py:190} INFO - [2024-08-18T07:39:54.377+0000] {dagbag.py:587} INFO - Filling up the DagBag from /opt/airflow/dags/consumer.py
[2024-08-18T07:39:54.440+0000] {processor.py:925} INFO - DAG(s) 'data_consumer_dag' retrieved from /opt/airflow/dags/consumer.py
[2024-08-18T07:39:54.491+0000] {logging_mixin.py:190} INFO - [2024-08-18T07:39:54.490+0000] {dag.py:3211} INFO - Sync 1 DAGs
[2024-08-18T07:39:54.530+0000] {logging_mixin.py:190} INFO - [2024-08-18T07:39:54.529+0000] {dag.py:4138} INFO - Setting next_dagrun for data_consumer_dag to None, run_after=None
[2024-08-18T07:39:54.684+0000] {processor.py:208} INFO - Processing /opt/airflow/dags/consumer.py took 0.320 seconds
[2024-08-18T07:40:25.369+0000] {processor.py:186} INFO - Started process (PID=407) to work on /opt/airflow/dags/consumer.py
[2024-08-18T07:40:25.371+0000] {processor.py:914} INFO - Processing file /opt/airflow/dags/consumer.py for tasks to queue
[2024-08-18T07:40:25.373+0000] {logging_mixin.py:190} INFO - [2024-08-18T07:40:25.372+0000] {dagbag.py:587} INFO - Filling up the DagBag from /opt/airflow/dags/consumer.py
[2024-08-18T07:40:25.461+0000] {processor.py:925} INFO - DAG(s) 'data_consumer_dag' retrieved from /opt/airflow/dags/consumer.py
[2024-08-18T07:40:25.584+0000] {logging_mixin.py:190} INFO - [2024-08-18T07:40:25.583+0000] {dag.py:3211} INFO - Sync 1 DAGs
[2024-08-18T07:40:25.914+0000] {logging_mixin.py:190} INFO - [2024-08-18T07:40:25.913+0000] {dag.py:4138} INFO - Setting next_dagrun for data_consumer_dag to None, run_after=None
[2024-08-18T07:40:26.085+0000] {processor.py:208} INFO - Processing /opt/airflow/dags/consumer.py took 0.722 seconds
[2024-08-18T07:40:56.474+0000] {processor.py:186} INFO - Started process (PID=417) to work on /opt/airflow/dags/consumer.py
[2024-08-18T07:40:56.476+0000] {processor.py:914} INFO - Processing file /opt/airflow/dags/consumer.py for tasks to queue
[2024-08-18T07:40:56.478+0000] {logging_mixin.py:190} INFO - [2024-08-18T07:40:56.477+0000] {dagbag.py:587} INFO - Filling up the DagBag from /opt/airflow/dags/consumer.py
[2024-08-18T07:40:56.554+0000] {processor.py:925} INFO - DAG(s) 'data_consumer_dag' retrieved from /opt/airflow/dags/consumer.py
[2024-08-18T07:40:56.623+0000] {logging_mixin.py:190} INFO - [2024-08-18T07:40:56.622+0000] {dag.py:3211} INFO - Sync 1 DAGs
[2024-08-18T07:40:56.677+0000] {logging_mixin.py:190} INFO - [2024-08-18T07:40:56.677+0000] {dag.py:4138} INFO - Setting next_dagrun for data_consumer_dag to None, run_after=None
[2024-08-18T07:40:57.097+0000] {processor.py:208} INFO - Processing /opt/airflow/dags/consumer.py took 0.629 seconds
[2024-08-18T07:41:28.304+0000] {processor.py:186} INFO - Started process (PID=427) to work on /opt/airflow/dags/consumer.py
[2024-08-18T07:41:28.306+0000] {processor.py:914} INFO - Processing file /opt/airflow/dags/consumer.py for tasks to queue
[2024-08-18T07:41:28.309+0000] {logging_mixin.py:190} INFO - [2024-08-18T07:41:28.308+0000] {dagbag.py:587} INFO - Filling up the DagBag from /opt/airflow/dags/consumer.py
[2024-08-18T07:41:28.382+0000] {processor.py:925} INFO - DAG(s) 'data_consumer_dag' retrieved from /opt/airflow/dags/consumer.py
[2024-08-18T07:41:28.454+0000] {logging_mixin.py:190} INFO - [2024-08-18T07:41:28.453+0000] {dag.py:3211} INFO - Sync 1 DAGs
[2024-08-18T07:41:28.504+0000] {logging_mixin.py:190} INFO - [2024-08-18T07:41:28.504+0000] {dag.py:4138} INFO - Setting next_dagrun for data_consumer_dag to None, run_after=None
[2024-08-18T07:41:28.895+0000] {processor.py:208} INFO - Processing /opt/airflow/dags/consumer.py took 0.607 seconds
[2024-08-18T07:41:59.910+0000] {processor.py:186} INFO - Started process (PID=438) to work on /opt/airflow/dags/consumer.py
[2024-08-18T07:41:59.912+0000] {processor.py:914} INFO - Processing file /opt/airflow/dags/consumer.py for tasks to queue
[2024-08-18T07:41:59.915+0000] {logging_mixin.py:190} INFO - [2024-08-18T07:41:59.914+0000] {dagbag.py:587} INFO - Filling up the DagBag from /opt/airflow/dags/consumer.py
[2024-08-18T07:41:59.997+0000] {processor.py:925} INFO - DAG(s) 'data_consumer_dag' retrieved from /opt/airflow/dags/consumer.py
[2024-08-18T07:42:00.054+0000] {logging_mixin.py:190} INFO - [2024-08-18T07:42:00.053+0000] {dag.py:3211} INFO - Sync 1 DAGs
[2024-08-18T07:42:00.102+0000] {logging_mixin.py:190} INFO - [2024-08-18T07:42:00.102+0000] {dag.py:4138} INFO - Setting next_dagrun for data_consumer_dag to None, run_after=None
[2024-08-18T07:42:00.254+0000] {processor.py:208} INFO - Processing /opt/airflow/dags/consumer.py took 0.352 seconds
[2024-08-18T07:42:30.636+0000] {processor.py:186} INFO - Started process (PID=449) to work on /opt/airflow/dags/consumer.py
[2024-08-18T07:42:30.638+0000] {processor.py:914} INFO - Processing file /opt/airflow/dags/consumer.py for tasks to queue
[2024-08-18T07:42:30.641+0000] {logging_mixin.py:190} INFO - [2024-08-18T07:42:30.640+0000] {dagbag.py:587} INFO - Filling up the DagBag from /opt/airflow/dags/consumer.py
[2024-08-18T07:42:30.736+0000] {processor.py:925} INFO - DAG(s) 'data_consumer_dag' retrieved from /opt/airflow/dags/consumer.py
[2024-08-18T07:42:30.797+0000] {logging_mixin.py:190} INFO - [2024-08-18T07:42:30.797+0000] {dag.py:3211} INFO - Sync 1 DAGs
[2024-08-18T07:42:30.853+0000] {logging_mixin.py:190} INFO - [2024-08-18T07:42:30.852+0000] {dag.py:4138} INFO - Setting next_dagrun for data_consumer_dag to None, run_after=None
[2024-08-18T07:42:31.002+0000] {processor.py:208} INFO - Processing /opt/airflow/dags/consumer.py took 0.380 seconds
[2024-08-18T07:43:01.241+0000] {processor.py:186} INFO - Started process (PID=460) to work on /opt/airflow/dags/consumer.py
[2024-08-18T07:43:01.244+0000] {processor.py:914} INFO - Processing file /opt/airflow/dags/consumer.py for tasks to queue
[2024-08-18T07:43:01.251+0000] {logging_mixin.py:190} INFO - [2024-08-18T07:43:01.250+0000] {dagbag.py:587} INFO - Filling up the DagBag from /opt/airflow/dags/consumer.py
[2024-08-18T07:43:01.328+0000] {processor.py:925} INFO - DAG(s) 'data_consumer_dag' retrieved from /opt/airflow/dags/consumer.py
[2024-08-18T07:43:01.388+0000] {logging_mixin.py:190} INFO - [2024-08-18T07:43:01.387+0000] {dag.py:3211} INFO - Sync 1 DAGs
[2024-08-18T07:43:01.452+0000] {logging_mixin.py:190} INFO - [2024-08-18T07:43:01.452+0000] {dag.py:4138} INFO - Setting next_dagrun for data_consumer_dag to None, run_after=None
[2024-08-18T07:43:01.604+0000] {processor.py:208} INFO - Processing /opt/airflow/dags/consumer.py took 0.368 seconds
[2024-08-18T07:43:32.564+0000] {processor.py:186} INFO - Started process (PID=471) to work on /opt/airflow/dags/consumer.py
[2024-08-18T07:43:32.566+0000] {processor.py:914} INFO - Processing file /opt/airflow/dags/consumer.py for tasks to queue
[2024-08-18T07:43:32.568+0000] {logging_mixin.py:190} INFO - [2024-08-18T07:43:32.567+0000] {dagbag.py:587} INFO - Filling up the DagBag from /opt/airflow/dags/consumer.py
[2024-08-18T07:43:32.649+0000] {processor.py:925} INFO - DAG(s) 'data_consumer_dag' retrieved from /opt/airflow/dags/consumer.py
[2024-08-18T07:43:32.713+0000] {logging_mixin.py:190} INFO - [2024-08-18T07:43:32.712+0000] {dag.py:3211} INFO - Sync 1 DAGs
[2024-08-18T07:43:32.758+0000] {logging_mixin.py:190} INFO - [2024-08-18T07:43:32.758+0000] {dag.py:4138} INFO - Setting next_dagrun for data_consumer_dag to None, run_after=None
[2024-08-18T07:43:32.901+0000] {processor.py:208} INFO - Processing /opt/airflow/dags/consumer.py took 0.347 seconds
[2024-08-18T07:44:04.119+0000] {processor.py:186} INFO - Started process (PID=482) to work on /opt/airflow/dags/consumer.py
[2024-08-18T07:44:04.121+0000] {processor.py:914} INFO - Processing file /opt/airflow/dags/consumer.py for tasks to queue
[2024-08-18T07:44:04.123+0000] {logging_mixin.py:190} INFO - [2024-08-18T07:44:04.123+0000] {dagbag.py:587} INFO - Filling up the DagBag from /opt/airflow/dags/consumer.py
[2024-08-18T07:44:04.187+0000] {processor.py:925} INFO - DAG(s) 'data_consumer_dag' retrieved from /opt/airflow/dags/consumer.py
[2024-08-18T07:44:04.245+0000] {logging_mixin.py:190} INFO - [2024-08-18T07:44:04.244+0000] {dag.py:3211} INFO - Sync 1 DAGs
[2024-08-18T07:44:04.291+0000] {logging_mixin.py:190} INFO - [2024-08-18T07:44:04.291+0000] {dag.py:4138} INFO - Setting next_dagrun for data_consumer_dag to None, run_after=None
[2024-08-18T07:44:04.415+0000] {processor.py:208} INFO - Processing /opt/airflow/dags/consumer.py took 0.304 seconds
[2024-08-18T07:44:35.267+0000] {processor.py:186} INFO - Started process (PID=493) to work on /opt/airflow/dags/consumer.py
[2024-08-18T07:44:35.269+0000] {processor.py:914} INFO - Processing file /opt/airflow/dags/consumer.py for tasks to queue
[2024-08-18T07:44:35.271+0000] {logging_mixin.py:190} INFO - [2024-08-18T07:44:35.271+0000] {dagbag.py:587} INFO - Filling up the DagBag from /opt/airflow/dags/consumer.py
[2024-08-18T07:44:35.355+0000] {processor.py:925} INFO - DAG(s) 'data_consumer_dag' retrieved from /opt/airflow/dags/consumer.py
[2024-08-18T07:44:35.412+0000] {logging_mixin.py:190} INFO - [2024-08-18T07:44:35.411+0000] {dag.py:3211} INFO - Sync 1 DAGs
[2024-08-18T07:44:35.469+0000] {logging_mixin.py:190} INFO - [2024-08-18T07:44:35.468+0000] {dag.py:4138} INFO - Setting next_dagrun for data_consumer_dag to None, run_after=None
[2024-08-18T07:44:35.624+0000] {processor.py:208} INFO - Processing /opt/airflow/dags/consumer.py took 0.364 seconds
[2024-08-18T07:45:06.098+0000] {processor.py:186} INFO - Started process (PID=504) to work on /opt/airflow/dags/consumer.py
[2024-08-18T07:45:06.100+0000] {processor.py:914} INFO - Processing file /opt/airflow/dags/consumer.py for tasks to queue
[2024-08-18T07:45:06.102+0000] {logging_mixin.py:190} INFO - [2024-08-18T07:45:06.101+0000] {dagbag.py:587} INFO - Filling up the DagBag from /opt/airflow/dags/consumer.py
[2024-08-18T07:45:06.182+0000] {processor.py:925} INFO - DAG(s) 'data_consumer_dag' retrieved from /opt/airflow/dags/consumer.py
[2024-08-18T07:45:06.241+0000] {logging_mixin.py:190} INFO - [2024-08-18T07:45:06.240+0000] {dag.py:3211} INFO - Sync 1 DAGs
[2024-08-18T07:45:06.292+0000] {logging_mixin.py:190} INFO - [2024-08-18T07:45:06.291+0000] {dag.py:4138} INFO - Setting next_dagrun for data_consumer_dag to None, run_after=None
[2024-08-18T07:45:06.434+0000] {processor.py:208} INFO - Processing /opt/airflow/dags/consumer.py took 0.344 seconds
[2024-08-18T07:45:37.602+0000] {processor.py:186} INFO - Started process (PID=515) to work on /opt/airflow/dags/consumer.py
[2024-08-18T07:45:37.604+0000] {processor.py:914} INFO - Processing file /opt/airflow/dags/consumer.py for tasks to queue
[2024-08-18T07:45:37.607+0000] {logging_mixin.py:190} INFO - [2024-08-18T07:45:37.606+0000] {dagbag.py:587} INFO - Filling up the DagBag from /opt/airflow/dags/consumer.py
[2024-08-18T07:45:37.667+0000] {processor.py:925} INFO - DAG(s) 'data_consumer_dag' retrieved from /opt/airflow/dags/consumer.py
[2024-08-18T07:45:37.728+0000] {logging_mixin.py:190} INFO - [2024-08-18T07:45:37.726+0000] {dag.py:3211} INFO - Sync 1 DAGs
[2024-08-18T07:45:37.784+0000] {logging_mixin.py:190} INFO - [2024-08-18T07:45:37.784+0000] {dag.py:4138} INFO - Setting next_dagrun for data_consumer_dag to None, run_after=None
[2024-08-18T07:45:37.900+0000] {processor.py:208} INFO - Processing /opt/airflow/dags/consumer.py took 0.311 seconds
[2024-08-18T07:46:08.516+0000] {processor.py:186} INFO - Started process (PID=526) to work on /opt/airflow/dags/consumer.py
[2024-08-18T07:46:08.517+0000] {processor.py:914} INFO - Processing file /opt/airflow/dags/consumer.py for tasks to queue
[2024-08-18T07:46:08.519+0000] {logging_mixin.py:190} INFO - [2024-08-18T07:46:08.519+0000] {dagbag.py:587} INFO - Filling up the DagBag from /opt/airflow/dags/consumer.py
[2024-08-18T07:46:08.635+0000] {processor.py:925} INFO - DAG(s) 'data_consumer_dag' retrieved from /opt/airflow/dags/consumer.py
[2024-08-18T07:46:08.685+0000] {logging_mixin.py:190} INFO - [2024-08-18T07:46:08.684+0000] {dag.py:3211} INFO - Sync 1 DAGs
[2024-08-18T07:46:08.726+0000] {logging_mixin.py:190} INFO - [2024-08-18T07:46:08.726+0000] {dag.py:4138} INFO - Setting next_dagrun for data_consumer_dag to None, run_after=None
[2024-08-18T07:46:08.880+0000] {processor.py:208} INFO - Processing /opt/airflow/dags/consumer.py took 0.369 seconds
[2024-08-18T07:46:39.435+0000] {processor.py:186} INFO - Started process (PID=537) to work on /opt/airflow/dags/consumer.py
[2024-08-18T07:46:39.436+0000] {processor.py:914} INFO - Processing file /opt/airflow/dags/consumer.py for tasks to queue
[2024-08-18T07:46:39.439+0000] {logging_mixin.py:190} INFO - [2024-08-18T07:46:39.438+0000] {dagbag.py:587} INFO - Filling up the DagBag from /opt/airflow/dags/consumer.py
[2024-08-18T07:46:39.522+0000] {processor.py:925} INFO - DAG(s) 'data_consumer_dag' retrieved from /opt/airflow/dags/consumer.py
[2024-08-18T07:46:39.568+0000] {logging_mixin.py:190} INFO - [2024-08-18T07:46:39.567+0000] {dag.py:3211} INFO - Sync 1 DAGs
[2024-08-18T07:46:39.609+0000] {logging_mixin.py:190} INFO - [2024-08-18T07:46:39.608+0000] {dag.py:4138} INFO - Setting next_dagrun for data_consumer_dag to None, run_after=None
[2024-08-18T07:46:39.748+0000] {processor.py:208} INFO - Processing /opt/airflow/dags/consumer.py took 0.318 seconds
[2024-08-18T07:47:10.825+0000] {processor.py:186} INFO - Started process (PID=549) to work on /opt/airflow/dags/consumer.py
[2024-08-18T07:47:10.827+0000] {processor.py:914} INFO - Processing file /opt/airflow/dags/consumer.py for tasks to queue
[2024-08-18T07:47:10.829+0000] {logging_mixin.py:190} INFO - [2024-08-18T07:47:10.829+0000] {dagbag.py:587} INFO - Filling up the DagBag from /opt/airflow/dags/consumer.py
[2024-08-18T07:47:10.911+0000] {processor.py:925} INFO - DAG(s) 'data_consumer_dag' retrieved from /opt/airflow/dags/consumer.py
[2024-08-18T07:47:10.960+0000] {logging_mixin.py:190} INFO - [2024-08-18T07:47:10.959+0000] {dag.py:3211} INFO - Sync 1 DAGs
[2024-08-18T07:47:11.000+0000] {logging_mixin.py:190} INFO - [2024-08-18T07:47:11.000+0000] {dag.py:4138} INFO - Setting next_dagrun for data_consumer_dag to None, run_after=None
[2024-08-18T07:47:11.324+0000] {processor.py:208} INFO - Processing /opt/airflow/dags/consumer.py took 0.504 seconds
[2024-08-18T07:47:41.784+0000] {processor.py:186} INFO - Started process (PID=561) to work on /opt/airflow/dags/consumer.py
[2024-08-18T07:47:41.785+0000] {processor.py:914} INFO - Processing file /opt/airflow/dags/consumer.py for tasks to queue
[2024-08-18T07:47:41.787+0000] {logging_mixin.py:190} INFO - [2024-08-18T07:47:41.787+0000] {dagbag.py:587} INFO - Filling up the DagBag from /opt/airflow/dags/consumer.py
[2024-08-18T07:47:41.863+0000] {processor.py:925} INFO - DAG(s) 'data_consumer_dag' retrieved from /opt/airflow/dags/consumer.py
[2024-08-18T07:47:41.914+0000] {logging_mixin.py:190} INFO - [2024-08-18T07:47:41.913+0000] {dag.py:3211} INFO - Sync 1 DAGs
[2024-08-18T07:47:41.959+0000] {logging_mixin.py:190} INFO - [2024-08-18T07:47:41.959+0000] {dag.py:4138} INFO - Setting next_dagrun for data_consumer_dag to None, run_after=None
[2024-08-18T07:47:42.266+0000] {processor.py:208} INFO - Processing /opt/airflow/dags/consumer.py took 0.489 seconds
[2024-08-18T07:48:13.458+0000] {processor.py:186} INFO - Started process (PID=573) to work on /opt/airflow/dags/consumer.py
[2024-08-18T07:48:13.459+0000] {processor.py:914} INFO - Processing file /opt/airflow/dags/consumer.py for tasks to queue
[2024-08-18T07:48:13.461+0000] {logging_mixin.py:190} INFO - [2024-08-18T07:48:13.461+0000] {dagbag.py:587} INFO - Filling up the DagBag from /opt/airflow/dags/consumer.py
[2024-08-18T07:48:13.506+0000] {processor.py:925} INFO - DAG(s) 'data_consumer_dag' retrieved from /opt/airflow/dags/consumer.py
[2024-08-18T07:48:13.552+0000] {logging_mixin.py:190} INFO - [2024-08-18T07:48:13.550+0000] {dag.py:3211} INFO - Sync 1 DAGs
[2024-08-18T07:48:13.596+0000] {logging_mixin.py:190} INFO - [2024-08-18T07:48:13.596+0000] {dag.py:4138} INFO - Setting next_dagrun for data_consumer_dag to None, run_after=None
[2024-08-18T07:48:13.732+0000] {processor.py:208} INFO - Processing /opt/airflow/dags/consumer.py took 0.280 seconds
[2024-08-18T07:48:45.088+0000] {processor.py:186} INFO - Started process (PID=585) to work on /opt/airflow/dags/consumer.py
[2024-08-18T07:48:45.090+0000] {processor.py:914} INFO - Processing file /opt/airflow/dags/consumer.py for tasks to queue
[2024-08-18T07:48:45.091+0000] {logging_mixin.py:190} INFO - [2024-08-18T07:48:45.091+0000] {dagbag.py:587} INFO - Filling up the DagBag from /opt/airflow/dags/consumer.py
[2024-08-18T07:48:45.151+0000] {processor.py:925} INFO - DAG(s) 'data_consumer_dag' retrieved from /opt/airflow/dags/consumer.py
[2024-08-18T07:48:45.196+0000] {logging_mixin.py:190} INFO - [2024-08-18T07:48:45.196+0000] {dag.py:3211} INFO - Sync 1 DAGs
[2024-08-18T07:48:45.236+0000] {logging_mixin.py:190} INFO - [2024-08-18T07:48:45.235+0000] {dag.py:4138} INFO - Setting next_dagrun for data_consumer_dag to None, run_after=None
[2024-08-18T07:48:45.384+0000] {processor.py:208} INFO - Processing /opt/airflow/dags/consumer.py took 0.306 seconds
[2024-08-18T07:49:16.368+0000] {processor.py:186} INFO - Started process (PID=597) to work on /opt/airflow/dags/consumer.py
[2024-08-18T07:49:16.369+0000] {processor.py:914} INFO - Processing file /opt/airflow/dags/consumer.py for tasks to queue
[2024-08-18T07:49:16.372+0000] {logging_mixin.py:190} INFO - [2024-08-18T07:49:16.371+0000] {dagbag.py:587} INFO - Filling up the DagBag from /opt/airflow/dags/consumer.py
[2024-08-18T07:49:16.430+0000] {processor.py:925} INFO - DAG(s) 'data_consumer_dag' retrieved from /opt/airflow/dags/consumer.py
[2024-08-18T07:49:16.470+0000] {logging_mixin.py:190} INFO - [2024-08-18T07:49:16.469+0000] {dag.py:3211} INFO - Sync 1 DAGs
[2024-08-18T07:49:16.501+0000] {logging_mixin.py:190} INFO - [2024-08-18T07:49:16.500+0000] {dag.py:4138} INFO - Setting next_dagrun for data_consumer_dag to None, run_after=None
[2024-08-18T07:49:16.622+0000] {processor.py:208} INFO - Processing /opt/airflow/dags/consumer.py took 0.261 seconds
[2024-08-18T07:49:46.916+0000] {processor.py:186} INFO - Started process (PID=609) to work on /opt/airflow/dags/consumer.py
[2024-08-18T07:49:46.918+0000] {processor.py:914} INFO - Processing file /opt/airflow/dags/consumer.py for tasks to queue
[2024-08-18T07:49:46.920+0000] {logging_mixin.py:190} INFO - [2024-08-18T07:49:46.919+0000] {dagbag.py:587} INFO - Filling up the DagBag from /opt/airflow/dags/consumer.py
[2024-08-18T07:49:47.014+0000] {processor.py:925} INFO - DAG(s) 'data_consumer_dag' retrieved from /opt/airflow/dags/consumer.py
[2024-08-18T07:49:47.071+0000] {logging_mixin.py:190} INFO - [2024-08-18T07:49:47.069+0000] {dag.py:3211} INFO - Sync 1 DAGs
[2024-08-18T07:49:47.122+0000] {logging_mixin.py:190} INFO - [2024-08-18T07:49:47.121+0000] {dag.py:4138} INFO - Setting next_dagrun for data_consumer_dag to None, run_after=None
[2024-08-18T07:49:47.259+0000] {processor.py:208} INFO - Processing /opt/airflow/dags/consumer.py took 0.348 seconds
[2024-08-18T07:50:17.480+0000] {processor.py:186} INFO - Started process (PID=621) to work on /opt/airflow/dags/consumer.py
[2024-08-18T07:50:17.482+0000] {processor.py:914} INFO - Processing file /opt/airflow/dags/consumer.py for tasks to queue
[2024-08-18T07:50:17.484+0000] {logging_mixin.py:190} INFO - [2024-08-18T07:50:17.483+0000] {dagbag.py:587} INFO - Filling up the DagBag from /opt/airflow/dags/consumer.py
[2024-08-18T07:50:17.566+0000] {processor.py:925} INFO - DAG(s) 'data_consumer_dag' retrieved from /opt/airflow/dags/consumer.py
[2024-08-18T07:50:17.623+0000] {logging_mixin.py:190} INFO - [2024-08-18T07:50:17.622+0000] {dag.py:3211} INFO - Sync 1 DAGs
[2024-08-18T07:50:17.666+0000] {logging_mixin.py:190} INFO - [2024-08-18T07:50:17.666+0000] {dag.py:4138} INFO - Setting next_dagrun for data_consumer_dag to None, run_after=None
[2024-08-18T07:50:17.777+0000] {processor.py:208} INFO - Processing /opt/airflow/dags/consumer.py took 0.302 seconds
[2024-08-18T07:50:48.771+0000] {processor.py:186} INFO - Started process (PID=633) to work on /opt/airflow/dags/consumer.py
[2024-08-18T07:50:48.773+0000] {processor.py:914} INFO - Processing file /opt/airflow/dags/consumer.py for tasks to queue
[2024-08-18T07:50:48.775+0000] {logging_mixin.py:190} INFO - [2024-08-18T07:50:48.775+0000] {dagbag.py:587} INFO - Filling up the DagBag from /opt/airflow/dags/consumer.py
[2024-08-18T07:50:48.859+0000] {processor.py:925} INFO - DAG(s) 'data_consumer_dag' retrieved from /opt/airflow/dags/consumer.py
[2024-08-18T07:50:48.909+0000] {logging_mixin.py:190} INFO - [2024-08-18T07:50:48.908+0000] {dag.py:3211} INFO - Sync 1 DAGs
[2024-08-18T07:50:48.954+0000] {logging_mixin.py:190} INFO - [2024-08-18T07:50:48.953+0000] {dag.py:4138} INFO - Setting next_dagrun for data_consumer_dag to None, run_after=None
[2024-08-18T07:50:49.109+0000] {processor.py:208} INFO - Processing /opt/airflow/dags/consumer.py took 0.343 seconds
[2024-08-18T07:51:20.097+0000] {processor.py:186} INFO - Started process (PID=645) to work on /opt/airflow/dags/consumer.py
[2024-08-18T07:51:20.099+0000] {processor.py:914} INFO - Processing file /opt/airflow/dags/consumer.py for tasks to queue
[2024-08-18T07:51:20.101+0000] {logging_mixin.py:190} INFO - [2024-08-18T07:51:20.100+0000] {dagbag.py:587} INFO - Filling up the DagBag from /opt/airflow/dags/consumer.py
[2024-08-18T07:51:20.190+0000] {processor.py:925} INFO - DAG(s) 'data_consumer_dag' retrieved from /opt/airflow/dags/consumer.py
[2024-08-18T07:51:20.245+0000] {logging_mixin.py:190} INFO - [2024-08-18T07:51:20.244+0000] {dag.py:3211} INFO - Sync 1 DAGs
[2024-08-18T07:51:20.287+0000] {logging_mixin.py:190} INFO - [2024-08-18T07:51:20.287+0000] {dag.py:4138} INFO - Setting next_dagrun for data_consumer_dag to None, run_after=None
[2024-08-18T07:51:20.434+0000] {processor.py:208} INFO - Processing /opt/airflow/dags/consumer.py took 0.344 seconds
[2024-08-18T07:51:56.273+0000] {processor.py:186} INFO - Started process (PID=659) to work on /opt/airflow/dags/consumer.py
[2024-08-18T07:51:56.275+0000] {processor.py:914} INFO - Processing file /opt/airflow/dags/consumer.py for tasks to queue
[2024-08-18T07:51:56.277+0000] {logging_mixin.py:190} INFO - [2024-08-18T07:51:56.277+0000] {dagbag.py:587} INFO - Filling up the DagBag from /opt/airflow/dags/consumer.py
[2024-08-18T07:51:56.357+0000] {processor.py:925} INFO - DAG(s) 'data_consumer_dag' retrieved from /opt/airflow/dags/consumer.py
[2024-08-18T07:51:56.409+0000] {logging_mixin.py:190} INFO - [2024-08-18T07:51:56.409+0000] {dag.py:3211} INFO - Sync 1 DAGs
[2024-08-18T07:51:56.452+0000] {logging_mixin.py:190} INFO - [2024-08-18T07:51:56.452+0000] {dag.py:4138} INFO - Setting next_dagrun for data_consumer_dag to None, run_after=None
[2024-08-18T07:51:56.609+0000] {processor.py:208} INFO - Processing /opt/airflow/dags/consumer.py took 0.341 seconds
[2024-08-18T07:52:28.383+0000] {processor.py:186} INFO - Started process (PID=674) to work on /opt/airflow/dags/consumer.py
[2024-08-18T07:52:28.385+0000] {processor.py:914} INFO - Processing file /opt/airflow/dags/consumer.py for tasks to queue
[2024-08-18T07:52:28.386+0000] {logging_mixin.py:190} INFO - [2024-08-18T07:52:28.386+0000] {dagbag.py:587} INFO - Filling up the DagBag from /opt/airflow/dags/consumer.py
[2024-08-18T07:52:28.478+0000] {processor.py:925} INFO - DAG(s) 'data_consumer_dag' retrieved from /opt/airflow/dags/consumer.py
[2024-08-18T07:52:28.534+0000] {logging_mixin.py:190} INFO - [2024-08-18T07:52:28.533+0000] {dag.py:3211} INFO - Sync 1 DAGs
[2024-08-18T07:52:28.593+0000] {logging_mixin.py:190} INFO - [2024-08-18T07:52:28.592+0000] {dag.py:4138} INFO - Setting next_dagrun for data_consumer_dag to None, run_after=None
[2024-08-18T07:52:28.773+0000] {processor.py:208} INFO - Processing /opt/airflow/dags/consumer.py took 0.395 seconds
[2024-08-18T07:52:59.439+0000] {processor.py:186} INFO - Started process (PID=689) to work on /opt/airflow/dags/consumer.py
[2024-08-18T07:52:59.441+0000] {processor.py:914} INFO - Processing file /opt/airflow/dags/consumer.py for tasks to queue
[2024-08-18T07:52:59.443+0000] {logging_mixin.py:190} INFO - [2024-08-18T07:52:59.442+0000] {dagbag.py:587} INFO - Filling up the DagBag from /opt/airflow/dags/consumer.py
[2024-08-18T07:52:59.525+0000] {processor.py:925} INFO - DAG(s) 'data_consumer_dag' retrieved from /opt/airflow/dags/consumer.py
[2024-08-18T07:52:59.573+0000] {logging_mixin.py:190} INFO - [2024-08-18T07:52:59.572+0000] {dag.py:3211} INFO - Sync 1 DAGs
[2024-08-18T07:52:59.615+0000] {logging_mixin.py:190} INFO - [2024-08-18T07:52:59.615+0000] {dag.py:4138} INFO - Setting next_dagrun for data_consumer_dag to None, run_after=None
[2024-08-18T07:52:59.759+0000] {processor.py:208} INFO - Processing /opt/airflow/dags/consumer.py took 0.325 seconds
[2024-08-18T07:53:30.828+0000] {processor.py:186} INFO - Started process (PID=704) to work on /opt/airflow/dags/consumer.py
[2024-08-18T07:53:30.829+0000] {processor.py:914} INFO - Processing file /opt/airflow/dags/consumer.py for tasks to queue
[2024-08-18T07:53:30.832+0000] {logging_mixin.py:190} INFO - [2024-08-18T07:53:30.832+0000] {dagbag.py:587} INFO - Filling up the DagBag from /opt/airflow/dags/consumer.py
[2024-08-18T07:53:30.922+0000] {processor.py:925} INFO - DAG(s) 'data_consumer_dag' retrieved from /opt/airflow/dags/consumer.py
[2024-08-18T07:53:30.989+0000] {logging_mixin.py:190} INFO - [2024-08-18T07:53:30.988+0000] {dag.py:3211} INFO - Sync 1 DAGs
[2024-08-18T07:53:31.027+0000] {logging_mixin.py:190} INFO - [2024-08-18T07:53:31.027+0000] {dag.py:4138} INFO - Setting next_dagrun for data_consumer_dag to None, run_after=None
[2024-08-18T07:53:31.334+0000] {processor.py:208} INFO - Processing /opt/airflow/dags/consumer.py took 0.515 seconds
[2024-08-18T07:54:01.732+0000] {processor.py:186} INFO - Started process (PID=719) to work on /opt/airflow/dags/consumer.py
[2024-08-18T07:54:01.733+0000] {processor.py:914} INFO - Processing file /opt/airflow/dags/consumer.py for tasks to queue
[2024-08-18T07:54:01.736+0000] {logging_mixin.py:190} INFO - [2024-08-18T07:54:01.735+0000] {dagbag.py:587} INFO - Filling up the DagBag from /opt/airflow/dags/consumer.py
[2024-08-18T07:54:01.823+0000] {processor.py:925} INFO - DAG(s) 'data_consumer_dag' retrieved from /opt/airflow/dags/consumer.py
[2024-08-18T07:54:01.879+0000] {logging_mixin.py:190} INFO - [2024-08-18T07:54:01.878+0000] {dag.py:3211} INFO - Sync 1 DAGs
[2024-08-18T07:54:01.917+0000] {logging_mixin.py:190} INFO - [2024-08-18T07:54:01.917+0000] {dag.py:4138} INFO - Setting next_dagrun for data_consumer_dag to None, run_after=None
[2024-08-18T07:54:02.216+0000] {processor.py:208} INFO - Processing /opt/airflow/dags/consumer.py took 0.490 seconds
[2024-08-18T07:54:33.118+0000] {processor.py:186} INFO - Started process (PID=735) to work on /opt/airflow/dags/consumer.py
[2024-08-18T07:54:33.120+0000] {processor.py:914} INFO - Processing file /opt/airflow/dags/consumer.py for tasks to queue
[2024-08-18T07:54:33.122+0000] {logging_mixin.py:190} INFO - [2024-08-18T07:54:33.122+0000] {dagbag.py:587} INFO - Filling up the DagBag from /opt/airflow/dags/consumer.py
[2024-08-18T07:54:33.198+0000] {processor.py:925} INFO - DAG(s) 'data_consumer_dag' retrieved from /opt/airflow/dags/consumer.py
[2024-08-18T07:54:33.254+0000] {logging_mixin.py:190} INFO - [2024-08-18T07:54:33.253+0000] {dag.py:3211} INFO - Sync 1 DAGs
[2024-08-18T07:54:33.294+0000] {logging_mixin.py:190} INFO - [2024-08-18T07:54:33.294+0000] {dag.py:4138} INFO - Setting next_dagrun for data_consumer_dag to None, run_after=None
[2024-08-18T07:54:33.433+0000] {processor.py:208} INFO - Processing /opt/airflow/dags/consumer.py took 0.320 seconds
[2024-08-18T07:55:04.392+0000] {processor.py:186} INFO - Started process (PID=750) to work on /opt/airflow/dags/consumer.py
[2024-08-18T07:55:04.393+0000] {processor.py:914} INFO - Processing file /opt/airflow/dags/consumer.py for tasks to queue
[2024-08-18T07:55:04.395+0000] {logging_mixin.py:190} INFO - [2024-08-18T07:55:04.395+0000] {dagbag.py:587} INFO - Filling up the DagBag from /opt/airflow/dags/consumer.py
[2024-08-18T07:55:04.482+0000] {processor.py:925} INFO - DAG(s) 'data_consumer_dag' retrieved from /opt/airflow/dags/consumer.py
[2024-08-18T07:55:04.533+0000] {logging_mixin.py:190} INFO - [2024-08-18T07:55:04.532+0000] {dag.py:3211} INFO - Sync 1 DAGs
[2024-08-18T07:55:04.576+0000] {logging_mixin.py:190} INFO - [2024-08-18T07:55:04.576+0000] {dag.py:4138} INFO - Setting next_dagrun for data_consumer_dag to None, run_after=None
[2024-08-18T07:55:04.756+0000] {processor.py:208} INFO - Processing /opt/airflow/dags/consumer.py took 0.369 seconds
[2024-08-18T07:55:36.240+0000] {processor.py:186} INFO - Started process (PID=765) to work on /opt/airflow/dags/consumer.py
[2024-08-18T07:55:36.241+0000] {processor.py:914} INFO - Processing file /opt/airflow/dags/consumer.py for tasks to queue
[2024-08-18T07:55:36.243+0000] {logging_mixin.py:190} INFO - [2024-08-18T07:55:36.243+0000] {dagbag.py:587} INFO - Filling up the DagBag from /opt/airflow/dags/consumer.py
[2024-08-18T07:55:36.316+0000] {processor.py:925} INFO - DAG(s) 'data_consumer_dag' retrieved from /opt/airflow/dags/consumer.py
[2024-08-18T07:55:36.361+0000] {logging_mixin.py:190} INFO - [2024-08-18T07:55:36.360+0000] {dag.py:3211} INFO - Sync 1 DAGs
[2024-08-18T07:55:36.406+0000] {logging_mixin.py:190} INFO - [2024-08-18T07:55:36.405+0000] {dag.py:4138} INFO - Setting next_dagrun for data_consumer_dag to None, run_after=None
[2024-08-18T07:55:36.528+0000] {processor.py:208} INFO - Processing /opt/airflow/dags/consumer.py took 0.296 seconds
[2024-08-18T07:56:07.398+0000] {processor.py:186} INFO - Started process (PID=780) to work on /opt/airflow/dags/consumer.py
[2024-08-18T07:56:07.400+0000] {processor.py:914} INFO - Processing file /opt/airflow/dags/consumer.py for tasks to queue
[2024-08-18T07:56:07.403+0000] {logging_mixin.py:190} INFO - [2024-08-18T07:56:07.402+0000] {dagbag.py:587} INFO - Filling up the DagBag from /opt/airflow/dags/consumer.py
[2024-08-18T07:56:07.483+0000] {processor.py:925} INFO - DAG(s) 'data_consumer_dag' retrieved from /opt/airflow/dags/consumer.py
[2024-08-18T07:56:07.534+0000] {logging_mixin.py:190} INFO - [2024-08-18T07:56:07.533+0000] {dag.py:3211} INFO - Sync 1 DAGs
[2024-08-18T07:56:07.574+0000] {logging_mixin.py:190} INFO - [2024-08-18T07:56:07.573+0000] {dag.py:4138} INFO - Setting next_dagrun for data_consumer_dag to None, run_after=None
[2024-08-18T07:56:07.714+0000] {processor.py:208} INFO - Processing /opt/airflow/dags/consumer.py took 0.326 seconds
[2024-08-18T07:56:39.491+0000] {processor.py:186} INFO - Started process (PID=795) to work on /opt/airflow/dags/consumer.py
[2024-08-18T07:56:39.492+0000] {processor.py:914} INFO - Processing file /opt/airflow/dags/consumer.py for tasks to queue
[2024-08-18T07:56:39.494+0000] {logging_mixin.py:190} INFO - [2024-08-18T07:56:39.494+0000] {dagbag.py:587} INFO - Filling up the DagBag from /opt/airflow/dags/consumer.py
[2024-08-18T07:56:39.545+0000] {processor.py:925} INFO - DAG(s) 'data_consumer_dag' retrieved from /opt/airflow/dags/consumer.py
[2024-08-18T07:56:39.601+0000] {logging_mixin.py:190} INFO - [2024-08-18T07:56:39.600+0000] {dag.py:3211} INFO - Sync 1 DAGs
[2024-08-18T07:56:39.649+0000] {logging_mixin.py:190} INFO - [2024-08-18T07:56:39.649+0000] {dag.py:4138} INFO - Setting next_dagrun for data_consumer_dag to None, run_after=None
[2024-08-18T07:56:39.776+0000] {processor.py:208} INFO - Processing /opt/airflow/dags/consumer.py took 0.292 seconds
[2024-08-18T07:57:10.653+0000] {processor.py:186} INFO - Started process (PID=811) to work on /opt/airflow/dags/consumer.py
[2024-08-18T07:57:10.654+0000] {processor.py:914} INFO - Processing file /opt/airflow/dags/consumer.py for tasks to queue
[2024-08-18T07:57:10.656+0000] {logging_mixin.py:190} INFO - [2024-08-18T07:57:10.656+0000] {dagbag.py:587} INFO - Filling up the DagBag from /opt/airflow/dags/consumer.py
[2024-08-18T07:57:10.734+0000] {processor.py:925} INFO - DAG(s) 'data_consumer_dag' retrieved from /opt/airflow/dags/consumer.py
[2024-08-18T07:57:10.786+0000] {logging_mixin.py:190} INFO - [2024-08-18T07:57:10.786+0000] {dag.py:3211} INFO - Sync 1 DAGs
[2024-08-18T07:57:10.828+0000] {logging_mixin.py:190} INFO - [2024-08-18T07:57:10.828+0000] {dag.py:4138} INFO - Setting next_dagrun for data_consumer_dag to None, run_after=None
[2024-08-18T07:57:10.953+0000] {processor.py:208} INFO - Processing /opt/airflow/dags/consumer.py took 0.306 seconds
[2024-08-18T07:57:41.933+0000] {processor.py:186} INFO - Started process (PID=827) to work on /opt/airflow/dags/consumer.py
[2024-08-18T07:57:41.935+0000] {processor.py:914} INFO - Processing file /opt/airflow/dags/consumer.py for tasks to queue
[2024-08-18T07:57:41.937+0000] {logging_mixin.py:190} INFO - [2024-08-18T07:57:41.936+0000] {dagbag.py:587} INFO - Filling up the DagBag from /opt/airflow/dags/consumer.py
[2024-08-18T07:57:42.026+0000] {processor.py:925} INFO - DAG(s) 'data_consumer_dag' retrieved from /opt/airflow/dags/consumer.py
[2024-08-18T07:57:42.078+0000] {logging_mixin.py:190} INFO - [2024-08-18T07:57:42.077+0000] {dag.py:3211} INFO - Sync 1 DAGs
[2024-08-18T07:57:42.129+0000] {logging_mixin.py:190} INFO - [2024-08-18T07:57:42.128+0000] {dag.py:4138} INFO - Setting next_dagrun for data_consumer_dag to None, run_after=None
[2024-08-18T07:57:42.286+0000] {processor.py:208} INFO - Processing /opt/airflow/dags/consumer.py took 0.361 seconds
[2024-08-18T07:58:13.272+0000] {processor.py:186} INFO - Started process (PID=843) to work on /opt/airflow/dags/consumer.py
[2024-08-18T07:58:13.274+0000] {processor.py:914} INFO - Processing file /opt/airflow/dags/consumer.py for tasks to queue
[2024-08-18T07:58:13.277+0000] {logging_mixin.py:190} INFO - [2024-08-18T07:58:13.277+0000] {dagbag.py:587} INFO - Filling up the DagBag from /opt/airflow/dags/consumer.py
[2024-08-18T07:58:13.357+0000] {processor.py:925} INFO - DAG(s) 'data_consumer_dag' retrieved from /opt/airflow/dags/consumer.py
[2024-08-18T07:58:13.409+0000] {logging_mixin.py:190} INFO - [2024-08-18T07:58:13.409+0000] {dag.py:3211} INFO - Sync 1 DAGs
[2024-08-18T07:58:13.447+0000] {logging_mixin.py:190} INFO - [2024-08-18T07:58:13.446+0000] {dag.py:4138} INFO - Setting next_dagrun for data_consumer_dag to None, run_after=None
[2024-08-18T07:58:13.572+0000] {processor.py:208} INFO - Processing /opt/airflow/dags/consumer.py took 0.309 seconds
[2024-08-18T07:58:45.443+0000] {processor.py:186} INFO - Started process (PID=859) to work on /opt/airflow/dags/consumer.py
[2024-08-18T07:58:45.447+0000] {processor.py:914} INFO - Processing file /opt/airflow/dags/consumer.py for tasks to queue
[2024-08-18T07:58:45.450+0000] {logging_mixin.py:190} INFO - [2024-08-18T07:58:45.450+0000] {dagbag.py:587} INFO - Filling up the DagBag from /opt/airflow/dags/consumer.py
[2024-08-18T07:58:45.576+0000] {processor.py:925} INFO - DAG(s) 'data_consumer_dag' retrieved from /opt/airflow/dags/consumer.py
[2024-08-18T07:58:45.697+0000] {logging_mixin.py:190} INFO - [2024-08-18T07:58:45.696+0000] {dag.py:3211} INFO - Sync 1 DAGs
[2024-08-18T07:58:45.769+0000] {logging_mixin.py:190} INFO - [2024-08-18T07:58:45.769+0000] {dag.py:4138} INFO - Setting next_dagrun for data_consumer_dag to None, run_after=None
[2024-08-18T07:58:46.436+0000] {processor.py:208} INFO - Processing /opt/airflow/dags/consumer.py took 1.010 seconds
[2024-08-18T07:59:17.043+0000] {processor.py:186} INFO - Started process (PID=875) to work on /opt/airflow/dags/consumer.py
[2024-08-18T07:59:17.045+0000] {processor.py:914} INFO - Processing file /opt/airflow/dags/consumer.py for tasks to queue
[2024-08-18T07:59:17.047+0000] {logging_mixin.py:190} INFO - [2024-08-18T07:59:17.046+0000] {dagbag.py:587} INFO - Filling up the DagBag from /opt/airflow/dags/consumer.py
[2024-08-18T07:59:17.102+0000] {processor.py:925} INFO - DAG(s) 'data_consumer_dag' retrieved from /opt/airflow/dags/consumer.py
[2024-08-18T07:59:17.173+0000] {logging_mixin.py:190} INFO - [2024-08-18T07:59:17.172+0000] {dag.py:3211} INFO - Sync 1 DAGs
[2024-08-18T07:59:17.232+0000] {logging_mixin.py:190} INFO - [2024-08-18T07:59:17.231+0000] {dag.py:4138} INFO - Setting next_dagrun for data_consumer_dag to None, run_after=None
[2024-08-18T07:59:17.597+0000] {processor.py:208} INFO - Processing /opt/airflow/dags/consumer.py took 0.562 seconds
[2024-08-18T07:59:48.659+0000] {processor.py:186} INFO - Started process (PID=891) to work on /opt/airflow/dags/consumer.py
[2024-08-18T07:59:48.661+0000] {processor.py:914} INFO - Processing file /opt/airflow/dags/consumer.py for tasks to queue
[2024-08-18T07:59:48.663+0000] {logging_mixin.py:190} INFO - [2024-08-18T07:59:48.663+0000] {dagbag.py:587} INFO - Filling up the DagBag from /opt/airflow/dags/consumer.py
[2024-08-18T07:59:48.720+0000] {processor.py:925} INFO - DAG(s) 'data_consumer_dag' retrieved from /opt/airflow/dags/consumer.py
[2024-08-18T07:59:48.764+0000] {logging_mixin.py:190} INFO - [2024-08-18T07:59:48.763+0000] {dag.py:3211} INFO - Sync 1 DAGs
[2024-08-18T07:59:49.005+0000] {logging_mixin.py:190} INFO - [2024-08-18T07:59:49.005+0000] {dag.py:4138} INFO - Setting next_dagrun for data_consumer_dag to None, run_after=None
[2024-08-18T07:59:49.143+0000] {processor.py:208} INFO - Processing /opt/airflow/dags/consumer.py took 0.489 seconds
[2024-08-18T08:00:19.638+0000] {processor.py:186} INFO - Started process (PID=907) to work on /opt/airflow/dags/consumer.py
[2024-08-18T08:00:19.640+0000] {processor.py:914} INFO - Processing file /opt/airflow/dags/consumer.py for tasks to queue
[2024-08-18T08:00:19.642+0000] {logging_mixin.py:190} INFO - [2024-08-18T08:00:19.641+0000] {dagbag.py:587} INFO - Filling up the DagBag from /opt/airflow/dags/consumer.py
[2024-08-18T08:00:19.725+0000] {processor.py:925} INFO - DAG(s) 'data_consumer_dag' retrieved from /opt/airflow/dags/consumer.py
[2024-08-18T08:00:19.776+0000] {logging_mixin.py:190} INFO - [2024-08-18T08:00:19.776+0000] {dag.py:3211} INFO - Sync 1 DAGs
[2024-08-18T08:00:20.051+0000] {logging_mixin.py:190} INFO - [2024-08-18T08:00:20.051+0000] {dag.py:4138} INFO - Setting next_dagrun for data_consumer_dag to None, run_after=None
[2024-08-18T08:00:20.133+0000] {processor.py:208} INFO - Processing /opt/airflow/dags/consumer.py took 0.502 seconds
[2024-08-18T08:00:50.738+0000] {processor.py:186} INFO - Started process (PID=923) to work on /opt/airflow/dags/consumer.py
[2024-08-18T08:00:50.740+0000] {processor.py:914} INFO - Processing file /opt/airflow/dags/consumer.py for tasks to queue
[2024-08-18T08:00:50.742+0000] {logging_mixin.py:190} INFO - [2024-08-18T08:00:50.742+0000] {dagbag.py:587} INFO - Filling up the DagBag from /opt/airflow/dags/consumer.py
[2024-08-18T08:00:50.827+0000] {processor.py:925} INFO - DAG(s) 'data_consumer_dag' retrieved from /opt/airflow/dags/consumer.py
[2024-08-18T08:00:50.878+0000] {logging_mixin.py:190} INFO - [2024-08-18T08:00:50.877+0000] {dag.py:3211} INFO - Sync 1 DAGs
[2024-08-18T08:00:50.919+0000] {logging_mixin.py:190} INFO - [2024-08-18T08:00:50.919+0000] {dag.py:4138} INFO - Setting next_dagrun for data_consumer_dag to None, run_after=None
[2024-08-18T08:00:51.069+0000] {processor.py:208} INFO - Processing /opt/airflow/dags/consumer.py took 0.336 seconds
[2024-08-18T08:01:21.666+0000] {processor.py:186} INFO - Started process (PID=939) to work on /opt/airflow/dags/consumer.py
[2024-08-18T08:01:21.667+0000] {processor.py:914} INFO - Processing file /opt/airflow/dags/consumer.py for tasks to queue
[2024-08-18T08:01:21.669+0000] {logging_mixin.py:190} INFO - [2024-08-18T08:01:21.668+0000] {dagbag.py:587} INFO - Filling up the DagBag from /opt/airflow/dags/consumer.py
[2024-08-18T08:01:21.740+0000] {processor.py:925} INFO - DAG(s) 'data_consumer_dag' retrieved from /opt/airflow/dags/consumer.py
[2024-08-18T08:01:21.784+0000] {logging_mixin.py:190} INFO - [2024-08-18T08:01:21.783+0000] {dag.py:3211} INFO - Sync 1 DAGs
[2024-08-18T08:01:21.825+0000] {logging_mixin.py:190} INFO - [2024-08-18T08:01:21.825+0000] {dag.py:4138} INFO - Setting next_dagrun for data_consumer_dag to None, run_after=None
[2024-08-18T08:01:21.963+0000] {processor.py:208} INFO - Processing /opt/airflow/dags/consumer.py took 0.303 seconds
[2024-08-18T08:01:56.595+0000] {processor.py:186} INFO - Started process (PID=957) to work on /opt/airflow/dags/consumer.py
[2024-08-18T08:01:56.596+0000] {processor.py:914} INFO - Processing file /opt/airflow/dags/consumer.py for tasks to queue
[2024-08-18T08:01:56.598+0000] {logging_mixin.py:190} INFO - [2024-08-18T08:01:56.598+0000] {dagbag.py:587} INFO - Filling up the DagBag from /opt/airflow/dags/consumer.py
[2024-08-18T08:01:56.673+0000] {processor.py:925} INFO - DAG(s) 'data_consumer_dag' retrieved from /opt/airflow/dags/consumer.py
[2024-08-18T08:01:56.718+0000] {logging_mixin.py:190} INFO - [2024-08-18T08:01:56.718+0000] {dag.py:3211} INFO - Sync 1 DAGs
[2024-08-18T08:01:56.759+0000] {logging_mixin.py:190} INFO - [2024-08-18T08:01:56.759+0000] {dag.py:4138} INFO - Setting next_dagrun for data_consumer_dag to None, run_after=None
[2024-08-18T08:01:56.889+0000] {processor.py:208} INFO - Processing /opt/airflow/dags/consumer.py took 0.302 seconds
[2024-08-18T08:02:27.402+0000] {processor.py:186} INFO - Started process (PID=975) to work on /opt/airflow/dags/consumer.py
[2024-08-18T08:02:27.404+0000] {processor.py:914} INFO - Processing file /opt/airflow/dags/consumer.py for tasks to queue
[2024-08-18T08:02:27.406+0000] {logging_mixin.py:190} INFO - [2024-08-18T08:02:27.406+0000] {dagbag.py:587} INFO - Filling up the DagBag from /opt/airflow/dags/consumer.py
[2024-08-18T08:02:27.476+0000] {processor.py:925} INFO - DAG(s) 'data_consumer_dag' retrieved from /opt/airflow/dags/consumer.py
[2024-08-18T08:02:27.537+0000] {logging_mixin.py:190} INFO - [2024-08-18T08:02:27.537+0000] {dag.py:3211} INFO - Sync 1 DAGs
[2024-08-18T08:02:27.586+0000] {logging_mixin.py:190} INFO - [2024-08-18T08:02:27.585+0000] {dag.py:4138} INFO - Setting next_dagrun for data_consumer_dag to None, run_after=None
[2024-08-18T08:02:27.718+0000] {processor.py:208} INFO - Processing /opt/airflow/dags/consumer.py took 0.322 seconds
[2024-08-18T08:02:58.976+0000] {processor.py:186} INFO - Started process (PID=993) to work on /opt/airflow/dags/consumer.py
[2024-08-18T08:02:58.978+0000] {processor.py:914} INFO - Processing file /opt/airflow/dags/consumer.py for tasks to queue
[2024-08-18T08:02:58.979+0000] {logging_mixin.py:190} INFO - [2024-08-18T08:02:58.979+0000] {dagbag.py:587} INFO - Filling up the DagBag from /opt/airflow/dags/consumer.py
[2024-08-18T08:02:59.029+0000] {processor.py:925} INFO - DAG(s) 'data_consumer_dag' retrieved from /opt/airflow/dags/consumer.py
[2024-08-18T08:02:59.077+0000] {logging_mixin.py:190} INFO - [2024-08-18T08:02:59.076+0000] {dag.py:3211} INFO - Sync 1 DAGs
[2024-08-18T08:02:59.121+0000] {logging_mixin.py:190} INFO - [2024-08-18T08:02:59.121+0000] {dag.py:4138} INFO - Setting next_dagrun for data_consumer_dag to None, run_after=None
[2024-08-18T08:02:59.237+0000] {processor.py:208} INFO - Processing /opt/airflow/dags/consumer.py took 0.266 seconds
[2024-08-18T08:03:30.566+0000] {processor.py:186} INFO - Started process (PID=1011) to work on /opt/airflow/dags/consumer.py
[2024-08-18T08:03:30.567+0000] {processor.py:914} INFO - Processing file /opt/airflow/dags/consumer.py for tasks to queue
[2024-08-18T08:03:30.568+0000] {logging_mixin.py:190} INFO - [2024-08-18T08:03:30.568+0000] {dagbag.py:587} INFO - Filling up the DagBag from /opt/airflow/dags/consumer.py
[2024-08-18T08:03:30.616+0000] {processor.py:925} INFO - DAG(s) 'data_consumer_dag' retrieved from /opt/airflow/dags/consumer.py
[2024-08-18T08:03:30.665+0000] {logging_mixin.py:190} INFO - [2024-08-18T08:03:30.665+0000] {dag.py:3211} INFO - Sync 1 DAGs
[2024-08-18T08:03:30.707+0000] {logging_mixin.py:190} INFO - [2024-08-18T08:03:30.706+0000] {dag.py:4138} INFO - Setting next_dagrun for data_consumer_dag to None, run_after=None
[2024-08-18T08:03:30.777+0000] {processor.py:208} INFO - Processing /opt/airflow/dags/consumer.py took 0.217 seconds
[2024-08-18T08:04:01.209+0000] {processor.py:186} INFO - Started process (PID=1029) to work on /opt/airflow/dags/consumer.py
[2024-08-18T08:04:01.211+0000] {processor.py:914} INFO - Processing file /opt/airflow/dags/consumer.py for tasks to queue
[2024-08-18T08:04:01.215+0000] {logging_mixin.py:190} INFO - [2024-08-18T08:04:01.214+0000] {dagbag.py:587} INFO - Filling up the DagBag from /opt/airflow/dags/consumer.py
[2024-08-18T08:04:01.289+0000] {processor.py:925} INFO - DAG(s) 'data_consumer_dag' retrieved from /opt/airflow/dags/consumer.py
[2024-08-18T08:04:01.358+0000] {logging_mixin.py:190} INFO - [2024-08-18T08:04:01.357+0000] {dag.py:3211} INFO - Sync 1 DAGs
[2024-08-18T08:04:01.427+0000] {logging_mixin.py:190} INFO - [2024-08-18T08:04:01.427+0000] {dag.py:4138} INFO - Setting next_dagrun for data_consumer_dag to None, run_after=None
[2024-08-18T08:04:01.589+0000] {processor.py:208} INFO - Processing /opt/airflow/dags/consumer.py took 0.391 seconds
[2024-08-18T08:04:32.270+0000] {processor.py:186} INFO - Started process (PID=1047) to work on /opt/airflow/dags/consumer.py
[2024-08-18T08:04:32.272+0000] {processor.py:914} INFO - Processing file /opt/airflow/dags/consumer.py for tasks to queue
[2024-08-18T08:04:32.274+0000] {logging_mixin.py:190} INFO - [2024-08-18T08:04:32.273+0000] {dagbag.py:587} INFO - Filling up the DagBag from /opt/airflow/dags/consumer.py
[2024-08-18T08:04:32.313+0000] {processor.py:925} INFO - DAG(s) 'data_consumer_dag' retrieved from /opt/airflow/dags/consumer.py
[2024-08-18T08:04:32.352+0000] {logging_mixin.py:190} INFO - [2024-08-18T08:04:32.351+0000] {dag.py:3211} INFO - Sync 1 DAGs
[2024-08-18T08:04:32.394+0000] {logging_mixin.py:190} INFO - [2024-08-18T08:04:32.393+0000] {dag.py:4138} INFO - Setting next_dagrun for data_consumer_dag to None, run_after=None
[2024-08-18T08:04:32.515+0000] {processor.py:208} INFO - Processing /opt/airflow/dags/consumer.py took 0.251 seconds
[2024-08-18T08:05:04.167+0000] {processor.py:186} INFO - Started process (PID=1065) to work on /opt/airflow/dags/consumer.py
[2024-08-18T08:05:04.169+0000] {processor.py:914} INFO - Processing file /opt/airflow/dags/consumer.py for tasks to queue
[2024-08-18T08:05:04.172+0000] {logging_mixin.py:190} INFO - [2024-08-18T08:05:04.171+0000] {dagbag.py:587} INFO - Filling up the DagBag from /opt/airflow/dags/consumer.py
[2024-08-18T08:05:04.239+0000] {processor.py:925} INFO - DAG(s) 'data_consumer_dag' retrieved from /opt/airflow/dags/consumer.py
[2024-08-18T08:05:04.313+0000] {logging_mixin.py:190} INFO - [2024-08-18T08:05:04.311+0000] {dag.py:3211} INFO - Sync 1 DAGs
[2024-08-18T08:05:04.367+0000] {logging_mixin.py:190} INFO - [2024-08-18T08:05:04.367+0000] {dag.py:4138} INFO - Setting next_dagrun for data_consumer_dag to None, run_after=None
[2024-08-18T08:05:04.695+0000] {processor.py:208} INFO - Processing /opt/airflow/dags/consumer.py took 0.538 seconds
[2024-08-18T08:05:35.523+0000] {processor.py:186} INFO - Started process (PID=1083) to work on /opt/airflow/dags/consumer.py
[2024-08-18T08:05:35.526+0000] {processor.py:914} INFO - Processing file /opt/airflow/dags/consumer.py for tasks to queue
[2024-08-18T08:05:35.528+0000] {logging_mixin.py:190} INFO - [2024-08-18T08:05:35.528+0000] {dagbag.py:587} INFO - Filling up the DagBag from /opt/airflow/dags/consumer.py
[2024-08-18T08:05:35.619+0000] {processor.py:925} INFO - DAG(s) 'data_consumer_dag' retrieved from /opt/airflow/dags/consumer.py
[2024-08-18T08:05:35.671+0000] {logging_mixin.py:190} INFO - [2024-08-18T08:05:35.670+0000] {dag.py:3211} INFO - Sync 1 DAGs
[2024-08-18T08:05:35.714+0000] {logging_mixin.py:190} INFO - [2024-08-18T08:05:35.714+0000] {dag.py:4138} INFO - Setting next_dagrun for data_consumer_dag to None, run_after=None
[2024-08-18T08:05:36.023+0000] {processor.py:208} INFO - Processing /opt/airflow/dags/consumer.py took 0.504 seconds
[2024-08-18T08:06:07.484+0000] {processor.py:186} INFO - Started process (PID=1101) to work on /opt/airflow/dags/consumer.py
[2024-08-18T08:06:07.486+0000] {processor.py:914} INFO - Processing file /opt/airflow/dags/consumer.py for tasks to queue
[2024-08-18T08:06:07.488+0000] {logging_mixin.py:190} INFO - [2024-08-18T08:06:07.488+0000] {dagbag.py:587} INFO - Filling up the DagBag from /opt/airflow/dags/consumer.py
[2024-08-18T08:06:07.582+0000] {processor.py:925} INFO - DAG(s) 'data_consumer_dag' retrieved from /opt/airflow/dags/consumer.py
[2024-08-18T08:06:07.648+0000] {logging_mixin.py:190} INFO - [2024-08-18T08:06:07.648+0000] {dag.py:3211} INFO - Sync 1 DAGs
[2024-08-18T08:06:07.840+0000] {logging_mixin.py:190} INFO - [2024-08-18T08:06:07.840+0000] {dag.py:4138} INFO - Setting next_dagrun for data_consumer_dag to None, run_after=None
[2024-08-18T08:06:07.977+0000] {processor.py:208} INFO - Processing /opt/airflow/dags/consumer.py took 0.498 seconds
[2024-08-18T08:06:41.345+0000] {processor.py:186} INFO - Started process (PID=1120) to work on /opt/airflow/dags/consumer.py
[2024-08-18T08:06:41.347+0000] {processor.py:914} INFO - Processing file /opt/airflow/dags/consumer.py for tasks to queue
[2024-08-18T08:06:41.350+0000] {logging_mixin.py:190} INFO - [2024-08-18T08:06:41.349+0000] {dagbag.py:587} INFO - Filling up the DagBag from /opt/airflow/dags/consumer.py
[2024-08-18T08:06:41.417+0000] {processor.py:925} INFO - DAG(s) 'data_consumer_dag' retrieved from /opt/airflow/dags/consumer.py
[2024-08-18T08:06:41.484+0000] {logging_mixin.py:190} INFO - [2024-08-18T08:06:41.483+0000] {dag.py:3211} INFO - Sync 1 DAGs
[2024-08-18T08:06:41.823+0000] {logging_mixin.py:190} INFO - [2024-08-18T08:06:41.823+0000] {dag.py:4138} INFO - Setting next_dagrun for data_consumer_dag to None, run_after=None
[2024-08-18T08:06:41.946+0000] {processor.py:208} INFO - Processing /opt/airflow/dags/consumer.py took 0.609 seconds
[2024-08-18T08:07:13.761+0000] {processor.py:186} INFO - Started process (PID=1138) to work on /opt/airflow/dags/consumer.py
[2024-08-18T08:07:13.763+0000] {processor.py:914} INFO - Processing file /opt/airflow/dags/consumer.py for tasks to queue
[2024-08-18T08:07:13.765+0000] {logging_mixin.py:190} INFO - [2024-08-18T08:07:13.765+0000] {dagbag.py:587} INFO - Filling up the DagBag from /opt/airflow/dags/consumer.py
[2024-08-18T08:07:13.836+0000] {processor.py:925} INFO - DAG(s) 'data_consumer_dag' retrieved from /opt/airflow/dags/consumer.py
[2024-08-18T08:07:13.893+0000] {logging_mixin.py:190} INFO - [2024-08-18T08:07:13.892+0000] {dag.py:3211} INFO - Sync 1 DAGs
[2024-08-18T08:07:13.948+0000] {logging_mixin.py:190} INFO - [2024-08-18T08:07:13.948+0000] {dag.py:4138} INFO - Setting next_dagrun for data_consumer_dag to None, run_after=None
[2024-08-18T08:07:14.094+0000] {processor.py:208} INFO - Processing /opt/airflow/dags/consumer.py took 0.343 seconds
[2024-08-18T08:07:46.319+0000] {processor.py:186} INFO - Started process (PID=1156) to work on /opt/airflow/dags/consumer.py
[2024-08-18T08:07:46.322+0000] {processor.py:914} INFO - Processing file /opt/airflow/dags/consumer.py for tasks to queue
[2024-08-18T08:07:46.336+0000] {logging_mixin.py:190} INFO - [2024-08-18T08:07:46.335+0000] {dagbag.py:587} INFO - Filling up the DagBag from /opt/airflow/dags/consumer.py
[2024-08-18T08:07:46.460+0000] {processor.py:925} INFO - DAG(s) 'data_consumer_dag' retrieved from /opt/airflow/dags/consumer.py
[2024-08-18T08:07:46.566+0000] {logging_mixin.py:190} INFO - [2024-08-18T08:07:46.565+0000] {dag.py:3211} INFO - Sync 1 DAGs
[2024-08-18T08:07:46.688+0000] {logging_mixin.py:190} INFO - [2024-08-18T08:07:46.688+0000] {dag.py:4138} INFO - Setting next_dagrun for data_consumer_dag to None, run_after=None
[2024-08-18T08:07:46.905+0000] {processor.py:208} INFO - Processing /opt/airflow/dags/consumer.py took 0.620 seconds
[2024-08-18T08:08:18.378+0000] {processor.py:186} INFO - Started process (PID=1174) to work on /opt/airflow/dags/consumer.py
[2024-08-18T08:08:18.382+0000] {processor.py:914} INFO - Processing file /opt/airflow/dags/consumer.py for tasks to queue
[2024-08-18T08:08:18.385+0000] {logging_mixin.py:190} INFO - [2024-08-18T08:08:18.385+0000] {dagbag.py:587} INFO - Filling up the DagBag from /opt/airflow/dags/consumer.py
[2024-08-18T08:08:18.475+0000] {processor.py:925} INFO - DAG(s) 'data_consumer_dag' retrieved from /opt/airflow/dags/consumer.py
[2024-08-18T08:08:18.539+0000] {logging_mixin.py:190} INFO - [2024-08-18T08:08:18.538+0000] {dag.py:3211} INFO - Sync 1 DAGs
[2024-08-18T08:08:18.601+0000] {logging_mixin.py:190} INFO - [2024-08-18T08:08:18.601+0000] {dag.py:4138} INFO - Setting next_dagrun for data_consumer_dag to None, run_after=None
[2024-08-18T08:08:18.740+0000] {processor.py:208} INFO - Processing /opt/airflow/dags/consumer.py took 0.382 seconds
[2024-08-18T08:08:49.984+0000] {processor.py:186} INFO - Started process (PID=1192) to work on /opt/airflow/dags/consumer.py
[2024-08-18T08:08:49.986+0000] {processor.py:914} INFO - Processing file /opt/airflow/dags/consumer.py for tasks to queue
[2024-08-18T08:08:49.988+0000] {logging_mixin.py:190} INFO - [2024-08-18T08:08:49.987+0000] {dagbag.py:587} INFO - Filling up the DagBag from /opt/airflow/dags/consumer.py
[2024-08-18T08:08:50.070+0000] {processor.py:925} INFO - DAG(s) 'data_consumer_dag' retrieved from /opt/airflow/dags/consumer.py
[2024-08-18T08:08:50.129+0000] {logging_mixin.py:190} INFO - [2024-08-18T08:08:50.128+0000] {dag.py:3211} INFO - Sync 1 DAGs
[2024-08-18T08:08:50.180+0000] {logging_mixin.py:190} INFO - [2024-08-18T08:08:50.179+0000] {dag.py:4138} INFO - Setting next_dagrun for data_consumer_dag to None, run_after=None
[2024-08-18T08:08:50.339+0000] {processor.py:208} INFO - Processing /opt/airflow/dags/consumer.py took 0.363 seconds
[2024-08-18T08:09:22.317+0000] {processor.py:186} INFO - Started process (PID=1210) to work on /opt/airflow/dags/consumer.py
[2024-08-18T08:09:22.319+0000] {processor.py:914} INFO - Processing file /opt/airflow/dags/consumer.py for tasks to queue
[2024-08-18T08:09:22.321+0000] {logging_mixin.py:190} INFO - [2024-08-18T08:09:22.321+0000] {dagbag.py:587} INFO - Filling up the DagBag from /opt/airflow/dags/consumer.py
[2024-08-18T08:09:22.390+0000] {processor.py:925} INFO - DAG(s) 'data_consumer_dag' retrieved from /opt/airflow/dags/consumer.py
[2024-08-18T08:09:22.440+0000] {logging_mixin.py:190} INFO - [2024-08-18T08:09:22.440+0000] {dag.py:3211} INFO - Sync 1 DAGs
[2024-08-18T08:09:22.487+0000] {logging_mixin.py:190} INFO - [2024-08-18T08:09:22.487+0000] {dag.py:4138} INFO - Setting next_dagrun for data_consumer_dag to None, run_after=None
[2024-08-18T08:09:22.611+0000] {processor.py:208} INFO - Processing /opt/airflow/dags/consumer.py took 0.301 seconds
[2024-08-18T08:09:54.349+0000] {processor.py:186} INFO - Started process (PID=1228) to work on /opt/airflow/dags/consumer.py
[2024-08-18T08:09:54.351+0000] {processor.py:914} INFO - Processing file /opt/airflow/dags/consumer.py for tasks to queue
[2024-08-18T08:09:54.352+0000] {logging_mixin.py:190} INFO - [2024-08-18T08:09:54.352+0000] {dagbag.py:587} INFO - Filling up the DagBag from /opt/airflow/dags/consumer.py
[2024-08-18T08:09:54.427+0000] {processor.py:925} INFO - DAG(s) 'data_consumer_dag' retrieved from /opt/airflow/dags/consumer.py
[2024-08-18T08:09:54.474+0000] {logging_mixin.py:190} INFO - [2024-08-18T08:09:54.474+0000] {dag.py:3211} INFO - Sync 1 DAGs
[2024-08-18T08:09:54.516+0000] {logging_mixin.py:190} INFO - [2024-08-18T08:09:54.516+0000] {dag.py:4138} INFO - Setting next_dagrun for data_consumer_dag to None, run_after=None
[2024-08-18T08:09:54.645+0000] {processor.py:208} INFO - Processing /opt/airflow/dags/consumer.py took 0.302 seconds
[2024-08-18T08:10:24.942+0000] {processor.py:186} INFO - Started process (PID=1246) to work on /opt/airflow/dags/consumer.py
[2024-08-18T08:10:24.944+0000] {processor.py:914} INFO - Processing file /opt/airflow/dags/consumer.py for tasks to queue
[2024-08-18T08:10:24.945+0000] {logging_mixin.py:190} INFO - [2024-08-18T08:10:24.945+0000] {dagbag.py:587} INFO - Filling up the DagBag from /opt/airflow/dags/consumer.py
[2024-08-18T08:10:25.024+0000] {processor.py:925} INFO - DAG(s) 'data_consumer_dag' retrieved from /opt/airflow/dags/consumer.py
[2024-08-18T08:10:25.074+0000] {logging_mixin.py:190} INFO - [2024-08-18T08:10:25.073+0000] {dag.py:3211} INFO - Sync 1 DAGs
[2024-08-18T08:10:25.118+0000] {logging_mixin.py:190} INFO - [2024-08-18T08:10:25.117+0000] {dag.py:4138} INFO - Setting next_dagrun for data_consumer_dag to None, run_after=None
[2024-08-18T08:10:25.251+0000] {processor.py:208} INFO - Processing /opt/airflow/dags/consumer.py took 0.315 seconds
[2024-08-18T08:10:56.400+0000] {processor.py:186} INFO - Started process (PID=1264) to work on /opt/airflow/dags/consumer.py
[2024-08-18T08:10:56.401+0000] {processor.py:914} INFO - Processing file /opt/airflow/dags/consumer.py for tasks to queue
[2024-08-18T08:10:56.403+0000] {logging_mixin.py:190} INFO - [2024-08-18T08:10:56.403+0000] {dagbag.py:587} INFO - Filling up the DagBag from /opt/airflow/dags/consumer.py
[2024-08-18T08:10:56.474+0000] {processor.py:925} INFO - DAG(s) 'data_consumer_dag' retrieved from /opt/airflow/dags/consumer.py
[2024-08-18T08:10:56.519+0000] {logging_mixin.py:190} INFO - [2024-08-18T08:10:56.518+0000] {dag.py:3211} INFO - Sync 1 DAGs
[2024-08-18T08:10:56.566+0000] {logging_mixin.py:190} INFO - [2024-08-18T08:10:56.566+0000] {dag.py:4138} INFO - Setting next_dagrun for data_consumer_dag to None, run_after=None
[2024-08-18T08:10:56.698+0000] {processor.py:208} INFO - Processing /opt/airflow/dags/consumer.py took 0.306 seconds
[2024-08-18T08:11:28.089+0000] {processor.py:186} INFO - Started process (PID=1282) to work on /opt/airflow/dags/consumer.py
[2024-08-18T08:11:28.090+0000] {processor.py:914} INFO - Processing file /opt/airflow/dags/consumer.py for tasks to queue
[2024-08-18T08:11:28.093+0000] {logging_mixin.py:190} INFO - [2024-08-18T08:11:28.092+0000] {dagbag.py:587} INFO - Filling up the DagBag from /opt/airflow/dags/consumer.py
[2024-08-18T08:11:28.161+0000] {processor.py:925} INFO - DAG(s) 'data_consumer_dag' retrieved from /opt/airflow/dags/consumer.py
[2024-08-18T08:11:28.218+0000] {logging_mixin.py:190} INFO - [2024-08-18T08:11:28.218+0000] {dag.py:3211} INFO - Sync 1 DAGs
[2024-08-18T08:11:28.264+0000] {logging_mixin.py:190} INFO - [2024-08-18T08:11:28.264+0000] {dag.py:4138} INFO - Setting next_dagrun for data_consumer_dag to None, run_after=None
[2024-08-18T08:11:28.803+0000] {processor.py:208} INFO - Processing /opt/airflow/dags/consumer.py took 0.721 seconds
[2024-08-18T08:12:02.476+0000] {processor.py:186} INFO - Started process (PID=1301) to work on /opt/airflow/dags/consumer.py
[2024-08-18T08:12:02.478+0000] {processor.py:914} INFO - Processing file /opt/airflow/dags/consumer.py for tasks to queue
[2024-08-18T08:12:02.481+0000] {logging_mixin.py:190} INFO - [2024-08-18T08:12:02.481+0000] {dagbag.py:587} INFO - Filling up the DagBag from /opt/airflow/dags/consumer.py
[2024-08-18T08:12:02.577+0000] {processor.py:925} INFO - DAG(s) 'data_consumer_dag' retrieved from /opt/airflow/dags/consumer.py
[2024-08-18T08:12:02.647+0000] {logging_mixin.py:190} INFO - [2024-08-18T08:12:02.646+0000] {dag.py:3211} INFO - Sync 1 DAGs
[2024-08-18T08:12:02.705+0000] {logging_mixin.py:190} INFO - [2024-08-18T08:12:02.705+0000] {dag.py:4138} INFO - Setting next_dagrun for data_consumer_dag to None, run_after=None
[2024-08-18T08:12:03.102+0000] {processor.py:208} INFO - Processing /opt/airflow/dags/consumer.py took 0.636 seconds
[2024-08-18T08:12:34.032+0000] {processor.py:186} INFO - Started process (PID=1320) to work on /opt/airflow/dags/consumer.py
[2024-08-18T08:12:34.034+0000] {processor.py:914} INFO - Processing file /opt/airflow/dags/consumer.py for tasks to queue
[2024-08-18T08:12:34.036+0000] {logging_mixin.py:190} INFO - [2024-08-18T08:12:34.035+0000] {dagbag.py:587} INFO - Filling up the DagBag from /opt/airflow/dags/consumer.py
[2024-08-18T08:12:34.087+0000] {processor.py:925} INFO - DAG(s) 'data_consumer_dag' retrieved from /opt/airflow/dags/consumer.py
[2024-08-18T08:12:34.133+0000] {logging_mixin.py:190} INFO - [2024-08-18T08:12:34.132+0000] {dag.py:3211} INFO - Sync 1 DAGs
[2024-08-18T08:12:34.364+0000] {logging_mixin.py:190} INFO - [2024-08-18T08:12:34.364+0000] {dag.py:4138} INFO - Setting next_dagrun for data_consumer_dag to None, run_after=None
[2024-08-18T08:12:34.494+0000] {processor.py:208} INFO - Processing /opt/airflow/dags/consumer.py took 0.468 seconds
[2024-08-18T08:13:07.599+0000] {processor.py:186} INFO - Started process (PID=1338) to work on /opt/airflow/dags/consumer.py
[2024-08-18T08:13:07.601+0000] {processor.py:914} INFO - Processing file /opt/airflow/dags/consumer.py for tasks to queue
[2024-08-18T08:13:07.604+0000] {logging_mixin.py:190} INFO - [2024-08-18T08:13:07.603+0000] {dagbag.py:587} INFO - Filling up the DagBag from /opt/airflow/dags/consumer.py
[2024-08-18T08:13:07.699+0000] {processor.py:925} INFO - DAG(s) 'data_consumer_dag' retrieved from /opt/airflow/dags/consumer.py
[2024-08-18T08:13:07.763+0000] {logging_mixin.py:190} INFO - [2024-08-18T08:13:07.762+0000] {dag.py:3211} INFO - Sync 1 DAGs
[2024-08-18T08:13:08.077+0000] {logging_mixin.py:190} INFO - [2024-08-18T08:13:08.076+0000] {dag.py:4138} INFO - Setting next_dagrun for data_consumer_dag to None, run_after=None
[2024-08-18T08:13:08.234+0000] {processor.py:208} INFO - Processing /opt/airflow/dags/consumer.py took 0.647 seconds
[2024-08-18T08:13:46.248+0000] {processor.py:186} INFO - Started process (PID=1356) to work on /opt/airflow/dags/consumer.py
[2024-08-18T08:13:46.251+0000] {processor.py:914} INFO - Processing file /opt/airflow/dags/consumer.py for tasks to queue
[2024-08-18T08:13:46.254+0000] {logging_mixin.py:190} INFO - [2024-08-18T08:13:46.253+0000] {dagbag.py:587} INFO - Filling up the DagBag from /opt/airflow/dags/consumer.py
[2024-08-18T08:13:46.338+0000] {processor.py:925} INFO - DAG(s) 'data_consumer_dag' retrieved from /opt/airflow/dags/consumer.py
[2024-08-18T08:13:46.405+0000] {logging_mixin.py:190} INFO - [2024-08-18T08:13:46.404+0000] {dag.py:3211} INFO - Sync 1 DAGs
[2024-08-18T08:13:46.722+0000] {logging_mixin.py:190} INFO - [2024-08-18T08:13:46.721+0000] {dag.py:4138} INFO - Setting next_dagrun for data_consumer_dag to None, run_after=None
[2024-08-18T08:13:46.871+0000] {processor.py:208} INFO - Processing /opt/airflow/dags/consumer.py took 0.633 seconds
