[2024-08-18T07:26:44.333+0000] {processor.py:186} INFO - Started process (PID=181) to work on /opt/airflow/dags/fetchxrate_xcom.py
[2024-08-18T07:26:44.336+0000] {processor.py:914} INFO - Processing file /opt/airflow/dags/fetchxrate_xcom.py for tasks to queue
[2024-08-18T07:26:44.340+0000] {logging_mixin.py:190} INFO - [2024-08-18T07:26:44.340+0000] {dagbag.py:587} INFO - Filling up the DagBag from /opt/airflow/dags/fetchxrate_xcom.py
[2024-08-18T07:26:44.427+0000] {processor.py:925} INFO - DAG(s) 'xrate_to_s3' retrieved from /opt/airflow/dags/fetchxrate_xcom.py
[2024-08-18T07:26:44.729+0000] {logging_mixin.py:190} INFO - [2024-08-18T07:26:44.727+0000] {override.py:1858} INFO - Created Permission View: can read on DAG:xrate_to_s3
[2024-08-18T07:26:45.148+0000] {logging_mixin.py:190} INFO - [2024-08-18T07:26:45.147+0000] {override.py:1858} INFO - Created Permission View: can edit on DAG:xrate_to_s3
[2024-08-18T07:26:45.203+0000] {logging_mixin.py:190} INFO - [2024-08-18T07:26:45.202+0000] {override.py:1858} INFO - Created Permission View: can delete on DAG:xrate_to_s3
[2024-08-18T07:26:45.205+0000] {logging_mixin.py:190} INFO - [2024-08-18T07:26:45.204+0000] {dag.py:3211} INFO - Sync 1 DAGs
[2024-08-18T07:26:45.230+0000] {logging_mixin.py:190} INFO - [2024-08-18T07:26:45.230+0000] {dag.py:3234} INFO - Creating ORM DAG for xrate_to_s3
[2024-08-18T07:26:45.246+0000] {logging_mixin.py:190} INFO - [2024-08-18T07:26:45.246+0000] {dag.py:4138} INFO - Setting next_dagrun for xrate_to_s3 to 2024-08-17 23:00:00+00:00, run_after=2024-08-18 23:00:00+00:00
[2024-08-18T07:26:45.349+0000] {processor.py:208} INFO - Processing /opt/airflow/dags/fetchxrate_xcom.py took 1.025 seconds
[2024-08-18T07:27:15.558+0000] {processor.py:186} INFO - Started process (PID=189) to work on /opt/airflow/dags/fetchxrate_xcom.py
[2024-08-18T07:27:15.559+0000] {processor.py:914} INFO - Processing file /opt/airflow/dags/fetchxrate_xcom.py for tasks to queue
[2024-08-18T07:27:15.561+0000] {logging_mixin.py:190} INFO - [2024-08-18T07:27:15.561+0000] {dagbag.py:587} INFO - Filling up the DagBag from /opt/airflow/dags/fetchxrate_xcom.py
[2024-08-18T07:27:15.589+0000] {processor.py:925} INFO - DAG(s) 'xrate_to_s3' retrieved from /opt/airflow/dags/fetchxrate_xcom.py
[2024-08-18T07:27:15.620+0000] {logging_mixin.py:190} INFO - [2024-08-18T07:27:15.619+0000] {dag.py:3211} INFO - Sync 1 DAGs
[2024-08-18T07:27:15.654+0000] {logging_mixin.py:190} INFO - [2024-08-18T07:27:15.654+0000] {dag.py:4138} INFO - Setting next_dagrun for xrate_to_s3 to 2024-08-17 23:00:00+00:00, run_after=2024-08-18 23:00:00+00:00
[2024-08-18T07:27:15.721+0000] {processor.py:208} INFO - Processing /opt/airflow/dags/fetchxrate_xcom.py took 0.168 seconds
[2024-08-18T07:27:46.219+0000] {processor.py:186} INFO - Started process (PID=197) to work on /opt/airflow/dags/fetchxrate_xcom.py
[2024-08-18T07:27:46.220+0000] {processor.py:914} INFO - Processing file /opt/airflow/dags/fetchxrate_xcom.py for tasks to queue
[2024-08-18T07:27:46.222+0000] {logging_mixin.py:190} INFO - [2024-08-18T07:27:46.222+0000] {dagbag.py:587} INFO - Filling up the DagBag from /opt/airflow/dags/fetchxrate_xcom.py
[2024-08-18T07:27:46.264+0000] {processor.py:925} INFO - DAG(s) 'xrate_to_s3' retrieved from /opt/airflow/dags/fetchxrate_xcom.py
[2024-08-18T07:27:46.315+0000] {logging_mixin.py:190} INFO - [2024-08-18T07:27:46.314+0000] {dag.py:3211} INFO - Sync 1 DAGs
[2024-08-18T07:27:46.358+0000] {logging_mixin.py:190} INFO - [2024-08-18T07:27:46.357+0000] {dag.py:4138} INFO - Setting next_dagrun for xrate_to_s3 to 2024-08-17 23:00:00+00:00, run_after=2024-08-18 23:00:00+00:00
[2024-08-18T07:27:46.450+0000] {processor.py:208} INFO - Processing /opt/airflow/dags/fetchxrate_xcom.py took 0.239 seconds
[2024-08-18T07:28:17.404+0000] {processor.py:186} INFO - Started process (PID=205) to work on /opt/airflow/dags/fetchxrate_xcom.py
[2024-08-18T07:28:17.409+0000] {processor.py:914} INFO - Processing file /opt/airflow/dags/fetchxrate_xcom.py for tasks to queue
[2024-08-18T07:28:17.414+0000] {logging_mixin.py:190} INFO - [2024-08-18T07:28:17.414+0000] {dagbag.py:587} INFO - Filling up the DagBag from /opt/airflow/dags/fetchxrate_xcom.py
[2024-08-18T07:28:17.468+0000] {processor.py:925} INFO - DAG(s) 'xrate_to_s3' retrieved from /opt/airflow/dags/fetchxrate_xcom.py
[2024-08-18T07:28:17.543+0000] {logging_mixin.py:190} INFO - [2024-08-18T07:28:17.540+0000] {dag.py:3211} INFO - Sync 1 DAGs
[2024-08-18T07:28:17.604+0000] {logging_mixin.py:190} INFO - [2024-08-18T07:28:17.603+0000] {dag.py:4138} INFO - Setting next_dagrun for xrate_to_s3 to 2024-08-17 23:00:00+00:00, run_after=2024-08-18 23:00:00+00:00
[2024-08-18T07:28:18.096+0000] {processor.py:208} INFO - Processing /opt/airflow/dags/fetchxrate_xcom.py took 0.704 seconds
[2024-08-18T07:28:48.612+0000] {processor.py:186} INFO - Started process (PID=213) to work on /opt/airflow/dags/fetchxrate_xcom.py
[2024-08-18T07:28:48.614+0000] {processor.py:914} INFO - Processing file /opt/airflow/dags/fetchxrate_xcom.py for tasks to queue
[2024-08-18T07:28:48.616+0000] {logging_mixin.py:190} INFO - [2024-08-18T07:28:48.616+0000] {dagbag.py:587} INFO - Filling up the DagBag from /opt/airflow/dags/fetchxrate_xcom.py
[2024-08-18T07:28:48.657+0000] {processor.py:925} INFO - DAG(s) 'xrate_to_s3' retrieved from /opt/airflow/dags/fetchxrate_xcom.py
[2024-08-18T07:28:48.704+0000] {logging_mixin.py:190} INFO - [2024-08-18T07:28:48.703+0000] {dag.py:3211} INFO - Sync 1 DAGs
[2024-08-18T07:28:48.744+0000] {logging_mixin.py:190} INFO - [2024-08-18T07:28:48.744+0000] {dag.py:4138} INFO - Setting next_dagrun for xrate_to_s3 to 2024-08-17 23:00:00+00:00, run_after=2024-08-18 23:00:00+00:00
[2024-08-18T07:28:48.857+0000] {processor.py:208} INFO - Processing /opt/airflow/dags/fetchxrate_xcom.py took 0.252 seconds
[2024-08-18T07:29:20.150+0000] {processor.py:186} INFO - Started process (PID=221) to work on /opt/airflow/dags/fetchxrate_xcom.py
[2024-08-18T07:29:20.153+0000] {processor.py:914} INFO - Processing file /opt/airflow/dags/fetchxrate_xcom.py for tasks to queue
[2024-08-18T07:29:20.156+0000] {logging_mixin.py:190} INFO - [2024-08-18T07:29:20.155+0000] {dagbag.py:587} INFO - Filling up the DagBag from /opt/airflow/dags/fetchxrate_xcom.py
[2024-08-18T07:29:20.216+0000] {processor.py:925} INFO - DAG(s) 'xrate_to_s3' retrieved from /opt/airflow/dags/fetchxrate_xcom.py
[2024-08-18T07:29:20.279+0000] {logging_mixin.py:190} INFO - [2024-08-18T07:29:20.278+0000] {dag.py:3211} INFO - Sync 1 DAGs
[2024-08-18T07:29:20.338+0000] {logging_mixin.py:190} INFO - [2024-08-18T07:29:20.338+0000] {dag.py:4138} INFO - Setting next_dagrun for xrate_to_s3 to 2024-08-17 23:00:00+00:00, run_after=2024-08-18 23:00:00+00:00
[2024-08-18T07:29:20.477+0000] {processor.py:208} INFO - Processing /opt/airflow/dags/fetchxrate_xcom.py took 0.335 seconds
[2024-08-18T07:29:51.386+0000] {processor.py:186} INFO - Started process (PID=229) to work on /opt/airflow/dags/fetchxrate_xcom.py
[2024-08-18T07:29:51.388+0000] {processor.py:914} INFO - Processing file /opt/airflow/dags/fetchxrate_xcom.py for tasks to queue
[2024-08-18T07:29:51.389+0000] {logging_mixin.py:190} INFO - [2024-08-18T07:29:51.389+0000] {dagbag.py:587} INFO - Filling up the DagBag from /opt/airflow/dags/fetchxrate_xcom.py
[2024-08-18T07:29:51.420+0000] {processor.py:925} INFO - DAG(s) 'xrate_to_s3' retrieved from /opt/airflow/dags/fetchxrate_xcom.py
[2024-08-18T07:29:51.459+0000] {logging_mixin.py:190} INFO - [2024-08-18T07:29:51.458+0000] {dag.py:3211} INFO - Sync 1 DAGs
[2024-08-18T07:29:51.492+0000] {logging_mixin.py:190} INFO - [2024-08-18T07:29:51.491+0000] {dag.py:4138} INFO - Setting next_dagrun for xrate_to_s3 to 2024-08-17 23:00:00+00:00, run_after=2024-08-18 23:00:00+00:00
[2024-08-18T07:29:51.616+0000] {processor.py:208} INFO - Processing /opt/airflow/dags/fetchxrate_xcom.py took 0.236 seconds
[2024-08-18T07:30:22.582+0000] {processor.py:186} INFO - Started process (PID=237) to work on /opt/airflow/dags/fetchxrate_xcom.py
[2024-08-18T07:30:22.584+0000] {processor.py:914} INFO - Processing file /opt/airflow/dags/fetchxrate_xcom.py for tasks to queue
[2024-08-18T07:30:22.587+0000] {logging_mixin.py:190} INFO - [2024-08-18T07:30:22.586+0000] {dagbag.py:587} INFO - Filling up the DagBag from /opt/airflow/dags/fetchxrate_xcom.py
[2024-08-18T07:30:22.630+0000] {processor.py:925} INFO - DAG(s) 'xrate_to_s3' retrieved from /opt/airflow/dags/fetchxrate_xcom.py
[2024-08-18T07:30:22.678+0000] {logging_mixin.py:190} INFO - [2024-08-18T07:30:22.677+0000] {dag.py:3211} INFO - Sync 1 DAGs
[2024-08-18T07:30:22.725+0000] {logging_mixin.py:190} INFO - [2024-08-18T07:30:22.725+0000] {dag.py:4138} INFO - Setting next_dagrun for xrate_to_s3 to 2024-08-17 23:00:00+00:00, run_after=2024-08-18 23:00:00+00:00
[2024-08-18T07:30:22.846+0000] {processor.py:208} INFO - Processing /opt/airflow/dags/fetchxrate_xcom.py took 0.272 seconds
[2024-08-18T07:30:53.550+0000] {processor.py:186} INFO - Started process (PID=245) to work on /opt/airflow/dags/fetchxrate_xcom.py
[2024-08-18T07:30:53.552+0000] {processor.py:914} INFO - Processing file /opt/airflow/dags/fetchxrate_xcom.py for tasks to queue
[2024-08-18T07:30:53.555+0000] {logging_mixin.py:190} INFO - [2024-08-18T07:30:53.554+0000] {dagbag.py:587} INFO - Filling up the DagBag from /opt/airflow/dags/fetchxrate_xcom.py
[2024-08-18T07:30:53.619+0000] {processor.py:925} INFO - DAG(s) 'xrate_to_s3' retrieved from /opt/airflow/dags/fetchxrate_xcom.py
[2024-08-18T07:30:53.684+0000] {logging_mixin.py:190} INFO - [2024-08-18T07:30:53.683+0000] {dag.py:3211} INFO - Sync 1 DAGs
[2024-08-18T07:30:53.735+0000] {logging_mixin.py:190} INFO - [2024-08-18T07:30:53.735+0000] {dag.py:4138} INFO - Setting next_dagrun for xrate_to_s3 to 2024-08-17 23:00:00+00:00, run_after=2024-08-18 23:00:00+00:00
[2024-08-18T07:30:53.868+0000] {processor.py:208} INFO - Processing /opt/airflow/dags/fetchxrate_xcom.py took 0.328 seconds
[2024-08-18T07:31:24.640+0000] {processor.py:186} INFO - Started process (PID=253) to work on /opt/airflow/dags/fetchxrate_xcom.py
[2024-08-18T07:31:24.643+0000] {processor.py:914} INFO - Processing file /opt/airflow/dags/fetchxrate_xcom.py for tasks to queue
[2024-08-18T07:31:24.645+0000] {logging_mixin.py:190} INFO - [2024-08-18T07:31:24.645+0000] {dagbag.py:587} INFO - Filling up the DagBag from /opt/airflow/dags/fetchxrate_xcom.py
[2024-08-18T07:31:24.705+0000] {processor.py:925} INFO - DAG(s) 'xrate_to_s3' retrieved from /opt/airflow/dags/fetchxrate_xcom.py
[2024-08-18T07:31:24.762+0000] {logging_mixin.py:190} INFO - [2024-08-18T07:31:24.760+0000] {dag.py:3211} INFO - Sync 1 DAGs
[2024-08-18T07:31:24.814+0000] {logging_mixin.py:190} INFO - [2024-08-18T07:31:24.813+0000] {dag.py:4138} INFO - Setting next_dagrun for xrate_to_s3 to 2024-08-17 23:00:00+00:00, run_after=2024-08-18 23:00:00+00:00
[2024-08-18T07:31:24.958+0000] {processor.py:208} INFO - Processing /opt/airflow/dags/fetchxrate_xcom.py took 0.327 seconds
[2024-08-18T07:31:55.482+0000] {processor.py:186} INFO - Started process (PID=261) to work on /opt/airflow/dags/fetchxrate_xcom.py
[2024-08-18T07:31:55.485+0000] {processor.py:914} INFO - Processing file /opt/airflow/dags/fetchxrate_xcom.py for tasks to queue
[2024-08-18T07:31:55.489+0000] {logging_mixin.py:190} INFO - [2024-08-18T07:31:55.488+0000] {dagbag.py:587} INFO - Filling up the DagBag from /opt/airflow/dags/fetchxrate_xcom.py
[2024-08-18T07:31:55.560+0000] {processor.py:925} INFO - DAG(s) 'xrate_to_s3' retrieved from /opt/airflow/dags/fetchxrate_xcom.py
[2024-08-18T07:31:55.630+0000] {logging_mixin.py:190} INFO - [2024-08-18T07:31:55.629+0000] {dag.py:3211} INFO - Sync 1 DAGs
[2024-08-18T07:31:55.694+0000] {logging_mixin.py:190} INFO - [2024-08-18T07:31:55.694+0000] {dag.py:4138} INFO - Setting next_dagrun for xrate_to_s3 to 2024-08-17 23:00:00+00:00, run_after=2024-08-18 23:00:00+00:00
[2024-08-18T07:31:55.832+0000] {processor.py:208} INFO - Processing /opt/airflow/dags/fetchxrate_xcom.py took 0.364 seconds
[2024-08-18T07:32:26.824+0000] {processor.py:186} INFO - Started process (PID=269) to work on /opt/airflow/dags/fetchxrate_xcom.py
[2024-08-18T07:32:26.826+0000] {processor.py:914} INFO - Processing file /opt/airflow/dags/fetchxrate_xcom.py for tasks to queue
[2024-08-18T07:32:26.829+0000] {logging_mixin.py:190} INFO - [2024-08-18T07:32:26.828+0000] {dagbag.py:587} INFO - Filling up the DagBag from /opt/airflow/dags/fetchxrate_xcom.py
[2024-08-18T07:32:26.902+0000] {processor.py:925} INFO - DAG(s) 'xrate_to_s3' retrieved from /opt/airflow/dags/fetchxrate_xcom.py
[2024-08-18T07:32:26.969+0000] {logging_mixin.py:190} INFO - [2024-08-18T07:32:26.968+0000] {dag.py:3211} INFO - Sync 1 DAGs
[2024-08-18T07:32:27.031+0000] {logging_mixin.py:190} INFO - [2024-08-18T07:32:27.031+0000] {dag.py:4138} INFO - Setting next_dagrun for xrate_to_s3 to 2024-08-17 23:00:00+00:00, run_after=2024-08-18 23:00:00+00:00
[2024-08-18T07:32:27.177+0000] {processor.py:208} INFO - Processing /opt/airflow/dags/fetchxrate_xcom.py took 0.364 seconds
[2024-08-18T07:32:57.687+0000] {processor.py:186} INFO - Started process (PID=277) to work on /opt/airflow/dags/fetchxrate_xcom.py
[2024-08-18T07:32:57.689+0000] {processor.py:914} INFO - Processing file /opt/airflow/dags/fetchxrate_xcom.py for tasks to queue
[2024-08-18T07:32:57.691+0000] {logging_mixin.py:190} INFO - [2024-08-18T07:32:57.690+0000] {dagbag.py:587} INFO - Filling up the DagBag from /opt/airflow/dags/fetchxrate_xcom.py
[2024-08-18T07:32:57.732+0000] {processor.py:925} INFO - DAG(s) 'xrate_to_s3' retrieved from /opt/airflow/dags/fetchxrate_xcom.py
[2024-08-18T07:32:57.780+0000] {logging_mixin.py:190} INFO - [2024-08-18T07:32:57.779+0000] {dag.py:3211} INFO - Sync 1 DAGs
[2024-08-18T07:32:57.823+0000] {logging_mixin.py:190} INFO - [2024-08-18T07:32:57.822+0000] {dag.py:4138} INFO - Setting next_dagrun for xrate_to_s3 to 2024-08-17 23:00:00+00:00, run_after=2024-08-18 23:00:00+00:00
[2024-08-18T07:32:57.961+0000] {processor.py:208} INFO - Processing /opt/airflow/dags/fetchxrate_xcom.py took 0.284 seconds
[2024-08-18T07:33:28.277+0000] {processor.py:186} INFO - Started process (PID=285) to work on /opt/airflow/dags/fetchxrate_xcom.py
[2024-08-18T07:33:28.279+0000] {processor.py:914} INFO - Processing file /opt/airflow/dags/fetchxrate_xcom.py for tasks to queue
[2024-08-18T07:33:28.282+0000] {logging_mixin.py:190} INFO - [2024-08-18T07:33:28.281+0000] {dagbag.py:587} INFO - Filling up the DagBag from /opt/airflow/dags/fetchxrate_xcom.py
[2024-08-18T07:33:28.334+0000] {processor.py:925} INFO - DAG(s) 'xrate_to_s3' retrieved from /opt/airflow/dags/fetchxrate_xcom.py
[2024-08-18T07:33:28.386+0000] {logging_mixin.py:190} INFO - [2024-08-18T07:33:28.385+0000] {dag.py:3211} INFO - Sync 1 DAGs
[2024-08-18T07:33:28.445+0000] {logging_mixin.py:190} INFO - [2024-08-18T07:33:28.444+0000] {dag.py:4138} INFO - Setting next_dagrun for xrate_to_s3 to 2024-08-17 23:00:00+00:00, run_after=2024-08-18 23:00:00+00:00
[2024-08-18T07:33:28.592+0000] {processor.py:208} INFO - Processing /opt/airflow/dags/fetchxrate_xcom.py took 0.324 seconds
[2024-08-18T07:33:58.860+0000] {processor.py:186} INFO - Started process (PID=293) to work on /opt/airflow/dags/fetchxrate_xcom.py
[2024-08-18T07:33:58.863+0000] {processor.py:914} INFO - Processing file /opt/airflow/dags/fetchxrate_xcom.py for tasks to queue
[2024-08-18T07:33:58.868+0000] {logging_mixin.py:190} INFO - [2024-08-18T07:33:58.867+0000] {dagbag.py:587} INFO - Filling up the DagBag from /opt/airflow/dags/fetchxrate_xcom.py
[2024-08-18T07:33:58.911+0000] {processor.py:925} INFO - DAG(s) 'xrate_to_s3' retrieved from /opt/airflow/dags/fetchxrate_xcom.py
[2024-08-18T07:33:58.959+0000] {logging_mixin.py:190} INFO - [2024-08-18T07:33:58.958+0000] {dag.py:3211} INFO - Sync 1 DAGs
[2024-08-18T07:33:59.001+0000] {logging_mixin.py:190} INFO - [2024-08-18T07:33:59.001+0000] {dag.py:4138} INFO - Setting next_dagrun for xrate_to_s3 to 2024-08-17 23:00:00+00:00, run_after=2024-08-18 23:00:00+00:00
[2024-08-18T07:33:59.098+0000] {processor.py:208} INFO - Processing /opt/airflow/dags/fetchxrate_xcom.py took 0.247 seconds
[2024-08-18T07:34:30.091+0000] {processor.py:186} INFO - Started process (PID=301) to work on /opt/airflow/dags/fetchxrate_xcom.py
[2024-08-18T07:34:30.094+0000] {processor.py:914} INFO - Processing file /opt/airflow/dags/fetchxrate_xcom.py for tasks to queue
[2024-08-18T07:34:30.099+0000] {logging_mixin.py:190} INFO - [2024-08-18T07:34:30.098+0000] {dagbag.py:587} INFO - Filling up the DagBag from /opt/airflow/dags/fetchxrate_xcom.py
[2024-08-18T07:34:30.166+0000] {processor.py:925} INFO - DAG(s) 'xrate_to_s3' retrieved from /opt/airflow/dags/fetchxrate_xcom.py
[2024-08-18T07:34:30.236+0000] {logging_mixin.py:190} INFO - [2024-08-18T07:34:30.235+0000] {dag.py:3211} INFO - Sync 1 DAGs
[2024-08-18T07:34:30.304+0000] {logging_mixin.py:190} INFO - [2024-08-18T07:34:30.303+0000] {dag.py:4138} INFO - Setting next_dagrun for xrate_to_s3 to 2024-08-17 23:00:00+00:00, run_after=2024-08-18 23:00:00+00:00
[2024-08-18T07:34:30.457+0000] {processor.py:208} INFO - Processing /opt/airflow/dags/fetchxrate_xcom.py took 0.381 seconds
[2024-08-18T07:35:00.824+0000] {processor.py:186} INFO - Started process (PID=309) to work on /opt/airflow/dags/fetchxrate_xcom.py
[2024-08-18T07:35:00.825+0000] {processor.py:914} INFO - Processing file /opt/airflow/dags/fetchxrate_xcom.py for tasks to queue
[2024-08-18T07:35:00.827+0000] {logging_mixin.py:190} INFO - [2024-08-18T07:35:00.827+0000] {dagbag.py:587} INFO - Filling up the DagBag from /opt/airflow/dags/fetchxrate_xcom.py
[2024-08-18T07:35:00.873+0000] {processor.py:925} INFO - DAG(s) 'xrate_to_s3' retrieved from /opt/airflow/dags/fetchxrate_xcom.py
[2024-08-18T07:35:00.928+0000] {logging_mixin.py:190} INFO - [2024-08-18T07:35:00.927+0000] {dag.py:3211} INFO - Sync 1 DAGs
[2024-08-18T07:35:00.965+0000] {logging_mixin.py:190} INFO - [2024-08-18T07:35:00.965+0000] {dag.py:4138} INFO - Setting next_dagrun for xrate_to_s3 to 2024-08-17 23:00:00+00:00, run_after=2024-08-18 23:00:00+00:00
[2024-08-18T07:35:01.097+0000] {processor.py:208} INFO - Processing /opt/airflow/dags/fetchxrate_xcom.py took 0.279 seconds
[2024-08-18T07:35:32.299+0000] {processor.py:186} INFO - Started process (PID=317) to work on /opt/airflow/dags/fetchxrate_xcom.py
[2024-08-18T07:35:32.301+0000] {processor.py:914} INFO - Processing file /opt/airflow/dags/fetchxrate_xcom.py for tasks to queue
[2024-08-18T07:35:32.304+0000] {logging_mixin.py:190} INFO - [2024-08-18T07:35:32.303+0000] {dagbag.py:587} INFO - Filling up the DagBag from /opt/airflow/dags/fetchxrate_xcom.py
[2024-08-18T07:35:32.374+0000] {processor.py:925} INFO - DAG(s) 'xrate_to_s3' retrieved from /opt/airflow/dags/fetchxrate_xcom.py
[2024-08-18T07:35:32.460+0000] {logging_mixin.py:190} INFO - [2024-08-18T07:35:32.459+0000] {dag.py:3211} INFO - Sync 1 DAGs
[2024-08-18T07:35:32.512+0000] {logging_mixin.py:190} INFO - [2024-08-18T07:35:32.511+0000] {dag.py:4138} INFO - Setting next_dagrun for xrate_to_s3 to 2024-08-17 23:00:00+00:00, run_after=2024-08-18 23:00:00+00:00
[2024-08-18T07:35:32.653+0000] {processor.py:208} INFO - Processing /opt/airflow/dags/fetchxrate_xcom.py took 0.363 seconds
[2024-08-18T07:36:03.500+0000] {processor.py:186} INFO - Started process (PID=325) to work on /opt/airflow/dags/fetchxrate_xcom.py
[2024-08-18T07:36:03.502+0000] {processor.py:914} INFO - Processing file /opt/airflow/dags/fetchxrate_xcom.py for tasks to queue
[2024-08-18T07:36:03.505+0000] {logging_mixin.py:190} INFO - [2024-08-18T07:36:03.504+0000] {dagbag.py:587} INFO - Filling up the DagBag from /opt/airflow/dags/fetchxrate_xcom.py
[2024-08-18T07:36:03.573+0000] {processor.py:925} INFO - DAG(s) 'xrate_to_s3' retrieved from /opt/airflow/dags/fetchxrate_xcom.py
[2024-08-18T07:36:03.638+0000] {logging_mixin.py:190} INFO - [2024-08-18T07:36:03.637+0000] {dag.py:3211} INFO - Sync 1 DAGs
[2024-08-18T07:36:03.704+0000] {logging_mixin.py:190} INFO - [2024-08-18T07:36:03.703+0000] {dag.py:4138} INFO - Setting next_dagrun for xrate_to_s3 to 2024-08-17 23:00:00+00:00, run_after=2024-08-18 23:00:00+00:00
[2024-08-18T07:36:03.830+0000] {processor.py:208} INFO - Processing /opt/airflow/dags/fetchxrate_xcom.py took 0.338 seconds
[2024-08-18T07:36:35.241+0000] {processor.py:186} INFO - Started process (PID=333) to work on /opt/airflow/dags/fetchxrate_xcom.py
[2024-08-18T07:36:35.243+0000] {processor.py:914} INFO - Processing file /opt/airflow/dags/fetchxrate_xcom.py for tasks to queue
[2024-08-18T07:36:35.245+0000] {logging_mixin.py:190} INFO - [2024-08-18T07:36:35.244+0000] {dagbag.py:587} INFO - Filling up the DagBag from /opt/airflow/dags/fetchxrate_xcom.py
[2024-08-18T07:36:35.298+0000] {processor.py:925} INFO - DAG(s) 'xrate_to_s3' retrieved from /opt/airflow/dags/fetchxrate_xcom.py
[2024-08-18T07:36:35.363+0000] {logging_mixin.py:190} INFO - [2024-08-18T07:36:35.362+0000] {dag.py:3211} INFO - Sync 1 DAGs
[2024-08-18T07:36:35.421+0000] {logging_mixin.py:190} INFO - [2024-08-18T07:36:35.421+0000] {dag.py:4138} INFO - Setting next_dagrun for xrate_to_s3 to 2024-08-17 23:00:00+00:00, run_after=2024-08-18 23:00:00+00:00
[2024-08-18T07:36:35.571+0000] {processor.py:208} INFO - Processing /opt/airflow/dags/fetchxrate_xcom.py took 0.341 seconds
[2024-08-18T07:37:06.216+0000] {processor.py:186} INFO - Started process (PID=343) to work on /opt/airflow/dags/fetchxrate_xcom.py
[2024-08-18T07:37:06.218+0000] {processor.py:914} INFO - Processing file /opt/airflow/dags/fetchxrate_xcom.py for tasks to queue
[2024-08-18T07:37:06.221+0000] {logging_mixin.py:190} INFO - [2024-08-18T07:37:06.220+0000] {dagbag.py:587} INFO - Filling up the DagBag from /opt/airflow/dags/fetchxrate_xcom.py
[2024-08-18T07:37:06.285+0000] {processor.py:925} INFO - DAG(s) 'xrate_to_s3' retrieved from /opt/airflow/dags/fetchxrate_xcom.py
[2024-08-18T07:37:06.338+0000] {logging_mixin.py:190} INFO - [2024-08-18T07:37:06.337+0000] {dag.py:3211} INFO - Sync 1 DAGs
[2024-08-18T07:37:06.382+0000] {logging_mixin.py:190} INFO - [2024-08-18T07:37:06.382+0000] {dag.py:4138} INFO - Setting next_dagrun for xrate_to_s3 to 2024-08-17 23:00:00+00:00, run_after=2024-08-18 23:00:00+00:00
[2024-08-18T07:37:06.543+0000] {processor.py:208} INFO - Processing /opt/airflow/dags/fetchxrate_xcom.py took 0.335 seconds
[2024-08-18T07:37:37.543+0000] {processor.py:186} INFO - Started process (PID=353) to work on /opt/airflow/dags/fetchxrate_xcom.py
[2024-08-18T07:37:37.545+0000] {processor.py:914} INFO - Processing file /opt/airflow/dags/fetchxrate_xcom.py for tasks to queue
[2024-08-18T07:37:37.547+0000] {logging_mixin.py:190} INFO - [2024-08-18T07:37:37.547+0000] {dagbag.py:587} INFO - Filling up the DagBag from /opt/airflow/dags/fetchxrate_xcom.py
[2024-08-18T07:37:37.609+0000] {processor.py:925} INFO - DAG(s) 'xrate_to_s3' retrieved from /opt/airflow/dags/fetchxrate_xcom.py
[2024-08-18T07:37:37.662+0000] {logging_mixin.py:190} INFO - [2024-08-18T07:37:37.661+0000] {dag.py:3211} INFO - Sync 1 DAGs
[2024-08-18T07:37:37.713+0000] {logging_mixin.py:190} INFO - [2024-08-18T07:37:37.712+0000] {dag.py:4138} INFO - Setting next_dagrun for xrate_to_s3 to 2024-08-17 23:00:00+00:00, run_after=2024-08-18 23:00:00+00:00
[2024-08-18T07:37:37.857+0000] {processor.py:208} INFO - Processing /opt/airflow/dags/fetchxrate_xcom.py took 0.325 seconds
[2024-08-18T07:38:09.015+0000] {processor.py:186} INFO - Started process (PID=363) to work on /opt/airflow/dags/fetchxrate_xcom.py
[2024-08-18T07:38:09.017+0000] {processor.py:914} INFO - Processing file /opt/airflow/dags/fetchxrate_xcom.py for tasks to queue
[2024-08-18T07:38:09.019+0000] {logging_mixin.py:190} INFO - [2024-08-18T07:38:09.019+0000] {dagbag.py:587} INFO - Filling up the DagBag from /opt/airflow/dags/fetchxrate_xcom.py
[2024-08-18T07:38:09.095+0000] {processor.py:925} INFO - DAG(s) 'xrate_to_s3' retrieved from /opt/airflow/dags/fetchxrate_xcom.py
[2024-08-18T07:38:09.167+0000] {logging_mixin.py:190} INFO - [2024-08-18T07:38:09.165+0000] {dag.py:3211} INFO - Sync 1 DAGs
[2024-08-18T07:38:09.263+0000] {logging_mixin.py:190} INFO - [2024-08-18T07:38:09.262+0000] {dag.py:4138} INFO - Setting next_dagrun for xrate_to_s3 to 2024-08-17 23:00:00+00:00, run_after=2024-08-18 23:00:00+00:00
[2024-08-18T07:38:09.410+0000] {processor.py:208} INFO - Processing /opt/airflow/dags/fetchxrate_xcom.py took 0.401 seconds
[2024-08-18T07:38:40.659+0000] {processor.py:186} INFO - Started process (PID=373) to work on /opt/airflow/dags/fetchxrate_xcom.py
[2024-08-18T07:38:40.664+0000] {processor.py:914} INFO - Processing file /opt/airflow/dags/fetchxrate_xcom.py for tasks to queue
[2024-08-18T07:38:40.666+0000] {logging_mixin.py:190} INFO - [2024-08-18T07:38:40.666+0000] {dagbag.py:587} INFO - Filling up the DagBag from /opt/airflow/dags/fetchxrate_xcom.py
[2024-08-18T07:38:40.720+0000] {processor.py:925} INFO - DAG(s) 'xrate_to_s3' retrieved from /opt/airflow/dags/fetchxrate_xcom.py
[2024-08-18T07:38:40.771+0000] {logging_mixin.py:190} INFO - [2024-08-18T07:38:40.771+0000] {dag.py:3211} INFO - Sync 1 DAGs
[2024-08-18T07:38:40.817+0000] {logging_mixin.py:190} INFO - [2024-08-18T07:38:40.817+0000] {dag.py:4138} INFO - Setting next_dagrun for xrate_to_s3 to 2024-08-17 23:00:00+00:00, run_after=2024-08-18 23:00:00+00:00
[2024-08-18T07:38:40.951+0000] {processor.py:208} INFO - Processing /opt/airflow/dags/fetchxrate_xcom.py took 0.301 seconds
[2024-08-18T07:39:11.385+0000] {processor.py:186} INFO - Started process (PID=383) to work on /opt/airflow/dags/fetchxrate_xcom.py
[2024-08-18T07:39:11.387+0000] {processor.py:914} INFO - Processing file /opt/airflow/dags/fetchxrate_xcom.py for tasks to queue
[2024-08-18T07:39:11.390+0000] {logging_mixin.py:190} INFO - [2024-08-18T07:39:11.389+0000] {dagbag.py:587} INFO - Filling up the DagBag from /opt/airflow/dags/fetchxrate_xcom.py
[2024-08-18T07:39:11.435+0000] {processor.py:925} INFO - DAG(s) 'xrate_to_s3' retrieved from /opt/airflow/dags/fetchxrate_xcom.py
[2024-08-18T07:39:11.496+0000] {logging_mixin.py:190} INFO - [2024-08-18T07:39:11.496+0000] {dag.py:3211} INFO - Sync 1 DAGs
[2024-08-18T07:39:11.564+0000] {logging_mixin.py:190} INFO - [2024-08-18T07:39:11.564+0000] {dag.py:4138} INFO - Setting next_dagrun for xrate_to_s3 to 2024-08-17 23:00:00+00:00, run_after=2024-08-18 23:00:00+00:00
[2024-08-18T07:39:11.684+0000] {processor.py:208} INFO - Processing /opt/airflow/dags/fetchxrate_xcom.py took 0.307 seconds
[2024-08-18T07:39:42.278+0000] {processor.py:186} INFO - Started process (PID=393) to work on /opt/airflow/dags/fetchxrate_xcom.py
[2024-08-18T07:39:42.280+0000] {processor.py:914} INFO - Processing file /opt/airflow/dags/fetchxrate_xcom.py for tasks to queue
[2024-08-18T07:39:42.282+0000] {logging_mixin.py:190} INFO - [2024-08-18T07:39:42.281+0000] {dagbag.py:587} INFO - Filling up the DagBag from /opt/airflow/dags/fetchxrate_xcom.py
[2024-08-18T07:39:42.330+0000] {processor.py:925} INFO - DAG(s) 'xrate_to_s3' retrieved from /opt/airflow/dags/fetchxrate_xcom.py
[2024-08-18T07:39:42.384+0000] {logging_mixin.py:190} INFO - [2024-08-18T07:39:42.384+0000] {dag.py:3211} INFO - Sync 1 DAGs
[2024-08-18T07:39:42.440+0000] {logging_mixin.py:190} INFO - [2024-08-18T07:39:42.440+0000] {dag.py:4138} INFO - Setting next_dagrun for xrate_to_s3 to 2024-08-17 23:00:00+00:00, run_after=2024-08-18 23:00:00+00:00
[2024-08-18T07:39:42.568+0000] {processor.py:208} INFO - Processing /opt/airflow/dags/fetchxrate_xcom.py took 0.296 seconds
[2024-08-18T07:40:13.150+0000] {processor.py:186} INFO - Started process (PID=403) to work on /opt/airflow/dags/fetchxrate_xcom.py
[2024-08-18T07:40:13.152+0000] {processor.py:914} INFO - Processing file /opt/airflow/dags/fetchxrate_xcom.py for tasks to queue
[2024-08-18T07:40:13.155+0000] {logging_mixin.py:190} INFO - [2024-08-18T07:40:13.154+0000] {dagbag.py:587} INFO - Filling up the DagBag from /opt/airflow/dags/fetchxrate_xcom.py
[2024-08-18T07:40:13.204+0000] {processor.py:925} INFO - DAG(s) 'xrate_to_s3' retrieved from /opt/airflow/dags/fetchxrate_xcom.py
[2024-08-18T07:40:13.260+0000] {logging_mixin.py:190} INFO - [2024-08-18T07:40:13.260+0000] {dag.py:3211} INFO - Sync 1 DAGs
[2024-08-18T07:40:13.309+0000] {logging_mixin.py:190} INFO - [2024-08-18T07:40:13.308+0000] {dag.py:4138} INFO - Setting next_dagrun for xrate_to_s3 to 2024-08-17 23:00:00+00:00, run_after=2024-08-18 23:00:00+00:00
[2024-08-18T07:40:13.439+0000] {processor.py:208} INFO - Processing /opt/airflow/dags/fetchxrate_xcom.py took 0.295 seconds
[2024-08-18T07:40:44.134+0000] {processor.py:186} INFO - Started process (PID=413) to work on /opt/airflow/dags/fetchxrate_xcom.py
[2024-08-18T07:40:44.136+0000] {processor.py:914} INFO - Processing file /opt/airflow/dags/fetchxrate_xcom.py for tasks to queue
[2024-08-18T07:40:44.139+0000] {logging_mixin.py:190} INFO - [2024-08-18T07:40:44.139+0000] {dagbag.py:587} INFO - Filling up the DagBag from /opt/airflow/dags/fetchxrate_xcom.py
[2024-08-18T07:40:44.199+0000] {processor.py:925} INFO - DAG(s) 'xrate_to_s3' retrieved from /opt/airflow/dags/fetchxrate_xcom.py
[2024-08-18T07:40:44.256+0000] {logging_mixin.py:190} INFO - [2024-08-18T07:40:44.256+0000] {dag.py:3211} INFO - Sync 1 DAGs
[2024-08-18T07:40:44.314+0000] {logging_mixin.py:190} INFO - [2024-08-18T07:40:44.313+0000] {dag.py:4138} INFO - Setting next_dagrun for xrate_to_s3 to 2024-08-17 23:00:00+00:00, run_after=2024-08-18 23:00:00+00:00
[2024-08-18T07:40:44.471+0000] {processor.py:208} INFO - Processing /opt/airflow/dags/fetchxrate_xcom.py took 0.345 seconds
[2024-08-18T07:41:14.711+0000] {processor.py:186} INFO - Started process (PID=423) to work on /opt/airflow/dags/fetchxrate_xcom.py
[2024-08-18T07:41:14.713+0000] {processor.py:914} INFO - Processing file /opt/airflow/dags/fetchxrate_xcom.py for tasks to queue
[2024-08-18T07:41:14.716+0000] {logging_mixin.py:190} INFO - [2024-08-18T07:41:14.715+0000] {dagbag.py:587} INFO - Filling up the DagBag from /opt/airflow/dags/fetchxrate_xcom.py
[2024-08-18T07:41:14.776+0000] {processor.py:925} INFO - DAG(s) 'xrate_to_s3' retrieved from /opt/airflow/dags/fetchxrate_xcom.py
[2024-08-18T07:41:14.835+0000] {logging_mixin.py:190} INFO - [2024-08-18T07:41:14.834+0000] {dag.py:3211} INFO - Sync 1 DAGs
[2024-08-18T07:41:14.882+0000] {logging_mixin.py:190} INFO - [2024-08-18T07:41:14.882+0000] {dag.py:4138} INFO - Setting next_dagrun for xrate_to_s3 to 2024-08-17 23:00:00+00:00, run_after=2024-08-18 23:00:00+00:00
[2024-08-18T07:41:15.000+0000] {processor.py:208} INFO - Processing /opt/airflow/dags/fetchxrate_xcom.py took 0.297 seconds
[2024-08-18T07:41:48.555+0000] {processor.py:186} INFO - Started process (PID=434) to work on /opt/airflow/dags/fetchxrate_xcom.py
[2024-08-18T07:41:48.557+0000] {processor.py:914} INFO - Processing file /opt/airflow/dags/fetchxrate_xcom.py for tasks to queue
[2024-08-18T07:41:48.560+0000] {logging_mixin.py:190} INFO - [2024-08-18T07:41:48.559+0000] {dagbag.py:587} INFO - Filling up the DagBag from /opt/airflow/dags/fetchxrate_xcom.py
[2024-08-18T07:41:48.615+0000] {processor.py:925} INFO - DAG(s) 'xrate_to_s3' retrieved from /opt/airflow/dags/fetchxrate_xcom.py
[2024-08-18T07:41:48.669+0000] {logging_mixin.py:190} INFO - [2024-08-18T07:41:48.668+0000] {dag.py:3211} INFO - Sync 1 DAGs
[2024-08-18T07:41:48.714+0000] {logging_mixin.py:190} INFO - [2024-08-18T07:41:48.713+0000] {dag.py:4138} INFO - Setting next_dagrun for xrate_to_s3 to 2024-08-17 23:00:00+00:00, run_after=2024-08-18 23:00:00+00:00
[2024-08-18T07:41:48.852+0000] {processor.py:208} INFO - Processing /opt/airflow/dags/fetchxrate_xcom.py took 0.308 seconds
[2024-08-18T07:42:21.009+0000] {processor.py:186} INFO - Started process (PID=445) to work on /opt/airflow/dags/fetchxrate_xcom.py
[2024-08-18T07:42:21.011+0000] {processor.py:914} INFO - Processing file /opt/airflow/dags/fetchxrate_xcom.py for tasks to queue
[2024-08-18T07:42:21.013+0000] {logging_mixin.py:190} INFO - [2024-08-18T07:42:21.013+0000] {dagbag.py:587} INFO - Filling up the DagBag from /opt/airflow/dags/fetchxrate_xcom.py
[2024-08-18T07:42:21.075+0000] {processor.py:925} INFO - DAG(s) 'xrate_to_s3' retrieved from /opt/airflow/dags/fetchxrate_xcom.py
[2024-08-18T07:42:21.141+0000] {logging_mixin.py:190} INFO - [2024-08-18T07:42:21.140+0000] {dag.py:3211} INFO - Sync 1 DAGs
[2024-08-18T07:42:21.192+0000] {logging_mixin.py:190} INFO - [2024-08-18T07:42:21.191+0000] {dag.py:4138} INFO - Setting next_dagrun for xrate_to_s3 to 2024-08-17 23:00:00+00:00, run_after=2024-08-18 23:00:00+00:00
[2024-08-18T07:42:21.346+0000] {processor.py:208} INFO - Processing /opt/airflow/dags/fetchxrate_xcom.py took 0.343 seconds
[2024-08-18T07:42:51.959+0000] {processor.py:186} INFO - Started process (PID=456) to work on /opt/airflow/dags/fetchxrate_xcom.py
[2024-08-18T07:42:51.961+0000] {processor.py:914} INFO - Processing file /opt/airflow/dags/fetchxrate_xcom.py for tasks to queue
[2024-08-18T07:42:51.964+0000] {logging_mixin.py:190} INFO - [2024-08-18T07:42:51.964+0000] {dagbag.py:587} INFO - Filling up the DagBag from /opt/airflow/dags/fetchxrate_xcom.py
[2024-08-18T07:42:52.033+0000] {processor.py:925} INFO - DAG(s) 'xrate_to_s3' retrieved from /opt/airflow/dags/fetchxrate_xcom.py
[2024-08-18T07:42:52.098+0000] {logging_mixin.py:190} INFO - [2024-08-18T07:42:52.097+0000] {dag.py:3211} INFO - Sync 1 DAGs
[2024-08-18T07:42:52.149+0000] {logging_mixin.py:190} INFO - [2024-08-18T07:42:52.148+0000] {dag.py:4138} INFO - Setting next_dagrun for xrate_to_s3 to 2024-08-17 23:00:00+00:00, run_after=2024-08-18 23:00:00+00:00
[2024-08-18T07:42:52.297+0000] {processor.py:208} INFO - Processing /opt/airflow/dags/fetchxrate_xcom.py took 0.348 seconds
[2024-08-18T07:43:23.291+0000] {processor.py:186} INFO - Started process (PID=467) to work on /opt/airflow/dags/fetchxrate_xcom.py
[2024-08-18T07:43:23.293+0000] {processor.py:914} INFO - Processing file /opt/airflow/dags/fetchxrate_xcom.py for tasks to queue
[2024-08-18T07:43:23.296+0000] {logging_mixin.py:190} INFO - [2024-08-18T07:43:23.295+0000] {dagbag.py:587} INFO - Filling up the DagBag from /opt/airflow/dags/fetchxrate_xcom.py
[2024-08-18T07:43:23.362+0000] {processor.py:925} INFO - DAG(s) 'xrate_to_s3' retrieved from /opt/airflow/dags/fetchxrate_xcom.py
[2024-08-18T07:43:23.440+0000] {logging_mixin.py:190} INFO - [2024-08-18T07:43:23.439+0000] {dag.py:3211} INFO - Sync 1 DAGs
[2024-08-18T07:43:23.496+0000] {logging_mixin.py:190} INFO - [2024-08-18T07:43:23.496+0000] {dag.py:4138} INFO - Setting next_dagrun for xrate_to_s3 to 2024-08-17 23:00:00+00:00, run_after=2024-08-18 23:00:00+00:00
[2024-08-18T07:43:23.626+0000] {processor.py:208} INFO - Processing /opt/airflow/dags/fetchxrate_xcom.py took 0.343 seconds
[2024-08-18T07:43:53.955+0000] {processor.py:186} INFO - Started process (PID=478) to work on /opt/airflow/dags/fetchxrate_xcom.py
[2024-08-18T07:43:53.958+0000] {processor.py:914} INFO - Processing file /opt/airflow/dags/fetchxrate_xcom.py for tasks to queue
[2024-08-18T07:43:53.961+0000] {logging_mixin.py:190} INFO - [2024-08-18T07:43:53.960+0000] {dagbag.py:587} INFO - Filling up the DagBag from /opt/airflow/dags/fetchxrate_xcom.py
[2024-08-18T07:43:54.022+0000] {processor.py:925} INFO - DAG(s) 'xrate_to_s3' retrieved from /opt/airflow/dags/fetchxrate_xcom.py
[2024-08-18T07:43:54.087+0000] {logging_mixin.py:190} INFO - [2024-08-18T07:43:54.086+0000] {dag.py:3211} INFO - Sync 1 DAGs
[2024-08-18T07:43:54.143+0000] {logging_mixin.py:190} INFO - [2024-08-18T07:43:54.142+0000] {dag.py:4138} INFO - Setting next_dagrun for xrate_to_s3 to 2024-08-17 23:00:00+00:00, run_after=2024-08-18 23:00:00+00:00
[2024-08-18T07:43:54.287+0000] {processor.py:208} INFO - Processing /opt/airflow/dags/fetchxrate_xcom.py took 0.343 seconds
[2024-08-18T07:44:25.791+0000] {processor.py:186} INFO - Started process (PID=489) to work on /opt/airflow/dags/fetchxrate_xcom.py
[2024-08-18T07:44:25.793+0000] {processor.py:914} INFO - Processing file /opt/airflow/dags/fetchxrate_xcom.py for tasks to queue
[2024-08-18T07:44:25.796+0000] {logging_mixin.py:190} INFO - [2024-08-18T07:44:25.795+0000] {dagbag.py:587} INFO - Filling up the DagBag from /opt/airflow/dags/fetchxrate_xcom.py
[2024-08-18T07:44:25.858+0000] {processor.py:925} INFO - DAG(s) 'xrate_to_s3' retrieved from /opt/airflow/dags/fetchxrate_xcom.py
[2024-08-18T07:44:25.929+0000] {logging_mixin.py:190} INFO - [2024-08-18T07:44:25.929+0000] {dag.py:3211} INFO - Sync 1 DAGs
[2024-08-18T07:44:25.976+0000] {logging_mixin.py:190} INFO - [2024-08-18T07:44:25.976+0000] {dag.py:4138} INFO - Setting next_dagrun for xrate_to_s3 to 2024-08-17 23:00:00+00:00, run_after=2024-08-18 23:00:00+00:00
[2024-08-18T07:44:26.124+0000] {processor.py:208} INFO - Processing /opt/airflow/dags/fetchxrate_xcom.py took 0.341 seconds
[2024-08-18T07:44:57.247+0000] {processor.py:186} INFO - Started process (PID=500) to work on /opt/airflow/dags/fetchxrate_xcom.py
[2024-08-18T07:44:57.249+0000] {processor.py:914} INFO - Processing file /opt/airflow/dags/fetchxrate_xcom.py for tasks to queue
[2024-08-18T07:44:57.251+0000] {logging_mixin.py:190} INFO - [2024-08-18T07:44:57.250+0000] {dagbag.py:587} INFO - Filling up the DagBag from /opt/airflow/dags/fetchxrate_xcom.py
[2024-08-18T07:44:57.309+0000] {processor.py:925} INFO - DAG(s) 'xrate_to_s3' retrieved from /opt/airflow/dags/fetchxrate_xcom.py
[2024-08-18T07:44:57.371+0000] {logging_mixin.py:190} INFO - [2024-08-18T07:44:57.370+0000] {dag.py:3211} INFO - Sync 1 DAGs
[2024-08-18T07:44:57.417+0000] {logging_mixin.py:190} INFO - [2024-08-18T07:44:57.416+0000] {dag.py:4138} INFO - Setting next_dagrun for xrate_to_s3 to 2024-08-17 23:00:00+00:00, run_after=2024-08-18 23:00:00+00:00
[2024-08-18T07:44:57.540+0000] {processor.py:208} INFO - Processing /opt/airflow/dags/fetchxrate_xcom.py took 0.304 seconds
[2024-08-18T07:45:28.201+0000] {processor.py:186} INFO - Started process (PID=511) to work on /opt/airflow/dags/fetchxrate_xcom.py
[2024-08-18T07:45:28.203+0000] {processor.py:914} INFO - Processing file /opt/airflow/dags/fetchxrate_xcom.py for tasks to queue
[2024-08-18T07:45:28.205+0000] {logging_mixin.py:190} INFO - [2024-08-18T07:45:28.205+0000] {dagbag.py:587} INFO - Filling up the DagBag from /opt/airflow/dags/fetchxrate_xcom.py
[2024-08-18T07:45:28.262+0000] {processor.py:925} INFO - DAG(s) 'xrate_to_s3' retrieved from /opt/airflow/dags/fetchxrate_xcom.py
[2024-08-18T07:45:28.322+0000] {logging_mixin.py:190} INFO - [2024-08-18T07:45:28.321+0000] {dag.py:3211} INFO - Sync 1 DAGs
[2024-08-18T07:45:28.369+0000] {logging_mixin.py:190} INFO - [2024-08-18T07:45:28.368+0000] {dag.py:4138} INFO - Setting next_dagrun for xrate_to_s3 to 2024-08-17 23:00:00+00:00, run_after=2024-08-18 23:00:00+00:00
[2024-08-18T07:45:28.507+0000] {processor.py:208} INFO - Processing /opt/airflow/dags/fetchxrate_xcom.py took 0.312 seconds
[2024-08-18T07:45:59.157+0000] {processor.py:186} INFO - Started process (PID=522) to work on /opt/airflow/dags/fetchxrate_xcom.py
[2024-08-18T07:45:59.158+0000] {processor.py:914} INFO - Processing file /opt/airflow/dags/fetchxrate_xcom.py for tasks to queue
[2024-08-18T07:45:59.160+0000] {logging_mixin.py:190} INFO - [2024-08-18T07:45:59.160+0000] {dagbag.py:587} INFO - Filling up the DagBag from /opt/airflow/dags/fetchxrate_xcom.py
[2024-08-18T07:45:59.217+0000] {processor.py:925} INFO - DAG(s) 'xrate_to_s3' retrieved from /opt/airflow/dags/fetchxrate_xcom.py
[2024-08-18T07:45:59.285+0000] {logging_mixin.py:190} INFO - [2024-08-18T07:45:59.283+0000] {dag.py:3211} INFO - Sync 1 DAGs
[2024-08-18T07:45:59.345+0000] {logging_mixin.py:190} INFO - [2024-08-18T07:45:59.345+0000] {dag.py:4138} INFO - Setting next_dagrun for xrate_to_s3 to 2024-08-17 23:00:00+00:00, run_after=2024-08-18 23:00:00+00:00
[2024-08-18T07:45:59.484+0000] {processor.py:208} INFO - Processing /opt/airflow/dags/fetchxrate_xcom.py took 0.332 seconds
[2024-08-18T07:46:30.131+0000] {processor.py:186} INFO - Started process (PID=533) to work on /opt/airflow/dags/fetchxrate_xcom.py
[2024-08-18T07:46:30.132+0000] {processor.py:914} INFO - Processing file /opt/airflow/dags/fetchxrate_xcom.py for tasks to queue
[2024-08-18T07:46:30.133+0000] {logging_mixin.py:190} INFO - [2024-08-18T07:46:30.133+0000] {dagbag.py:587} INFO - Filling up the DagBag from /opt/airflow/dags/fetchxrate_xcom.py
[2024-08-18T07:46:30.160+0000] {processor.py:925} INFO - DAG(s) 'xrate_to_s3' retrieved from /opt/airflow/dags/fetchxrate_xcom.py
[2024-08-18T07:46:30.219+0000] {logging_mixin.py:190} INFO - [2024-08-18T07:46:30.217+0000] {dag.py:3211} INFO - Sync 1 DAGs
[2024-08-18T07:46:30.270+0000] {logging_mixin.py:190} INFO - [2024-08-18T07:46:30.270+0000] {dag.py:4138} INFO - Setting next_dagrun for xrate_to_s3 to 2024-08-17 23:00:00+00:00, run_after=2024-08-18 23:00:00+00:00
[2024-08-18T07:46:30.418+0000] {processor.py:208} INFO - Processing /opt/airflow/dags/fetchxrate_xcom.py took 0.292 seconds
[2024-08-18T07:47:01.406+0000] {processor.py:186} INFO - Started process (PID=545) to work on /opt/airflow/dags/fetchxrate_xcom.py
[2024-08-18T07:47:01.408+0000] {processor.py:914} INFO - Processing file /opt/airflow/dags/fetchxrate_xcom.py for tasks to queue
[2024-08-18T07:47:01.410+0000] {logging_mixin.py:190} INFO - [2024-08-18T07:47:01.409+0000] {dagbag.py:587} INFO - Filling up the DagBag from /opt/airflow/dags/fetchxrate_xcom.py
[2024-08-18T07:47:01.467+0000] {processor.py:925} INFO - DAG(s) 'xrate_to_s3' retrieved from /opt/airflow/dags/fetchxrate_xcom.py
[2024-08-18T07:47:01.523+0000] {logging_mixin.py:190} INFO - [2024-08-18T07:47:01.523+0000] {dag.py:3211} INFO - Sync 1 DAGs
[2024-08-18T07:47:01.565+0000] {logging_mixin.py:190} INFO - [2024-08-18T07:47:01.565+0000] {dag.py:4138} INFO - Setting next_dagrun for xrate_to_s3 to 2024-08-17 23:00:00+00:00, run_after=2024-08-18 23:00:00+00:00
[2024-08-18T07:47:01.706+0000] {processor.py:208} INFO - Processing /opt/airflow/dags/fetchxrate_xcom.py took 0.306 seconds
[2024-08-18T07:47:32.250+0000] {processor.py:186} INFO - Started process (PID=557) to work on /opt/airflow/dags/fetchxrate_xcom.py
[2024-08-18T07:47:32.253+0000] {processor.py:914} INFO - Processing file /opt/airflow/dags/fetchxrate_xcom.py for tasks to queue
[2024-08-18T07:47:32.255+0000] {logging_mixin.py:190} INFO - [2024-08-18T07:47:32.254+0000] {dagbag.py:587} INFO - Filling up the DagBag from /opt/airflow/dags/fetchxrate_xcom.py
[2024-08-18T07:47:32.307+0000] {processor.py:925} INFO - DAG(s) 'xrate_to_s3' retrieved from /opt/airflow/dags/fetchxrate_xcom.py
[2024-08-18T07:47:32.361+0000] {logging_mixin.py:190} INFO - [2024-08-18T07:47:32.360+0000] {dag.py:3211} INFO - Sync 1 DAGs
[2024-08-18T07:47:32.404+0000] {logging_mixin.py:190} INFO - [2024-08-18T07:47:32.404+0000] {dag.py:4138} INFO - Setting next_dagrun for xrate_to_s3 to 2024-08-17 23:00:00+00:00, run_after=2024-08-18 23:00:00+00:00
[2024-08-18T07:47:32.555+0000] {processor.py:208} INFO - Processing /opt/airflow/dags/fetchxrate_xcom.py took 0.311 seconds
[2024-08-18T07:48:02.911+0000] {processor.py:186} INFO - Started process (PID=569) to work on /opt/airflow/dags/fetchxrate_xcom.py
[2024-08-18T07:48:02.912+0000] {processor.py:914} INFO - Processing file /opt/airflow/dags/fetchxrate_xcom.py for tasks to queue
[2024-08-18T07:48:02.914+0000] {logging_mixin.py:190} INFO - [2024-08-18T07:48:02.914+0000] {dagbag.py:587} INFO - Filling up the DagBag from /opt/airflow/dags/fetchxrate_xcom.py
[2024-08-18T07:48:02.962+0000] {processor.py:925} INFO - DAG(s) 'xrate_to_s3' retrieved from /opt/airflow/dags/fetchxrate_xcom.py
[2024-08-18T07:48:03.013+0000] {logging_mixin.py:190} INFO - [2024-08-18T07:48:03.012+0000] {dag.py:3211} INFO - Sync 1 DAGs
[2024-08-18T07:48:03.056+0000] {logging_mixin.py:190} INFO - [2024-08-18T07:48:03.056+0000] {dag.py:4138} INFO - Setting next_dagrun for xrate_to_s3 to 2024-08-17 23:00:00+00:00, run_after=2024-08-18 23:00:00+00:00
[2024-08-18T07:48:03.181+0000] {processor.py:208} INFO - Processing /opt/airflow/dags/fetchxrate_xcom.py took 0.276 seconds
[2024-08-18T07:48:34.355+0000] {processor.py:186} INFO - Started process (PID=581) to work on /opt/airflow/dags/fetchxrate_xcom.py
[2024-08-18T07:48:34.357+0000] {processor.py:914} INFO - Processing file /opt/airflow/dags/fetchxrate_xcom.py for tasks to queue
[2024-08-18T07:48:34.359+0000] {logging_mixin.py:190} INFO - [2024-08-18T07:48:34.359+0000] {dagbag.py:587} INFO - Filling up the DagBag from /opt/airflow/dags/fetchxrate_xcom.py
[2024-08-18T07:48:34.415+0000] {processor.py:925} INFO - DAG(s) 'xrate_to_s3' retrieved from /opt/airflow/dags/fetchxrate_xcom.py
[2024-08-18T07:48:34.468+0000] {logging_mixin.py:190} INFO - [2024-08-18T07:48:34.467+0000] {dag.py:3211} INFO - Sync 1 DAGs
[2024-08-18T07:48:34.511+0000] {logging_mixin.py:190} INFO - [2024-08-18T07:48:34.511+0000] {dag.py:4138} INFO - Setting next_dagrun for xrate_to_s3 to 2024-08-17 23:00:00+00:00, run_after=2024-08-18 23:00:00+00:00
[2024-08-18T07:48:34.649+0000] {processor.py:208} INFO - Processing /opt/airflow/dags/fetchxrate_xcom.py took 0.298 seconds
[2024-08-18T07:49:05.569+0000] {processor.py:186} INFO - Started process (PID=593) to work on /opt/airflow/dags/fetchxrate_xcom.py
[2024-08-18T07:49:05.571+0000] {processor.py:914} INFO - Processing file /opt/airflow/dags/fetchxrate_xcom.py for tasks to queue
[2024-08-18T07:49:05.573+0000] {logging_mixin.py:190} INFO - [2024-08-18T07:49:05.572+0000] {dagbag.py:587} INFO - Filling up the DagBag from /opt/airflow/dags/fetchxrate_xcom.py
[2024-08-18T07:49:05.618+0000] {processor.py:925} INFO - DAG(s) 'xrate_to_s3' retrieved from /opt/airflow/dags/fetchxrate_xcom.py
[2024-08-18T07:49:05.667+0000] {logging_mixin.py:190} INFO - [2024-08-18T07:49:05.666+0000] {dag.py:3211} INFO - Sync 1 DAGs
[2024-08-18T07:49:05.702+0000] {logging_mixin.py:190} INFO - [2024-08-18T07:49:05.702+0000] {dag.py:4138} INFO - Setting next_dagrun for xrate_to_s3 to 2024-08-17 23:00:00+00:00, run_after=2024-08-18 23:00:00+00:00
[2024-08-18T07:49:05.812+0000] {processor.py:208} INFO - Processing /opt/airflow/dags/fetchxrate_xcom.py took 0.248 seconds
[2024-08-18T07:49:36.424+0000] {processor.py:186} INFO - Started process (PID=605) to work on /opt/airflow/dags/fetchxrate_xcom.py
[2024-08-18T07:49:36.426+0000] {processor.py:914} INFO - Processing file /opt/airflow/dags/fetchxrate_xcom.py for tasks to queue
[2024-08-18T07:49:36.428+0000] {logging_mixin.py:190} INFO - [2024-08-18T07:49:36.427+0000] {dagbag.py:587} INFO - Filling up the DagBag from /opt/airflow/dags/fetchxrate_xcom.py
[2024-08-18T07:49:36.492+0000] {processor.py:925} INFO - DAG(s) 'xrate_to_s3' retrieved from /opt/airflow/dags/fetchxrate_xcom.py
[2024-08-18T07:49:36.554+0000] {logging_mixin.py:190} INFO - [2024-08-18T07:49:36.552+0000] {dag.py:3211} INFO - Sync 1 DAGs
[2024-08-18T07:49:36.600+0000] {logging_mixin.py:190} INFO - [2024-08-18T07:49:36.600+0000] {dag.py:4138} INFO - Setting next_dagrun for xrate_to_s3 to 2024-08-17 23:00:00+00:00, run_after=2024-08-18 23:00:00+00:00
[2024-08-18T07:49:36.731+0000] {processor.py:208} INFO - Processing /opt/airflow/dags/fetchxrate_xcom.py took 0.312 seconds
[2024-08-18T07:50:08.029+0000] {processor.py:186} INFO - Started process (PID=617) to work on /opt/airflow/dags/fetchxrate_xcom.py
[2024-08-18T07:50:08.030+0000] {processor.py:914} INFO - Processing file /opt/airflow/dags/fetchxrate_xcom.py for tasks to queue
[2024-08-18T07:50:08.032+0000] {logging_mixin.py:190} INFO - [2024-08-18T07:50:08.031+0000] {dagbag.py:587} INFO - Filling up the DagBag from /opt/airflow/dags/fetchxrate_xcom.py
[2024-08-18T07:50:08.064+0000] {processor.py:925} INFO - DAG(s) 'xrate_to_s3' retrieved from /opt/airflow/dags/fetchxrate_xcom.py
[2024-08-18T07:50:08.115+0000] {logging_mixin.py:190} INFO - [2024-08-18T07:50:08.114+0000] {dag.py:3211} INFO - Sync 1 DAGs
[2024-08-18T07:50:08.157+0000] {logging_mixin.py:190} INFO - [2024-08-18T07:50:08.157+0000] {dag.py:4138} INFO - Setting next_dagrun for xrate_to_s3 to 2024-08-17 23:00:00+00:00, run_after=2024-08-18 23:00:00+00:00
[2024-08-18T07:50:08.289+0000] {processor.py:208} INFO - Processing /opt/airflow/dags/fetchxrate_xcom.py took 0.265 seconds
[2024-08-18T07:50:39.766+0000] {processor.py:186} INFO - Started process (PID=629) to work on /opt/airflow/dags/fetchxrate_xcom.py
[2024-08-18T07:50:39.767+0000] {processor.py:914} INFO - Processing file /opt/airflow/dags/fetchxrate_xcom.py for tasks to queue
[2024-08-18T07:50:39.769+0000] {logging_mixin.py:190} INFO - [2024-08-18T07:50:39.769+0000] {dagbag.py:587} INFO - Filling up the DagBag from /opt/airflow/dags/fetchxrate_xcom.py
[2024-08-18T07:50:39.827+0000] {processor.py:925} INFO - DAG(s) 'xrate_to_s3' retrieved from /opt/airflow/dags/fetchxrate_xcom.py
[2024-08-18T07:50:39.872+0000] {logging_mixin.py:190} INFO - [2024-08-18T07:50:39.871+0000] {dag.py:3211} INFO - Sync 1 DAGs
[2024-08-18T07:50:39.911+0000] {logging_mixin.py:190} INFO - [2024-08-18T07:50:39.911+0000] {dag.py:4138} INFO - Setting next_dagrun for xrate_to_s3 to 2024-08-17 23:00:00+00:00, run_after=2024-08-18 23:00:00+00:00
[2024-08-18T07:50:39.984+0000] {processor.py:208} INFO - Processing /opt/airflow/dags/fetchxrate_xcom.py took 0.224 seconds
[2024-08-18T07:51:11.307+0000] {processor.py:186} INFO - Started process (PID=641) to work on /opt/airflow/dags/fetchxrate_xcom.py
[2024-08-18T07:51:11.309+0000] {processor.py:914} INFO - Processing file /opt/airflow/dags/fetchxrate_xcom.py for tasks to queue
[2024-08-18T07:51:11.311+0000] {logging_mixin.py:190} INFO - [2024-08-18T07:51:11.310+0000] {dagbag.py:587} INFO - Filling up the DagBag from /opt/airflow/dags/fetchxrate_xcom.py
[2024-08-18T07:51:11.369+0000] {processor.py:925} INFO - DAG(s) 'xrate_to_s3' retrieved from /opt/airflow/dags/fetchxrate_xcom.py
[2024-08-18T07:51:11.419+0000] {logging_mixin.py:190} INFO - [2024-08-18T07:51:11.418+0000] {dag.py:3211} INFO - Sync 1 DAGs
[2024-08-18T07:51:11.461+0000] {logging_mixin.py:190} INFO - [2024-08-18T07:51:11.460+0000] {dag.py:4138} INFO - Setting next_dagrun for xrate_to_s3 to 2024-08-17 23:00:00+00:00, run_after=2024-08-18 23:00:00+00:00
[2024-08-18T07:51:11.595+0000] {processor.py:208} INFO - Processing /opt/airflow/dags/fetchxrate_xcom.py took 0.293 seconds
[2024-08-18T07:51:42.419+0000] {processor.py:186} INFO - Started process (PID=653) to work on /opt/airflow/dags/fetchxrate_xcom.py
[2024-08-18T07:51:42.421+0000] {processor.py:914} INFO - Processing file /opt/airflow/dags/fetchxrate_xcom.py for tasks to queue
[2024-08-18T07:51:42.423+0000] {logging_mixin.py:190} INFO - [2024-08-18T07:51:42.422+0000] {dagbag.py:587} INFO - Filling up the DagBag from /opt/airflow/dags/fetchxrate_xcom.py
[2024-08-18T07:51:42.480+0000] {processor.py:925} INFO - DAG(s) 'xrate_to_s3' retrieved from /opt/airflow/dags/fetchxrate_xcom.py
[2024-08-18T07:51:42.531+0000] {logging_mixin.py:190} INFO - [2024-08-18T07:51:42.530+0000] {dag.py:3211} INFO - Sync 1 DAGs
[2024-08-18T07:51:42.571+0000] {logging_mixin.py:190} INFO - [2024-08-18T07:51:42.571+0000] {dag.py:4138} INFO - Setting next_dagrun for xrate_to_s3 to 2024-08-17 23:00:00+00:00, run_after=2024-08-18 23:00:00+00:00
[2024-08-18T07:51:42.687+0000] {processor.py:208} INFO - Processing /opt/airflow/dags/fetchxrate_xcom.py took 0.274 seconds
[2024-08-18T07:52:13.535+0000] {processor.py:186} INFO - Started process (PID=668) to work on /opt/airflow/dags/fetchxrate_xcom.py
[2024-08-18T07:52:13.536+0000] {processor.py:914} INFO - Processing file /opt/airflow/dags/fetchxrate_xcom.py for tasks to queue
[2024-08-18T07:52:13.538+0000] {logging_mixin.py:190} INFO - [2024-08-18T07:52:13.538+0000] {dagbag.py:587} INFO - Filling up the DagBag from /opt/airflow/dags/fetchxrate_xcom.py
[2024-08-18T07:52:13.600+0000] {processor.py:925} INFO - DAG(s) 'xrate_to_s3' retrieved from /opt/airflow/dags/fetchxrate_xcom.py
[2024-08-18T07:52:13.651+0000] {logging_mixin.py:190} INFO - [2024-08-18T07:52:13.651+0000] {dag.py:3211} INFO - Sync 1 DAGs
[2024-08-18T07:52:13.696+0000] {logging_mixin.py:190} INFO - [2024-08-18T07:52:13.696+0000] {dag.py:4138} INFO - Setting next_dagrun for xrate_to_s3 to 2024-08-17 23:00:00+00:00, run_after=2024-08-18 23:00:00+00:00
[2024-08-18T07:52:13.835+0000] {processor.py:208} INFO - Processing /opt/airflow/dags/fetchxrate_xcom.py took 0.308 seconds
[2024-08-18T07:52:44.234+0000] {processor.py:186} INFO - Started process (PID=683) to work on /opt/airflow/dags/fetchxrate_xcom.py
[2024-08-18T07:52:44.235+0000] {processor.py:914} INFO - Processing file /opt/airflow/dags/fetchxrate_xcom.py for tasks to queue
[2024-08-18T07:52:44.237+0000] {logging_mixin.py:190} INFO - [2024-08-18T07:52:44.237+0000] {dagbag.py:587} INFO - Filling up the DagBag from /opt/airflow/dags/fetchxrate_xcom.py
[2024-08-18T07:52:44.293+0000] {processor.py:925} INFO - DAG(s) 'xrate_to_s3' retrieved from /opt/airflow/dags/fetchxrate_xcom.py
[2024-08-18T07:52:44.353+0000] {logging_mixin.py:190} INFO - [2024-08-18T07:52:44.352+0000] {dag.py:3211} INFO - Sync 1 DAGs
[2024-08-18T07:52:44.415+0000] {logging_mixin.py:190} INFO - [2024-08-18T07:52:44.414+0000] {dag.py:4138} INFO - Setting next_dagrun for xrate_to_s3 to 2024-08-17 23:00:00+00:00, run_after=2024-08-18 23:00:00+00:00
[2024-08-18T07:52:44.550+0000] {processor.py:208} INFO - Processing /opt/airflow/dags/fetchxrate_xcom.py took 0.321 seconds
[2024-08-18T07:53:15.934+0000] {processor.py:186} INFO - Started process (PID=698) to work on /opt/airflow/dags/fetchxrate_xcom.py
[2024-08-18T07:53:15.936+0000] {processor.py:914} INFO - Processing file /opt/airflow/dags/fetchxrate_xcom.py for tasks to queue
[2024-08-18T07:53:15.938+0000] {logging_mixin.py:190} INFO - [2024-08-18T07:53:15.938+0000] {dagbag.py:587} INFO - Filling up the DagBag from /opt/airflow/dags/fetchxrate_xcom.py
[2024-08-18T07:53:15.993+0000] {processor.py:925} INFO - DAG(s) 'xrate_to_s3' retrieved from /opt/airflow/dags/fetchxrate_xcom.py
[2024-08-18T07:53:16.042+0000] {logging_mixin.py:190} INFO - [2024-08-18T07:53:16.041+0000] {dag.py:3211} INFO - Sync 1 DAGs
[2024-08-18T07:53:16.086+0000] {logging_mixin.py:190} INFO - [2024-08-18T07:53:16.085+0000] {dag.py:4138} INFO - Setting next_dagrun for xrate_to_s3 to 2024-08-17 23:00:00+00:00, run_after=2024-08-18 23:00:00+00:00
[2024-08-18T07:53:16.186+0000] {processor.py:208} INFO - Processing /opt/airflow/dags/fetchxrate_xcom.py took 0.257 seconds
[2024-08-18T07:53:46.819+0000] {processor.py:186} INFO - Started process (PID=713) to work on /opt/airflow/dags/fetchxrate_xcom.py
[2024-08-18T07:53:46.821+0000] {processor.py:914} INFO - Processing file /opt/airflow/dags/fetchxrate_xcom.py for tasks to queue
[2024-08-18T07:53:46.823+0000] {logging_mixin.py:190} INFO - [2024-08-18T07:53:46.823+0000] {dagbag.py:587} INFO - Filling up the DagBag from /opt/airflow/dags/fetchxrate_xcom.py
[2024-08-18T07:53:46.879+0000] {processor.py:925} INFO - DAG(s) 'xrate_to_s3' retrieved from /opt/airflow/dags/fetchxrate_xcom.py
[2024-08-18T07:53:46.931+0000] {logging_mixin.py:190} INFO - [2024-08-18T07:53:46.931+0000] {dag.py:3211} INFO - Sync 1 DAGs
[2024-08-18T07:53:46.975+0000] {logging_mixin.py:190} INFO - [2024-08-18T07:53:46.974+0000] {dag.py:4138} INFO - Setting next_dagrun for xrate_to_s3 to 2024-08-17 23:00:00+00:00, run_after=2024-08-18 23:00:00+00:00
[2024-08-18T07:53:47.107+0000] {processor.py:208} INFO - Processing /opt/airflow/dags/fetchxrate_xcom.py took 0.294 seconds
[2024-08-18T07:54:18.268+0000] {processor.py:186} INFO - Started process (PID=729) to work on /opt/airflow/dags/fetchxrate_xcom.py
[2024-08-18T07:54:18.270+0000] {processor.py:914} INFO - Processing file /opt/airflow/dags/fetchxrate_xcom.py for tasks to queue
[2024-08-18T07:54:18.272+0000] {logging_mixin.py:190} INFO - [2024-08-18T07:54:18.272+0000] {dagbag.py:587} INFO - Filling up the DagBag from /opt/airflow/dags/fetchxrate_xcom.py
[2024-08-18T07:54:18.341+0000] {processor.py:925} INFO - DAG(s) 'xrate_to_s3' retrieved from /opt/airflow/dags/fetchxrate_xcom.py
[2024-08-18T07:54:18.395+0000] {logging_mixin.py:190} INFO - [2024-08-18T07:54:18.395+0000] {dag.py:3211} INFO - Sync 1 DAGs
[2024-08-18T07:54:18.438+0000] {logging_mixin.py:190} INFO - [2024-08-18T07:54:18.438+0000] {dag.py:4138} INFO - Setting next_dagrun for xrate_to_s3 to 2024-08-17 23:00:00+00:00, run_after=2024-08-18 23:00:00+00:00
[2024-08-18T07:54:18.721+0000] {processor.py:208} INFO - Processing /opt/airflow/dags/fetchxrate_xcom.py took 0.459 seconds
[2024-08-18T07:54:49.643+0000] {processor.py:186} INFO - Started process (PID=744) to work on /opt/airflow/dags/fetchxrate_xcom.py
[2024-08-18T07:54:49.645+0000] {processor.py:914} INFO - Processing file /opt/airflow/dags/fetchxrate_xcom.py for tasks to queue
[2024-08-18T07:54:49.647+0000] {logging_mixin.py:190} INFO - [2024-08-18T07:54:49.647+0000] {dagbag.py:587} INFO - Filling up the DagBag from /opt/airflow/dags/fetchxrate_xcom.py
[2024-08-18T07:54:49.705+0000] {processor.py:925} INFO - DAG(s) 'xrate_to_s3' retrieved from /opt/airflow/dags/fetchxrate_xcom.py
[2024-08-18T07:54:49.752+0000] {logging_mixin.py:190} INFO - [2024-08-18T07:54:49.751+0000] {dag.py:3211} INFO - Sync 1 DAGs
[2024-08-18T07:54:49.797+0000] {logging_mixin.py:190} INFO - [2024-08-18T07:54:49.797+0000] {dag.py:4138} INFO - Setting next_dagrun for xrate_to_s3 to 2024-08-17 23:00:00+00:00, run_after=2024-08-18 23:00:00+00:00
[2024-08-18T07:54:49.924+0000] {processor.py:208} INFO - Processing /opt/airflow/dags/fetchxrate_xcom.py took 0.286 seconds
[2024-08-18T07:55:20.163+0000] {processor.py:186} INFO - Started process (PID=759) to work on /opt/airflow/dags/fetchxrate_xcom.py
[2024-08-18T07:55:20.164+0000] {processor.py:914} INFO - Processing file /opt/airflow/dags/fetchxrate_xcom.py for tasks to queue
[2024-08-18T07:55:20.166+0000] {logging_mixin.py:190} INFO - [2024-08-18T07:55:20.165+0000] {dagbag.py:587} INFO - Filling up the DagBag from /opt/airflow/dags/fetchxrate_xcom.py
[2024-08-18T07:55:20.204+0000] {processor.py:925} INFO - DAG(s) 'xrate_to_s3' retrieved from /opt/airflow/dags/fetchxrate_xcom.py
[2024-08-18T07:55:20.275+0000] {logging_mixin.py:190} INFO - [2024-08-18T07:55:20.274+0000] {dag.py:3211} INFO - Sync 1 DAGs
[2024-08-18T07:55:20.345+0000] {logging_mixin.py:190} INFO - [2024-08-18T07:55:20.345+0000] {dag.py:4138} INFO - Setting next_dagrun for xrate_to_s3 to 2024-08-17 23:00:00+00:00, run_after=2024-08-18 23:00:00+00:00
[2024-08-18T07:55:20.448+0000] {processor.py:208} INFO - Processing /opt/airflow/dags/fetchxrate_xcom.py took 0.291 seconds
[2024-08-18T07:55:50.792+0000] {processor.py:186} INFO - Started process (PID=774) to work on /opt/airflow/dags/fetchxrate_xcom.py
[2024-08-18T07:55:50.794+0000] {processor.py:914} INFO - Processing file /opt/airflow/dags/fetchxrate_xcom.py for tasks to queue
[2024-08-18T07:55:50.796+0000] {logging_mixin.py:190} INFO - [2024-08-18T07:55:50.796+0000] {dagbag.py:587} INFO - Filling up the DagBag from /opt/airflow/dags/fetchxrate_xcom.py
[2024-08-18T07:55:50.845+0000] {processor.py:925} INFO - DAG(s) 'xrate_to_s3' retrieved from /opt/airflow/dags/fetchxrate_xcom.py
[2024-08-18T07:55:50.891+0000] {logging_mixin.py:190} INFO - [2024-08-18T07:55:50.890+0000] {dag.py:3211} INFO - Sync 1 DAGs
[2024-08-18T07:55:50.932+0000] {logging_mixin.py:190} INFO - [2024-08-18T07:55:50.932+0000] {dag.py:4138} INFO - Setting next_dagrun for xrate_to_s3 to 2024-08-17 23:00:00+00:00, run_after=2024-08-18 23:00:00+00:00
[2024-08-18T07:55:51.052+0000] {processor.py:208} INFO - Processing /opt/airflow/dags/fetchxrate_xcom.py took 0.266 seconds
[2024-08-18T07:56:22.752+0000] {processor.py:186} INFO - Started process (PID=789) to work on /opt/airflow/dags/fetchxrate_xcom.py
[2024-08-18T07:56:22.753+0000] {processor.py:914} INFO - Processing file /opt/airflow/dags/fetchxrate_xcom.py for tasks to queue
[2024-08-18T07:56:22.755+0000] {logging_mixin.py:190} INFO - [2024-08-18T07:56:22.755+0000] {dagbag.py:587} INFO - Filling up the DagBag from /opt/airflow/dags/fetchxrate_xcom.py
[2024-08-18T07:56:22.827+0000] {processor.py:925} INFO - DAG(s) 'xrate_to_s3' retrieved from /opt/airflow/dags/fetchxrate_xcom.py
[2024-08-18T07:56:22.880+0000] {logging_mixin.py:190} INFO - [2024-08-18T07:56:22.879+0000] {dag.py:3211} INFO - Sync 1 DAGs
[2024-08-18T07:56:22.924+0000] {logging_mixin.py:190} INFO - [2024-08-18T07:56:22.924+0000] {dag.py:4138} INFO - Setting next_dagrun for xrate_to_s3 to 2024-08-17 23:00:00+00:00, run_after=2024-08-18 23:00:00+00:00
[2024-08-18T07:56:22.986+0000] {processor.py:208} INFO - Processing /opt/airflow/dags/fetchxrate_xcom.py took 0.239 seconds
[2024-08-18T07:56:56.329+0000] {processor.py:186} INFO - Started process (PID=805) to work on /opt/airflow/dags/fetchxrate_xcom.py
[2024-08-18T07:56:56.331+0000] {processor.py:914} INFO - Processing file /opt/airflow/dags/fetchxrate_xcom.py for tasks to queue
[2024-08-18T07:56:56.332+0000] {logging_mixin.py:190} INFO - [2024-08-18T07:56:56.332+0000] {dagbag.py:587} INFO - Filling up the DagBag from /opt/airflow/dags/fetchxrate_xcom.py
[2024-08-18T07:56:56.381+0000] {processor.py:925} INFO - DAG(s) 'xrate_to_s3' retrieved from /opt/airflow/dags/fetchxrate_xcom.py
[2024-08-18T07:56:56.431+0000] {logging_mixin.py:190} INFO - [2024-08-18T07:56:56.430+0000] {dag.py:3211} INFO - Sync 1 DAGs
[2024-08-18T07:56:56.470+0000] {logging_mixin.py:190} INFO - [2024-08-18T07:56:56.469+0000] {dag.py:4138} INFO - Setting next_dagrun for xrate_to_s3 to 2024-08-17 23:00:00+00:00, run_after=2024-08-18 23:00:00+00:00
[2024-08-18T07:56:56.593+0000] {processor.py:208} INFO - Processing /opt/airflow/dags/fetchxrate_xcom.py took 0.273 seconds
[2024-08-18T07:57:28.579+0000] {processor.py:186} INFO - Started process (PID=821) to work on /opt/airflow/dags/fetchxrate_xcom.py
[2024-08-18T07:57:28.580+0000] {processor.py:914} INFO - Processing file /opt/airflow/dags/fetchxrate_xcom.py for tasks to queue
[2024-08-18T07:57:28.583+0000] {logging_mixin.py:190} INFO - [2024-08-18T07:57:28.582+0000] {dagbag.py:587} INFO - Filling up the DagBag from /opt/airflow/dags/fetchxrate_xcom.py
[2024-08-18T07:57:28.642+0000] {processor.py:925} INFO - DAG(s) 'xrate_to_s3' retrieved from /opt/airflow/dags/fetchxrate_xcom.py
[2024-08-18T07:57:28.711+0000] {logging_mixin.py:190} INFO - [2024-08-18T07:57:28.710+0000] {dag.py:3211} INFO - Sync 1 DAGs
[2024-08-18T07:57:28.763+0000] {logging_mixin.py:190} INFO - [2024-08-18T07:57:28.762+0000] {dag.py:4138} INFO - Setting next_dagrun for xrate_to_s3 to 2024-08-17 23:00:00+00:00, run_after=2024-08-18 23:00:00+00:00
[2024-08-18T07:57:28.899+0000] {processor.py:208} INFO - Processing /opt/airflow/dags/fetchxrate_xcom.py took 0.327 seconds
[2024-08-18T07:58:00.141+0000] {processor.py:186} INFO - Started process (PID=837) to work on /opt/airflow/dags/fetchxrate_xcom.py
[2024-08-18T07:58:00.142+0000] {processor.py:914} INFO - Processing file /opt/airflow/dags/fetchxrate_xcom.py for tasks to queue
[2024-08-18T07:58:00.144+0000] {logging_mixin.py:190} INFO - [2024-08-18T07:58:00.144+0000] {dagbag.py:587} INFO - Filling up the DagBag from /opt/airflow/dags/fetchxrate_xcom.py
[2024-08-18T07:58:00.180+0000] {processor.py:925} INFO - DAG(s) 'xrate_to_s3' retrieved from /opt/airflow/dags/fetchxrate_xcom.py
[2024-08-18T07:58:00.229+0000] {logging_mixin.py:190} INFO - [2024-08-18T07:58:00.228+0000] {dag.py:3211} INFO - Sync 1 DAGs
[2024-08-18T07:58:00.279+0000] {logging_mixin.py:190} INFO - [2024-08-18T07:58:00.279+0000] {dag.py:4138} INFO - Setting next_dagrun for xrate_to_s3 to 2024-08-17 23:00:00+00:00, run_after=2024-08-18 23:00:00+00:00
[2024-08-18T07:58:00.369+0000] {processor.py:208} INFO - Processing /opt/airflow/dags/fetchxrate_xcom.py took 0.238 seconds
[2024-08-18T07:58:31.845+0000] {processor.py:186} INFO - Started process (PID=853) to work on /opt/airflow/dags/fetchxrate_xcom.py
[2024-08-18T07:58:31.847+0000] {processor.py:914} INFO - Processing file /opt/airflow/dags/fetchxrate_xcom.py for tasks to queue
[2024-08-18T07:58:31.849+0000] {logging_mixin.py:190} INFO - [2024-08-18T07:58:31.849+0000] {dagbag.py:587} INFO - Filling up the DagBag from /opt/airflow/dags/fetchxrate_xcom.py
[2024-08-18T07:58:31.894+0000] {processor.py:925} INFO - DAG(s) 'xrate_to_s3' retrieved from /opt/airflow/dags/fetchxrate_xcom.py
[2024-08-18T07:58:31.971+0000] {logging_mixin.py:190} INFO - [2024-08-18T07:58:31.970+0000] {dag.py:3211} INFO - Sync 1 DAGs
[2024-08-18T07:58:32.026+0000] {logging_mixin.py:190} INFO - [2024-08-18T07:58:32.026+0000] {dag.py:4138} INFO - Setting next_dagrun for xrate_to_s3 to 2024-08-17 23:00:00+00:00, run_after=2024-08-18 23:00:00+00:00
[2024-08-18T07:58:32.153+0000] {processor.py:208} INFO - Processing /opt/airflow/dags/fetchxrate_xcom.py took 0.318 seconds
[2024-08-18T07:59:05.167+0000] {processor.py:186} INFO - Started process (PID=869) to work on /opt/airflow/dags/fetchxrate_xcom.py
[2024-08-18T07:59:05.169+0000] {processor.py:914} INFO - Processing file /opt/airflow/dags/fetchxrate_xcom.py for tasks to queue
[2024-08-18T07:59:05.171+0000] {logging_mixin.py:190} INFO - [2024-08-18T07:59:05.170+0000] {dagbag.py:587} INFO - Filling up the DagBag from /opt/airflow/dags/fetchxrate_xcom.py
[2024-08-18T07:59:05.221+0000] {processor.py:925} INFO - DAG(s) 'xrate_to_s3' retrieved from /opt/airflow/dags/fetchxrate_xcom.py
[2024-08-18T07:59:05.271+0000] {logging_mixin.py:190} INFO - [2024-08-18T07:59:05.270+0000] {dag.py:3211} INFO - Sync 1 DAGs
[2024-08-18T07:59:05.314+0000] {logging_mixin.py:190} INFO - [2024-08-18T07:59:05.314+0000] {dag.py:4138} INFO - Setting next_dagrun for xrate_to_s3 to 2024-08-17 23:00:00+00:00, run_after=2024-08-18 23:00:00+00:00
[2024-08-18T07:59:05.710+0000] {processor.py:208} INFO - Processing /opt/airflow/dags/fetchxrate_xcom.py took 0.549 seconds
[2024-08-18T07:59:36.383+0000] {processor.py:186} INFO - Started process (PID=885) to work on /opt/airflow/dags/fetchxrate_xcom.py
[2024-08-18T07:59:36.385+0000] {processor.py:914} INFO - Processing file /opt/airflow/dags/fetchxrate_xcom.py for tasks to queue
[2024-08-18T07:59:36.387+0000] {logging_mixin.py:190} INFO - [2024-08-18T07:59:36.386+0000] {dagbag.py:587} INFO - Filling up the DagBag from /opt/airflow/dags/fetchxrate_xcom.py
[2024-08-18T07:59:36.424+0000] {processor.py:925} INFO - DAG(s) 'xrate_to_s3' retrieved from /opt/airflow/dags/fetchxrate_xcom.py
[2024-08-18T07:59:36.472+0000] {logging_mixin.py:190} INFO - [2024-08-18T07:59:36.471+0000] {dag.py:3211} INFO - Sync 1 DAGs
[2024-08-18T07:59:36.521+0000] {logging_mixin.py:190} INFO - [2024-08-18T07:59:36.520+0000] {dag.py:4138} INFO - Setting next_dagrun for xrate_to_s3 to 2024-08-17 23:00:00+00:00, run_after=2024-08-18 23:00:00+00:00
[2024-08-18T07:59:36.911+0000] {processor.py:208} INFO - Processing /opt/airflow/dags/fetchxrate_xcom.py took 0.537 seconds
[2024-08-18T08:00:07.951+0000] {processor.py:186} INFO - Started process (PID=901) to work on /opt/airflow/dags/fetchxrate_xcom.py
[2024-08-18T08:00:07.952+0000] {processor.py:914} INFO - Processing file /opt/airflow/dags/fetchxrate_xcom.py for tasks to queue
[2024-08-18T08:00:07.955+0000] {logging_mixin.py:190} INFO - [2024-08-18T08:00:07.954+0000] {dagbag.py:587} INFO - Filling up the DagBag from /opt/airflow/dags/fetchxrate_xcom.py
[2024-08-18T08:00:08.014+0000] {processor.py:925} INFO - DAG(s) 'xrate_to_s3' retrieved from /opt/airflow/dags/fetchxrate_xcom.py
[2024-08-18T08:00:08.074+0000] {logging_mixin.py:190} INFO - [2024-08-18T08:00:08.073+0000] {dag.py:3211} INFO - Sync 1 DAGs
[2024-08-18T08:00:08.291+0000] {logging_mixin.py:190} INFO - [2024-08-18T08:00:08.290+0000] {dag.py:4138} INFO - Setting next_dagrun for xrate_to_s3 to 2024-08-17 23:00:00+00:00, run_after=2024-08-18 23:00:00+00:00
[2024-08-18T08:00:08.430+0000] {processor.py:208} INFO - Processing /opt/airflow/dags/fetchxrate_xcom.py took 0.485 seconds
[2024-08-18T08:00:39.432+0000] {processor.py:186} INFO - Started process (PID=917) to work on /opt/airflow/dags/fetchxrate_xcom.py
[2024-08-18T08:00:39.435+0000] {processor.py:914} INFO - Processing file /opt/airflow/dags/fetchxrate_xcom.py for tasks to queue
[2024-08-18T08:00:39.437+0000] {logging_mixin.py:190} INFO - [2024-08-18T08:00:39.437+0000] {dagbag.py:587} INFO - Filling up the DagBag from /opt/airflow/dags/fetchxrate_xcom.py
[2024-08-18T08:00:39.506+0000] {processor.py:925} INFO - DAG(s) 'xrate_to_s3' retrieved from /opt/airflow/dags/fetchxrate_xcom.py
[2024-08-18T08:00:39.566+0000] {logging_mixin.py:190} INFO - [2024-08-18T08:00:39.565+0000] {dag.py:3211} INFO - Sync 1 DAGs
[2024-08-18T08:00:39.619+0000] {logging_mixin.py:190} INFO - [2024-08-18T08:00:39.618+0000] {dag.py:4138} INFO - Setting next_dagrun for xrate_to_s3 to 2024-08-17 23:00:00+00:00, run_after=2024-08-18 23:00:00+00:00
[2024-08-18T08:00:39.738+0000] {processor.py:208} INFO - Processing /opt/airflow/dags/fetchxrate_xcom.py took 0.315 seconds
[2024-08-18T08:01:11.106+0000] {processor.py:186} INFO - Started process (PID=933) to work on /opt/airflow/dags/fetchxrate_xcom.py
[2024-08-18T08:01:11.107+0000] {processor.py:914} INFO - Processing file /opt/airflow/dags/fetchxrate_xcom.py for tasks to queue
[2024-08-18T08:01:11.111+0000] {logging_mixin.py:190} INFO - [2024-08-18T08:01:11.109+0000] {dagbag.py:587} INFO - Filling up the DagBag from /opt/airflow/dags/fetchxrate_xcom.py
[2024-08-18T08:01:11.165+0000] {processor.py:925} INFO - DAG(s) 'xrate_to_s3' retrieved from /opt/airflow/dags/fetchxrate_xcom.py
[2024-08-18T08:01:11.219+0000] {logging_mixin.py:190} INFO - [2024-08-18T08:01:11.217+0000] {dag.py:3211} INFO - Sync 1 DAGs
[2024-08-18T08:01:11.258+0000] {logging_mixin.py:190} INFO - [2024-08-18T08:01:11.258+0000] {dag.py:4138} INFO - Setting next_dagrun for xrate_to_s3 to 2024-08-17 23:00:00+00:00, run_after=2024-08-18 23:00:00+00:00
[2024-08-18T08:01:11.387+0000] {processor.py:208} INFO - Processing /opt/airflow/dags/fetchxrate_xcom.py took 0.287 seconds
[2024-08-18T08:01:41.785+0000] {processor.py:186} INFO - Started process (PID=949) to work on /opt/airflow/dags/fetchxrate_xcom.py
[2024-08-18T08:01:41.786+0000] {processor.py:914} INFO - Processing file /opt/airflow/dags/fetchxrate_xcom.py for tasks to queue
[2024-08-18T08:01:41.788+0000] {logging_mixin.py:190} INFO - [2024-08-18T08:01:41.788+0000] {dagbag.py:587} INFO - Filling up the DagBag from /opt/airflow/dags/fetchxrate_xcom.py
[2024-08-18T08:01:41.850+0000] {processor.py:925} INFO - DAG(s) 'xrate_to_s3' retrieved from /opt/airflow/dags/fetchxrate_xcom.py
[2024-08-18T08:01:41.900+0000] {logging_mixin.py:190} INFO - [2024-08-18T08:01:41.899+0000] {dag.py:3211} INFO - Sync 1 DAGs
[2024-08-18T08:01:41.947+0000] {logging_mixin.py:190} INFO - [2024-08-18T08:01:41.946+0000] {dag.py:4138} INFO - Setting next_dagrun for xrate_to_s3 to 2024-08-17 23:00:00+00:00, run_after=2024-08-18 23:00:00+00:00
[2024-08-18T08:01:42.087+0000] {processor.py:208} INFO - Processing /opt/airflow/dags/fetchxrate_xcom.py took 0.308 seconds
[2024-08-18T08:02:13.148+0000] {processor.py:186} INFO - Started process (PID=967) to work on /opt/airflow/dags/fetchxrate_xcom.py
[2024-08-18T08:02:13.150+0000] {processor.py:914} INFO - Processing file /opt/airflow/dags/fetchxrate_xcom.py for tasks to queue
[2024-08-18T08:02:13.151+0000] {logging_mixin.py:190} INFO - [2024-08-18T08:02:13.151+0000] {dagbag.py:587} INFO - Filling up the DagBag from /opt/airflow/dags/fetchxrate_xcom.py
[2024-08-18T08:02:13.197+0000] {processor.py:925} INFO - DAG(s) 'xrate_to_s3' retrieved from /opt/airflow/dags/fetchxrate_xcom.py
[2024-08-18T08:02:13.245+0000] {logging_mixin.py:190} INFO - [2024-08-18T08:02:13.244+0000] {dag.py:3211} INFO - Sync 1 DAGs
[2024-08-18T08:02:13.287+0000] {logging_mixin.py:190} INFO - [2024-08-18T08:02:13.286+0000] {dag.py:4138} INFO - Setting next_dagrun for xrate_to_s3 to 2024-08-17 23:00:00+00:00, run_after=2024-08-18 23:00:00+00:00
[2024-08-18T08:02:13.391+0000] {processor.py:208} INFO - Processing /opt/airflow/dags/fetchxrate_xcom.py took 0.249 seconds
[2024-08-18T08:02:44.748+0000] {processor.py:186} INFO - Started process (PID=985) to work on /opt/airflow/dags/fetchxrate_xcom.py
[2024-08-18T08:02:44.750+0000] {processor.py:914} INFO - Processing file /opt/airflow/dags/fetchxrate_xcom.py for tasks to queue
[2024-08-18T08:02:44.751+0000] {logging_mixin.py:190} INFO - [2024-08-18T08:02:44.751+0000] {dagbag.py:587} INFO - Filling up the DagBag from /opt/airflow/dags/fetchxrate_xcom.py
[2024-08-18T08:02:44.810+0000] {processor.py:925} INFO - DAG(s) 'xrate_to_s3' retrieved from /opt/airflow/dags/fetchxrate_xcom.py
[2024-08-18T08:02:44.866+0000] {logging_mixin.py:190} INFO - [2024-08-18T08:02:44.865+0000] {dag.py:3211} INFO - Sync 1 DAGs
[2024-08-18T08:02:44.907+0000] {logging_mixin.py:190} INFO - [2024-08-18T08:02:44.906+0000] {dag.py:4138} INFO - Setting next_dagrun for xrate_to_s3 to 2024-08-17 23:00:00+00:00, run_after=2024-08-18 23:00:00+00:00
[2024-08-18T08:02:45.022+0000] {processor.py:208} INFO - Processing /opt/airflow/dags/fetchxrate_xcom.py took 0.280 seconds
[2024-08-18T08:03:16.126+0000] {processor.py:186} INFO - Started process (PID=1003) to work on /opt/airflow/dags/fetchxrate_xcom.py
[2024-08-18T08:03:16.128+0000] {processor.py:914} INFO - Processing file /opt/airflow/dags/fetchxrate_xcom.py for tasks to queue
[2024-08-18T08:03:16.130+0000] {logging_mixin.py:190} INFO - [2024-08-18T08:03:16.129+0000] {dagbag.py:587} INFO - Filling up the DagBag from /opt/airflow/dags/fetchxrate_xcom.py
[2024-08-18T08:03:16.191+0000] {processor.py:925} INFO - DAG(s) 'xrate_to_s3' retrieved from /opt/airflow/dags/fetchxrate_xcom.py
[2024-08-18T08:03:16.242+0000] {logging_mixin.py:190} INFO - [2024-08-18T08:03:16.241+0000] {dag.py:3211} INFO - Sync 1 DAGs
[2024-08-18T08:03:16.285+0000] {logging_mixin.py:190} INFO - [2024-08-18T08:03:16.285+0000] {dag.py:4138} INFO - Setting next_dagrun for xrate_to_s3 to 2024-08-17 23:00:00+00:00, run_after=2024-08-18 23:00:00+00:00
[2024-08-18T08:03:16.424+0000] {processor.py:208} INFO - Processing /opt/airflow/dags/fetchxrate_xcom.py took 0.303 seconds
[2024-08-18T08:03:47.562+0000] {processor.py:186} INFO - Started process (PID=1021) to work on /opt/airflow/dags/fetchxrate_xcom.py
[2024-08-18T08:03:47.564+0000] {processor.py:914} INFO - Processing file /opt/airflow/dags/fetchxrate_xcom.py for tasks to queue
[2024-08-18T08:03:47.566+0000] {logging_mixin.py:190} INFO - [2024-08-18T08:03:47.565+0000] {dagbag.py:587} INFO - Filling up the DagBag from /opt/airflow/dags/fetchxrate_xcom.py
[2024-08-18T08:03:47.620+0000] {processor.py:925} INFO - DAG(s) 'xrate_to_s3' retrieved from /opt/airflow/dags/fetchxrate_xcom.py
[2024-08-18T08:03:47.671+0000] {logging_mixin.py:190} INFO - [2024-08-18T08:03:47.670+0000] {dag.py:3211} INFO - Sync 1 DAGs
[2024-08-18T08:03:47.711+0000] {logging_mixin.py:190} INFO - [2024-08-18T08:03:47.711+0000] {dag.py:4138} INFO - Setting next_dagrun for xrate_to_s3 to 2024-08-17 23:00:00+00:00, run_after=2024-08-18 23:00:00+00:00
[2024-08-18T08:03:47.848+0000] {processor.py:208} INFO - Processing /opt/airflow/dags/fetchxrate_xcom.py took 0.291 seconds
[2024-08-18T08:04:18.623+0000] {processor.py:186} INFO - Started process (PID=1039) to work on /opt/airflow/dags/fetchxrate_xcom.py
[2024-08-18T08:04:18.625+0000] {processor.py:914} INFO - Processing file /opt/airflow/dags/fetchxrate_xcom.py for tasks to queue
[2024-08-18T08:04:18.629+0000] {logging_mixin.py:190} INFO - [2024-08-18T08:04:18.628+0000] {dagbag.py:587} INFO - Filling up the DagBag from /opt/airflow/dags/fetchxrate_xcom.py
[2024-08-18T08:04:18.692+0000] {processor.py:925} INFO - DAG(s) 'xrate_to_s3' retrieved from /opt/airflow/dags/fetchxrate_xcom.py
[2024-08-18T08:04:18.753+0000] {logging_mixin.py:190} INFO - [2024-08-18T08:04:18.752+0000] {dag.py:3211} INFO - Sync 1 DAGs
[2024-08-18T08:04:18.803+0000] {logging_mixin.py:190} INFO - [2024-08-18T08:04:18.803+0000] {dag.py:4138} INFO - Setting next_dagrun for xrate_to_s3 to 2024-08-17 23:00:00+00:00, run_after=2024-08-18 23:00:00+00:00
[2024-08-18T08:04:18.879+0000] {processor.py:208} INFO - Processing /opt/airflow/dags/fetchxrate_xcom.py took 0.261 seconds
[2024-08-18T08:04:49.496+0000] {processor.py:186} INFO - Started process (PID=1057) to work on /opt/airflow/dags/fetchxrate_xcom.py
[2024-08-18T08:04:49.497+0000] {processor.py:914} INFO - Processing file /opt/airflow/dags/fetchxrate_xcom.py for tasks to queue
[2024-08-18T08:04:49.499+0000] {logging_mixin.py:190} INFO - [2024-08-18T08:04:49.499+0000] {dagbag.py:587} INFO - Filling up the DagBag from /opt/airflow/dags/fetchxrate_xcom.py
[2024-08-18T08:04:49.545+0000] {processor.py:925} INFO - DAG(s) 'xrate_to_s3' retrieved from /opt/airflow/dags/fetchxrate_xcom.py
[2024-08-18T08:04:49.597+0000] {logging_mixin.py:190} INFO - [2024-08-18T08:04:49.596+0000] {dag.py:3211} INFO - Sync 1 DAGs
[2024-08-18T08:04:49.639+0000] {logging_mixin.py:190} INFO - [2024-08-18T08:04:49.638+0000] {dag.py:4138} INFO - Setting next_dagrun for xrate_to_s3 to 2024-08-17 23:00:00+00:00, run_after=2024-08-18 23:00:00+00:00
[2024-08-18T08:04:49.764+0000] {processor.py:208} INFO - Processing /opt/airflow/dags/fetchxrate_xcom.py took 0.273 seconds
[2024-08-18T08:05:20.360+0000] {processor.py:186} INFO - Started process (PID=1074) to work on /opt/airflow/dags/fetchxrate_xcom.py
[2024-08-18T08:05:20.362+0000] {processor.py:914} INFO - Processing file /opt/airflow/dags/fetchxrate_xcom.py for tasks to queue
[2024-08-18T08:05:20.363+0000] {logging_mixin.py:190} INFO - [2024-08-18T08:05:20.363+0000] {dagbag.py:587} INFO - Filling up the DagBag from /opt/airflow/dags/fetchxrate_xcom.py
[2024-08-18T08:05:20.397+0000] {processor.py:925} INFO - DAG(s) 'xrate_to_s3' retrieved from /opt/airflow/dags/fetchxrate_xcom.py
[2024-08-18T08:05:20.445+0000] {logging_mixin.py:190} INFO - [2024-08-18T08:05:20.444+0000] {dag.py:3211} INFO - Sync 1 DAGs
[2024-08-18T08:05:20.486+0000] {logging_mixin.py:190} INFO - [2024-08-18T08:05:20.486+0000] {dag.py:4138} INFO - Setting next_dagrun for xrate_to_s3 to 2024-08-17 23:00:00+00:00, run_after=2024-08-18 23:00:00+00:00
[2024-08-18T08:05:20.782+0000] {processor.py:208} INFO - Processing /opt/airflow/dags/fetchxrate_xcom.py took 0.428 seconds
[2024-08-18T08:05:51.493+0000] {processor.py:186} INFO - Started process (PID=1092) to work on /opt/airflow/dags/fetchxrate_xcom.py
[2024-08-18T08:05:51.495+0000] {processor.py:914} INFO - Processing file /opt/airflow/dags/fetchxrate_xcom.py for tasks to queue
[2024-08-18T08:05:51.499+0000] {logging_mixin.py:190} INFO - [2024-08-18T08:05:51.498+0000] {dagbag.py:587} INFO - Filling up the DagBag from /opt/airflow/dags/fetchxrate_xcom.py
[2024-08-18T08:05:51.560+0000] {processor.py:925} INFO - DAG(s) 'xrate_to_s3' retrieved from /opt/airflow/dags/fetchxrate_xcom.py
[2024-08-18T08:05:51.622+0000] {logging_mixin.py:190} INFO - [2024-08-18T08:05:51.621+0000] {dag.py:3211} INFO - Sync 1 DAGs
[2024-08-18T08:05:51.675+0000] {logging_mixin.py:190} INFO - [2024-08-18T08:05:51.674+0000] {dag.py:4138} INFO - Setting next_dagrun for xrate_to_s3 to 2024-08-17 23:00:00+00:00, run_after=2024-08-18 23:00:00+00:00
[2024-08-18T08:05:51.992+0000] {processor.py:208} INFO - Processing /opt/airflow/dags/fetchxrate_xcom.py took 0.504 seconds
[2024-08-18T08:06:23.413+0000] {processor.py:186} INFO - Started process (PID=1110) to work on /opt/airflow/dags/fetchxrate_xcom.py
[2024-08-18T08:06:23.415+0000] {processor.py:914} INFO - Processing file /opt/airflow/dags/fetchxrate_xcom.py for tasks to queue
[2024-08-18T08:06:23.418+0000] {logging_mixin.py:190} INFO - [2024-08-18T08:06:23.417+0000] {dagbag.py:587} INFO - Filling up the DagBag from /opt/airflow/dags/fetchxrate_xcom.py
[2024-08-18T08:06:23.472+0000] {processor.py:925} INFO - DAG(s) 'xrate_to_s3' retrieved from /opt/airflow/dags/fetchxrate_xcom.py
[2024-08-18T08:06:23.532+0000] {logging_mixin.py:190} INFO - [2024-08-18T08:06:23.531+0000] {dag.py:3211} INFO - Sync 1 DAGs
[2024-08-18T08:06:23.874+0000] {logging_mixin.py:190} INFO - [2024-08-18T08:06:23.873+0000] {dag.py:4138} INFO - Setting next_dagrun for xrate_to_s3 to 2024-08-17 23:00:00+00:00, run_after=2024-08-18 23:00:00+00:00
[2024-08-18T08:06:24.004+0000] {processor.py:208} INFO - Processing /opt/airflow/dags/fetchxrate_xcom.py took 0.600 seconds
[2024-08-18T08:06:56.697+0000] {processor.py:186} INFO - Started process (PID=1128) to work on /opt/airflow/dags/fetchxrate_xcom.py
[2024-08-18T08:06:56.699+0000] {processor.py:914} INFO - Processing file /opt/airflow/dags/fetchxrate_xcom.py for tasks to queue
[2024-08-18T08:06:56.701+0000] {logging_mixin.py:190} INFO - [2024-08-18T08:06:56.701+0000] {dagbag.py:587} INFO - Filling up the DagBag from /opt/airflow/dags/fetchxrate_xcom.py
[2024-08-18T08:06:56.759+0000] {processor.py:925} INFO - DAG(s) 'xrate_to_s3' retrieved from /opt/airflow/dags/fetchxrate_xcom.py
[2024-08-18T08:06:56.823+0000] {logging_mixin.py:190} INFO - [2024-08-18T08:06:56.822+0000] {dag.py:3211} INFO - Sync 1 DAGs
[2024-08-18T08:06:57.143+0000] {logging_mixin.py:190} INFO - [2024-08-18T08:06:57.143+0000] {dag.py:4138} INFO - Setting next_dagrun for xrate_to_s3 to 2024-08-17 23:00:00+00:00, run_after=2024-08-18 23:00:00+00:00
[2024-08-18T08:06:57.250+0000] {processor.py:208} INFO - Processing /opt/airflow/dags/fetchxrate_xcom.py took 0.562 seconds
[2024-08-18T08:07:27.680+0000] {processor.py:186} INFO - Started process (PID=1146) to work on /opt/airflow/dags/fetchxrate_xcom.py
[2024-08-18T08:07:27.682+0000] {processor.py:914} INFO - Processing file /opt/airflow/dags/fetchxrate_xcom.py for tasks to queue
[2024-08-18T08:07:27.684+0000] {logging_mixin.py:190} INFO - [2024-08-18T08:07:27.684+0000] {dagbag.py:587} INFO - Filling up the DagBag from /opt/airflow/dags/fetchxrate_xcom.py
[2024-08-18T08:07:27.743+0000] {processor.py:925} INFO - DAG(s) 'xrate_to_s3' retrieved from /opt/airflow/dags/fetchxrate_xcom.py
[2024-08-18T08:07:27.813+0000] {logging_mixin.py:190} INFO - [2024-08-18T08:07:27.810+0000] {dag.py:3211} INFO - Sync 1 DAGs
[2024-08-18T08:07:27.875+0000] {logging_mixin.py:190} INFO - [2024-08-18T08:07:27.875+0000] {dag.py:4138} INFO - Setting next_dagrun for xrate_to_s3 to 2024-08-17 23:00:00+00:00, run_after=2024-08-18 23:00:00+00:00
[2024-08-18T08:07:27.995+0000] {processor.py:208} INFO - Processing /opt/airflow/dags/fetchxrate_xcom.py took 0.329 seconds
[2024-08-18T08:07:59.069+0000] {processor.py:186} INFO - Started process (PID=1164) to work on /opt/airflow/dags/fetchxrate_xcom.py
[2024-08-18T08:07:59.070+0000] {processor.py:914} INFO - Processing file /opt/airflow/dags/fetchxrate_xcom.py for tasks to queue
[2024-08-18T08:07:59.073+0000] {logging_mixin.py:190} INFO - [2024-08-18T08:07:59.072+0000] {dagbag.py:587} INFO - Filling up the DagBag from /opt/airflow/dags/fetchxrate_xcom.py
[2024-08-18T08:07:59.125+0000] {processor.py:925} INFO - DAG(s) 'xrate_to_s3' retrieved from /opt/airflow/dags/fetchxrate_xcom.py
[2024-08-18T08:07:59.183+0000] {logging_mixin.py:190} INFO - [2024-08-18T08:07:59.182+0000] {dag.py:3211} INFO - Sync 1 DAGs
[2024-08-18T08:07:59.239+0000] {logging_mixin.py:190} INFO - [2024-08-18T08:07:59.239+0000] {dag.py:4138} INFO - Setting next_dagrun for xrate_to_s3 to 2024-08-17 23:00:00+00:00, run_after=2024-08-18 23:00:00+00:00
[2024-08-18T08:07:59.398+0000] {processor.py:208} INFO - Processing /opt/airflow/dags/fetchxrate_xcom.py took 0.336 seconds
[2024-08-18T08:08:30.273+0000] {processor.py:186} INFO - Started process (PID=1182) to work on /opt/airflow/dags/fetchxrate_xcom.py
[2024-08-18T08:08:30.275+0000] {processor.py:914} INFO - Processing file /opt/airflow/dags/fetchxrate_xcom.py for tasks to queue
[2024-08-18T08:08:30.277+0000] {logging_mixin.py:190} INFO - [2024-08-18T08:08:30.276+0000] {dagbag.py:587} INFO - Filling up the DagBag from /opt/airflow/dags/fetchxrate_xcom.py
[2024-08-18T08:08:30.336+0000] {processor.py:925} INFO - DAG(s) 'xrate_to_s3' retrieved from /opt/airflow/dags/fetchxrate_xcom.py
[2024-08-18T08:08:30.394+0000] {logging_mixin.py:190} INFO - [2024-08-18T08:08:30.393+0000] {dag.py:3211} INFO - Sync 1 DAGs
[2024-08-18T08:08:30.442+0000] {logging_mixin.py:190} INFO - [2024-08-18T08:08:30.442+0000] {dag.py:4138} INFO - Setting next_dagrun for xrate_to_s3 to 2024-08-17 23:00:00+00:00, run_after=2024-08-18 23:00:00+00:00
[2024-08-18T08:08:30.587+0000] {processor.py:208} INFO - Processing /opt/airflow/dags/fetchxrate_xcom.py took 0.321 seconds
[2024-08-18T08:09:02.954+0000] {processor.py:186} INFO - Started process (PID=1200) to work on /opt/airflow/dags/fetchxrate_xcom.py
[2024-08-18T08:09:02.956+0000] {processor.py:914} INFO - Processing file /opt/airflow/dags/fetchxrate_xcom.py for tasks to queue
[2024-08-18T08:09:02.958+0000] {logging_mixin.py:190} INFO - [2024-08-18T08:09:02.958+0000] {dagbag.py:587} INFO - Filling up the DagBag from /opt/airflow/dags/fetchxrate_xcom.py
[2024-08-18T08:09:03.014+0000] {processor.py:925} INFO - DAG(s) 'xrate_to_s3' retrieved from /opt/airflow/dags/fetchxrate_xcom.py
[2024-08-18T08:09:03.082+0000] {logging_mixin.py:190} INFO - [2024-08-18T08:09:03.080+0000] {dag.py:3211} INFO - Sync 1 DAGs
[2024-08-18T08:09:03.163+0000] {logging_mixin.py:190} INFO - [2024-08-18T08:09:03.163+0000] {dag.py:4138} INFO - Setting next_dagrun for xrate_to_s3 to 2024-08-17 23:00:00+00:00, run_after=2024-08-18 23:00:00+00:00
[2024-08-18T08:09:03.372+0000] {processor.py:208} INFO - Processing /opt/airflow/dags/fetchxrate_xcom.py took 0.429 seconds
[2024-08-18T08:09:34.287+0000] {processor.py:186} INFO - Started process (PID=1218) to work on /opt/airflow/dags/fetchxrate_xcom.py
[2024-08-18T08:09:34.289+0000] {processor.py:914} INFO - Processing file /opt/airflow/dags/fetchxrate_xcom.py for tasks to queue
[2024-08-18T08:09:34.291+0000] {logging_mixin.py:190} INFO - [2024-08-18T08:09:34.291+0000] {dagbag.py:587} INFO - Filling up the DagBag from /opt/airflow/dags/fetchxrate_xcom.py
[2024-08-18T08:09:34.334+0000] {processor.py:925} INFO - DAG(s) 'xrate_to_s3' retrieved from /opt/airflow/dags/fetchxrate_xcom.py
[2024-08-18T08:09:34.386+0000] {logging_mixin.py:190} INFO - [2024-08-18T08:09:34.384+0000] {dag.py:3211} INFO - Sync 1 DAGs
[2024-08-18T08:09:34.431+0000] {logging_mixin.py:190} INFO - [2024-08-18T08:09:34.431+0000] {dag.py:4138} INFO - Setting next_dagrun for xrate_to_s3 to 2024-08-17 23:00:00+00:00, run_after=2024-08-18 23:00:00+00:00
[2024-08-18T08:09:34.533+0000] {processor.py:208} INFO - Processing /opt/airflow/dags/fetchxrate_xcom.py took 0.256 seconds
[2024-08-18T08:10:05.671+0000] {processor.py:186} INFO - Started process (PID=1236) to work on /opt/airflow/dags/fetchxrate_xcom.py
[2024-08-18T08:10:05.673+0000] {processor.py:914} INFO - Processing file /opt/airflow/dags/fetchxrate_xcom.py for tasks to queue
[2024-08-18T08:10:05.676+0000] {logging_mixin.py:190} INFO - [2024-08-18T08:10:05.675+0000] {dagbag.py:587} INFO - Filling up the DagBag from /opt/airflow/dags/fetchxrate_xcom.py
[2024-08-18T08:10:05.734+0000] {processor.py:925} INFO - DAG(s) 'xrate_to_s3' retrieved from /opt/airflow/dags/fetchxrate_xcom.py
[2024-08-18T08:10:05.783+0000] {logging_mixin.py:190} INFO - [2024-08-18T08:10:05.782+0000] {dag.py:3211} INFO - Sync 1 DAGs
[2024-08-18T08:10:05.828+0000] {logging_mixin.py:190} INFO - [2024-08-18T08:10:05.828+0000] {dag.py:4138} INFO - Setting next_dagrun for xrate_to_s3 to 2024-08-17 23:00:00+00:00, run_after=2024-08-18 23:00:00+00:00
[2024-08-18T08:10:05.946+0000] {processor.py:208} INFO - Processing /opt/airflow/dags/fetchxrate_xcom.py took 0.279 seconds
[2024-08-18T08:10:36.953+0000] {processor.py:186} INFO - Started process (PID=1254) to work on /opt/airflow/dags/fetchxrate_xcom.py
[2024-08-18T08:10:36.954+0000] {processor.py:914} INFO - Processing file /opt/airflow/dags/fetchxrate_xcom.py for tasks to queue
[2024-08-18T08:10:36.957+0000] {logging_mixin.py:190} INFO - [2024-08-18T08:10:36.956+0000] {dagbag.py:587} INFO - Filling up the DagBag from /opt/airflow/dags/fetchxrate_xcom.py
[2024-08-18T08:10:37.015+0000] {processor.py:925} INFO - DAG(s) 'xrate_to_s3' retrieved from /opt/airflow/dags/fetchxrate_xcom.py
[2024-08-18T08:10:37.071+0000] {logging_mixin.py:190} INFO - [2024-08-18T08:10:37.070+0000] {dag.py:3211} INFO - Sync 1 DAGs
[2024-08-18T08:10:37.119+0000] {logging_mixin.py:190} INFO - [2024-08-18T08:10:37.119+0000] {dag.py:4138} INFO - Setting next_dagrun for xrate_to_s3 to 2024-08-17 23:00:00+00:00, run_after=2024-08-18 23:00:00+00:00
[2024-08-18T08:10:37.258+0000] {processor.py:208} INFO - Processing /opt/airflow/dags/fetchxrate_xcom.py took 0.311 seconds
[2024-08-18T08:11:08.725+0000] {processor.py:186} INFO - Started process (PID=1271) to work on /opt/airflow/dags/fetchxrate_xcom.py
[2024-08-18T08:11:08.727+0000] {processor.py:914} INFO - Processing file /opt/airflow/dags/fetchxrate_xcom.py for tasks to queue
[2024-08-18T08:11:08.730+0000] {logging_mixin.py:190} INFO - [2024-08-18T08:11:08.729+0000] {dagbag.py:587} INFO - Filling up the DagBag from /opt/airflow/dags/fetchxrate_xcom.py
[2024-08-18T08:11:08.778+0000] {processor.py:925} INFO - DAG(s) 'xrate_to_s3' retrieved from /opt/airflow/dags/fetchxrate_xcom.py
[2024-08-18T08:11:08.844+0000] {logging_mixin.py:190} INFO - [2024-08-18T08:11:08.843+0000] {dag.py:3211} INFO - Sync 1 DAGs
[2024-08-18T08:11:08.904+0000] {logging_mixin.py:190} INFO - [2024-08-18T08:11:08.903+0000] {dag.py:4138} INFO - Setting next_dagrun for xrate_to_s3 to 2024-08-17 23:00:00+00:00, run_after=2024-08-18 23:00:00+00:00
[2024-08-18T08:11:09.027+0000] {processor.py:208} INFO - Processing /opt/airflow/dags/fetchxrate_xcom.py took 0.312 seconds
[2024-08-18T08:11:40.672+0000] {processor.py:186} INFO - Started process (PID=1289) to work on /opt/airflow/dags/fetchxrate_xcom.py
[2024-08-18T08:11:40.673+0000] {processor.py:914} INFO - Processing file /opt/airflow/dags/fetchxrate_xcom.py for tasks to queue
[2024-08-18T08:11:40.675+0000] {logging_mixin.py:190} INFO - [2024-08-18T08:11:40.675+0000] {dagbag.py:587} INFO - Filling up the DagBag from /opt/airflow/dags/fetchxrate_xcom.py
[2024-08-18T08:11:40.727+0000] {processor.py:925} INFO - DAG(s) 'xrate_to_s3' retrieved from /opt/airflow/dags/fetchxrate_xcom.py
[2024-08-18T08:11:40.774+0000] {logging_mixin.py:190} INFO - [2024-08-18T08:11:40.774+0000] {dag.py:3211} INFO - Sync 1 DAGs
[2024-08-18T08:11:40.817+0000] {logging_mixin.py:190} INFO - [2024-08-18T08:11:40.817+0000] {dag.py:4138} INFO - Setting next_dagrun for xrate_to_s3 to 2024-08-17 23:00:00+00:00, run_after=2024-08-18 23:00:00+00:00
[2024-08-18T08:11:41.133+0000] {processor.py:208} INFO - Processing /opt/airflow/dags/fetchxrate_xcom.py took 0.466 seconds
[2024-08-18T08:12:13.161+0000] {processor.py:186} INFO - Started process (PID=1307) to work on /opt/airflow/dags/fetchxrate_xcom.py
[2024-08-18T08:12:13.162+0000] {processor.py:914} INFO - Processing file /opt/airflow/dags/fetchxrate_xcom.py for tasks to queue
[2024-08-18T08:12:13.164+0000] {logging_mixin.py:190} INFO - [2024-08-18T08:12:13.164+0000] {dagbag.py:587} INFO - Filling up the DagBag from /opt/airflow/dags/fetchxrate_xcom.py
[2024-08-18T08:12:13.215+0000] {processor.py:925} INFO - DAG(s) 'xrate_to_s3' retrieved from /opt/airflow/dags/fetchxrate_xcom.py
[2024-08-18T08:12:13.271+0000] {logging_mixin.py:190} INFO - [2024-08-18T08:12:13.270+0000] {dag.py:3211} INFO - Sync 1 DAGs
[2024-08-18T08:12:13.318+0000] {logging_mixin.py:190} INFO - [2024-08-18T08:12:13.317+0000] {dag.py:4138} INFO - Setting next_dagrun for xrate_to_s3 to 2024-08-17 23:00:00+00:00, run_after=2024-08-18 23:00:00+00:00
[2024-08-18T08:12:13.630+0000] {processor.py:208} INFO - Processing /opt/airflow/dags/fetchxrate_xcom.py took 0.476 seconds
[2024-08-18T08:12:45.396+0000] {processor.py:186} INFO - Started process (PID=1326) to work on /opt/airflow/dags/fetchxrate_xcom.py
[2024-08-18T08:12:45.397+0000] {processor.py:914} INFO - Processing file /opt/airflow/dags/fetchxrate_xcom.py for tasks to queue
[2024-08-18T08:12:45.399+0000] {logging_mixin.py:190} INFO - [2024-08-18T08:12:45.399+0000] {dagbag.py:587} INFO - Filling up the DagBag from /opt/airflow/dags/fetchxrate_xcom.py
[2024-08-18T08:12:45.448+0000] {processor.py:925} INFO - DAG(s) 'xrate_to_s3' retrieved from /opt/airflow/dags/fetchxrate_xcom.py
[2024-08-18T08:12:45.499+0000] {logging_mixin.py:190} INFO - [2024-08-18T08:12:45.499+0000] {dag.py:3211} INFO - Sync 1 DAGs
[2024-08-18T08:12:45.733+0000] {logging_mixin.py:190} INFO - [2024-08-18T08:12:45.733+0000] {dag.py:4138} INFO - Setting next_dagrun for xrate_to_s3 to 2024-08-17 23:00:00+00:00, run_after=2024-08-18 23:00:00+00:00
[2024-08-18T08:12:45.861+0000] {processor.py:208} INFO - Processing /opt/airflow/dags/fetchxrate_xcom.py took 0.471 seconds
[2024-08-18T08:13:20.018+0000] {processor.py:186} INFO - Started process (PID=1344) to work on /opt/airflow/dags/fetchxrate_xcom.py
[2024-08-18T08:13:20.020+0000] {processor.py:914} INFO - Processing file /opt/airflow/dags/fetchxrate_xcom.py for tasks to queue
[2024-08-18T08:13:20.029+0000] {logging_mixin.py:190} INFO - [2024-08-18T08:13:20.027+0000] {dagbag.py:587} INFO - Filling up the DagBag from /opt/airflow/dags/fetchxrate_xcom.py
[2024-08-18T08:13:20.107+0000] {processor.py:925} INFO - DAG(s) 'xrate_to_s3' retrieved from /opt/airflow/dags/fetchxrate_xcom.py
[2024-08-18T08:13:20.182+0000] {logging_mixin.py:190} INFO - [2024-08-18T08:13:20.181+0000] {dag.py:3211} INFO - Sync 1 DAGs
[2024-08-18T08:13:20.548+0000] {logging_mixin.py:190} INFO - [2024-08-18T08:13:20.547+0000] {dag.py:4138} INFO - Setting next_dagrun for xrate_to_s3 to 2024-08-17 23:00:00+00:00, run_after=2024-08-18 23:00:00+00:00
[2024-08-18T08:13:20.699+0000] {processor.py:208} INFO - Processing /opt/airflow/dags/fetchxrate_xcom.py took 0.697 seconds
[2024-08-18T08:13:57.356+0000] {processor.py:186} INFO - Started process (PID=1363) to work on /opt/airflow/dags/fetchxrate_xcom.py
[2024-08-18T08:13:57.357+0000] {processor.py:914} INFO - Processing file /opt/airflow/dags/fetchxrate_xcom.py for tasks to queue
[2024-08-18T08:13:57.359+0000] {logging_mixin.py:190} INFO - [2024-08-18T08:13:57.359+0000] {dagbag.py:587} INFO - Filling up the DagBag from /opt/airflow/dags/fetchxrate_xcom.py
[2024-08-18T08:13:57.415+0000] {processor.py:925} INFO - DAG(s) 'xrate_to_s3' retrieved from /opt/airflow/dags/fetchxrate_xcom.py
[2024-08-18T08:13:57.469+0000] {logging_mixin.py:190} INFO - [2024-08-18T08:13:57.467+0000] {dag.py:3211} INFO - Sync 1 DAGs
[2024-08-18T08:13:57.515+0000] {logging_mixin.py:190} INFO - [2024-08-18T08:13:57.515+0000] {dag.py:4138} INFO - Setting next_dagrun for xrate_to_s3 to 2024-08-17 23:00:00+00:00, run_after=2024-08-18 23:00:00+00:00
[2024-08-18T08:13:57.648+0000] {processor.py:208} INFO - Processing /opt/airflow/dags/fetchxrate_xcom.py took 0.298 seconds
