[2024-08-18T08:01:51.010+0000] {processor.py:186} INFO - Started process (PID=954) to work on /opt/airflow/dags/hybridflow.py
[2024-08-18T08:01:51.012+0000] {processor.py:914} INFO - Processing file /opt/airflow/dags/hybridflow.py for tasks to queue
[2024-08-18T08:01:51.014+0000] {logging_mixin.py:190} INFO - [2024-08-18T08:01:51.014+0000] {dagbag.py:587} INFO - Filling up the DagBag from /opt/airflow/dags/hybridflow.py
[2024-08-18T08:01:51.109+0000] {processor.py:925} INFO - DAG(s) 'hybrid_dag' retrieved from /opt/airflow/dags/hybridflow.py
[2024-08-18T08:01:51.388+0000] {logging_mixin.py:190} INFO - [2024-08-18T08:01:51.387+0000] {override.py:1858} INFO - Created Permission View: can read on DAG:hybrid_dag
[2024-08-18T08:01:51.674+0000] {logging_mixin.py:190} INFO - [2024-08-18T08:01:51.673+0000] {override.py:1858} INFO - Created Permission View: can edit on DAG:hybrid_dag
[2024-08-18T08:01:51.748+0000] {logging_mixin.py:190} INFO - [2024-08-18T08:01:51.748+0000] {override.py:1858} INFO - Created Permission View: can delete on DAG:hybrid_dag
[2024-08-18T08:01:51.750+0000] {logging_mixin.py:190} INFO - [2024-08-18T08:01:51.749+0000] {dag.py:3211} INFO - Sync 1 DAGs
[2024-08-18T08:01:51.786+0000] {logging_mixin.py:190} INFO - [2024-08-18T08:01:51.786+0000] {dag.py:3234} INFO - Creating ORM DAG for hybrid_dag
[2024-08-18T08:01:51.804+0000] {logging_mixin.py:190} INFO - [2024-08-18T08:01:51.804+0000] {dag.py:4138} INFO - Setting next_dagrun for hybrid_dag to 2024-08-17 21:00:00+00:00, run_after=2024-08-18 21:00:00+00:00
[2024-08-18T08:01:51.933+0000] {processor.py:208} INFO - Processing /opt/airflow/dags/hybridflow.py took 0.929 seconds
[2024-08-18T08:02:22.383+0000] {processor.py:186} INFO - Started process (PID=972) to work on /opt/airflow/dags/hybridflow.py
[2024-08-18T08:02:22.385+0000] {processor.py:914} INFO - Processing file /opt/airflow/dags/hybridflow.py for tasks to queue
[2024-08-18T08:02:22.387+0000] {logging_mixin.py:190} INFO - [2024-08-18T08:02:22.386+0000] {dagbag.py:587} INFO - Filling up the DagBag from /opt/airflow/dags/hybridflow.py
[2024-08-18T08:02:22.446+0000] {processor.py:925} INFO - DAG(s) 'hybrid_dag' retrieved from /opt/airflow/dags/hybridflow.py
[2024-08-18T08:02:22.502+0000] {logging_mixin.py:190} INFO - [2024-08-18T08:02:22.502+0000] {dag.py:3211} INFO - Sync 1 DAGs
[2024-08-18T08:02:22.544+0000] {logging_mixin.py:190} INFO - [2024-08-18T08:02:22.544+0000] {dag.py:4138} INFO - Setting next_dagrun for hybrid_dag to 2024-08-17 21:00:00+00:00, run_after=2024-08-18 21:00:00+00:00
[2024-08-18T08:02:22.656+0000] {processor.py:208} INFO - Processing /opt/airflow/dags/hybridflow.py took 0.278 seconds
[2024-08-18T08:02:53.931+0000] {processor.py:186} INFO - Started process (PID=990) to work on /opt/airflow/dags/hybridflow.py
[2024-08-18T08:02:53.932+0000] {processor.py:914} INFO - Processing file /opt/airflow/dags/hybridflow.py for tasks to queue
[2024-08-18T08:02:53.935+0000] {logging_mixin.py:190} INFO - [2024-08-18T08:02:53.934+0000] {dagbag.py:587} INFO - Filling up the DagBag from /opt/airflow/dags/hybridflow.py
[2024-08-18T08:02:53.979+0000] {processor.py:925} INFO - DAG(s) 'hybrid_dag' retrieved from /opt/airflow/dags/hybridflow.py
[2024-08-18T08:02:54.025+0000] {logging_mixin.py:190} INFO - [2024-08-18T08:02:54.025+0000] {dag.py:3211} INFO - Sync 1 DAGs
[2024-08-18T08:02:54.069+0000] {logging_mixin.py:190} INFO - [2024-08-18T08:02:54.068+0000] {dag.py:4138} INFO - Setting next_dagrun for hybrid_dag to 2024-08-17 21:00:00+00:00, run_after=2024-08-18 21:00:00+00:00
[2024-08-18T08:02:54.187+0000] {processor.py:208} INFO - Processing /opt/airflow/dags/hybridflow.py took 0.263 seconds
[2024-08-18T08:03:25.068+0000] {processor.py:186} INFO - Started process (PID=1008) to work on /opt/airflow/dags/hybridflow.py
[2024-08-18T08:03:25.069+0000] {processor.py:914} INFO - Processing file /opt/airflow/dags/hybridflow.py for tasks to queue
[2024-08-18T08:03:25.071+0000] {logging_mixin.py:190} INFO - [2024-08-18T08:03:25.071+0000] {dagbag.py:587} INFO - Filling up the DagBag from /opt/airflow/dags/hybridflow.py
[2024-08-18T08:03:25.123+0000] {processor.py:925} INFO - DAG(s) 'hybrid_dag' retrieved from /opt/airflow/dags/hybridflow.py
[2024-08-18T08:03:25.159+0000] {logging_mixin.py:190} INFO - [2024-08-18T08:03:25.158+0000] {dag.py:3211} INFO - Sync 1 DAGs
[2024-08-18T08:03:25.201+0000] {logging_mixin.py:190} INFO - [2024-08-18T08:03:25.200+0000] {dag.py:4138} INFO - Setting next_dagrun for hybrid_dag to 2024-08-17 21:00:00+00:00, run_after=2024-08-18 21:00:00+00:00
[2024-08-18T08:03:25.337+0000] {processor.py:208} INFO - Processing /opt/airflow/dags/hybridflow.py took 0.274 seconds
[2024-08-18T08:03:55.908+0000] {processor.py:186} INFO - Started process (PID=1026) to work on /opt/airflow/dags/hybridflow.py
[2024-08-18T08:03:55.910+0000] {processor.py:914} INFO - Processing file /opt/airflow/dags/hybridflow.py for tasks to queue
[2024-08-18T08:03:55.912+0000] {logging_mixin.py:190} INFO - [2024-08-18T08:03:55.911+0000] {dagbag.py:587} INFO - Filling up the DagBag from /opt/airflow/dags/hybridflow.py
[2024-08-18T08:03:55.971+0000] {processor.py:925} INFO - DAG(s) 'hybrid_dag' retrieved from /opt/airflow/dags/hybridflow.py
[2024-08-18T08:03:56.037+0000] {logging_mixin.py:190} INFO - [2024-08-18T08:03:56.036+0000] {dag.py:3211} INFO - Sync 1 DAGs
[2024-08-18T08:03:56.095+0000] {logging_mixin.py:190} INFO - [2024-08-18T08:03:56.095+0000] {dag.py:4138} INFO - Setting next_dagrun for hybrid_dag to 2024-08-17 21:00:00+00:00, run_after=2024-08-18 21:00:00+00:00
[2024-08-18T08:03:56.175+0000] {processor.py:208} INFO - Processing /opt/airflow/dags/hybridflow.py took 0.275 seconds
[2024-08-18T08:04:27.127+0000] {processor.py:186} INFO - Started process (PID=1044) to work on /opt/airflow/dags/hybridflow.py
[2024-08-18T08:04:27.129+0000] {processor.py:914} INFO - Processing file /opt/airflow/dags/hybridflow.py for tasks to queue
[2024-08-18T08:04:27.133+0000] {logging_mixin.py:190} INFO - [2024-08-18T08:04:27.132+0000] {dagbag.py:587} INFO - Filling up the DagBag from /opt/airflow/dags/hybridflow.py
[2024-08-18T08:04:27.191+0000] {processor.py:925} INFO - DAG(s) 'hybrid_dag' retrieved from /opt/airflow/dags/hybridflow.py
[2024-08-18T08:04:27.258+0000] {logging_mixin.py:190} INFO - [2024-08-18T08:04:27.257+0000] {dag.py:3211} INFO - Sync 1 DAGs
[2024-08-18T08:04:27.298+0000] {logging_mixin.py:190} INFO - [2024-08-18T08:04:27.298+0000] {dag.py:4138} INFO - Setting next_dagrun for hybrid_dag to 2024-08-17 21:00:00+00:00, run_after=2024-08-18 21:00:00+00:00
[2024-08-18T08:04:27.439+0000] {processor.py:208} INFO - Processing /opt/airflow/dags/hybridflow.py took 0.318 seconds
[2024-08-18T08:04:58.385+0000] {processor.py:186} INFO - Started process (PID=1062) to work on /opt/airflow/dags/hybridflow.py
[2024-08-18T08:04:58.387+0000] {processor.py:914} INFO - Processing file /opt/airflow/dags/hybridflow.py for tasks to queue
[2024-08-18T08:04:58.391+0000] {logging_mixin.py:190} INFO - [2024-08-18T08:04:58.390+0000] {dagbag.py:587} INFO - Filling up the DagBag from /opt/airflow/dags/hybridflow.py
[2024-08-18T08:04:58.457+0000] {processor.py:925} INFO - DAG(s) 'hybrid_dag' retrieved from /opt/airflow/dags/hybridflow.py
[2024-08-18T08:04:58.539+0000] {logging_mixin.py:190} INFO - [2024-08-18T08:04:58.537+0000] {dag.py:3211} INFO - Sync 1 DAGs
[2024-08-18T08:04:58.670+0000] {logging_mixin.py:190} INFO - [2024-08-18T08:04:58.670+0000] {dag.py:4138} INFO - Setting next_dagrun for hybrid_dag to 2024-08-17 21:00:00+00:00, run_after=2024-08-18 21:00:00+00:00
[2024-08-18T08:04:58.838+0000] {processor.py:208} INFO - Processing /opt/airflow/dags/hybridflow.py took 0.466 seconds
[2024-08-18T08:05:29.715+0000] {processor.py:186} INFO - Started process (PID=1080) to work on /opt/airflow/dags/hybridflow.py
[2024-08-18T08:05:29.718+0000] {processor.py:914} INFO - Processing file /opt/airflow/dags/hybridflow.py for tasks to queue
[2024-08-18T08:05:29.722+0000] {logging_mixin.py:190} INFO - [2024-08-18T08:05:29.721+0000] {dagbag.py:587} INFO - Filling up the DagBag from /opt/airflow/dags/hybridflow.py
[2024-08-18T08:05:29.791+0000] {processor.py:925} INFO - DAG(s) 'hybrid_dag' retrieved from /opt/airflow/dags/hybridflow.py
[2024-08-18T08:05:29.863+0000] {logging_mixin.py:190} INFO - [2024-08-18T08:05:29.861+0000] {dag.py:3211} INFO - Sync 1 DAGs
[2024-08-18T08:05:29.926+0000] {logging_mixin.py:190} INFO - [2024-08-18T08:05:29.926+0000] {dag.py:4138} INFO - Setting next_dagrun for hybrid_dag to 2024-08-17 21:00:00+00:00, run_after=2024-08-18 21:00:00+00:00
[2024-08-18T08:05:30.259+0000] {processor.py:208} INFO - Processing /opt/airflow/dags/hybridflow.py took 0.573 seconds
[2024-08-18T08:06:02.836+0000] {processor.py:186} INFO - Started process (PID=1098) to work on /opt/airflow/dags/hybridflow.py
[2024-08-18T08:06:02.838+0000] {processor.py:914} INFO - Processing file /opt/airflow/dags/hybridflow.py for tasks to queue
[2024-08-18T08:06:02.839+0000] {logging_mixin.py:190} INFO - [2024-08-18T08:06:02.839+0000] {dagbag.py:587} INFO - Filling up the DagBag from /opt/airflow/dags/hybridflow.py
[2024-08-18T08:06:02.902+0000] {processor.py:925} INFO - DAG(s) 'hybrid_dag' retrieved from /opt/airflow/dags/hybridflow.py
[2024-08-18T08:06:02.952+0000] {logging_mixin.py:190} INFO - [2024-08-18T08:06:02.952+0000] {dag.py:3211} INFO - Sync 1 DAGs
[2024-08-18T08:06:03.186+0000] {logging_mixin.py:190} INFO - [2024-08-18T08:06:03.186+0000] {dag.py:4138} INFO - Setting next_dagrun for hybrid_dag to 2024-08-17 21:00:00+00:00, run_after=2024-08-18 21:00:00+00:00
[2024-08-18T08:06:03.316+0000] {processor.py:208} INFO - Processing /opt/airflow/dags/hybridflow.py took 0.485 seconds
[2024-08-18T08:06:35.230+0000] {processor.py:186} INFO - Started process (PID=1116) to work on /opt/airflow/dags/hybridflow.py
[2024-08-18T08:06:35.232+0000] {processor.py:914} INFO - Processing file /opt/airflow/dags/hybridflow.py for tasks to queue
[2024-08-18T08:06:35.234+0000] {logging_mixin.py:190} INFO - [2024-08-18T08:06:35.233+0000] {dagbag.py:587} INFO - Filling up the DagBag from /opt/airflow/dags/hybridflow.py
[2024-08-18T08:06:35.296+0000] {processor.py:925} INFO - DAG(s) 'hybrid_dag' retrieved from /opt/airflow/dags/hybridflow.py
[2024-08-18T08:06:35.359+0000] {logging_mixin.py:190} INFO - [2024-08-18T08:06:35.358+0000] {dag.py:3211} INFO - Sync 1 DAGs
[2024-08-18T08:06:35.653+0000] {logging_mixin.py:190} INFO - [2024-08-18T08:06:35.653+0000] {dag.py:4138} INFO - Setting next_dagrun for hybrid_dag to 2024-08-17 21:00:00+00:00, run_after=2024-08-18 21:00:00+00:00
[2024-08-18T08:06:35.773+0000] {processor.py:208} INFO - Processing /opt/airflow/dags/hybridflow.py took 0.551 seconds
[2024-08-18T08:07:06.548+0000] {processor.py:186} INFO - Started process (PID=1134) to work on /opt/airflow/dags/hybridflow.py
[2024-08-18T08:07:06.550+0000] {processor.py:914} INFO - Processing file /opt/airflow/dags/hybridflow.py for tasks to queue
[2024-08-18T08:07:06.552+0000] {logging_mixin.py:190} INFO - [2024-08-18T08:07:06.552+0000] {dagbag.py:587} INFO - Filling up the DagBag from /opt/airflow/dags/hybridflow.py
[2024-08-18T08:07:06.615+0000] {processor.py:925} INFO - DAG(s) 'hybrid_dag' retrieved from /opt/airflow/dags/hybridflow.py
[2024-08-18T08:07:06.693+0000] {logging_mixin.py:190} INFO - [2024-08-18T08:07:06.692+0000] {dag.py:3211} INFO - Sync 1 DAGs
[2024-08-18T08:07:06.756+0000] {logging_mixin.py:190} INFO - [2024-08-18T08:07:06.755+0000] {dag.py:4138} INFO - Setting next_dagrun for hybrid_dag to 2024-08-17 21:00:00+00:00, run_after=2024-08-18 21:00:00+00:00
[2024-08-18T08:07:06.931+0000] {processor.py:208} INFO - Processing /opt/airflow/dags/hybridflow.py took 0.391 seconds
[2024-08-18T08:07:39.370+0000] {processor.py:186} INFO - Started process (PID=1152) to work on /opt/airflow/dags/hybridflow.py
[2024-08-18T08:07:39.371+0000] {processor.py:914} INFO - Processing file /opt/airflow/dags/hybridflow.py for tasks to queue
[2024-08-18T08:07:39.374+0000] {logging_mixin.py:190} INFO - [2024-08-18T08:07:39.373+0000] {dagbag.py:587} INFO - Filling up the DagBag from /opt/airflow/dags/hybridflow.py
[2024-08-18T08:07:39.439+0000] {processor.py:925} INFO - DAG(s) 'hybrid_dag' retrieved from /opt/airflow/dags/hybridflow.py
[2024-08-18T08:07:39.500+0000] {logging_mixin.py:190} INFO - [2024-08-18T08:07:39.499+0000] {dag.py:3211} INFO - Sync 1 DAGs
[2024-08-18T08:07:39.550+0000] {logging_mixin.py:190} INFO - [2024-08-18T08:07:39.549+0000] {dag.py:4138} INFO - Setting next_dagrun for hybrid_dag to 2024-08-17 21:00:00+00:00, run_after=2024-08-18 21:00:00+00:00
[2024-08-18T08:07:39.678+0000] {processor.py:208} INFO - Processing /opt/airflow/dags/hybridflow.py took 0.316 seconds
[2024-08-18T08:08:10.050+0000] {processor.py:186} INFO - Started process (PID=1169) to work on /opt/airflow/dags/hybridflow.py
[2024-08-18T08:08:10.052+0000] {processor.py:914} INFO - Processing file /opt/airflow/dags/hybridflow.py for tasks to queue
[2024-08-18T08:08:10.054+0000] {logging_mixin.py:190} INFO - [2024-08-18T08:08:10.054+0000] {dagbag.py:587} INFO - Filling up the DagBag from /opt/airflow/dags/hybridflow.py
[2024-08-18T08:08:10.114+0000] {processor.py:925} INFO - DAG(s) 'hybrid_dag' retrieved from /opt/airflow/dags/hybridflow.py
[2024-08-18T08:08:10.177+0000] {logging_mixin.py:190} INFO - [2024-08-18T08:08:10.176+0000] {dag.py:3211} INFO - Sync 1 DAGs
[2024-08-18T08:08:10.225+0000] {logging_mixin.py:190} INFO - [2024-08-18T08:08:10.225+0000] {dag.py:4138} INFO - Setting next_dagrun for hybrid_dag to 2024-08-17 21:00:00+00:00, run_after=2024-08-18 21:00:00+00:00
[2024-08-18T08:08:10.368+0000] {processor.py:208} INFO - Processing /opt/airflow/dags/hybridflow.py took 0.325 seconds
[2024-08-18T08:08:41.373+0000] {processor.py:186} INFO - Started process (PID=1187) to work on /opt/airflow/dags/hybridflow.py
[2024-08-18T08:08:41.375+0000] {processor.py:914} INFO - Processing file /opt/airflow/dags/hybridflow.py for tasks to queue
[2024-08-18T08:08:41.377+0000] {logging_mixin.py:190} INFO - [2024-08-18T08:08:41.376+0000] {dagbag.py:587} INFO - Filling up the DagBag from /opt/airflow/dags/hybridflow.py
[2024-08-18T08:08:41.439+0000] {processor.py:925} INFO - DAG(s) 'hybrid_dag' retrieved from /opt/airflow/dags/hybridflow.py
[2024-08-18T08:08:41.498+0000] {logging_mixin.py:190} INFO - [2024-08-18T08:08:41.497+0000] {dag.py:3211} INFO - Sync 1 DAGs
[2024-08-18T08:08:41.544+0000] {logging_mixin.py:190} INFO - [2024-08-18T08:08:41.544+0000] {dag.py:4138} INFO - Setting next_dagrun for hybrid_dag to 2024-08-17 21:00:00+00:00, run_after=2024-08-18 21:00:00+00:00
[2024-08-18T08:08:41.677+0000] {processor.py:208} INFO - Processing /opt/airflow/dags/hybridflow.py took 0.308 seconds
[2024-08-18T08:09:11.973+0000] {processor.py:186} INFO - Started process (PID=1204) to work on /opt/airflow/dags/hybridflow.py
[2024-08-18T08:09:11.975+0000] {processor.py:914} INFO - Processing file /opt/airflow/dags/hybridflow.py for tasks to queue
[2024-08-18T08:09:11.978+0000] {logging_mixin.py:190} INFO - [2024-08-18T08:09:11.977+0000] {dagbag.py:587} INFO - Filling up the DagBag from /opt/airflow/dags/hybridflow.py
[2024-08-18T08:09:12.045+0000] {processor.py:925} INFO - DAG(s) 'hybrid_dag' retrieved from /opt/airflow/dags/hybridflow.py
[2024-08-18T08:09:12.121+0000] {logging_mixin.py:190} INFO - [2024-08-18T08:09:12.120+0000] {dag.py:3211} INFO - Sync 1 DAGs
[2024-08-18T08:09:12.182+0000] {logging_mixin.py:190} INFO - [2024-08-18T08:09:12.182+0000] {dag.py:4138} INFO - Setting next_dagrun for hybrid_dag to 2024-08-17 21:00:00+00:00, run_after=2024-08-18 21:00:00+00:00
[2024-08-18T08:09:12.343+0000] {processor.py:208} INFO - Processing /opt/airflow/dags/hybridflow.py took 0.382 seconds
[2024-08-18T08:09:43.461+0000] {processor.py:186} INFO - Started process (PID=1222) to work on /opt/airflow/dags/hybridflow.py
[2024-08-18T08:09:43.462+0000] {processor.py:914} INFO - Processing file /opt/airflow/dags/hybridflow.py for tasks to queue
[2024-08-18T08:09:43.464+0000] {logging_mixin.py:190} INFO - [2024-08-18T08:09:43.464+0000] {dagbag.py:587} INFO - Filling up the DagBag from /opt/airflow/dags/hybridflow.py
[2024-08-18T08:09:43.514+0000] {processor.py:925} INFO - DAG(s) 'hybrid_dag' retrieved from /opt/airflow/dags/hybridflow.py
[2024-08-18T08:09:43.562+0000] {logging_mixin.py:190} INFO - [2024-08-18T08:09:43.561+0000] {dag.py:3211} INFO - Sync 1 DAGs
[2024-08-18T08:09:43.609+0000] {logging_mixin.py:190} INFO - [2024-08-18T08:09:43.609+0000] {dag.py:4138} INFO - Setting next_dagrun for hybrid_dag to 2024-08-17 21:00:00+00:00, run_after=2024-08-18 21:00:00+00:00
[2024-08-18T08:09:43.721+0000] {processor.py:208} INFO - Processing /opt/airflow/dags/hybridflow.py took 0.266 seconds
[2024-08-18T08:10:14.879+0000] {processor.py:186} INFO - Started process (PID=1240) to work on /opt/airflow/dags/hybridflow.py
[2024-08-18T08:10:14.880+0000] {processor.py:914} INFO - Processing file /opt/airflow/dags/hybridflow.py for tasks to queue
[2024-08-18T08:10:14.883+0000] {logging_mixin.py:190} INFO - [2024-08-18T08:10:14.882+0000] {dagbag.py:587} INFO - Filling up the DagBag from /opt/airflow/dags/hybridflow.py
[2024-08-18T08:10:14.937+0000] {processor.py:925} INFO - DAG(s) 'hybrid_dag' retrieved from /opt/airflow/dags/hybridflow.py
[2024-08-18T08:10:14.999+0000] {logging_mixin.py:190} INFO - [2024-08-18T08:10:14.998+0000] {dag.py:3211} INFO - Sync 1 DAGs
[2024-08-18T08:10:15.049+0000] {logging_mixin.py:190} INFO - [2024-08-18T08:10:15.049+0000] {dag.py:4138} INFO - Setting next_dagrun for hybrid_dag to 2024-08-17 21:00:00+00:00, run_after=2024-08-18 21:00:00+00:00
[2024-08-18T08:10:15.185+0000] {processor.py:208} INFO - Processing /opt/airflow/dags/hybridflow.py took 0.318 seconds
[2024-08-18T08:10:46.157+0000] {processor.py:186} INFO - Started process (PID=1258) to work on /opt/airflow/dags/hybridflow.py
[2024-08-18T08:10:46.159+0000] {processor.py:914} INFO - Processing file /opt/airflow/dags/hybridflow.py for tasks to queue
[2024-08-18T08:10:46.161+0000] {logging_mixin.py:190} INFO - [2024-08-18T08:10:46.161+0000] {dagbag.py:587} INFO - Filling up the DagBag from /opt/airflow/dags/hybridflow.py
[2024-08-18T08:10:46.215+0000] {processor.py:925} INFO - DAG(s) 'hybrid_dag' retrieved from /opt/airflow/dags/hybridflow.py
[2024-08-18T08:10:46.277+0000] {logging_mixin.py:190} INFO - [2024-08-18T08:10:46.276+0000] {dag.py:3211} INFO - Sync 1 DAGs
[2024-08-18T08:10:46.332+0000] {logging_mixin.py:190} INFO - [2024-08-18T08:10:46.332+0000] {dag.py:4138} INFO - Setting next_dagrun for hybrid_dag to 2024-08-17 21:00:00+00:00, run_after=2024-08-18 21:00:00+00:00
[2024-08-18T08:10:46.475+0000] {processor.py:208} INFO - Processing /opt/airflow/dags/hybridflow.py took 0.324 seconds
[2024-08-18T08:11:16.933+0000] {processor.py:186} INFO - Started process (PID=1276) to work on /opt/airflow/dags/hybridflow.py
[2024-08-18T08:11:16.935+0000] {processor.py:914} INFO - Processing file /opt/airflow/dags/hybridflow.py for tasks to queue
[2024-08-18T08:11:16.937+0000] {logging_mixin.py:190} INFO - [2024-08-18T08:11:16.936+0000] {dagbag.py:587} INFO - Filling up the DagBag from /opt/airflow/dags/hybridflow.py
[2024-08-18T08:11:16.970+0000] {processor.py:925} INFO - DAG(s) 'hybrid_dag' retrieved from /opt/airflow/dags/hybridflow.py
[2024-08-18T08:11:17.016+0000] {logging_mixin.py:190} INFO - [2024-08-18T08:11:17.015+0000] {dag.py:3211} INFO - Sync 1 DAGs
[2024-08-18T08:11:17.052+0000] {logging_mixin.py:190} INFO - [2024-08-18T08:11:17.051+0000] {dag.py:4138} INFO - Setting next_dagrun for hybrid_dag to 2024-08-17 21:00:00+00:00, run_after=2024-08-18 21:00:00+00:00
[2024-08-18T08:11:17.134+0000] {processor.py:208} INFO - Processing /opt/airflow/dags/hybridflow.py took 0.209 seconds
[2024-08-18T08:11:47.421+0000] {processor.py:186} INFO - Started process (PID=1293) to work on /opt/airflow/dags/hybridflow.py
[2024-08-18T08:11:47.423+0000] {processor.py:914} INFO - Processing file /opt/airflow/dags/hybridflow.py for tasks to queue
[2024-08-18T08:11:47.425+0000] {logging_mixin.py:190} INFO - [2024-08-18T08:11:47.424+0000] {dagbag.py:587} INFO - Filling up the DagBag from /opt/airflow/dags/hybridflow.py
[2024-08-18T08:11:47.481+0000] {processor.py:925} INFO - DAG(s) 'hybrid_dag' retrieved from /opt/airflow/dags/hybridflow.py
[2024-08-18T08:11:47.533+0000] {logging_mixin.py:190} INFO - [2024-08-18T08:11:47.532+0000] {dag.py:3211} INFO - Sync 1 DAGs
[2024-08-18T08:11:47.573+0000] {logging_mixin.py:190} INFO - [2024-08-18T08:11:47.573+0000] {dag.py:4138} INFO - Setting next_dagrun for hybrid_dag to 2024-08-17 21:00:00+00:00, run_after=2024-08-18 21:00:00+00:00
[2024-08-18T08:11:47.900+0000] {processor.py:208} INFO - Processing /opt/airflow/dags/hybridflow.py took 0.485 seconds
[2024-08-18T08:12:18.309+0000] {processor.py:186} INFO - Started process (PID=1310) to work on /opt/airflow/dags/hybridflow.py
[2024-08-18T08:12:18.310+0000] {processor.py:914} INFO - Processing file /opt/airflow/dags/hybridflow.py for tasks to queue
[2024-08-18T08:12:18.312+0000] {logging_mixin.py:190} INFO - [2024-08-18T08:12:18.312+0000] {dagbag.py:587} INFO - Filling up the DagBag from /opt/airflow/dags/hybridflow.py
[2024-08-18T08:12:18.353+0000] {processor.py:925} INFO - DAG(s) 'hybrid_dag' retrieved from /opt/airflow/dags/hybridflow.py
[2024-08-18T08:12:18.404+0000] {logging_mixin.py:190} INFO - [2024-08-18T08:12:18.403+0000] {dag.py:3211} INFO - Sync 1 DAGs
[2024-08-18T08:12:18.642+0000] {logging_mixin.py:190} INFO - [2024-08-18T08:12:18.642+0000] {dag.py:4138} INFO - Setting next_dagrun for hybrid_dag to 2024-08-17 21:00:00+00:00, run_after=2024-08-18 21:00:00+00:00
[2024-08-18T08:12:18.771+0000] {processor.py:208} INFO - Processing /opt/airflow/dags/hybridflow.py took 0.469 seconds
[2024-08-18T08:12:50.623+0000] {processor.py:186} INFO - Started process (PID=1329) to work on /opt/airflow/dags/hybridflow.py
[2024-08-18T08:12:50.625+0000] {processor.py:914} INFO - Processing file /opt/airflow/dags/hybridflow.py for tasks to queue
[2024-08-18T08:12:50.627+0000] {logging_mixin.py:190} INFO - [2024-08-18T08:12:50.626+0000] {dagbag.py:587} INFO - Filling up the DagBag from /opt/airflow/dags/hybridflow.py
[2024-08-18T08:12:50.681+0000] {processor.py:925} INFO - DAG(s) 'hybrid_dag' retrieved from /opt/airflow/dags/hybridflow.py
[2024-08-18T08:12:50.735+0000] {logging_mixin.py:190} INFO - [2024-08-18T08:12:50.735+0000] {dag.py:3211} INFO - Sync 1 DAGs
[2024-08-18T08:12:50.990+0000] {logging_mixin.py:190} INFO - [2024-08-18T08:12:50.990+0000] {dag.py:4138} INFO - Setting next_dagrun for hybrid_dag to 2024-08-17 21:00:00+00:00, run_after=2024-08-18 21:00:00+00:00
[2024-08-18T08:12:51.111+0000] {processor.py:208} INFO - Processing /opt/airflow/dags/hybridflow.py took 0.496 seconds
[2024-08-18T08:13:28.457+0000] {processor.py:186} INFO - Started process (PID=1348) to work on /opt/airflow/dags/hybridflow.py
[2024-08-18T08:13:28.461+0000] {processor.py:914} INFO - Processing file /opt/airflow/dags/hybridflow.py for tasks to queue
[2024-08-18T08:13:28.465+0000] {logging_mixin.py:190} INFO - [2024-08-18T08:13:28.464+0000] {dagbag.py:587} INFO - Filling up the DagBag from /opt/airflow/dags/hybridflow.py
[2024-08-18T08:13:28.593+0000] {processor.py:925} INFO - DAG(s) 'hybrid_dag' retrieved from /opt/airflow/dags/hybridflow.py
[2024-08-18T08:13:28.782+0000] {logging_mixin.py:190} INFO - [2024-08-18T08:13:28.780+0000] {dag.py:3211} INFO - Sync 1 DAGs
[2024-08-18T08:13:29.354+0000] {logging_mixin.py:190} INFO - [2024-08-18T08:13:29.353+0000] {dag.py:4138} INFO - Setting next_dagrun for hybrid_dag to 2024-08-17 21:00:00+00:00, run_after=2024-08-18 21:00:00+00:00
[2024-08-18T08:13:29.656+0000] {processor.py:208} INFO - Processing /opt/airflow/dags/hybridflow.py took 1.215 seconds
[2024-08-18T08:14:03.360+0000] {processor.py:186} INFO - Started process (PID=1367) to work on /opt/airflow/dags/hybridflow.py
[2024-08-18T08:14:03.361+0000] {processor.py:914} INFO - Processing file /opt/airflow/dags/hybridflow.py for tasks to queue
[2024-08-18T08:14:03.364+0000] {logging_mixin.py:190} INFO - [2024-08-18T08:14:03.363+0000] {dagbag.py:587} INFO - Filling up the DagBag from /opt/airflow/dags/hybridflow.py
[2024-08-18T08:14:03.423+0000] {processor.py:925} INFO - DAG(s) 'hybrid_dag' retrieved from /opt/airflow/dags/hybridflow.py
[2024-08-18T08:14:03.477+0000] {logging_mixin.py:190} INFO - [2024-08-18T08:14:03.477+0000] {dag.py:3211} INFO - Sync 1 DAGs
[2024-08-18T08:14:03.524+0000] {logging_mixin.py:190} INFO - [2024-08-18T08:14:03.524+0000] {dag.py:4138} INFO - Setting next_dagrun for hybrid_dag to 2024-08-17 21:00:00+00:00, run_after=2024-08-18 21:00:00+00:00
[2024-08-18T08:14:03.659+0000] {processor.py:208} INFO - Processing /opt/airflow/dags/hybridflow.py took 0.307 seconds
