[2024-08-18T07:51:50.458+0000] {processor.py:186} INFO - Started process (PID=656) to work on /opt/airflow/dags/lastonly.py
[2024-08-18T07:51:50.460+0000] {processor.py:914} INFO - Processing file /opt/airflow/dags/lastonly.py for tasks to queue
[2024-08-18T07:51:50.462+0000] {logging_mixin.py:190} INFO - [2024-08-18T07:51:50.462+0000] {dagbag.py:587} INFO - Filling up the DagBag from /opt/airflow/dags/lastonly.py
[2024-08-18T07:51:50.549+0000] {processor.py:925} INFO - DAG(s) 'LatestOnly' retrieved from /opt/airflow/dags/lastonly.py
[2024-08-18T07:51:50.952+0000] {logging_mixin.py:190} INFO - [2024-08-18T07:51:50.951+0000] {override.py:1858} INFO - Created Permission View: can read on DAG:LatestOnly
[2024-08-18T07:51:51.052+0000] {logging_mixin.py:190} INFO - [2024-08-18T07:51:51.051+0000] {override.py:1858} INFO - Created Permission View: can edit on DAG:LatestOnly
[2024-08-18T07:51:51.147+0000] {logging_mixin.py:190} INFO - [2024-08-18T07:51:51.146+0000] {override.py:1858} INFO - Created Permission View: can delete on DAG:LatestOnly
[2024-08-18T07:51:51.148+0000] {logging_mixin.py:190} INFO - [2024-08-18T07:51:51.148+0000] {dag.py:3211} INFO - Sync 1 DAGs
[2024-08-18T07:51:51.184+0000] {logging_mixin.py:190} INFO - [2024-08-18T07:51:51.184+0000] {dag.py:3234} INFO - Creating ORM DAG for LatestOnly
[2024-08-18T07:51:51.206+0000] {logging_mixin.py:190} INFO - [2024-08-18T07:51:51.205+0000] {dag.py:4138} INFO - Setting next_dagrun for LatestOnly to 2024-08-15 02:00:00+00:00, run_after=2024-08-16 02:00:00+00:00
[2024-08-18T07:51:51.350+0000] {processor.py:208} INFO - Processing /opt/airflow/dags/lastonly.py took 0.900 seconds
[2024-08-18T07:52:22.491+0000] {processor.py:186} INFO - Started process (PID=671) to work on /opt/airflow/dags/lastonly.py
[2024-08-18T07:52:22.493+0000] {processor.py:914} INFO - Processing file /opt/airflow/dags/lastonly.py for tasks to queue
[2024-08-18T07:52:22.495+0000] {logging_mixin.py:190} INFO - [2024-08-18T07:52:22.495+0000] {dagbag.py:587} INFO - Filling up the DagBag from /opt/airflow/dags/lastonly.py
[2024-08-18T07:52:22.564+0000] {processor.py:925} INFO - DAG(s) 'LatestOnly' retrieved from /opt/airflow/dags/lastonly.py
[2024-08-18T07:52:22.618+0000] {logging_mixin.py:190} INFO - [2024-08-18T07:52:22.618+0000] {dag.py:3211} INFO - Sync 1 DAGs
[2024-08-18T07:52:22.658+0000] {logging_mixin.py:190} INFO - [2024-08-18T07:52:22.658+0000] {dag.py:4138} INFO - Setting next_dagrun for LatestOnly to 2024-08-15 02:00:00+00:00, run_after=2024-08-16 02:00:00+00:00
[2024-08-18T07:52:22.791+0000] {processor.py:208} INFO - Processing /opt/airflow/dags/lastonly.py took 0.305 seconds
[2024-08-18T07:52:53.636+0000] {processor.py:186} INFO - Started process (PID=686) to work on /opt/airflow/dags/lastonly.py
[2024-08-18T07:52:53.638+0000] {processor.py:914} INFO - Processing file /opt/airflow/dags/lastonly.py for tasks to queue
[2024-08-18T07:52:53.640+0000] {logging_mixin.py:190} INFO - [2024-08-18T07:52:53.640+0000] {dagbag.py:587} INFO - Filling up the DagBag from /opt/airflow/dags/lastonly.py
[2024-08-18T07:52:53.704+0000] {processor.py:925} INFO - DAG(s) 'LatestOnly' retrieved from /opt/airflow/dags/lastonly.py
[2024-08-18T07:52:53.758+0000] {logging_mixin.py:190} INFO - [2024-08-18T07:52:53.757+0000] {dag.py:3211} INFO - Sync 1 DAGs
[2024-08-18T07:52:53.803+0000] {logging_mixin.py:190} INFO - [2024-08-18T07:52:53.802+0000] {dag.py:4138} INFO - Setting next_dagrun for LatestOnly to 2024-08-15 02:00:00+00:00, run_after=2024-08-16 02:00:00+00:00
[2024-08-18T07:52:53.951+0000] {processor.py:208} INFO - Processing /opt/airflow/dags/lastonly.py took 0.321 seconds
[2024-08-18T07:53:25.084+0000] {processor.py:186} INFO - Started process (PID=701) to work on /opt/airflow/dags/lastonly.py
[2024-08-18T07:53:25.085+0000] {processor.py:914} INFO - Processing file /opt/airflow/dags/lastonly.py for tasks to queue
[2024-08-18T07:53:25.088+0000] {logging_mixin.py:190} INFO - [2024-08-18T07:53:25.087+0000] {dagbag.py:587} INFO - Filling up the DagBag from /opt/airflow/dags/lastonly.py
[2024-08-18T07:53:25.129+0000] {processor.py:925} INFO - DAG(s) 'LatestOnly' retrieved from /opt/airflow/dags/lastonly.py
[2024-08-18T07:53:25.190+0000] {logging_mixin.py:190} INFO - [2024-08-18T07:53:25.189+0000] {dag.py:3211} INFO - Sync 1 DAGs
[2024-08-18T07:53:25.250+0000] {logging_mixin.py:190} INFO - [2024-08-18T07:53:25.250+0000] {dag.py:4138} INFO - Setting next_dagrun for LatestOnly to 2024-08-15 02:00:00+00:00, run_after=2024-08-16 02:00:00+00:00
[2024-08-18T07:53:25.402+0000] {processor.py:208} INFO - Processing /opt/airflow/dags/lastonly.py took 0.323 seconds
[2024-08-18T07:53:56.316+0000] {processor.py:186} INFO - Started process (PID=716) to work on /opt/airflow/dags/lastonly.py
[2024-08-18T07:53:56.317+0000] {processor.py:914} INFO - Processing file /opt/airflow/dags/lastonly.py for tasks to queue
[2024-08-18T07:53:56.320+0000] {logging_mixin.py:190} INFO - [2024-08-18T07:53:56.319+0000] {dagbag.py:587} INFO - Filling up the DagBag from /opt/airflow/dags/lastonly.py
[2024-08-18T07:53:56.378+0000] {processor.py:925} INFO - DAG(s) 'LatestOnly' retrieved from /opt/airflow/dags/lastonly.py
[2024-08-18T07:53:56.434+0000] {logging_mixin.py:190} INFO - [2024-08-18T07:53:56.433+0000] {dag.py:3211} INFO - Sync 1 DAGs
[2024-08-18T07:53:56.474+0000] {logging_mixin.py:190} INFO - [2024-08-18T07:53:56.474+0000] {dag.py:4138} INFO - Setting next_dagrun for LatestOnly to 2024-08-15 02:00:00+00:00, run_after=2024-08-16 02:00:00+00:00
[2024-08-18T07:53:56.768+0000] {processor.py:208} INFO - Processing /opt/airflow/dags/lastonly.py took 0.458 seconds
[2024-08-18T07:54:27.169+0000] {processor.py:186} INFO - Started process (PID=732) to work on /opt/airflow/dags/lastonly.py
[2024-08-18T07:54:27.171+0000] {processor.py:914} INFO - Processing file /opt/airflow/dags/lastonly.py for tasks to queue
[2024-08-18T07:54:27.173+0000] {logging_mixin.py:190} INFO - [2024-08-18T07:54:27.173+0000] {dagbag.py:587} INFO - Filling up the DagBag from /opt/airflow/dags/lastonly.py
[2024-08-18T07:54:27.237+0000] {processor.py:925} INFO - DAG(s) 'LatestOnly' retrieved from /opt/airflow/dags/lastonly.py
[2024-08-18T07:54:27.297+0000] {logging_mixin.py:190} INFO - [2024-08-18T07:54:27.296+0000] {dag.py:3211} INFO - Sync 1 DAGs
[2024-08-18T07:54:27.347+0000] {logging_mixin.py:190} INFO - [2024-08-18T07:54:27.347+0000] {dag.py:4138} INFO - Setting next_dagrun for LatestOnly to 2024-08-15 02:00:00+00:00, run_after=2024-08-16 02:00:00+00:00
[2024-08-18T07:54:27.467+0000] {processor.py:208} INFO - Processing /opt/airflow/dags/lastonly.py took 0.303 seconds
[2024-08-18T07:54:58.674+0000] {processor.py:186} INFO - Started process (PID=747) to work on /opt/airflow/dags/lastonly.py
[2024-08-18T07:54:58.677+0000] {processor.py:914} INFO - Processing file /opt/airflow/dags/lastonly.py for tasks to queue
[2024-08-18T07:54:58.679+0000] {logging_mixin.py:190} INFO - [2024-08-18T07:54:58.678+0000] {dagbag.py:587} INFO - Filling up the DagBag from /opt/airflow/dags/lastonly.py
[2024-08-18T07:54:58.743+0000] {processor.py:925} INFO - DAG(s) 'LatestOnly' retrieved from /opt/airflow/dags/lastonly.py
[2024-08-18T07:54:58.799+0000] {logging_mixin.py:190} INFO - [2024-08-18T07:54:58.798+0000] {dag.py:3211} INFO - Sync 1 DAGs
[2024-08-18T07:54:58.839+0000] {logging_mixin.py:190} INFO - [2024-08-18T07:54:58.839+0000] {dag.py:4138} INFO - Setting next_dagrun for LatestOnly to 2024-08-15 02:00:00+00:00, run_after=2024-08-16 02:00:00+00:00
[2024-08-18T07:54:58.981+0000] {processor.py:208} INFO - Processing /opt/airflow/dags/lastonly.py took 0.313 seconds
[2024-08-18T07:55:30.255+0000] {processor.py:186} INFO - Started process (PID=762) to work on /opt/airflow/dags/lastonly.py
[2024-08-18T07:55:30.257+0000] {processor.py:914} INFO - Processing file /opt/airflow/dags/lastonly.py for tasks to queue
[2024-08-18T07:55:30.259+0000] {logging_mixin.py:190} INFO - [2024-08-18T07:55:30.258+0000] {dagbag.py:587} INFO - Filling up the DagBag from /opt/airflow/dags/lastonly.py
[2024-08-18T07:55:30.313+0000] {processor.py:925} INFO - DAG(s) 'LatestOnly' retrieved from /opt/airflow/dags/lastonly.py
[2024-08-18T07:55:30.368+0000] {logging_mixin.py:190} INFO - [2024-08-18T07:55:30.368+0000] {dag.py:3211} INFO - Sync 1 DAGs
[2024-08-18T07:55:30.418+0000] {logging_mixin.py:190} INFO - [2024-08-18T07:55:30.418+0000] {dag.py:4138} INFO - Setting next_dagrun for LatestOnly to 2024-08-15 02:00:00+00:00, run_after=2024-08-16 02:00:00+00:00
[2024-08-18T07:55:30.583+0000] {processor.py:208} INFO - Processing /opt/airflow/dags/lastonly.py took 0.336 seconds
[2024-08-18T07:56:01.673+0000] {processor.py:186} INFO - Started process (PID=777) to work on /opt/airflow/dags/lastonly.py
[2024-08-18T07:56:01.679+0000] {processor.py:914} INFO - Processing file /opt/airflow/dags/lastonly.py for tasks to queue
[2024-08-18T07:56:01.682+0000] {logging_mixin.py:190} INFO - [2024-08-18T07:56:01.681+0000] {dagbag.py:587} INFO - Filling up the DagBag from /opt/airflow/dags/lastonly.py
[2024-08-18T07:56:01.725+0000] {processor.py:925} INFO - DAG(s) 'LatestOnly' retrieved from /opt/airflow/dags/lastonly.py
[2024-08-18T07:56:01.784+0000] {logging_mixin.py:190} INFO - [2024-08-18T07:56:01.783+0000] {dag.py:3211} INFO - Sync 1 DAGs
[2024-08-18T07:56:01.822+0000] {logging_mixin.py:190} INFO - [2024-08-18T07:56:01.821+0000] {dag.py:4138} INFO - Setting next_dagrun for LatestOnly to 2024-08-15 02:00:00+00:00, run_after=2024-08-16 02:00:00+00:00
[2024-08-18T07:56:01.927+0000] {processor.py:208} INFO - Processing /opt/airflow/dags/lastonly.py took 0.260 seconds
[2024-08-18T07:56:32.772+0000] {processor.py:186} INFO - Started process (PID=792) to work on /opt/airflow/dags/lastonly.py
[2024-08-18T07:56:32.773+0000] {processor.py:914} INFO - Processing file /opt/airflow/dags/lastonly.py for tasks to queue
[2024-08-18T07:56:32.775+0000] {logging_mixin.py:190} INFO - [2024-08-18T07:56:32.775+0000] {dagbag.py:587} INFO - Filling up the DagBag from /opt/airflow/dags/lastonly.py
[2024-08-18T07:56:32.846+0000] {processor.py:925} INFO - DAG(s) 'LatestOnly' retrieved from /opt/airflow/dags/lastonly.py
[2024-08-18T07:56:32.895+0000] {logging_mixin.py:190} INFO - [2024-08-18T07:56:32.895+0000] {dag.py:3211} INFO - Sync 1 DAGs
[2024-08-18T07:56:32.944+0000] {logging_mixin.py:190} INFO - [2024-08-18T07:56:32.943+0000] {dag.py:4138} INFO - Setting next_dagrun for LatestOnly to 2024-08-15 02:00:00+00:00, run_after=2024-08-16 02:00:00+00:00
[2024-08-18T07:56:33.063+0000] {processor.py:208} INFO - Processing /opt/airflow/dags/lastonly.py took 0.298 seconds
[2024-08-18T07:57:03.575+0000] {processor.py:186} INFO - Started process (PID=808) to work on /opt/airflow/dags/lastonly.py
[2024-08-18T07:57:03.584+0000] {processor.py:914} INFO - Processing file /opt/airflow/dags/lastonly.py for tasks to queue
[2024-08-18T07:57:03.587+0000] {logging_mixin.py:190} INFO - [2024-08-18T07:57:03.586+0000] {dagbag.py:587} INFO - Filling up the DagBag from /opt/airflow/dags/lastonly.py
[2024-08-18T07:57:03.647+0000] {processor.py:925} INFO - DAG(s) 'LatestOnly' retrieved from /opt/airflow/dags/lastonly.py
[2024-08-18T07:57:03.708+0000] {logging_mixin.py:190} INFO - [2024-08-18T07:57:03.706+0000] {dag.py:3211} INFO - Sync 1 DAGs
[2024-08-18T07:57:03.754+0000] {logging_mixin.py:190} INFO - [2024-08-18T07:57:03.753+0000] {dag.py:4138} INFO - Setting next_dagrun for LatestOnly to 2024-08-15 02:00:00+00:00, run_after=2024-08-16 02:00:00+00:00
[2024-08-18T07:57:03.897+0000] {processor.py:208} INFO - Processing /opt/airflow/dags/lastonly.py took 0.331 seconds
[2024-08-18T07:57:34.422+0000] {processor.py:186} INFO - Started process (PID=824) to work on /opt/airflow/dags/lastonly.py
[2024-08-18T07:57:34.424+0000] {processor.py:914} INFO - Processing file /opt/airflow/dags/lastonly.py for tasks to queue
[2024-08-18T07:57:34.426+0000] {logging_mixin.py:190} INFO - [2024-08-18T07:57:34.425+0000] {dagbag.py:587} INFO - Filling up the DagBag from /opt/airflow/dags/lastonly.py
[2024-08-18T07:57:34.496+0000] {processor.py:925} INFO - DAG(s) 'LatestOnly' retrieved from /opt/airflow/dags/lastonly.py
[2024-08-18T07:57:34.559+0000] {logging_mixin.py:190} INFO - [2024-08-18T07:57:34.558+0000] {dag.py:3211} INFO - Sync 1 DAGs
[2024-08-18T07:57:34.620+0000] {logging_mixin.py:190} INFO - [2024-08-18T07:57:34.620+0000] {dag.py:4138} INFO - Setting next_dagrun for LatestOnly to 2024-08-15 02:00:00+00:00, run_after=2024-08-16 02:00:00+00:00
[2024-08-18T07:57:34.778+0000] {processor.py:208} INFO - Processing /opt/airflow/dags/lastonly.py took 0.363 seconds
[2024-08-18T07:58:06.195+0000] {processor.py:186} INFO - Started process (PID=840) to work on /opt/airflow/dags/lastonly.py
[2024-08-18T07:58:06.197+0000] {processor.py:914} INFO - Processing file /opt/airflow/dags/lastonly.py for tasks to queue
[2024-08-18T07:58:06.199+0000] {logging_mixin.py:190} INFO - [2024-08-18T07:58:06.199+0000] {dagbag.py:587} INFO - Filling up the DagBag from /opt/airflow/dags/lastonly.py
[2024-08-18T07:58:06.241+0000] {processor.py:925} INFO - DAG(s) 'LatestOnly' retrieved from /opt/airflow/dags/lastonly.py
[2024-08-18T07:58:06.291+0000] {logging_mixin.py:190} INFO - [2024-08-18T07:58:06.291+0000] {dag.py:3211} INFO - Sync 1 DAGs
[2024-08-18T07:58:06.334+0000] {logging_mixin.py:190} INFO - [2024-08-18T07:58:06.334+0000] {dag.py:4138} INFO - Setting next_dagrun for LatestOnly to 2024-08-15 02:00:00+00:00, run_after=2024-08-16 02:00:00+00:00
[2024-08-18T07:58:06.442+0000] {processor.py:208} INFO - Processing /opt/airflow/dags/lastonly.py took 0.253 seconds
[2024-08-18T07:58:37.483+0000] {processor.py:186} INFO - Started process (PID=856) to work on /opt/airflow/dags/lastonly.py
[2024-08-18T07:58:37.485+0000] {processor.py:914} INFO - Processing file /opt/airflow/dags/lastonly.py for tasks to queue
[2024-08-18T07:58:37.497+0000] {logging_mixin.py:190} INFO - [2024-08-18T07:58:37.489+0000] {dagbag.py:587} INFO - Filling up the DagBag from /opt/airflow/dags/lastonly.py
[2024-08-18T07:58:37.582+0000] {processor.py:925} INFO - DAG(s) 'LatestOnly' retrieved from /opt/airflow/dags/lastonly.py
[2024-08-18T07:58:37.662+0000] {logging_mixin.py:190} INFO - [2024-08-18T07:58:37.661+0000] {dag.py:3211} INFO - Sync 1 DAGs
[2024-08-18T07:58:37.733+0000] {logging_mixin.py:190} INFO - [2024-08-18T07:58:37.732+0000] {dag.py:4138} INFO - Setting next_dagrun for LatestOnly to 2024-08-15 02:00:00+00:00, run_after=2024-08-16 02:00:00+00:00
[2024-08-18T07:58:37.855+0000] {processor.py:208} INFO - Processing /opt/airflow/dags/lastonly.py took 0.387 seconds
[2024-08-18T07:59:09.256+0000] {processor.py:186} INFO - Started process (PID=872) to work on /opt/airflow/dags/lastonly.py
[2024-08-18T07:59:09.259+0000] {processor.py:914} INFO - Processing file /opt/airflow/dags/lastonly.py for tasks to queue
[2024-08-18T07:59:09.265+0000] {logging_mixin.py:190} INFO - [2024-08-18T07:59:09.264+0000] {dagbag.py:587} INFO - Filling up the DagBag from /opt/airflow/dags/lastonly.py
[2024-08-18T07:59:09.381+0000] {processor.py:925} INFO - DAG(s) 'LatestOnly' retrieved from /opt/airflow/dags/lastonly.py
[2024-08-18T07:59:09.506+0000] {logging_mixin.py:190} INFO - [2024-08-18T07:59:09.505+0000] {dag.py:3211} INFO - Sync 1 DAGs
[2024-08-18T07:59:09.601+0000] {logging_mixin.py:190} INFO - [2024-08-18T07:59:09.600+0000] {dag.py:4138} INFO - Setting next_dagrun for LatestOnly to 2024-08-15 02:00:00+00:00, run_after=2024-08-16 02:00:00+00:00
[2024-08-18T07:59:10.108+0000] {processor.py:208} INFO - Processing /opt/airflow/dags/lastonly.py took 0.878 seconds
[2024-08-18T07:59:41.531+0000] {processor.py:186} INFO - Started process (PID=888) to work on /opt/airflow/dags/lastonly.py
[2024-08-18T07:59:41.533+0000] {processor.py:914} INFO - Processing file /opt/airflow/dags/lastonly.py for tasks to queue
[2024-08-18T07:59:41.536+0000] {logging_mixin.py:190} INFO - [2024-08-18T07:59:41.535+0000] {dagbag.py:587} INFO - Filling up the DagBag from /opt/airflow/dags/lastonly.py
[2024-08-18T07:59:41.585+0000] {processor.py:925} INFO - DAG(s) 'LatestOnly' retrieved from /opt/airflow/dags/lastonly.py
[2024-08-18T07:59:41.646+0000] {logging_mixin.py:190} INFO - [2024-08-18T07:59:41.645+0000] {dag.py:3211} INFO - Sync 1 DAGs
[2024-08-18T07:59:41.966+0000] {logging_mixin.py:190} INFO - [2024-08-18T07:59:41.965+0000] {dag.py:4138} INFO - Setting next_dagrun for LatestOnly to 2024-08-15 02:00:00+00:00, run_after=2024-08-16 02:00:00+00:00
[2024-08-18T07:59:42.063+0000] {processor.py:208} INFO - Processing /opt/airflow/dags/lastonly.py took 0.542 seconds
[2024-08-18T08:00:13.071+0000] {processor.py:186} INFO - Started process (PID=904) to work on /opt/airflow/dags/lastonly.py
[2024-08-18T08:00:13.072+0000] {processor.py:914} INFO - Processing file /opt/airflow/dags/lastonly.py for tasks to queue
[2024-08-18T08:00:13.074+0000] {logging_mixin.py:190} INFO - [2024-08-18T08:00:13.074+0000] {dagbag.py:587} INFO - Filling up the DagBag from /opt/airflow/dags/lastonly.py
[2024-08-18T08:00:13.104+0000] {processor.py:925} INFO - DAG(s) 'LatestOnly' retrieved from /opt/airflow/dags/lastonly.py
[2024-08-18T08:00:13.139+0000] {logging_mixin.py:190} INFO - [2024-08-18T08:00:13.138+0000] {dag.py:3211} INFO - Sync 1 DAGs
[2024-08-18T08:00:13.357+0000] {logging_mixin.py:190} INFO - [2024-08-18T08:00:13.357+0000] {dag.py:4138} INFO - Setting next_dagrun for LatestOnly to 2024-08-15 02:00:00+00:00, run_after=2024-08-16 02:00:00+00:00
[2024-08-18T08:00:13.458+0000] {processor.py:208} INFO - Processing /opt/airflow/dags/lastonly.py took 0.392 seconds
[2024-08-18T08:00:45.085+0000] {processor.py:186} INFO - Started process (PID=920) to work on /opt/airflow/dags/lastonly.py
[2024-08-18T08:00:45.086+0000] {processor.py:914} INFO - Processing file /opt/airflow/dags/lastonly.py for tasks to queue
[2024-08-18T08:00:45.090+0000] {logging_mixin.py:190} INFO - [2024-08-18T08:00:45.089+0000] {dagbag.py:587} INFO - Filling up the DagBag from /opt/airflow/dags/lastonly.py
[2024-08-18T08:00:45.175+0000] {processor.py:925} INFO - DAG(s) 'LatestOnly' retrieved from /opt/airflow/dags/lastonly.py
[2024-08-18T08:00:45.256+0000] {logging_mixin.py:190} INFO - [2024-08-18T08:00:45.255+0000] {dag.py:3211} INFO - Sync 1 DAGs
[2024-08-18T08:00:45.336+0000] {logging_mixin.py:190} INFO - [2024-08-18T08:00:45.335+0000] {dag.py:4138} INFO - Setting next_dagrun for LatestOnly to 2024-08-15 02:00:00+00:00, run_after=2024-08-16 02:00:00+00:00
[2024-08-18T08:00:45.511+0000] {processor.py:208} INFO - Processing /opt/airflow/dags/lastonly.py took 0.437 seconds
[2024-08-18T08:01:16.517+0000] {processor.py:186} INFO - Started process (PID=936) to work on /opt/airflow/dags/lastonly.py
[2024-08-18T08:01:16.519+0000] {processor.py:914} INFO - Processing file /opt/airflow/dags/lastonly.py for tasks to queue
[2024-08-18T08:01:16.521+0000] {logging_mixin.py:190} INFO - [2024-08-18T08:01:16.521+0000] {dagbag.py:587} INFO - Filling up the DagBag from /opt/airflow/dags/lastonly.py
[2024-08-18T08:01:16.562+0000] {processor.py:925} INFO - DAG(s) 'LatestOnly' retrieved from /opt/airflow/dags/lastonly.py
[2024-08-18T08:01:16.640+0000] {logging_mixin.py:190} INFO - [2024-08-18T08:01:16.639+0000] {dag.py:3211} INFO - Sync 1 DAGs
[2024-08-18T08:01:16.707+0000] {logging_mixin.py:190} INFO - [2024-08-18T08:01:16.707+0000] {dag.py:4138} INFO - Setting next_dagrun for LatestOnly to 2024-08-15 02:00:00+00:00, run_after=2024-08-16 02:00:00+00:00
[2024-08-18T08:01:16.808+0000] {processor.py:208} INFO - Processing /opt/airflow/dags/lastonly.py took 0.296 seconds
[2024-08-18T08:01:47.141+0000] {processor.py:186} INFO - Started process (PID=952) to work on /opt/airflow/dags/lastonly.py
[2024-08-18T08:01:47.142+0000] {processor.py:914} INFO - Processing file /opt/airflow/dags/lastonly.py for tasks to queue
[2024-08-18T08:01:47.144+0000] {logging_mixin.py:190} INFO - [2024-08-18T08:01:47.144+0000] {dagbag.py:587} INFO - Filling up the DagBag from /opt/airflow/dags/lastonly.py
[2024-08-18T08:01:47.210+0000] {processor.py:925} INFO - DAG(s) 'LatestOnly' retrieved from /opt/airflow/dags/lastonly.py
[2024-08-18T08:01:47.265+0000] {logging_mixin.py:190} INFO - [2024-08-18T08:01:47.264+0000] {dag.py:3211} INFO - Sync 1 DAGs
[2024-08-18T08:01:47.309+0000] {logging_mixin.py:190} INFO - [2024-08-18T08:01:47.309+0000] {dag.py:4138} INFO - Setting next_dagrun for LatestOnly to 2024-08-15 02:00:00+00:00, run_after=2024-08-16 02:00:00+00:00
[2024-08-18T08:01:47.447+0000] {processor.py:208} INFO - Processing /opt/airflow/dags/lastonly.py took 0.312 seconds
[2024-08-18T08:02:19.008+0000] {processor.py:186} INFO - Started process (PID=970) to work on /opt/airflow/dags/lastonly.py
[2024-08-18T08:02:19.010+0000] {processor.py:914} INFO - Processing file /opt/airflow/dags/lastonly.py for tasks to queue
[2024-08-18T08:02:19.012+0000] {logging_mixin.py:190} INFO - [2024-08-18T08:02:19.012+0000] {dagbag.py:587} INFO - Filling up the DagBag from /opt/airflow/dags/lastonly.py
[2024-08-18T08:02:19.072+0000] {processor.py:925} INFO - DAG(s) 'LatestOnly' retrieved from /opt/airflow/dags/lastonly.py
[2024-08-18T08:02:19.132+0000] {logging_mixin.py:190} INFO - [2024-08-18T08:02:19.132+0000] {dag.py:3211} INFO - Sync 1 DAGs
[2024-08-18T08:02:19.175+0000] {logging_mixin.py:190} INFO - [2024-08-18T08:02:19.174+0000] {dag.py:4138} INFO - Setting next_dagrun for LatestOnly to 2024-08-15 02:00:00+00:00, run_after=2024-08-16 02:00:00+00:00
[2024-08-18T08:02:19.308+0000] {processor.py:208} INFO - Processing /opt/airflow/dags/lastonly.py took 0.306 seconds
[2024-08-18T08:02:50.121+0000] {processor.py:186} INFO - Started process (PID=988) to work on /opt/airflow/dags/lastonly.py
[2024-08-18T08:02:50.122+0000] {processor.py:914} INFO - Processing file /opt/airflow/dags/lastonly.py for tasks to queue
[2024-08-18T08:02:50.123+0000] {logging_mixin.py:190} INFO - [2024-08-18T08:02:50.123+0000] {dagbag.py:587} INFO - Filling up the DagBag from /opt/airflow/dags/lastonly.py
[2024-08-18T08:02:50.177+0000] {processor.py:925} INFO - DAG(s) 'LatestOnly' retrieved from /opt/airflow/dags/lastonly.py
[2024-08-18T08:02:50.231+0000] {logging_mixin.py:190} INFO - [2024-08-18T08:02:50.230+0000] {dag.py:3211} INFO - Sync 1 DAGs
[2024-08-18T08:02:50.269+0000] {logging_mixin.py:190} INFO - [2024-08-18T08:02:50.269+0000] {dag.py:4138} INFO - Setting next_dagrun for LatestOnly to 2024-08-15 02:00:00+00:00, run_after=2024-08-16 02:00:00+00:00
[2024-08-18T08:02:50.396+0000] {processor.py:208} INFO - Processing /opt/airflow/dags/lastonly.py took 0.281 seconds
[2024-08-18T08:03:21.470+0000] {processor.py:186} INFO - Started process (PID=1006) to work on /opt/airflow/dags/lastonly.py
[2024-08-18T08:03:21.472+0000] {processor.py:914} INFO - Processing file /opt/airflow/dags/lastonly.py for tasks to queue
[2024-08-18T08:03:21.474+0000] {logging_mixin.py:190} INFO - [2024-08-18T08:03:21.473+0000] {dagbag.py:587} INFO - Filling up the DagBag from /opt/airflow/dags/lastonly.py
[2024-08-18T08:03:21.537+0000] {processor.py:925} INFO - DAG(s) 'LatestOnly' retrieved from /opt/airflow/dags/lastonly.py
[2024-08-18T08:03:21.590+0000] {logging_mixin.py:190} INFO - [2024-08-18T08:03:21.590+0000] {dag.py:3211} INFO - Sync 1 DAGs
[2024-08-18T08:03:21.643+0000] {logging_mixin.py:190} INFO - [2024-08-18T08:03:21.643+0000] {dag.py:4138} INFO - Setting next_dagrun for LatestOnly to 2024-08-15 02:00:00+00:00, run_after=2024-08-16 02:00:00+00:00
[2024-08-18T08:03:21.782+0000] {processor.py:208} INFO - Processing /opt/airflow/dags/lastonly.py took 0.320 seconds
[2024-08-18T08:03:52.766+0000] {processor.py:186} INFO - Started process (PID=1024) to work on /opt/airflow/dags/lastonly.py
[2024-08-18T08:03:52.767+0000] {processor.py:914} INFO - Processing file /opt/airflow/dags/lastonly.py for tasks to queue
[2024-08-18T08:03:52.770+0000] {logging_mixin.py:190} INFO - [2024-08-18T08:03:52.769+0000] {dagbag.py:587} INFO - Filling up the DagBag from /opt/airflow/dags/lastonly.py
[2024-08-18T08:03:52.843+0000] {processor.py:925} INFO - DAG(s) 'LatestOnly' retrieved from /opt/airflow/dags/lastonly.py
[2024-08-18T08:03:52.891+0000] {logging_mixin.py:190} INFO - [2024-08-18T08:03:52.891+0000] {dag.py:3211} INFO - Sync 1 DAGs
[2024-08-18T08:03:52.927+0000] {logging_mixin.py:190} INFO - [2024-08-18T08:03:52.926+0000] {dag.py:4138} INFO - Setting next_dagrun for LatestOnly to 2024-08-15 02:00:00+00:00, run_after=2024-08-16 02:00:00+00:00
[2024-08-18T08:03:53.055+0000] {processor.py:208} INFO - Processing /opt/airflow/dags/lastonly.py took 0.295 seconds
[2024-08-18T08:04:23.523+0000] {processor.py:186} INFO - Started process (PID=1042) to work on /opt/airflow/dags/lastonly.py
[2024-08-18T08:04:23.525+0000] {processor.py:914} INFO - Processing file /opt/airflow/dags/lastonly.py for tasks to queue
[2024-08-18T08:04:23.526+0000] {logging_mixin.py:190} INFO - [2024-08-18T08:04:23.526+0000] {dagbag.py:587} INFO - Filling up the DagBag from /opt/airflow/dags/lastonly.py
[2024-08-18T08:04:23.585+0000] {processor.py:925} INFO - DAG(s) 'LatestOnly' retrieved from /opt/airflow/dags/lastonly.py
[2024-08-18T08:04:23.641+0000] {logging_mixin.py:190} INFO - [2024-08-18T08:04:23.640+0000] {dag.py:3211} INFO - Sync 1 DAGs
[2024-08-18T08:04:23.680+0000] {logging_mixin.py:190} INFO - [2024-08-18T08:04:23.680+0000] {dag.py:4138} INFO - Setting next_dagrun for LatestOnly to 2024-08-15 02:00:00+00:00, run_after=2024-08-16 02:00:00+00:00
[2024-08-18T08:04:23.806+0000] {processor.py:208} INFO - Processing /opt/airflow/dags/lastonly.py took 0.288 seconds
[2024-08-18T08:04:54.887+0000] {processor.py:186} INFO - Started process (PID=1060) to work on /opt/airflow/dags/lastonly.py
[2024-08-18T08:04:54.888+0000] {processor.py:914} INFO - Processing file /opt/airflow/dags/lastonly.py for tasks to queue
[2024-08-18T08:04:54.890+0000] {logging_mixin.py:190} INFO - [2024-08-18T08:04:54.890+0000] {dagbag.py:587} INFO - Filling up the DagBag from /opt/airflow/dags/lastonly.py
[2024-08-18T08:04:54.928+0000] {processor.py:925} INFO - DAG(s) 'LatestOnly' retrieved from /opt/airflow/dags/lastonly.py
[2024-08-18T08:04:54.974+0000] {logging_mixin.py:190} INFO - [2024-08-18T08:04:54.973+0000] {dag.py:3211} INFO - Sync 1 DAGs
[2024-08-18T08:04:55.010+0000] {logging_mixin.py:190} INFO - [2024-08-18T08:04:55.010+0000] {dag.py:4138} INFO - Setting next_dagrun for LatestOnly to 2024-08-15 02:00:00+00:00, run_after=2024-08-16 02:00:00+00:00
[2024-08-18T08:04:55.110+0000] {processor.py:208} INFO - Processing /opt/airflow/dags/lastonly.py took 0.230 seconds
[2024-08-18T08:05:25.990+0000] {processor.py:186} INFO - Started process (PID=1078) to work on /opt/airflow/dags/lastonly.py
[2024-08-18T08:05:25.992+0000] {processor.py:914} INFO - Processing file /opt/airflow/dags/lastonly.py for tasks to queue
[2024-08-18T08:05:25.994+0000] {logging_mixin.py:190} INFO - [2024-08-18T08:05:25.993+0000] {dagbag.py:587} INFO - Filling up the DagBag from /opt/airflow/dags/lastonly.py
[2024-08-18T08:05:26.033+0000] {processor.py:925} INFO - DAG(s) 'LatestOnly' retrieved from /opt/airflow/dags/lastonly.py
[2024-08-18T08:05:26.067+0000] {logging_mixin.py:190} INFO - [2024-08-18T08:05:26.066+0000] {dag.py:3211} INFO - Sync 1 DAGs
[2024-08-18T08:05:26.110+0000] {logging_mixin.py:190} INFO - [2024-08-18T08:05:26.110+0000] {dag.py:4138} INFO - Setting next_dagrun for LatestOnly to 2024-08-15 02:00:00+00:00, run_after=2024-08-16 02:00:00+00:00
[2024-08-18T08:05:26.440+0000] {processor.py:208} INFO - Processing /opt/airflow/dags/lastonly.py took 0.455 seconds
[2024-08-18T08:05:59.268+0000] {processor.py:186} INFO - Started process (PID=1096) to work on /opt/airflow/dags/lastonly.py
[2024-08-18T08:05:59.270+0000] {processor.py:914} INFO - Processing file /opt/airflow/dags/lastonly.py for tasks to queue
[2024-08-18T08:05:59.272+0000] {logging_mixin.py:190} INFO - [2024-08-18T08:05:59.271+0000] {dagbag.py:587} INFO - Filling up the DagBag from /opt/airflow/dags/lastonly.py
[2024-08-18T08:05:59.333+0000] {processor.py:925} INFO - DAG(s) 'LatestOnly' retrieved from /opt/airflow/dags/lastonly.py
[2024-08-18T08:05:59.387+0000] {logging_mixin.py:190} INFO - [2024-08-18T08:05:59.386+0000] {dag.py:3211} INFO - Sync 1 DAGs
[2024-08-18T08:05:59.600+0000] {logging_mixin.py:190} INFO - [2024-08-18T08:05:59.600+0000] {dag.py:4138} INFO - Setting next_dagrun for LatestOnly to 2024-08-15 02:00:00+00:00, run_after=2024-08-16 02:00:00+00:00
[2024-08-18T08:05:59.712+0000] {processor.py:208} INFO - Processing /opt/airflow/dags/lastonly.py took 0.449 seconds
[2024-08-18T08:06:31.214+0000] {processor.py:186} INFO - Started process (PID=1114) to work on /opt/airflow/dags/lastonly.py
[2024-08-18T08:06:31.216+0000] {processor.py:914} INFO - Processing file /opt/airflow/dags/lastonly.py for tasks to queue
[2024-08-18T08:06:31.220+0000] {logging_mixin.py:190} INFO - [2024-08-18T08:06:31.219+0000] {dagbag.py:587} INFO - Filling up the DagBag from /opt/airflow/dags/lastonly.py
[2024-08-18T08:06:31.274+0000] {processor.py:925} INFO - DAG(s) 'LatestOnly' retrieved from /opt/airflow/dags/lastonly.py
[2024-08-18T08:06:31.335+0000] {logging_mixin.py:190} INFO - [2024-08-18T08:06:31.334+0000] {dag.py:3211} INFO - Sync 1 DAGs
[2024-08-18T08:06:31.666+0000] {logging_mixin.py:190} INFO - [2024-08-18T08:06:31.666+0000] {dag.py:4138} INFO - Setting next_dagrun for LatestOnly to 2024-08-15 02:00:00+00:00, run_after=2024-08-16 02:00:00+00:00
[2024-08-18T08:06:31.809+0000] {processor.py:208} INFO - Processing /opt/airflow/dags/lastonly.py took 0.606 seconds
[2024-08-18T08:07:02.663+0000] {processor.py:186} INFO - Started process (PID=1132) to work on /opt/airflow/dags/lastonly.py
[2024-08-18T08:07:02.667+0000] {processor.py:914} INFO - Processing file /opt/airflow/dags/lastonly.py for tasks to queue
[2024-08-18T08:07:02.673+0000] {logging_mixin.py:190} INFO - [2024-08-18T08:07:02.672+0000] {dagbag.py:587} INFO - Filling up the DagBag from /opt/airflow/dags/lastonly.py
[2024-08-18T08:07:02.749+0000] {processor.py:925} INFO - DAG(s) 'LatestOnly' retrieved from /opt/airflow/dags/lastonly.py
[2024-08-18T08:07:02.816+0000] {logging_mixin.py:190} INFO - [2024-08-18T08:07:02.815+0000] {dag.py:3211} INFO - Sync 1 DAGs
[2024-08-18T08:07:03.148+0000] {logging_mixin.py:190} INFO - [2024-08-18T08:07:03.147+0000] {dag.py:4138} INFO - Setting next_dagrun for LatestOnly to 2024-08-15 02:00:00+00:00, run_after=2024-08-16 02:00:00+00:00
[2024-08-18T08:07:03.252+0000] {processor.py:208} INFO - Processing /opt/airflow/dags/lastonly.py took 0.603 seconds
[2024-08-18T08:07:36.529+0000] {processor.py:186} INFO - Started process (PID=1150) to work on /opt/airflow/dags/lastonly.py
[2024-08-18T08:07:36.532+0000] {processor.py:914} INFO - Processing file /opt/airflow/dags/lastonly.py for tasks to queue
[2024-08-18T08:07:36.535+0000] {logging_mixin.py:190} INFO - [2024-08-18T08:07:36.534+0000] {dagbag.py:587} INFO - Filling up the DagBag from /opt/airflow/dags/lastonly.py
[2024-08-18T08:07:36.612+0000] {processor.py:925} INFO - DAG(s) 'LatestOnly' retrieved from /opt/airflow/dags/lastonly.py
[2024-08-18T08:07:36.683+0000] {logging_mixin.py:190} INFO - [2024-08-18T08:07:36.682+0000] {dag.py:3211} INFO - Sync 1 DAGs
[2024-08-18T08:07:36.743+0000] {logging_mixin.py:190} INFO - [2024-08-18T08:07:36.742+0000] {dag.py:4138} INFO - Setting next_dagrun for LatestOnly to 2024-08-15 02:00:00+00:00, run_after=2024-08-16 02:00:00+00:00
[2024-08-18T08:07:36.899+0000] {processor.py:208} INFO - Processing /opt/airflow/dags/lastonly.py took 0.381 seconds
[2024-08-18T08:08:08.187+0000] {processor.py:186} INFO - Started process (PID=1168) to work on /opt/airflow/dags/lastonly.py
[2024-08-18T08:08:08.189+0000] {processor.py:914} INFO - Processing file /opt/airflow/dags/lastonly.py for tasks to queue
[2024-08-18T08:08:08.191+0000] {logging_mixin.py:190} INFO - [2024-08-18T08:08:08.190+0000] {dagbag.py:587} INFO - Filling up the DagBag from /opt/airflow/dags/lastonly.py
[2024-08-18T08:08:08.247+0000] {processor.py:925} INFO - DAG(s) 'LatestOnly' retrieved from /opt/airflow/dags/lastonly.py
[2024-08-18T08:08:08.297+0000] {logging_mixin.py:190} INFO - [2024-08-18T08:08:08.296+0000] {dag.py:3211} INFO - Sync 1 DAGs
[2024-08-18T08:08:08.341+0000] {logging_mixin.py:190} INFO - [2024-08-18T08:08:08.340+0000] {dag.py:4138} INFO - Setting next_dagrun for LatestOnly to 2024-08-15 02:00:00+00:00, run_after=2024-08-16 02:00:00+00:00
[2024-08-18T08:08:08.467+0000] {processor.py:208} INFO - Processing /opt/airflow/dags/lastonly.py took 0.287 seconds
[2024-08-18T08:08:39.275+0000] {processor.py:186} INFO - Started process (PID=1186) to work on /opt/airflow/dags/lastonly.py
[2024-08-18T08:08:39.277+0000] {processor.py:914} INFO - Processing file /opt/airflow/dags/lastonly.py for tasks to queue
[2024-08-18T08:08:39.279+0000] {logging_mixin.py:190} INFO - [2024-08-18T08:08:39.278+0000] {dagbag.py:587} INFO - Filling up the DagBag from /opt/airflow/dags/lastonly.py
[2024-08-18T08:08:39.342+0000] {processor.py:925} INFO - DAG(s) 'LatestOnly' retrieved from /opt/airflow/dags/lastonly.py
[2024-08-18T08:08:39.393+0000] {logging_mixin.py:190} INFO - [2024-08-18T08:08:39.392+0000] {dag.py:3211} INFO - Sync 1 DAGs
[2024-08-18T08:08:39.433+0000] {logging_mixin.py:190} INFO - [2024-08-18T08:08:39.433+0000] {dag.py:4138} INFO - Setting next_dagrun for LatestOnly to 2024-08-15 02:00:00+00:00, run_after=2024-08-16 02:00:00+00:00
[2024-08-18T08:08:39.557+0000] {processor.py:208} INFO - Processing /opt/airflow/dags/lastonly.py took 0.287 seconds
[2024-08-18T08:09:13.725+0000] {processor.py:186} INFO - Started process (PID=1205) to work on /opt/airflow/dags/lastonly.py
[2024-08-18T08:09:13.727+0000] {processor.py:914} INFO - Processing file /opt/airflow/dags/lastonly.py for tasks to queue
[2024-08-18T08:09:13.730+0000] {logging_mixin.py:190} INFO - [2024-08-18T08:09:13.729+0000] {dagbag.py:587} INFO - Filling up the DagBag from /opt/airflow/dags/lastonly.py
[2024-08-18T08:09:13.806+0000] {processor.py:925} INFO - DAG(s) 'LatestOnly' retrieved from /opt/airflow/dags/lastonly.py
[2024-08-18T08:09:13.884+0000] {logging_mixin.py:190} INFO - [2024-08-18T08:09:13.883+0000] {dag.py:3211} INFO - Sync 1 DAGs
[2024-08-18T08:09:13.949+0000] {logging_mixin.py:190} INFO - [2024-08-18T08:09:13.949+0000] {dag.py:4138} INFO - Setting next_dagrun for LatestOnly to 2024-08-15 02:00:00+00:00, run_after=2024-08-16 02:00:00+00:00
[2024-08-18T08:09:14.078+0000] {processor.py:208} INFO - Processing /opt/airflow/dags/lastonly.py took 0.363 seconds
[2024-08-18T08:09:45.010+0000] {processor.py:186} INFO - Started process (PID=1223) to work on /opt/airflow/dags/lastonly.py
[2024-08-18T08:09:45.011+0000] {processor.py:914} INFO - Processing file /opt/airflow/dags/lastonly.py for tasks to queue
[2024-08-18T08:09:45.012+0000] {logging_mixin.py:190} INFO - [2024-08-18T08:09:45.012+0000] {dagbag.py:587} INFO - Filling up the DagBag from /opt/airflow/dags/lastonly.py
[2024-08-18T08:09:45.061+0000] {processor.py:925} INFO - DAG(s) 'LatestOnly' retrieved from /opt/airflow/dags/lastonly.py
[2024-08-18T08:09:45.107+0000] {logging_mixin.py:190} INFO - [2024-08-18T08:09:45.106+0000] {dag.py:3211} INFO - Sync 1 DAGs
[2024-08-18T08:09:45.146+0000] {logging_mixin.py:190} INFO - [2024-08-18T08:09:45.145+0000] {dag.py:4138} INFO - Setting next_dagrun for LatestOnly to 2024-08-15 02:00:00+00:00, run_after=2024-08-16 02:00:00+00:00
[2024-08-18T08:09:45.250+0000] {processor.py:208} INFO - Processing /opt/airflow/dags/lastonly.py took 0.246 seconds
[2024-08-18T08:10:16.703+0000] {processor.py:186} INFO - Started process (PID=1241) to work on /opt/airflow/dags/lastonly.py
[2024-08-18T08:10:16.706+0000] {processor.py:914} INFO - Processing file /opt/airflow/dags/lastonly.py for tasks to queue
[2024-08-18T08:10:16.710+0000] {logging_mixin.py:190} INFO - [2024-08-18T08:10:16.709+0000] {dagbag.py:587} INFO - Filling up the DagBag from /opt/airflow/dags/lastonly.py
[2024-08-18T08:10:16.776+0000] {processor.py:925} INFO - DAG(s) 'LatestOnly' retrieved from /opt/airflow/dags/lastonly.py
[2024-08-18T08:10:16.846+0000] {logging_mixin.py:190} INFO - [2024-08-18T08:10:16.845+0000] {dag.py:3211} INFO - Sync 1 DAGs
[2024-08-18T08:10:16.899+0000] {logging_mixin.py:190} INFO - [2024-08-18T08:10:16.898+0000] {dag.py:4138} INFO - Setting next_dagrun for LatestOnly to 2024-08-15 02:00:00+00:00, run_after=2024-08-16 02:00:00+00:00
[2024-08-18T08:10:17.030+0000] {processor.py:208} INFO - Processing /opt/airflow/dags/lastonly.py took 0.336 seconds
[2024-08-18T08:10:47.866+0000] {processor.py:186} INFO - Started process (PID=1259) to work on /opt/airflow/dags/lastonly.py
[2024-08-18T08:10:47.868+0000] {processor.py:914} INFO - Processing file /opt/airflow/dags/lastonly.py for tasks to queue
[2024-08-18T08:10:47.870+0000] {logging_mixin.py:190} INFO - [2024-08-18T08:10:47.869+0000] {dagbag.py:587} INFO - Filling up the DagBag from /opt/airflow/dags/lastonly.py
[2024-08-18T08:10:47.949+0000] {processor.py:925} INFO - DAG(s) 'LatestOnly' retrieved from /opt/airflow/dags/lastonly.py
[2024-08-18T08:10:48.016+0000] {logging_mixin.py:190} INFO - [2024-08-18T08:10:48.015+0000] {dag.py:3211} INFO - Sync 1 DAGs
[2024-08-18T08:10:48.070+0000] {logging_mixin.py:190} INFO - [2024-08-18T08:10:48.070+0000] {dag.py:4138} INFO - Setting next_dagrun for LatestOnly to 2024-08-15 02:00:00+00:00, run_after=2024-08-16 02:00:00+00:00
[2024-08-18T08:10:48.213+0000] {processor.py:208} INFO - Processing /opt/airflow/dags/lastonly.py took 0.358 seconds
[2024-08-18T08:11:18.518+0000] {processor.py:186} INFO - Started process (PID=1277) to work on /opt/airflow/dags/lastonly.py
[2024-08-18T08:11:18.520+0000] {processor.py:914} INFO - Processing file /opt/airflow/dags/lastonly.py for tasks to queue
[2024-08-18T08:11:18.522+0000] {logging_mixin.py:190} INFO - [2024-08-18T08:11:18.521+0000] {dagbag.py:587} INFO - Filling up the DagBag from /opt/airflow/dags/lastonly.py
[2024-08-18T08:11:18.588+0000] {processor.py:925} INFO - DAG(s) 'LatestOnly' retrieved from /opt/airflow/dags/lastonly.py
[2024-08-18T08:11:18.652+0000] {logging_mixin.py:190} INFO - [2024-08-18T08:11:18.651+0000] {dag.py:3211} INFO - Sync 1 DAGs
[2024-08-18T08:11:18.703+0000] {logging_mixin.py:190} INFO - [2024-08-18T08:11:18.703+0000] {dag.py:4138} INFO - Setting next_dagrun for LatestOnly to 2024-08-15 02:00:00+00:00, run_after=2024-08-16 02:00:00+00:00
[2024-08-18T08:11:19.101+0000] {processor.py:208} INFO - Processing /opt/airflow/dags/lastonly.py took 0.594 seconds
[2024-08-18T08:11:52.058+0000] {processor.py:186} INFO - Started process (PID=1296) to work on /opt/airflow/dags/lastonly.py
[2024-08-18T08:11:52.060+0000] {processor.py:914} INFO - Processing file /opt/airflow/dags/lastonly.py for tasks to queue
[2024-08-18T08:11:52.063+0000] {logging_mixin.py:190} INFO - [2024-08-18T08:11:52.062+0000] {dagbag.py:587} INFO - Filling up the DagBag from /opt/airflow/dags/lastonly.py
[2024-08-18T08:11:52.125+0000] {processor.py:925} INFO - DAG(s) 'LatestOnly' retrieved from /opt/airflow/dags/lastonly.py
[2024-08-18T08:11:52.192+0000] {logging_mixin.py:190} INFO - [2024-08-18T08:11:52.191+0000] {dag.py:3211} INFO - Sync 1 DAGs
[2024-08-18T08:11:52.251+0000] {logging_mixin.py:190} INFO - [2024-08-18T08:11:52.251+0000] {dag.py:4138} INFO - Setting next_dagrun for LatestOnly to 2024-08-15 02:00:00+00:00, run_after=2024-08-16 02:00:00+00:00
[2024-08-18T08:11:52.589+0000] {processor.py:208} INFO - Processing /opt/airflow/dags/lastonly.py took 0.539 seconds
[2024-08-18T08:12:25.365+0000] {processor.py:186} INFO - Started process (PID=1314) to work on /opt/airflow/dags/lastonly.py
[2024-08-18T08:12:25.367+0000] {processor.py:914} INFO - Processing file /opt/airflow/dags/lastonly.py for tasks to queue
[2024-08-18T08:12:25.370+0000] {logging_mixin.py:190} INFO - [2024-08-18T08:12:25.369+0000] {dagbag.py:587} INFO - Filling up the DagBag from /opt/airflow/dags/lastonly.py
[2024-08-18T08:12:25.436+0000] {processor.py:925} INFO - DAG(s) 'LatestOnly' retrieved from /opt/airflow/dags/lastonly.py
[2024-08-18T08:12:25.494+0000] {logging_mixin.py:190} INFO - [2024-08-18T08:12:25.493+0000] {dag.py:3211} INFO - Sync 1 DAGs
[2024-08-18T08:12:25.737+0000] {logging_mixin.py:190} INFO - [2024-08-18T08:12:25.737+0000] {dag.py:4138} INFO - Setting next_dagrun for LatestOnly to 2024-08-15 02:00:00+00:00, run_after=2024-08-16 02:00:00+00:00
[2024-08-18T08:12:25.865+0000] {processor.py:208} INFO - Processing /opt/airflow/dags/lastonly.py took 0.507 seconds
[2024-08-18T08:12:58.565+0000] {processor.py:186} INFO - Started process (PID=1333) to work on /opt/airflow/dags/lastonly.py
[2024-08-18T08:12:58.566+0000] {processor.py:914} INFO - Processing file /opt/airflow/dags/lastonly.py for tasks to queue
[2024-08-18T08:12:58.568+0000] {logging_mixin.py:190} INFO - [2024-08-18T08:12:58.568+0000] {dagbag.py:587} INFO - Filling up the DagBag from /opt/airflow/dags/lastonly.py
[2024-08-18T08:12:58.637+0000] {processor.py:925} INFO - DAG(s) 'LatestOnly' retrieved from /opt/airflow/dags/lastonly.py
[2024-08-18T08:12:58.703+0000] {logging_mixin.py:190} INFO - [2024-08-18T08:12:58.702+0000] {dag.py:3211} INFO - Sync 1 DAGs
[2024-08-18T08:12:58.926+0000] {logging_mixin.py:190} INFO - [2024-08-18T08:12:58.925+0000] {dag.py:4138} INFO - Setting next_dagrun for LatestOnly to 2024-08-15 02:00:00+00:00, run_after=2024-08-16 02:00:00+00:00
[2024-08-18T08:12:59.041+0000] {processor.py:208} INFO - Processing /opt/airflow/dags/lastonly.py took 0.480 seconds
[2024-08-18T08:13:41.114+0000] {processor.py:186} INFO - Started process (PID=1353) to work on /opt/airflow/dags/lastonly.py
[2024-08-18T08:13:41.115+0000] {processor.py:914} INFO - Processing file /opt/airflow/dags/lastonly.py for tasks to queue
[2024-08-18T08:13:41.118+0000] {logging_mixin.py:190} INFO - [2024-08-18T08:13:41.117+0000] {dagbag.py:587} INFO - Filling up the DagBag from /opt/airflow/dags/lastonly.py
[2024-08-18T08:13:41.183+0000] {processor.py:925} INFO - DAG(s) 'LatestOnly' retrieved from /opt/airflow/dags/lastonly.py
[2024-08-18T08:13:41.247+0000] {logging_mixin.py:190} INFO - [2024-08-18T08:13:41.244+0000] {dag.py:3211} INFO - Sync 1 DAGs
[2024-08-18T08:13:41.524+0000] {logging_mixin.py:190} INFO - [2024-08-18T08:13:41.523+0000] {dag.py:4138} INFO - Setting next_dagrun for LatestOnly to 2024-08-15 02:00:00+00:00, run_after=2024-08-16 02:00:00+00:00
[2024-08-18T08:13:41.668+0000] {processor.py:208} INFO - Processing /opt/airflow/dags/lastonly.py took 0.562 seconds
