[2024-08-18T08:11:54.256+0000] {processor.py:186} INFO - Started process (PID=1297) to work on /opt/airflow/dags/S3hooks.py
[2024-08-18T08:11:54.258+0000] {processor.py:914} INFO - Processing file /opt/airflow/dags/S3hooks.py for tasks to queue
[2024-08-18T08:11:54.260+0000] {logging_mixin.py:190} INFO - [2024-08-18T08:11:54.260+0000] {dagbag.py:587} INFO - Filling up the DagBag from /opt/airflow/dags/S3hooks.py
[2024-08-18T08:11:54.353+0000] {processor.py:925} INFO - DAG(s) 'cust_s3_trans' retrieved from /opt/airflow/dags/S3hooks.py
[2024-08-18T08:11:54.905+0000] {logging_mixin.py:190} INFO - [2024-08-18T08:11:54.904+0000] {override.py:1858} INFO - Created Permission View: can read on DAG:cust_s3_trans
[2024-08-18T08:11:55.000+0000] {logging_mixin.py:190} INFO - [2024-08-18T08:11:54.999+0000] {override.py:1858} INFO - Created Permission View: can edit on DAG:cust_s3_trans
[2024-08-18T08:11:55.092+0000] {logging_mixin.py:190} INFO - [2024-08-18T08:11:55.092+0000] {override.py:1858} INFO - Created Permission View: can delete on DAG:cust_s3_trans
[2024-08-18T08:11:55.094+0000] {logging_mixin.py:190} INFO - [2024-08-18T08:11:55.093+0000] {dag.py:3211} INFO - Sync 1 DAGs
[2024-08-18T08:11:55.130+0000] {logging_mixin.py:190} INFO - [2024-08-18T08:11:55.130+0000] {dag.py:3234} INFO - Creating ORM DAG for cust_s3_trans
[2024-08-18T08:11:55.157+0000] {logging_mixin.py:190} INFO - [2024-08-18T08:11:55.157+0000] {dag.py:4138} INFO - Setting next_dagrun for cust_s3_trans to 2024-08-17 23:00:00+00:00, run_after=2024-08-18 23:00:00+00:00
[2024-08-18T08:11:55.310+0000] {processor.py:208} INFO - Processing /opt/airflow/dags/S3hooks.py took 1.068 seconds
[2024-08-18T08:12:28.168+0000] {processor.py:186} INFO - Started process (PID=1316) to work on /opt/airflow/dags/S3hooks.py
[2024-08-18T08:12:28.170+0000] {processor.py:914} INFO - Processing file /opt/airflow/dags/S3hooks.py for tasks to queue
[2024-08-18T08:12:28.173+0000] {logging_mixin.py:190} INFO - [2024-08-18T08:12:28.172+0000] {dagbag.py:587} INFO - Filling up the DagBag from /opt/airflow/dags/S3hooks.py
[2024-08-18T08:12:28.226+0000] {processor.py:925} INFO - DAG(s) 'cust_s3_trans' retrieved from /opt/airflow/dags/S3hooks.py
[2024-08-18T08:12:28.278+0000] {logging_mixin.py:190} INFO - [2024-08-18T08:12:28.277+0000] {dag.py:3211} INFO - Sync 1 DAGs
[2024-08-18T08:12:28.509+0000] {logging_mixin.py:190} INFO - [2024-08-18T08:12:28.509+0000] {dag.py:4138} INFO - Setting next_dagrun for cust_s3_trans to 2024-08-17 23:00:00+00:00, run_after=2024-08-18 23:00:00+00:00
[2024-08-18T08:12:28.637+0000] {processor.py:208} INFO - Processing /opt/airflow/dags/S3hooks.py took 0.476 seconds
[2024-08-18T08:13:01.693+0000] {processor.py:186} INFO - Started process (PID=1335) to work on /opt/airflow/dags/S3hooks.py
[2024-08-18T08:13:01.696+0000] {processor.py:914} INFO - Processing file /opt/airflow/dags/S3hooks.py for tasks to queue
[2024-08-18T08:13:01.699+0000] {logging_mixin.py:190} INFO - [2024-08-18T08:13:01.698+0000] {dagbag.py:587} INFO - Filling up the DagBag from /opt/airflow/dags/S3hooks.py
[2024-08-18T08:13:01.754+0000] {processor.py:925} INFO - DAG(s) 'cust_s3_trans' retrieved from /opt/airflow/dags/S3hooks.py
[2024-08-18T08:13:01.817+0000] {logging_mixin.py:190} INFO - [2024-08-18T08:13:01.816+0000] {dag.py:3211} INFO - Sync 1 DAGs
[2024-08-18T08:13:02.102+0000] {logging_mixin.py:190} INFO - [2024-08-18T08:13:02.102+0000] {dag.py:4138} INFO - Setting next_dagrun for cust_s3_trans to 2024-08-17 23:00:00+00:00, run_after=2024-08-18 23:00:00+00:00
[2024-08-18T08:13:02.251+0000] {processor.py:208} INFO - Processing /opt/airflow/dags/S3hooks.py took 0.568 seconds
[2024-08-18T08:13:39.185+0000] {processor.py:186} INFO - Started process (PID=1352) to work on /opt/airflow/dags/S3hooks.py
[2024-08-18T08:13:39.187+0000] {processor.py:914} INFO - Processing file /opt/airflow/dags/S3hooks.py for tasks to queue
[2024-08-18T08:13:39.189+0000] {logging_mixin.py:190} INFO - [2024-08-18T08:13:39.189+0000] {dagbag.py:587} INFO - Filling up the DagBag from /opt/airflow/dags/S3hooks.py
[2024-08-18T08:13:39.239+0000] {processor.py:925} INFO - DAG(s) 'cust_s3_trans' retrieved from /opt/airflow/dags/S3hooks.py
[2024-08-18T08:13:39.299+0000] {logging_mixin.py:190} INFO - [2024-08-18T08:13:39.298+0000] {dag.py:3211} INFO - Sync 1 DAGs
[2024-08-18T08:13:39.556+0000] {logging_mixin.py:190} INFO - [2024-08-18T08:13:39.556+0000] {dag.py:4138} INFO - Setting next_dagrun for cust_s3_trans to 2024-08-17 23:00:00+00:00, run_after=2024-08-18 23:00:00+00:00
[2024-08-18T08:13:39.700+0000] {processor.py:208} INFO - Processing /opt/airflow/dags/S3hooks.py took 0.524 seconds
[2024-08-18T08:14:10.054+0000] {processor.py:186} INFO - Started process (PID=1371) to work on /opt/airflow/dags/S3hooks.py
[2024-08-18T08:14:10.056+0000] {processor.py:914} INFO - Processing file /opt/airflow/dags/S3hooks.py for tasks to queue
[2024-08-18T08:14:10.058+0000] {logging_mixin.py:190} INFO - [2024-08-18T08:14:10.058+0000] {dagbag.py:587} INFO - Filling up the DagBag from /opt/airflow/dags/S3hooks.py
[2024-08-18T08:14:10.103+0000] {processor.py:925} INFO - DAG(s) 'cust_s3_trans' retrieved from /opt/airflow/dags/S3hooks.py
[2024-08-18T08:14:10.157+0000] {logging_mixin.py:190} INFO - [2024-08-18T08:14:10.156+0000] {dag.py:3211} INFO - Sync 1 DAGs
[2024-08-18T08:14:10.206+0000] {logging_mixin.py:190} INFO - [2024-08-18T08:14:10.206+0000] {dag.py:4138} INFO - Setting next_dagrun for cust_s3_trans to 2024-08-17 23:00:00+00:00, run_after=2024-08-18 23:00:00+00:00
[2024-08-18T08:14:10.336+0000] {processor.py:208} INFO - Processing /opt/airflow/dags/S3hooks.py took 0.288 seconds
