[2024-08-18T07:26:49.249+0000] {processor.py:186} INFO - Started process (PID=183) to work on /opt/airflow/dags/S3toSnowflake_deffered.py
[2024-08-18T07:26:49.251+0000] {processor.py:914} INFO - Processing file /opt/airflow/dags/S3toSnowflake_deffered.py for tasks to queue
[2024-08-18T07:26:49.261+0000] {logging_mixin.py:190} INFO - [2024-08-18T07:26:49.261+0000] {dagbag.py:587} INFO - Filling up the DagBag from /opt/airflow/dags/S3toSnowflake_deffered.py
[2024-08-18T07:26:49.337+0000] {processor.py:925} INFO - DAG(s) 's3_to_snowflake_dag' retrieved from /opt/airflow/dags/S3toSnowflake_deffered.py
[2024-08-18T07:26:49.372+0000] {logging_mixin.py:190} INFO - [2024-08-18T07:26:49.370+0000] {dag.py:3211} INFO - Sync 1 DAGs
[2024-08-18T07:26:49.413+0000] {logging_mixin.py:190} INFO - [2024-08-18T07:26:49.413+0000] {dag.py:4138} INFO - Setting next_dagrun for s3_to_snowflake_dag to 2024-08-17 23:00:00+00:00, run_after=2024-08-18 23:00:00+00:00
[2024-08-18T07:26:49.525+0000] {processor.py:208} INFO - Processing /opt/airflow/dags/S3toSnowflake_deffered.py took 0.291 seconds
[2024-08-18T07:27:20.786+0000] {processor.py:186} INFO - Started process (PID=191) to work on /opt/airflow/dags/S3toSnowflake_deffered.py
[2024-08-18T07:27:20.788+0000] {processor.py:914} INFO - Processing file /opt/airflow/dags/S3toSnowflake_deffered.py for tasks to queue
[2024-08-18T07:27:20.795+0000] {logging_mixin.py:190} INFO - [2024-08-18T07:27:20.795+0000] {dagbag.py:587} INFO - Filling up the DagBag from /opt/airflow/dags/S3toSnowflake_deffered.py
[2024-08-18T07:27:20.835+0000] {processor.py:925} INFO - DAG(s) 's3_to_snowflake_dag' retrieved from /opt/airflow/dags/S3toSnowflake_deffered.py
[2024-08-18T07:27:21.202+0000] {logging_mixin.py:190} INFO - [2024-08-18T07:27:21.201+0000] {dag.py:3211} INFO - Sync 1 DAGs
[2024-08-18T07:27:21.243+0000] {logging_mixin.py:190} INFO - [2024-08-18T07:27:21.243+0000] {dag.py:4138} INFO - Setting next_dagrun for s3_to_snowflake_dag to 2024-08-17 23:00:00+00:00, run_after=2024-08-18 23:00:00+00:00
[2024-08-18T07:27:21.363+0000] {processor.py:208} INFO - Processing /opt/airflow/dags/S3toSnowflake_deffered.py took 0.585 seconds
[2024-08-18T07:27:51.758+0000] {processor.py:186} INFO - Started process (PID=199) to work on /opt/airflow/dags/S3toSnowflake_deffered.py
[2024-08-18T07:27:51.760+0000] {processor.py:914} INFO - Processing file /opt/airflow/dags/S3toSnowflake_deffered.py for tasks to queue
[2024-08-18T07:27:51.763+0000] {logging_mixin.py:190} INFO - [2024-08-18T07:27:51.762+0000] {dagbag.py:587} INFO - Filling up the DagBag from /opt/airflow/dags/S3toSnowflake_deffered.py
[2024-08-18T07:27:51.810+0000] {processor.py:925} INFO - DAG(s) 's3_to_snowflake_dag' retrieved from /opt/airflow/dags/S3toSnowflake_deffered.py
[2024-08-18T07:27:51.859+0000] {logging_mixin.py:190} INFO - [2024-08-18T07:27:51.858+0000] {dag.py:3211} INFO - Sync 1 DAGs
[2024-08-18T07:27:51.902+0000] {logging_mixin.py:190} INFO - [2024-08-18T07:27:51.902+0000] {dag.py:4138} INFO - Setting next_dagrun for s3_to_snowflake_dag to 2024-08-17 23:00:00+00:00, run_after=2024-08-18 23:00:00+00:00
[2024-08-18T07:27:52.043+0000] {processor.py:208} INFO - Processing /opt/airflow/dags/S3toSnowflake_deffered.py took 0.293 seconds
[2024-08-18T07:28:22.334+0000] {processor.py:186} INFO - Started process (PID=207) to work on /opt/airflow/dags/S3toSnowflake_deffered.py
[2024-08-18T07:28:22.335+0000] {processor.py:914} INFO - Processing file /opt/airflow/dags/S3toSnowflake_deffered.py for tasks to queue
[2024-08-18T07:28:22.337+0000] {logging_mixin.py:190} INFO - [2024-08-18T07:28:22.337+0000] {dagbag.py:587} INFO - Filling up the DagBag from /opt/airflow/dags/S3toSnowflake_deffered.py
[2024-08-18T07:28:22.380+0000] {processor.py:925} INFO - DAG(s) 's3_to_snowflake_dag' retrieved from /opt/airflow/dags/S3toSnowflake_deffered.py
[2024-08-18T07:28:22.413+0000] {logging_mixin.py:190} INFO - [2024-08-18T07:28:22.411+0000] {dag.py:3211} INFO - Sync 1 DAGs
[2024-08-18T07:28:22.459+0000] {logging_mixin.py:190} INFO - [2024-08-18T07:28:22.459+0000] {dag.py:4138} INFO - Setting next_dagrun for s3_to_snowflake_dag to 2024-08-17 23:00:00+00:00, run_after=2024-08-18 23:00:00+00:00
[2024-08-18T07:28:22.570+0000] {processor.py:208} INFO - Processing /opt/airflow/dags/S3toSnowflake_deffered.py took 0.244 seconds
[2024-08-18T07:28:53.839+0000] {processor.py:186} INFO - Started process (PID=215) to work on /opt/airflow/dags/S3toSnowflake_deffered.py
[2024-08-18T07:28:53.841+0000] {processor.py:914} INFO - Processing file /opt/airflow/dags/S3toSnowflake_deffered.py for tasks to queue
[2024-08-18T07:28:53.843+0000] {logging_mixin.py:190} INFO - [2024-08-18T07:28:53.843+0000] {dagbag.py:587} INFO - Filling up the DagBag from /opt/airflow/dags/S3toSnowflake_deffered.py
[2024-08-18T07:28:53.906+0000] {processor.py:925} INFO - DAG(s) 's3_to_snowflake_dag' retrieved from /opt/airflow/dags/S3toSnowflake_deffered.py
[2024-08-18T07:28:54.052+0000] {logging_mixin.py:190} INFO - [2024-08-18T07:28:54.051+0000] {dag.py:3211} INFO - Sync 1 DAGs
[2024-08-18T07:28:54.078+0000] {logging_mixin.py:190} INFO - [2024-08-18T07:28:54.078+0000] {dag.py:4138} INFO - Setting next_dagrun for s3_to_snowflake_dag to 2024-08-17 23:00:00+00:00, run_after=2024-08-18 23:00:00+00:00
[2024-08-18T07:28:54.148+0000] {processor.py:208} INFO - Processing /opt/airflow/dags/S3toSnowflake_deffered.py took 0.315 seconds
[2024-08-18T07:29:24.933+0000] {processor.py:186} INFO - Started process (PID=223) to work on /opt/airflow/dags/S3toSnowflake_deffered.py
[2024-08-18T07:29:24.935+0000] {processor.py:914} INFO - Processing file /opt/airflow/dags/S3toSnowflake_deffered.py for tasks to queue
[2024-08-18T07:29:24.936+0000] {logging_mixin.py:190} INFO - [2024-08-18T07:29:24.936+0000] {dagbag.py:587} INFO - Filling up the DagBag from /opt/airflow/dags/S3toSnowflake_deffered.py
[2024-08-18T07:29:24.970+0000] {processor.py:925} INFO - DAG(s) 's3_to_snowflake_dag' retrieved from /opt/airflow/dags/S3toSnowflake_deffered.py
[2024-08-18T07:29:25.015+0000] {logging_mixin.py:190} INFO - [2024-08-18T07:29:25.014+0000] {dag.py:3211} INFO - Sync 1 DAGs
[2024-08-18T07:29:25.061+0000] {logging_mixin.py:190} INFO - [2024-08-18T07:29:25.061+0000] {dag.py:4138} INFO - Setting next_dagrun for s3_to_snowflake_dag to 2024-08-17 23:00:00+00:00, run_after=2024-08-18 23:00:00+00:00
[2024-08-18T07:29:25.188+0000] {processor.py:208} INFO - Processing /opt/airflow/dags/S3toSnowflake_deffered.py took 0.261 seconds
[2024-08-18T07:29:55.978+0000] {processor.py:186} INFO - Started process (PID=231) to work on /opt/airflow/dags/S3toSnowflake_deffered.py
[2024-08-18T07:29:55.979+0000] {processor.py:914} INFO - Processing file /opt/airflow/dags/S3toSnowflake_deffered.py for tasks to queue
[2024-08-18T07:29:55.981+0000] {logging_mixin.py:190} INFO - [2024-08-18T07:29:55.980+0000] {dagbag.py:587} INFO - Filling up the DagBag from /opt/airflow/dags/S3toSnowflake_deffered.py
[2024-08-18T07:29:56.011+0000] {processor.py:925} INFO - DAG(s) 's3_to_snowflake_dag' retrieved from /opt/airflow/dags/S3toSnowflake_deffered.py
[2024-08-18T07:29:56.033+0000] {logging_mixin.py:190} INFO - [2024-08-18T07:29:56.031+0000] {dag.py:3211} INFO - Sync 1 DAGs
[2024-08-18T07:29:56.073+0000] {logging_mixin.py:190} INFO - [2024-08-18T07:29:56.073+0000] {dag.py:4138} INFO - Setting next_dagrun for s3_to_snowflake_dag to 2024-08-17 23:00:00+00:00, run_after=2024-08-18 23:00:00+00:00
[2024-08-18T07:29:56.235+0000] {processor.py:208} INFO - Processing /opt/airflow/dags/S3toSnowflake_deffered.py took 0.262 seconds
[2024-08-18T07:30:26.636+0000] {processor.py:186} INFO - Started process (PID=239) to work on /opt/airflow/dags/S3toSnowflake_deffered.py
[2024-08-18T07:30:26.638+0000] {processor.py:914} INFO - Processing file /opt/airflow/dags/S3toSnowflake_deffered.py for tasks to queue
[2024-08-18T07:30:26.640+0000] {logging_mixin.py:190} INFO - [2024-08-18T07:30:26.640+0000] {dagbag.py:587} INFO - Filling up the DagBag from /opt/airflow/dags/S3toSnowflake_deffered.py
[2024-08-18T07:30:26.702+0000] {processor.py:925} INFO - DAG(s) 's3_to_snowflake_dag' retrieved from /opt/airflow/dags/S3toSnowflake_deffered.py
[2024-08-18T07:30:26.920+0000] {logging_mixin.py:190} INFO - [2024-08-18T07:30:26.919+0000] {dag.py:3211} INFO - Sync 1 DAGs
[2024-08-18T07:30:27.209+0000] {logging_mixin.py:190} INFO - [2024-08-18T07:30:27.209+0000] {dag.py:4138} INFO - Setting next_dagrun for s3_to_snowflake_dag to 2024-08-17 23:00:00+00:00, run_after=2024-08-18 23:00:00+00:00
[2024-08-18T07:30:27.366+0000] {processor.py:208} INFO - Processing /opt/airflow/dags/S3toSnowflake_deffered.py took 0.736 seconds
[2024-08-18T07:30:58.233+0000] {processor.py:186} INFO - Started process (PID=247) to work on /opt/airflow/dags/S3toSnowflake_deffered.py
[2024-08-18T07:30:58.235+0000] {processor.py:914} INFO - Processing file /opt/airflow/dags/S3toSnowflake_deffered.py for tasks to queue
[2024-08-18T07:30:58.237+0000] {logging_mixin.py:190} INFO - [2024-08-18T07:30:58.237+0000] {dagbag.py:587} INFO - Filling up the DagBag from /opt/airflow/dags/S3toSnowflake_deffered.py
[2024-08-18T07:30:58.294+0000] {processor.py:925} INFO - DAG(s) 's3_to_snowflake_dag' retrieved from /opt/airflow/dags/S3toSnowflake_deffered.py
[2024-08-18T07:30:58.354+0000] {logging_mixin.py:190} INFO - [2024-08-18T07:30:58.354+0000] {dag.py:3211} INFO - Sync 1 DAGs
[2024-08-18T07:30:58.406+0000] {logging_mixin.py:190} INFO - [2024-08-18T07:30:58.406+0000] {dag.py:4138} INFO - Setting next_dagrun for s3_to_snowflake_dag to 2024-08-17 23:00:00+00:00, run_after=2024-08-18 23:00:00+00:00
[2024-08-18T07:30:58.531+0000] {processor.py:208} INFO - Processing /opt/airflow/dags/S3toSnowflake_deffered.py took 0.307 seconds
[2024-08-18T07:31:29.627+0000] {processor.py:186} INFO - Started process (PID=255) to work on /opt/airflow/dags/S3toSnowflake_deffered.py
[2024-08-18T07:31:29.629+0000] {processor.py:914} INFO - Processing file /opt/airflow/dags/S3toSnowflake_deffered.py for tasks to queue
[2024-08-18T07:31:29.632+0000] {logging_mixin.py:190} INFO - [2024-08-18T07:31:29.631+0000] {dagbag.py:587} INFO - Filling up the DagBag from /opt/airflow/dags/S3toSnowflake_deffered.py
[2024-08-18T07:31:29.685+0000] {processor.py:925} INFO - DAG(s) 's3_to_snowflake_dag' retrieved from /opt/airflow/dags/S3toSnowflake_deffered.py
[2024-08-18T07:31:29.723+0000] {logging_mixin.py:190} INFO - [2024-08-18T07:31:29.721+0000] {dag.py:3211} INFO - Sync 1 DAGs
[2024-08-18T07:31:29.784+0000] {logging_mixin.py:190} INFO - [2024-08-18T07:31:29.783+0000] {dag.py:4138} INFO - Setting next_dagrun for s3_to_snowflake_dag to 2024-08-17 23:00:00+00:00, run_after=2024-08-18 23:00:00+00:00
[2024-08-18T07:31:29.926+0000] {processor.py:208} INFO - Processing /opt/airflow/dags/S3toSnowflake_deffered.py took 0.306 seconds
[2024-08-18T07:32:00.736+0000] {processor.py:186} INFO - Started process (PID=263) to work on /opt/airflow/dags/S3toSnowflake_deffered.py
[2024-08-18T07:32:00.738+0000] {processor.py:914} INFO - Processing file /opt/airflow/dags/S3toSnowflake_deffered.py for tasks to queue
[2024-08-18T07:32:00.743+0000] {logging_mixin.py:190} INFO - [2024-08-18T07:32:00.741+0000] {dagbag.py:587} INFO - Filling up the DagBag from /opt/airflow/dags/S3toSnowflake_deffered.py
[2024-08-18T07:32:00.793+0000] {processor.py:925} INFO - DAG(s) 's3_to_snowflake_dag' retrieved from /opt/airflow/dags/S3toSnowflake_deffered.py
[2024-08-18T07:32:01.008+0000] {logging_mixin.py:190} INFO - [2024-08-18T07:32:01.008+0000] {dag.py:3211} INFO - Sync 1 DAGs
[2024-08-18T07:32:01.303+0000] {logging_mixin.py:190} INFO - [2024-08-18T07:32:01.302+0000] {dag.py:4138} INFO - Setting next_dagrun for s3_to_snowflake_dag to 2024-08-17 23:00:00+00:00, run_after=2024-08-18 23:00:00+00:00
[2024-08-18T07:32:01.448+0000] {processor.py:208} INFO - Processing /opt/airflow/dags/S3toSnowflake_deffered.py took 0.721 seconds
[2024-08-18T07:32:31.914+0000] {processor.py:186} INFO - Started process (PID=271) to work on /opt/airflow/dags/S3toSnowflake_deffered.py
[2024-08-18T07:32:31.917+0000] {processor.py:914} INFO - Processing file /opt/airflow/dags/S3toSnowflake_deffered.py for tasks to queue
[2024-08-18T07:32:31.920+0000] {logging_mixin.py:190} INFO - [2024-08-18T07:32:31.920+0000] {dagbag.py:587} INFO - Filling up the DagBag from /opt/airflow/dags/S3toSnowflake_deffered.py
[2024-08-18T07:32:31.982+0000] {processor.py:925} INFO - DAG(s) 's3_to_snowflake_dag' retrieved from /opt/airflow/dags/S3toSnowflake_deffered.py
[2024-08-18T07:32:32.056+0000] {logging_mixin.py:190} INFO - [2024-08-18T07:32:32.055+0000] {dag.py:3211} INFO - Sync 1 DAGs
[2024-08-18T07:32:32.119+0000] {logging_mixin.py:190} INFO - [2024-08-18T07:32:32.118+0000] {dag.py:4138} INFO - Setting next_dagrun for s3_to_snowflake_dag to 2024-08-17 23:00:00+00:00, run_after=2024-08-18 23:00:00+00:00
[2024-08-18T07:32:32.269+0000] {processor.py:208} INFO - Processing /opt/airflow/dags/S3toSnowflake_deffered.py took 0.365 seconds
[2024-08-18T07:33:02.922+0000] {processor.py:186} INFO - Started process (PID=279) to work on /opt/airflow/dags/S3toSnowflake_deffered.py
[2024-08-18T07:33:02.924+0000] {processor.py:914} INFO - Processing file /opt/airflow/dags/S3toSnowflake_deffered.py for tasks to queue
[2024-08-18T07:33:02.929+0000] {logging_mixin.py:190} INFO - [2024-08-18T07:33:02.928+0000] {dagbag.py:587} INFO - Filling up the DagBag from /opt/airflow/dags/S3toSnowflake_deffered.py
[2024-08-18T07:33:02.972+0000] {processor.py:925} INFO - DAG(s) 's3_to_snowflake_dag' retrieved from /opt/airflow/dags/S3toSnowflake_deffered.py
[2024-08-18T07:33:03.002+0000] {logging_mixin.py:190} INFO - [2024-08-18T07:33:03.000+0000] {dag.py:3211} INFO - Sync 1 DAGs
[2024-08-18T07:33:03.050+0000] {logging_mixin.py:190} INFO - [2024-08-18T07:33:03.050+0000] {dag.py:4138} INFO - Setting next_dagrun for s3_to_snowflake_dag to 2024-08-17 23:00:00+00:00, run_after=2024-08-18 23:00:00+00:00
[2024-08-18T07:33:03.181+0000] {processor.py:208} INFO - Processing /opt/airflow/dags/S3toSnowflake_deffered.py took 0.266 seconds
[2024-08-18T07:33:33.740+0000] {processor.py:186} INFO - Started process (PID=287) to work on /opt/airflow/dags/S3toSnowflake_deffered.py
[2024-08-18T07:33:33.741+0000] {processor.py:914} INFO - Processing file /opt/airflow/dags/S3toSnowflake_deffered.py for tasks to queue
[2024-08-18T07:33:33.743+0000] {logging_mixin.py:190} INFO - [2024-08-18T07:33:33.743+0000] {dagbag.py:587} INFO - Filling up the DagBag from /opt/airflow/dags/S3toSnowflake_deffered.py
[2024-08-18T07:33:33.806+0000] {processor.py:925} INFO - DAG(s) 's3_to_snowflake_dag' retrieved from /opt/airflow/dags/S3toSnowflake_deffered.py
[2024-08-18T07:33:34.242+0000] {logging_mixin.py:190} INFO - [2024-08-18T07:33:34.242+0000] {dag.py:3211} INFO - Sync 1 DAGs
[2024-08-18T07:33:34.301+0000] {logging_mixin.py:190} INFO - [2024-08-18T07:33:34.301+0000] {dag.py:4138} INFO - Setting next_dagrun for s3_to_snowflake_dag to 2024-08-17 23:00:00+00:00, run_after=2024-08-18 23:00:00+00:00
[2024-08-18T07:33:34.475+0000] {processor.py:208} INFO - Processing /opt/airflow/dags/S3toSnowflake_deffered.py took 0.742 seconds
[2024-08-18T07:34:04.803+0000] {processor.py:186} INFO - Started process (PID=295) to work on /opt/airflow/dags/S3toSnowflake_deffered.py
[2024-08-18T07:34:04.806+0000] {processor.py:914} INFO - Processing file /opt/airflow/dags/S3toSnowflake_deffered.py for tasks to queue
[2024-08-18T07:34:04.809+0000] {logging_mixin.py:190} INFO - [2024-08-18T07:34:04.808+0000] {dagbag.py:587} INFO - Filling up the DagBag from /opt/airflow/dags/S3toSnowflake_deffered.py
[2024-08-18T07:34:04.881+0000] {processor.py:925} INFO - DAG(s) 's3_to_snowflake_dag' retrieved from /opt/airflow/dags/S3toSnowflake_deffered.py
[2024-08-18T07:34:04.954+0000] {logging_mixin.py:190} INFO - [2024-08-18T07:34:04.953+0000] {dag.py:3211} INFO - Sync 1 DAGs
[2024-08-18T07:34:05.018+0000] {logging_mixin.py:190} INFO - [2024-08-18T07:34:05.017+0000] {dag.py:4138} INFO - Setting next_dagrun for s3_to_snowflake_dag to 2024-08-17 23:00:00+00:00, run_after=2024-08-18 23:00:00+00:00
[2024-08-18T07:34:05.166+0000] {processor.py:208} INFO - Processing /opt/airflow/dags/S3toSnowflake_deffered.py took 0.372 seconds
[2024-08-18T07:34:35.859+0000] {processor.py:186} INFO - Started process (PID=303) to work on /opt/airflow/dags/S3toSnowflake_deffered.py
[2024-08-18T07:34:35.861+0000] {processor.py:914} INFO - Processing file /opt/airflow/dags/S3toSnowflake_deffered.py for tasks to queue
[2024-08-18T07:34:35.863+0000] {logging_mixin.py:190} INFO - [2024-08-18T07:34:35.863+0000] {dagbag.py:587} INFO - Filling up the DagBag from /opt/airflow/dags/S3toSnowflake_deffered.py
[2024-08-18T07:34:35.935+0000] {processor.py:925} INFO - DAG(s) 's3_to_snowflake_dag' retrieved from /opt/airflow/dags/S3toSnowflake_deffered.py
[2024-08-18T07:34:35.979+0000] {logging_mixin.py:190} INFO - [2024-08-18T07:34:35.977+0000] {dag.py:3211} INFO - Sync 1 DAGs
[2024-08-18T07:34:36.036+0000] {logging_mixin.py:190} INFO - [2024-08-18T07:34:36.036+0000] {dag.py:4138} INFO - Setting next_dagrun for s3_to_snowflake_dag to 2024-08-17 23:00:00+00:00, run_after=2024-08-18 23:00:00+00:00
[2024-08-18T07:34:36.176+0000] {processor.py:208} INFO - Processing /opt/airflow/dags/S3toSnowflake_deffered.py took 0.324 seconds
[2024-08-18T07:35:07.274+0000] {processor.py:186} INFO - Started process (PID=311) to work on /opt/airflow/dags/S3toSnowflake_deffered.py
[2024-08-18T07:35:07.276+0000] {processor.py:914} INFO - Processing file /opt/airflow/dags/S3toSnowflake_deffered.py for tasks to queue
[2024-08-18T07:35:07.278+0000] {logging_mixin.py:190} INFO - [2024-08-18T07:35:07.278+0000] {dagbag.py:587} INFO - Filling up the DagBag from /opt/airflow/dags/S3toSnowflake_deffered.py
[2024-08-18T07:35:07.332+0000] {processor.py:925} INFO - DAG(s) 's3_to_snowflake_dag' retrieved from /opt/airflow/dags/S3toSnowflake_deffered.py
[2024-08-18T07:35:07.535+0000] {logging_mixin.py:190} INFO - [2024-08-18T07:35:07.534+0000] {dag.py:3211} INFO - Sync 1 DAGs
[2024-08-18T07:35:07.580+0000] {logging_mixin.py:190} INFO - [2024-08-18T07:35:07.579+0000] {dag.py:4138} INFO - Setting next_dagrun for s3_to_snowflake_dag to 2024-08-17 23:00:00+00:00, run_after=2024-08-18 23:00:00+00:00
[2024-08-18T07:35:08.001+0000] {processor.py:208} INFO - Processing /opt/airflow/dags/S3toSnowflake_deffered.py took 0.734 seconds
[2024-08-18T07:35:39.473+0000] {processor.py:186} INFO - Started process (PID=319) to work on /opt/airflow/dags/S3toSnowflake_deffered.py
[2024-08-18T07:35:39.475+0000] {processor.py:914} INFO - Processing file /opt/airflow/dags/S3toSnowflake_deffered.py for tasks to queue
[2024-08-18T07:35:39.480+0000] {logging_mixin.py:190} INFO - [2024-08-18T07:35:39.480+0000] {dagbag.py:587} INFO - Filling up the DagBag from /opt/airflow/dags/S3toSnowflake_deffered.py
[2024-08-18T07:35:39.526+0000] {processor.py:925} INFO - DAG(s) 's3_to_snowflake_dag' retrieved from /opt/airflow/dags/S3toSnowflake_deffered.py
[2024-08-18T07:35:39.564+0000] {logging_mixin.py:190} INFO - [2024-08-18T07:35:39.560+0000] {dag.py:3211} INFO - Sync 1 DAGs
[2024-08-18T07:35:39.616+0000] {logging_mixin.py:190} INFO - [2024-08-18T07:35:39.616+0000] {dag.py:4138} INFO - Setting next_dagrun for s3_to_snowflake_dag to 2024-08-17 23:00:00+00:00, run_after=2024-08-18 23:00:00+00:00
[2024-08-18T07:35:39.749+0000] {processor.py:208} INFO - Processing /opt/airflow/dags/S3toSnowflake_deffered.py took 0.286 seconds
[2024-08-18T07:36:10.705+0000] {processor.py:186} INFO - Started process (PID=327) to work on /opt/airflow/dags/S3toSnowflake_deffered.py
[2024-08-18T07:36:10.706+0000] {processor.py:914} INFO - Processing file /opt/airflow/dags/S3toSnowflake_deffered.py for tasks to queue
[2024-08-18T07:36:10.708+0000] {logging_mixin.py:190} INFO - [2024-08-18T07:36:10.708+0000] {dagbag.py:587} INFO - Filling up the DagBag from /opt/airflow/dags/S3toSnowflake_deffered.py
[2024-08-18T07:36:10.750+0000] {processor.py:925} INFO - DAG(s) 's3_to_snowflake_dag' retrieved from /opt/airflow/dags/S3toSnowflake_deffered.py
[2024-08-18T07:36:10.940+0000] {logging_mixin.py:190} INFO - [2024-08-18T07:36:10.940+0000] {dag.py:3211} INFO - Sync 1 DAGs
[2024-08-18T07:36:11.000+0000] {logging_mixin.py:190} INFO - [2024-08-18T07:36:11.000+0000] {dag.py:4138} INFO - Setting next_dagrun for s3_to_snowflake_dag to 2024-08-17 23:00:00+00:00, run_after=2024-08-18 23:00:00+00:00
[2024-08-18T07:36:11.394+0000] {processor.py:208} INFO - Processing /opt/airflow/dags/S3toSnowflake_deffered.py took 0.698 seconds
[2024-08-18T07:36:41.884+0000] {processor.py:186} INFO - Started process (PID=335) to work on /opt/airflow/dags/S3toSnowflake_deffered.py
[2024-08-18T07:36:41.886+0000] {processor.py:914} INFO - Processing file /opt/airflow/dags/S3toSnowflake_deffered.py for tasks to queue
[2024-08-18T07:36:41.890+0000] {logging_mixin.py:190} INFO - [2024-08-18T07:36:41.890+0000] {dagbag.py:587} INFO - Filling up the DagBag from /opt/airflow/dags/S3toSnowflake_deffered.py
[2024-08-18T07:36:41.968+0000] {processor.py:925} INFO - DAG(s) 's3_to_snowflake_dag' retrieved from /opt/airflow/dags/S3toSnowflake_deffered.py
[2024-08-18T07:36:42.044+0000] {logging_mixin.py:190} INFO - [2024-08-18T07:36:42.044+0000] {dag.py:3211} INFO - Sync 1 DAGs
[2024-08-18T07:36:42.098+0000] {logging_mixin.py:190} INFO - [2024-08-18T07:36:42.097+0000] {dag.py:4138} INFO - Setting next_dagrun for s3_to_snowflake_dag to 2024-08-17 23:00:00+00:00, run_after=2024-08-18 23:00:00+00:00
[2024-08-18T07:36:42.215+0000] {processor.py:208} INFO - Processing /opt/airflow/dags/S3toSnowflake_deffered.py took 0.342 seconds
[2024-08-18T07:37:14.461+0000] {processor.py:186} INFO - Started process (PID=345) to work on /opt/airflow/dags/S3toSnowflake_deffered.py
[2024-08-18T07:37:14.463+0000] {processor.py:914} INFO - Processing file /opt/airflow/dags/S3toSnowflake_deffered.py for tasks to queue
[2024-08-18T07:37:14.465+0000] {logging_mixin.py:190} INFO - [2024-08-18T07:37:14.465+0000] {dagbag.py:587} INFO - Filling up the DagBag from /opt/airflow/dags/S3toSnowflake_deffered.py
[2024-08-18T07:37:14.524+0000] {processor.py:925} INFO - DAG(s) 's3_to_snowflake_dag' retrieved from /opt/airflow/dags/S3toSnowflake_deffered.py
[2024-08-18T07:37:14.564+0000] {logging_mixin.py:190} INFO - [2024-08-18T07:37:14.561+0000] {dag.py:3211} INFO - Sync 1 DAGs
[2024-08-18T07:37:14.633+0000] {logging_mixin.py:190} INFO - [2024-08-18T07:37:14.633+0000] {dag.py:4138} INFO - Setting next_dagrun for s3_to_snowflake_dag to 2024-08-17 23:00:00+00:00, run_after=2024-08-18 23:00:00+00:00
[2024-08-18T07:37:14.767+0000] {processor.py:208} INFO - Processing /opt/airflow/dags/S3toSnowflake_deffered.py took 0.314 seconds
[2024-08-18T07:37:45.627+0000] {processor.py:186} INFO - Started process (PID=355) to work on /opt/airflow/dags/S3toSnowflake_deffered.py
[2024-08-18T07:37:45.629+0000] {processor.py:914} INFO - Processing file /opt/airflow/dags/S3toSnowflake_deffered.py for tasks to queue
[2024-08-18T07:37:45.631+0000] {logging_mixin.py:190} INFO - [2024-08-18T07:37:45.631+0000] {dagbag.py:587} INFO - Filling up the DagBag from /opt/airflow/dags/S3toSnowflake_deffered.py
[2024-08-18T07:37:45.682+0000] {processor.py:925} INFO - DAG(s) 's3_to_snowflake_dag' retrieved from /opt/airflow/dags/S3toSnowflake_deffered.py
[2024-08-18T07:37:46.097+0000] {logging_mixin.py:190} INFO - [2024-08-18T07:37:46.096+0000] {dag.py:3211} INFO - Sync 1 DAGs
[2024-08-18T07:37:46.140+0000] {logging_mixin.py:190} INFO - [2024-08-18T07:37:46.140+0000] {dag.py:4138} INFO - Setting next_dagrun for s3_to_snowflake_dag to 2024-08-17 23:00:00+00:00, run_after=2024-08-18 23:00:00+00:00
[2024-08-18T07:37:46.277+0000] {processor.py:208} INFO - Processing /opt/airflow/dags/S3toSnowflake_deffered.py took 0.656 seconds
[2024-08-18T07:38:17.209+0000] {processor.py:186} INFO - Started process (PID=365) to work on /opt/airflow/dags/S3toSnowflake_deffered.py
[2024-08-18T07:38:17.211+0000] {processor.py:914} INFO - Processing file /opt/airflow/dags/S3toSnowflake_deffered.py for tasks to queue
[2024-08-18T07:38:17.214+0000] {logging_mixin.py:190} INFO - [2024-08-18T07:38:17.213+0000] {dagbag.py:587} INFO - Filling up the DagBag from /opt/airflow/dags/S3toSnowflake_deffered.py
[2024-08-18T07:38:17.261+0000] {processor.py:925} INFO - DAG(s) 's3_to_snowflake_dag' retrieved from /opt/airflow/dags/S3toSnowflake_deffered.py
[2024-08-18T07:38:17.311+0000] {logging_mixin.py:190} INFO - [2024-08-18T07:38:17.310+0000] {dag.py:3211} INFO - Sync 1 DAGs
[2024-08-18T07:38:17.352+0000] {logging_mixin.py:190} INFO - [2024-08-18T07:38:17.352+0000] {dag.py:4138} INFO - Setting next_dagrun for s3_to_snowflake_dag to 2024-08-17 23:00:00+00:00, run_after=2024-08-18 23:00:00+00:00
[2024-08-18T07:38:17.530+0000] {processor.py:208} INFO - Processing /opt/airflow/dags/S3toSnowflake_deffered.py took 0.327 seconds
[2024-08-18T07:38:48.288+0000] {processor.py:186} INFO - Started process (PID=375) to work on /opt/airflow/dags/S3toSnowflake_deffered.py
[2024-08-18T07:38:48.290+0000] {processor.py:914} INFO - Processing file /opt/airflow/dags/S3toSnowflake_deffered.py for tasks to queue
[2024-08-18T07:38:48.293+0000] {logging_mixin.py:190} INFO - [2024-08-18T07:38:48.293+0000] {dagbag.py:587} INFO - Filling up the DagBag from /opt/airflow/dags/S3toSnowflake_deffered.py
[2024-08-18T07:38:48.362+0000] {processor.py:925} INFO - DAG(s) 's3_to_snowflake_dag' retrieved from /opt/airflow/dags/S3toSnowflake_deffered.py
[2024-08-18T07:38:48.394+0000] {logging_mixin.py:190} INFO - [2024-08-18T07:38:48.392+0000] {dag.py:3211} INFO - Sync 1 DAGs
[2024-08-18T07:38:48.439+0000] {logging_mixin.py:190} INFO - [2024-08-18T07:38:48.439+0000] {dag.py:4138} INFO - Setting next_dagrun for s3_to_snowflake_dag to 2024-08-17 23:00:00+00:00, run_after=2024-08-18 23:00:00+00:00
[2024-08-18T07:38:48.591+0000] {processor.py:208} INFO - Processing /opt/airflow/dags/S3toSnowflake_deffered.py took 0.309 seconds
[2024-08-18T07:39:19.594+0000] {processor.py:186} INFO - Started process (PID=385) to work on /opt/airflow/dags/S3toSnowflake_deffered.py
[2024-08-18T07:39:19.596+0000] {processor.py:914} INFO - Processing file /opt/airflow/dags/S3toSnowflake_deffered.py for tasks to queue
[2024-08-18T07:39:19.599+0000] {logging_mixin.py:190} INFO - [2024-08-18T07:39:19.598+0000] {dagbag.py:587} INFO - Filling up the DagBag from /opt/airflow/dags/S3toSnowflake_deffered.py
[2024-08-18T07:39:19.676+0000] {processor.py:925} INFO - DAG(s) 's3_to_snowflake_dag' retrieved from /opt/airflow/dags/S3toSnowflake_deffered.py
[2024-08-18T07:39:20.240+0000] {logging_mixin.py:190} INFO - [2024-08-18T07:39:20.240+0000] {dag.py:3211} INFO - Sync 1 DAGs
[2024-08-18T07:39:20.286+0000] {logging_mixin.py:190} INFO - [2024-08-18T07:39:20.286+0000] {dag.py:4138} INFO - Setting next_dagrun for s3_to_snowflake_dag to 2024-08-17 23:00:00+00:00, run_after=2024-08-18 23:00:00+00:00
[2024-08-18T07:39:20.450+0000] {processor.py:208} INFO - Processing /opt/airflow/dags/S3toSnowflake_deffered.py took 0.867 seconds
[2024-08-18T07:39:50.830+0000] {processor.py:186} INFO - Started process (PID=395) to work on /opt/airflow/dags/S3toSnowflake_deffered.py
[2024-08-18T07:39:50.832+0000] {processor.py:914} INFO - Processing file /opt/airflow/dags/S3toSnowflake_deffered.py for tasks to queue
[2024-08-18T07:39:50.835+0000] {logging_mixin.py:190} INFO - [2024-08-18T07:39:50.835+0000] {dagbag.py:587} INFO - Filling up the DagBag from /opt/airflow/dags/S3toSnowflake_deffered.py
[2024-08-18T07:39:50.907+0000] {processor.py:925} INFO - DAG(s) 's3_to_snowflake_dag' retrieved from /opt/airflow/dags/S3toSnowflake_deffered.py
[2024-08-18T07:39:50.958+0000] {logging_mixin.py:190} INFO - [2024-08-18T07:39:50.958+0000] {dag.py:3211} INFO - Sync 1 DAGs
[2024-08-18T07:39:51.004+0000] {logging_mixin.py:190} INFO - [2024-08-18T07:39:51.004+0000] {dag.py:4138} INFO - Setting next_dagrun for s3_to_snowflake_dag to 2024-08-17 23:00:00+00:00, run_after=2024-08-18 23:00:00+00:00
[2024-08-18T07:39:51.118+0000] {processor.py:208} INFO - Processing /opt/airflow/dags/S3toSnowflake_deffered.py took 0.297 seconds
[2024-08-18T07:40:21.974+0000] {processor.py:186} INFO - Started process (PID=405) to work on /opt/airflow/dags/S3toSnowflake_deffered.py
[2024-08-18T07:40:21.976+0000] {processor.py:914} INFO - Processing file /opt/airflow/dags/S3toSnowflake_deffered.py for tasks to queue
[2024-08-18T07:40:21.978+0000] {logging_mixin.py:190} INFO - [2024-08-18T07:40:21.978+0000] {dagbag.py:587} INFO - Filling up the DagBag from /opt/airflow/dags/S3toSnowflake_deffered.py
[2024-08-18T07:40:22.036+0000] {processor.py:925} INFO - DAG(s) 's3_to_snowflake_dag' retrieved from /opt/airflow/dags/S3toSnowflake_deffered.py
[2024-08-18T07:40:22.077+0000] {logging_mixin.py:190} INFO - [2024-08-18T07:40:22.075+0000] {dag.py:3211} INFO - Sync 1 DAGs
[2024-08-18T07:40:22.143+0000] {logging_mixin.py:190} INFO - [2024-08-18T07:40:22.142+0000] {dag.py:4138} INFO - Setting next_dagrun for s3_to_snowflake_dag to 2024-08-17 23:00:00+00:00, run_after=2024-08-18 23:00:00+00:00
[2024-08-18T07:40:22.313+0000] {processor.py:208} INFO - Processing /opt/airflow/dags/S3toSnowflake_deffered.py took 0.347 seconds
[2024-08-18T07:40:52.495+0000] {processor.py:186} INFO - Started process (PID=415) to work on /opt/airflow/dags/S3toSnowflake_deffered.py
[2024-08-18T07:40:52.496+0000] {processor.py:914} INFO - Processing file /opt/airflow/dags/S3toSnowflake_deffered.py for tasks to queue
[2024-08-18T07:40:52.498+0000] {logging_mixin.py:190} INFO - [2024-08-18T07:40:52.498+0000] {dagbag.py:587} INFO - Filling up the DagBag from /opt/airflow/dags/S3toSnowflake_deffered.py
[2024-08-18T07:40:52.552+0000] {processor.py:925} INFO - DAG(s) 's3_to_snowflake_dag' retrieved from /opt/airflow/dags/S3toSnowflake_deffered.py
[2024-08-18T07:40:52.808+0000] {logging_mixin.py:190} INFO - [2024-08-18T07:40:52.807+0000] {dag.py:3211} INFO - Sync 1 DAGs
[2024-08-18T07:40:52.856+0000] {logging_mixin.py:190} INFO - [2024-08-18T07:40:52.856+0000] {dag.py:4138} INFO - Setting next_dagrun for s3_to_snowflake_dag to 2024-08-17 23:00:00+00:00, run_after=2024-08-18 23:00:00+00:00
[2024-08-18T07:40:53.012+0000] {processor.py:208} INFO - Processing /opt/airflow/dags/S3toSnowflake_deffered.py took 0.523 seconds
[2024-08-18T07:41:23.337+0000] {processor.py:186} INFO - Started process (PID=425) to work on /opt/airflow/dags/S3toSnowflake_deffered.py
[2024-08-18T07:41:23.339+0000] {processor.py:914} INFO - Processing file /opt/airflow/dags/S3toSnowflake_deffered.py for tasks to queue
[2024-08-18T07:41:23.341+0000] {logging_mixin.py:190} INFO - [2024-08-18T07:41:23.341+0000] {dagbag.py:587} INFO - Filling up the DagBag from /opt/airflow/dags/S3toSnowflake_deffered.py
[2024-08-18T07:41:23.409+0000] {processor.py:925} INFO - DAG(s) 's3_to_snowflake_dag' retrieved from /opt/airflow/dags/S3toSnowflake_deffered.py
[2024-08-18T07:41:23.470+0000] {logging_mixin.py:190} INFO - [2024-08-18T07:41:23.469+0000] {dag.py:3211} INFO - Sync 1 DAGs
[2024-08-18T07:41:23.537+0000] {logging_mixin.py:190} INFO - [2024-08-18T07:41:23.536+0000] {dag.py:4138} INFO - Setting next_dagrun for s3_to_snowflake_dag to 2024-08-17 23:00:00+00:00, run_after=2024-08-18 23:00:00+00:00
[2024-08-18T07:41:23.677+0000] {processor.py:208} INFO - Processing /opt/airflow/dags/S3toSnowflake_deffered.py took 0.349 seconds
[2024-08-18T07:41:54.295+0000] {processor.py:186} INFO - Started process (PID=436) to work on /opt/airflow/dags/S3toSnowflake_deffered.py
[2024-08-18T07:41:54.297+0000] {processor.py:914} INFO - Processing file /opt/airflow/dags/S3toSnowflake_deffered.py for tasks to queue
[2024-08-18T07:41:54.300+0000] {logging_mixin.py:190} INFO - [2024-08-18T07:41:54.299+0000] {dagbag.py:587} INFO - Filling up the DagBag from /opt/airflow/dags/S3toSnowflake_deffered.py
[2024-08-18T07:41:54.346+0000] {processor.py:925} INFO - DAG(s) 's3_to_snowflake_dag' retrieved from /opt/airflow/dags/S3toSnowflake_deffered.py
[2024-08-18T07:41:54.375+0000] {logging_mixin.py:190} INFO - [2024-08-18T07:41:54.373+0000] {dag.py:3211} INFO - Sync 1 DAGs
[2024-08-18T07:41:54.419+0000] {logging_mixin.py:190} INFO - [2024-08-18T07:41:54.418+0000] {dag.py:4138} INFO - Setting next_dagrun for s3_to_snowflake_dag to 2024-08-17 23:00:00+00:00, run_after=2024-08-18 23:00:00+00:00
[2024-08-18T07:41:54.537+0000] {processor.py:208} INFO - Processing /opt/airflow/dags/S3toSnowflake_deffered.py took 0.248 seconds
[2024-08-18T07:42:26.358+0000] {processor.py:186} INFO - Started process (PID=447) to work on /opt/airflow/dags/S3toSnowflake_deffered.py
[2024-08-18T07:42:26.361+0000] {processor.py:914} INFO - Processing file /opt/airflow/dags/S3toSnowflake_deffered.py for tasks to queue
[2024-08-18T07:42:26.364+0000] {logging_mixin.py:190} INFO - [2024-08-18T07:42:26.363+0000] {dagbag.py:587} INFO - Filling up the DagBag from /opt/airflow/dags/S3toSnowflake_deffered.py
[2024-08-18T07:42:26.420+0000] {processor.py:925} INFO - DAG(s) 's3_to_snowflake_dag' retrieved from /opt/airflow/dags/S3toSnowflake_deffered.py
[2024-08-18T07:42:26.633+0000] {logging_mixin.py:190} INFO - [2024-08-18T07:42:26.632+0000] {dag.py:3211} INFO - Sync 1 DAGs
[2024-08-18T07:42:26.896+0000] {logging_mixin.py:190} INFO - [2024-08-18T07:42:26.894+0000] {dag.py:4138} INFO - Setting next_dagrun for s3_to_snowflake_dag to 2024-08-17 23:00:00+00:00, run_after=2024-08-18 23:00:00+00:00
[2024-08-18T07:42:27.056+0000] {processor.py:208} INFO - Processing /opt/airflow/dags/S3toSnowflake_deffered.py took 0.705 seconds
[2024-08-18T07:42:57.300+0000] {processor.py:186} INFO - Started process (PID=458) to work on /opt/airflow/dags/S3toSnowflake_deffered.py
[2024-08-18T07:42:57.302+0000] {processor.py:914} INFO - Processing file /opt/airflow/dags/S3toSnowflake_deffered.py for tasks to queue
[2024-08-18T07:42:57.304+0000] {logging_mixin.py:190} INFO - [2024-08-18T07:42:57.303+0000] {dagbag.py:587} INFO - Filling up the DagBag from /opt/airflow/dags/S3toSnowflake_deffered.py
[2024-08-18T07:42:57.338+0000] {processor.py:925} INFO - DAG(s) 's3_to_snowflake_dag' retrieved from /opt/airflow/dags/S3toSnowflake_deffered.py
[2024-08-18T07:42:57.394+0000] {logging_mixin.py:190} INFO - [2024-08-18T07:42:57.393+0000] {dag.py:3211} INFO - Sync 1 DAGs
[2024-08-18T07:42:57.447+0000] {logging_mixin.py:190} INFO - [2024-08-18T07:42:57.447+0000] {dag.py:4138} INFO - Setting next_dagrun for s3_to_snowflake_dag to 2024-08-17 23:00:00+00:00, run_after=2024-08-18 23:00:00+00:00
[2024-08-18T07:42:57.540+0000] {processor.py:208} INFO - Processing /opt/airflow/dags/S3toSnowflake_deffered.py took 0.247 seconds
[2024-08-18T07:43:28.942+0000] {processor.py:186} INFO - Started process (PID=469) to work on /opt/airflow/dags/S3toSnowflake_deffered.py
[2024-08-18T07:43:28.944+0000] {processor.py:914} INFO - Processing file /opt/airflow/dags/S3toSnowflake_deffered.py for tasks to queue
[2024-08-18T07:43:28.947+0000] {logging_mixin.py:190} INFO - [2024-08-18T07:43:28.946+0000] {dagbag.py:587} INFO - Filling up the DagBag from /opt/airflow/dags/S3toSnowflake_deffered.py
[2024-08-18T07:43:29.004+0000] {processor.py:925} INFO - DAG(s) 's3_to_snowflake_dag' retrieved from /opt/airflow/dags/S3toSnowflake_deffered.py
[2024-08-18T07:43:29.038+0000] {logging_mixin.py:190} INFO - [2024-08-18T07:43:29.034+0000] {dag.py:3211} INFO - Sync 1 DAGs
[2024-08-18T07:43:29.100+0000] {logging_mixin.py:190} INFO - [2024-08-18T07:43:29.100+0000] {dag.py:4138} INFO - Setting next_dagrun for s3_to_snowflake_dag to 2024-08-17 23:00:00+00:00, run_after=2024-08-18 23:00:00+00:00
[2024-08-18T07:43:29.240+0000] {processor.py:208} INFO - Processing /opt/airflow/dags/S3toSnowflake_deffered.py took 0.304 seconds
[2024-08-18T07:44:00.207+0000] {processor.py:186} INFO - Started process (PID=480) to work on /opt/airflow/dags/S3toSnowflake_deffered.py
[2024-08-18T07:44:00.209+0000] {processor.py:914} INFO - Processing file /opt/airflow/dags/S3toSnowflake_deffered.py for tasks to queue
[2024-08-18T07:44:00.214+0000] {logging_mixin.py:190} INFO - [2024-08-18T07:44:00.213+0000] {dagbag.py:587} INFO - Filling up the DagBag from /opt/airflow/dags/S3toSnowflake_deffered.py
[2024-08-18T07:44:00.262+0000] {processor.py:925} INFO - DAG(s) 's3_to_snowflake_dag' retrieved from /opt/airflow/dags/S3toSnowflake_deffered.py
[2024-08-18T07:44:00.498+0000] {logging_mixin.py:190} INFO - [2024-08-18T07:44:00.497+0000] {dag.py:3211} INFO - Sync 1 DAGs
[2024-08-18T07:44:00.790+0000] {logging_mixin.py:190} INFO - [2024-08-18T07:44:00.790+0000] {dag.py:4138} INFO - Setting next_dagrun for s3_to_snowflake_dag to 2024-08-17 23:00:00+00:00, run_after=2024-08-18 23:00:00+00:00
[2024-08-18T07:44:00.928+0000] {processor.py:208} INFO - Processing /opt/airflow/dags/S3toSnowflake_deffered.py took 0.733 seconds
[2024-08-18T07:44:31.771+0000] {processor.py:186} INFO - Started process (PID=491) to work on /opt/airflow/dags/S3toSnowflake_deffered.py
[2024-08-18T07:44:31.775+0000] {processor.py:914} INFO - Processing file /opt/airflow/dags/S3toSnowflake_deffered.py for tasks to queue
[2024-08-18T07:44:31.778+0000] {logging_mixin.py:190} INFO - [2024-08-18T07:44:31.777+0000] {dagbag.py:587} INFO - Filling up the DagBag from /opt/airflow/dags/S3toSnowflake_deffered.py
[2024-08-18T07:44:31.837+0000] {processor.py:925} INFO - DAG(s) 's3_to_snowflake_dag' retrieved from /opt/airflow/dags/S3toSnowflake_deffered.py
[2024-08-18T07:44:31.903+0000] {logging_mixin.py:190} INFO - [2024-08-18T07:44:31.902+0000] {dag.py:3211} INFO - Sync 1 DAGs
[2024-08-18T07:44:31.958+0000] {logging_mixin.py:190} INFO - [2024-08-18T07:44:31.958+0000] {dag.py:4138} INFO - Setting next_dagrun for s3_to_snowflake_dag to 2024-08-17 23:00:00+00:00, run_after=2024-08-18 23:00:00+00:00
[2024-08-18T07:44:32.089+0000] {processor.py:208} INFO - Processing /opt/airflow/dags/S3toSnowflake_deffered.py took 0.328 seconds
[2024-08-18T07:45:02.567+0000] {processor.py:186} INFO - Started process (PID=502) to work on /opt/airflow/dags/S3toSnowflake_deffered.py
[2024-08-18T07:45:02.569+0000] {processor.py:914} INFO - Processing file /opt/airflow/dags/S3toSnowflake_deffered.py for tasks to queue
[2024-08-18T07:45:02.573+0000] {logging_mixin.py:190} INFO - [2024-08-18T07:45:02.571+0000] {dagbag.py:587} INFO - Filling up the DagBag from /opt/airflow/dags/S3toSnowflake_deffered.py
[2024-08-18T07:45:02.624+0000] {processor.py:925} INFO - DAG(s) 's3_to_snowflake_dag' retrieved from /opt/airflow/dags/S3toSnowflake_deffered.py
[2024-08-18T07:45:02.656+0000] {logging_mixin.py:190} INFO - [2024-08-18T07:45:02.654+0000] {dag.py:3211} INFO - Sync 1 DAGs
[2024-08-18T07:45:02.707+0000] {logging_mixin.py:190} INFO - [2024-08-18T07:45:02.707+0000] {dag.py:4138} INFO - Setting next_dagrun for s3_to_snowflake_dag to 2024-08-17 23:00:00+00:00, run_after=2024-08-18 23:00:00+00:00
[2024-08-18T07:45:02.820+0000] {processor.py:208} INFO - Processing /opt/airflow/dags/S3toSnowflake_deffered.py took 0.263 seconds
[2024-08-18T07:45:33.659+0000] {processor.py:186} INFO - Started process (PID=513) to work on /opt/airflow/dags/S3toSnowflake_deffered.py
[2024-08-18T07:45:33.661+0000] {processor.py:914} INFO - Processing file /opt/airflow/dags/S3toSnowflake_deffered.py for tasks to queue
[2024-08-18T07:45:33.663+0000] {logging_mixin.py:190} INFO - [2024-08-18T07:45:33.662+0000] {dagbag.py:587} INFO - Filling up the DagBag from /opt/airflow/dags/S3toSnowflake_deffered.py
[2024-08-18T07:45:33.703+0000] {processor.py:925} INFO - DAG(s) 's3_to_snowflake_dag' retrieved from /opt/airflow/dags/S3toSnowflake_deffered.py
[2024-08-18T07:45:34.106+0000] {logging_mixin.py:190} INFO - [2024-08-18T07:45:34.106+0000] {dag.py:3211} INFO - Sync 1 DAGs
[2024-08-18T07:45:34.149+0000] {logging_mixin.py:190} INFO - [2024-08-18T07:45:34.148+0000] {dag.py:4138} INFO - Setting next_dagrun for s3_to_snowflake_dag to 2024-08-17 23:00:00+00:00, run_after=2024-08-18 23:00:00+00:00
[2024-08-18T07:45:34.274+0000] {processor.py:208} INFO - Processing /opt/airflow/dags/S3toSnowflake_deffered.py took 0.622 seconds
[2024-08-18T07:46:05.000+0000] {processor.py:186} INFO - Started process (PID=524) to work on /opt/airflow/dags/S3toSnowflake_deffered.py
[2024-08-18T07:46:05.002+0000] {processor.py:914} INFO - Processing file /opt/airflow/dags/S3toSnowflake_deffered.py for tasks to queue
[2024-08-18T07:46:05.004+0000] {logging_mixin.py:190} INFO - [2024-08-18T07:46:05.003+0000] {dagbag.py:587} INFO - Filling up the DagBag from /opt/airflow/dags/S3toSnowflake_deffered.py
[2024-08-18T07:46:05.062+0000] {processor.py:925} INFO - DAG(s) 's3_to_snowflake_dag' retrieved from /opt/airflow/dags/S3toSnowflake_deffered.py
[2024-08-18T07:46:05.118+0000] {logging_mixin.py:190} INFO - [2024-08-18T07:46:05.117+0000] {dag.py:3211} INFO - Sync 1 DAGs
[2024-08-18T07:46:05.160+0000] {logging_mixin.py:190} INFO - [2024-08-18T07:46:05.160+0000] {dag.py:4138} INFO - Setting next_dagrun for s3_to_snowflake_dag to 2024-08-17 23:00:00+00:00, run_after=2024-08-18 23:00:00+00:00
[2024-08-18T07:46:05.267+0000] {processor.py:208} INFO - Processing /opt/airflow/dags/S3toSnowflake_deffered.py took 0.271 seconds
[2024-08-18T07:46:36.214+0000] {processor.py:186} INFO - Started process (PID=535) to work on /opt/airflow/dags/S3toSnowflake_deffered.py
[2024-08-18T07:46:36.216+0000] {processor.py:914} INFO - Processing file /opt/airflow/dags/S3toSnowflake_deffered.py for tasks to queue
[2024-08-18T07:46:36.219+0000] {logging_mixin.py:190} INFO - [2024-08-18T07:46:36.218+0000] {dagbag.py:587} INFO - Filling up the DagBag from /opt/airflow/dags/S3toSnowflake_deffered.py
[2024-08-18T07:46:36.275+0000] {processor.py:925} INFO - DAG(s) 's3_to_snowflake_dag' retrieved from /opt/airflow/dags/S3toSnowflake_deffered.py
[2024-08-18T07:46:36.310+0000] {logging_mixin.py:190} INFO - [2024-08-18T07:46:36.308+0000] {dag.py:3211} INFO - Sync 1 DAGs
[2024-08-18T07:46:36.353+0000] {logging_mixin.py:190} INFO - [2024-08-18T07:46:36.353+0000] {dag.py:4138} INFO - Setting next_dagrun for s3_to_snowflake_dag to 2024-08-17 23:00:00+00:00, run_after=2024-08-18 23:00:00+00:00
[2024-08-18T07:46:36.500+0000] {processor.py:208} INFO - Processing /opt/airflow/dags/S3toSnowflake_deffered.py took 0.291 seconds
[2024-08-18T07:47:07.222+0000] {processor.py:186} INFO - Started process (PID=547) to work on /opt/airflow/dags/S3toSnowflake_deffered.py
[2024-08-18T07:47:07.224+0000] {processor.py:914} INFO - Processing file /opt/airflow/dags/S3toSnowflake_deffered.py for tasks to queue
[2024-08-18T07:47:07.226+0000] {logging_mixin.py:190} INFO - [2024-08-18T07:47:07.225+0000] {dagbag.py:587} INFO - Filling up the DagBag from /opt/airflow/dags/S3toSnowflake_deffered.py
[2024-08-18T07:47:07.283+0000] {processor.py:925} INFO - DAG(s) 's3_to_snowflake_dag' retrieved from /opt/airflow/dags/S3toSnowflake_deffered.py
[2024-08-18T07:47:07.459+0000] {logging_mixin.py:190} INFO - [2024-08-18T07:47:07.458+0000] {dag.py:3211} INFO - Sync 1 DAGs
[2024-08-18T07:47:07.499+0000] {logging_mixin.py:190} INFO - [2024-08-18T07:47:07.499+0000] {dag.py:4138} INFO - Setting next_dagrun for s3_to_snowflake_dag to 2024-08-17 23:00:00+00:00, run_after=2024-08-18 23:00:00+00:00
[2024-08-18T07:47:07.654+0000] {processor.py:208} INFO - Processing /opt/airflow/dags/S3toSnowflake_deffered.py took 0.436 seconds
[2024-08-18T07:47:38.189+0000] {processor.py:186} INFO - Started process (PID=559) to work on /opt/airflow/dags/S3toSnowflake_deffered.py
[2024-08-18T07:47:38.192+0000] {processor.py:914} INFO - Processing file /opt/airflow/dags/S3toSnowflake_deffered.py for tasks to queue
[2024-08-18T07:47:38.195+0000] {logging_mixin.py:190} INFO - [2024-08-18T07:47:38.194+0000] {dagbag.py:587} INFO - Filling up the DagBag from /opt/airflow/dags/S3toSnowflake_deffered.py
[2024-08-18T07:47:38.262+0000] {processor.py:925} INFO - DAG(s) 's3_to_snowflake_dag' retrieved from /opt/airflow/dags/S3toSnowflake_deffered.py
[2024-08-18T07:47:38.315+0000] {logging_mixin.py:190} INFO - [2024-08-18T07:47:38.313+0000] {dag.py:3211} INFO - Sync 1 DAGs
[2024-08-18T07:47:38.368+0000] {logging_mixin.py:190} INFO - [2024-08-18T07:47:38.368+0000] {dag.py:4138} INFO - Setting next_dagrun for s3_to_snowflake_dag to 2024-08-17 23:00:00+00:00, run_after=2024-08-18 23:00:00+00:00
[2024-08-18T07:47:38.473+0000] {processor.py:208} INFO - Processing /opt/airflow/dags/S3toSnowflake_deffered.py took 0.293 seconds
[2024-08-18T07:48:09.084+0000] {processor.py:186} INFO - Started process (PID=571) to work on /opt/airflow/dags/S3toSnowflake_deffered.py
[2024-08-18T07:48:09.086+0000] {processor.py:914} INFO - Processing file /opt/airflow/dags/S3toSnowflake_deffered.py for tasks to queue
[2024-08-18T07:48:09.089+0000] {logging_mixin.py:190} INFO - [2024-08-18T07:48:09.088+0000] {dagbag.py:587} INFO - Filling up the DagBag from /opt/airflow/dags/S3toSnowflake_deffered.py
[2024-08-18T07:48:09.138+0000] {processor.py:925} INFO - DAG(s) 's3_to_snowflake_dag' retrieved from /opt/airflow/dags/S3toSnowflake_deffered.py
[2024-08-18T07:48:09.171+0000] {logging_mixin.py:190} INFO - [2024-08-18T07:48:09.170+0000] {dag.py:3211} INFO - Sync 1 DAGs
[2024-08-18T07:48:09.223+0000] {logging_mixin.py:190} INFO - [2024-08-18T07:48:09.223+0000] {dag.py:4138} INFO - Setting next_dagrun for s3_to_snowflake_dag to 2024-08-17 23:00:00+00:00, run_after=2024-08-18 23:00:00+00:00
[2024-08-18T07:48:09.350+0000] {processor.py:208} INFO - Processing /opt/airflow/dags/S3toSnowflake_deffered.py took 0.274 seconds
[2024-08-18T07:48:40.070+0000] {processor.py:186} INFO - Started process (PID=583) to work on /opt/airflow/dags/S3toSnowflake_deffered.py
[2024-08-18T07:48:40.071+0000] {processor.py:914} INFO - Processing file /opt/airflow/dags/S3toSnowflake_deffered.py for tasks to queue
[2024-08-18T07:48:40.073+0000] {logging_mixin.py:190} INFO - [2024-08-18T07:48:40.073+0000] {dagbag.py:587} INFO - Filling up the DagBag from /opt/airflow/dags/S3toSnowflake_deffered.py
[2024-08-18T07:48:40.113+0000] {processor.py:925} INFO - DAG(s) 's3_to_snowflake_dag' retrieved from /opt/airflow/dags/S3toSnowflake_deffered.py
[2024-08-18T07:48:40.276+0000] {logging_mixin.py:190} INFO - [2024-08-18T07:48:40.275+0000] {dag.py:3211} INFO - Sync 1 DAGs
[2024-08-18T07:48:40.476+0000] {logging_mixin.py:190} INFO - [2024-08-18T07:48:40.475+0000] {dag.py:4138} INFO - Setting next_dagrun for s3_to_snowflake_dag to 2024-08-17 23:00:00+00:00, run_after=2024-08-18 23:00:00+00:00
[2024-08-18T07:48:40.615+0000] {processor.py:208} INFO - Processing /opt/airflow/dags/S3toSnowflake_deffered.py took 0.551 seconds
[2024-08-18T07:49:11.850+0000] {processor.py:186} INFO - Started process (PID=595) to work on /opt/airflow/dags/S3toSnowflake_deffered.py
[2024-08-18T07:49:11.852+0000] {processor.py:914} INFO - Processing file /opt/airflow/dags/S3toSnowflake_deffered.py for tasks to queue
[2024-08-18T07:49:11.854+0000] {logging_mixin.py:190} INFO - [2024-08-18T07:49:11.853+0000] {dagbag.py:587} INFO - Filling up the DagBag from /opt/airflow/dags/S3toSnowflake_deffered.py
[2024-08-18T07:49:11.914+0000] {processor.py:925} INFO - DAG(s) 's3_to_snowflake_dag' retrieved from /opt/airflow/dags/S3toSnowflake_deffered.py
[2024-08-18T07:49:11.948+0000] {logging_mixin.py:190} INFO - [2024-08-18T07:49:11.947+0000] {dag.py:3211} INFO - Sync 1 DAGs
[2024-08-18T07:49:11.991+0000] {logging_mixin.py:190} INFO - [2024-08-18T07:49:11.991+0000] {dag.py:4138} INFO - Setting next_dagrun for s3_to_snowflake_dag to 2024-08-17 23:00:00+00:00, run_after=2024-08-18 23:00:00+00:00
[2024-08-18T07:49:12.124+0000] {processor.py:208} INFO - Processing /opt/airflow/dags/S3toSnowflake_deffered.py took 0.280 seconds
[2024-08-18T07:49:43.244+0000] {processor.py:186} INFO - Started process (PID=607) to work on /opt/airflow/dags/S3toSnowflake_deffered.py
[2024-08-18T07:49:43.245+0000] {processor.py:914} INFO - Processing file /opt/airflow/dags/S3toSnowflake_deffered.py for tasks to queue
[2024-08-18T07:49:43.247+0000] {logging_mixin.py:190} INFO - [2024-08-18T07:49:43.246+0000] {dagbag.py:587} INFO - Filling up the DagBag from /opt/airflow/dags/S3toSnowflake_deffered.py
[2024-08-18T07:49:43.281+0000] {processor.py:925} INFO - DAG(s) 's3_to_snowflake_dag' retrieved from /opt/airflow/dags/S3toSnowflake_deffered.py
[2024-08-18T07:49:43.505+0000] {logging_mixin.py:190} INFO - [2024-08-18T07:49:43.504+0000] {dag.py:3211} INFO - Sync 1 DAGs
[2024-08-18T07:49:43.750+0000] {logging_mixin.py:190} INFO - [2024-08-18T07:49:43.749+0000] {dag.py:4138} INFO - Setting next_dagrun for s3_to_snowflake_dag to 2024-08-17 23:00:00+00:00, run_after=2024-08-18 23:00:00+00:00
[2024-08-18T07:49:43.868+0000] {processor.py:208} INFO - Processing /opt/airflow/dags/S3toSnowflake_deffered.py took 0.630 seconds
[2024-08-18T07:50:14.466+0000] {processor.py:186} INFO - Started process (PID=619) to work on /opt/airflow/dags/S3toSnowflake_deffered.py
[2024-08-18T07:50:14.468+0000] {processor.py:914} INFO - Processing file /opt/airflow/dags/S3toSnowflake_deffered.py for tasks to queue
[2024-08-18T07:50:14.470+0000] {logging_mixin.py:190} INFO - [2024-08-18T07:50:14.470+0000] {dagbag.py:587} INFO - Filling up the DagBag from /opt/airflow/dags/S3toSnowflake_deffered.py
[2024-08-18T07:50:14.521+0000] {processor.py:925} INFO - DAG(s) 's3_to_snowflake_dag' retrieved from /opt/airflow/dags/S3toSnowflake_deffered.py
[2024-08-18T07:50:14.570+0000] {logging_mixin.py:190} INFO - [2024-08-18T07:50:14.569+0000] {dag.py:3211} INFO - Sync 1 DAGs
[2024-08-18T07:50:14.611+0000] {logging_mixin.py:190} INFO - [2024-08-18T07:50:14.610+0000] {dag.py:4138} INFO - Setting next_dagrun for s3_to_snowflake_dag to 2024-08-17 23:00:00+00:00, run_after=2024-08-18 23:00:00+00:00
[2024-08-18T07:50:14.738+0000] {processor.py:208} INFO - Processing /opt/airflow/dags/S3toSnowflake_deffered.py took 0.277 seconds
[2024-08-18T07:50:45.476+0000] {processor.py:186} INFO - Started process (PID=631) to work on /opt/airflow/dags/S3toSnowflake_deffered.py
[2024-08-18T07:50:45.477+0000] {processor.py:914} INFO - Processing file /opt/airflow/dags/S3toSnowflake_deffered.py for tasks to queue
[2024-08-18T07:50:45.479+0000] {logging_mixin.py:190} INFO - [2024-08-18T07:50:45.479+0000] {dagbag.py:587} INFO - Filling up the DagBag from /opt/airflow/dags/S3toSnowflake_deffered.py
[2024-08-18T07:50:45.506+0000] {processor.py:925} INFO - DAG(s) 's3_to_snowflake_dag' retrieved from /opt/airflow/dags/S3toSnowflake_deffered.py
[2024-08-18T07:50:45.525+0000] {logging_mixin.py:190} INFO - [2024-08-18T07:50:45.524+0000] {dag.py:3211} INFO - Sync 1 DAGs
[2024-08-18T07:50:45.557+0000] {logging_mixin.py:190} INFO - [2024-08-18T07:50:45.556+0000] {dag.py:4138} INFO - Setting next_dagrun for s3_to_snowflake_dag to 2024-08-17 23:00:00+00:00, run_after=2024-08-18 23:00:00+00:00
[2024-08-18T07:50:45.621+0000] {processor.py:208} INFO - Processing /opt/airflow/dags/S3toSnowflake_deffered.py took 0.151 seconds
[2024-08-18T07:51:16.278+0000] {processor.py:186} INFO - Started process (PID=643) to work on /opt/airflow/dags/S3toSnowflake_deffered.py
[2024-08-18T07:51:16.279+0000] {processor.py:914} INFO - Processing file /opt/airflow/dags/S3toSnowflake_deffered.py for tasks to queue
[2024-08-18T07:51:16.281+0000] {logging_mixin.py:190} INFO - [2024-08-18T07:51:16.281+0000] {dagbag.py:587} INFO - Filling up the DagBag from /opt/airflow/dags/S3toSnowflake_deffered.py
[2024-08-18T07:51:16.320+0000] {processor.py:925} INFO - DAG(s) 's3_to_snowflake_dag' retrieved from /opt/airflow/dags/S3toSnowflake_deffered.py
[2024-08-18T07:51:16.691+0000] {logging_mixin.py:190} INFO - [2024-08-18T07:51:16.691+0000] {dag.py:3211} INFO - Sync 1 DAGs
[2024-08-18T07:51:16.734+0000] {logging_mixin.py:190} INFO - [2024-08-18T07:51:16.734+0000] {dag.py:4138} INFO - Setting next_dagrun for s3_to_snowflake_dag to 2024-08-17 23:00:00+00:00, run_after=2024-08-18 23:00:00+00:00
[2024-08-18T07:51:16.887+0000] {processor.py:208} INFO - Processing /opt/airflow/dags/S3toSnowflake_deffered.py took 0.614 seconds
[2024-08-18T07:51:54.463+0000] {processor.py:186} INFO - Started process (PID=658) to work on /opt/airflow/dags/S3toSnowflake_deffered.py
[2024-08-18T07:51:54.465+0000] {processor.py:914} INFO - Processing file /opt/airflow/dags/S3toSnowflake_deffered.py for tasks to queue
[2024-08-18T07:51:54.467+0000] {logging_mixin.py:190} INFO - [2024-08-18T07:51:54.467+0000] {dagbag.py:587} INFO - Filling up the DagBag from /opt/airflow/dags/S3toSnowflake_deffered.py
[2024-08-18T07:51:54.528+0000] {processor.py:925} INFO - DAG(s) 's3_to_snowflake_dag' retrieved from /opt/airflow/dags/S3toSnowflake_deffered.py
[2024-08-18T07:51:54.564+0000] {logging_mixin.py:190} INFO - [2024-08-18T07:51:54.562+0000] {dag.py:3211} INFO - Sync 1 DAGs
[2024-08-18T07:51:54.610+0000] {logging_mixin.py:190} INFO - [2024-08-18T07:51:54.609+0000] {dag.py:4138} INFO - Setting next_dagrun for s3_to_snowflake_dag to 2024-08-17 23:00:00+00:00, run_after=2024-08-18 23:00:00+00:00
[2024-08-18T07:51:54.760+0000] {processor.py:208} INFO - Processing /opt/airflow/dags/S3toSnowflake_deffered.py took 0.302 seconds
[2024-08-18T07:52:26.480+0000] {processor.py:186} INFO - Started process (PID=673) to work on /opt/airflow/dags/S3toSnowflake_deffered.py
[2024-08-18T07:52:26.482+0000] {processor.py:914} INFO - Processing file /opt/airflow/dags/S3toSnowflake_deffered.py for tasks to queue
[2024-08-18T07:52:26.484+0000] {logging_mixin.py:190} INFO - [2024-08-18T07:52:26.484+0000] {dagbag.py:587} INFO - Filling up the DagBag from /opt/airflow/dags/S3toSnowflake_deffered.py
[2024-08-18T07:52:26.544+0000] {processor.py:925} INFO - DAG(s) 's3_to_snowflake_dag' retrieved from /opt/airflow/dags/S3toSnowflake_deffered.py
[2024-08-18T07:52:26.876+0000] {logging_mixin.py:190} INFO - [2024-08-18T07:52:26.875+0000] {dag.py:3211} INFO - Sync 1 DAGs
[2024-08-18T07:52:26.915+0000] {logging_mixin.py:190} INFO - [2024-08-18T07:52:26.915+0000] {dag.py:4138} INFO - Setting next_dagrun for s3_to_snowflake_dag to 2024-08-17 23:00:00+00:00, run_after=2024-08-18 23:00:00+00:00
[2024-08-18T07:52:27.065+0000] {processor.py:208} INFO - Processing /opt/airflow/dags/S3toSnowflake_deffered.py took 0.591 seconds
[2024-08-18T07:52:57.739+0000] {processor.py:186} INFO - Started process (PID=688) to work on /opt/airflow/dags/S3toSnowflake_deffered.py
[2024-08-18T07:52:57.741+0000] {processor.py:914} INFO - Processing file /opt/airflow/dags/S3toSnowflake_deffered.py for tasks to queue
[2024-08-18T07:52:57.743+0000] {logging_mixin.py:190} INFO - [2024-08-18T07:52:57.742+0000] {dagbag.py:587} INFO - Filling up the DagBag from /opt/airflow/dags/S3toSnowflake_deffered.py
[2024-08-18T07:52:57.802+0000] {processor.py:925} INFO - DAG(s) 's3_to_snowflake_dag' retrieved from /opt/airflow/dags/S3toSnowflake_deffered.py
[2024-08-18T07:52:57.848+0000] {logging_mixin.py:190} INFO - [2024-08-18T07:52:57.848+0000] {dag.py:3211} INFO - Sync 1 DAGs
[2024-08-18T07:52:57.892+0000] {logging_mixin.py:190} INFO - [2024-08-18T07:52:57.892+0000] {dag.py:4138} INFO - Setting next_dagrun for s3_to_snowflake_dag to 2024-08-17 23:00:00+00:00, run_after=2024-08-18 23:00:00+00:00
[2024-08-18T07:52:58.030+0000] {processor.py:208} INFO - Processing /opt/airflow/dags/S3toSnowflake_deffered.py took 0.296 seconds
[2024-08-18T07:53:29.098+0000] {processor.py:186} INFO - Started process (PID=703) to work on /opt/airflow/dags/S3toSnowflake_deffered.py
[2024-08-18T07:53:29.099+0000] {processor.py:914} INFO - Processing file /opt/airflow/dags/S3toSnowflake_deffered.py for tasks to queue
[2024-08-18T07:53:29.101+0000] {logging_mixin.py:190} INFO - [2024-08-18T07:53:29.101+0000] {dagbag.py:587} INFO - Filling up the DagBag from /opt/airflow/dags/S3toSnowflake_deffered.py
[2024-08-18T07:53:29.156+0000] {processor.py:925} INFO - DAG(s) 's3_to_snowflake_dag' retrieved from /opt/airflow/dags/S3toSnowflake_deffered.py
[2024-08-18T07:53:29.192+0000] {logging_mixin.py:190} INFO - [2024-08-18T07:53:29.190+0000] {dag.py:3211} INFO - Sync 1 DAGs
[2024-08-18T07:53:29.234+0000] {logging_mixin.py:190} INFO - [2024-08-18T07:53:29.234+0000] {dag.py:4138} INFO - Setting next_dagrun for s3_to_snowflake_dag to 2024-08-17 23:00:00+00:00, run_after=2024-08-18 23:00:00+00:00
[2024-08-18T07:53:29.371+0000] {processor.py:208} INFO - Processing /opt/airflow/dags/S3toSnowflake_deffered.py took 0.280 seconds
[2024-08-18T07:53:59.826+0000] {processor.py:186} INFO - Started process (PID=718) to work on /opt/airflow/dags/S3toSnowflake_deffered.py
[2024-08-18T07:53:59.828+0000] {processor.py:914} INFO - Processing file /opt/airflow/dags/S3toSnowflake_deffered.py for tasks to queue
[2024-08-18T07:53:59.830+0000] {logging_mixin.py:190} INFO - [2024-08-18T07:53:59.829+0000] {dagbag.py:587} INFO - Filling up the DagBag from /opt/airflow/dags/S3toSnowflake_deffered.py
[2024-08-18T07:53:59.876+0000] {processor.py:925} INFO - DAG(s) 's3_to_snowflake_dag' retrieved from /opt/airflow/dags/S3toSnowflake_deffered.py
[2024-08-18T07:54:00.045+0000] {logging_mixin.py:190} INFO - [2024-08-18T07:54:00.045+0000] {dag.py:3211} INFO - Sync 1 DAGs
[2024-08-18T07:54:00.085+0000] {logging_mixin.py:190} INFO - [2024-08-18T07:54:00.085+0000] {dag.py:4138} INFO - Setting next_dagrun for s3_to_snowflake_dag to 2024-08-17 23:00:00+00:00, run_after=2024-08-18 23:00:00+00:00
[2024-08-18T07:54:00.255+0000] {processor.py:208} INFO - Processing /opt/airflow/dags/S3toSnowflake_deffered.py took 0.435 seconds
[2024-08-18T07:54:31.070+0000] {processor.py:186} INFO - Started process (PID=734) to work on /opt/airflow/dags/S3toSnowflake_deffered.py
[2024-08-18T07:54:31.072+0000] {processor.py:914} INFO - Processing file /opt/airflow/dags/S3toSnowflake_deffered.py for tasks to queue
[2024-08-18T07:54:31.073+0000] {logging_mixin.py:190} INFO - [2024-08-18T07:54:31.073+0000] {dagbag.py:587} INFO - Filling up the DagBag from /opt/airflow/dags/S3toSnowflake_deffered.py
[2024-08-18T07:54:31.118+0000] {processor.py:925} INFO - DAG(s) 's3_to_snowflake_dag' retrieved from /opt/airflow/dags/S3toSnowflake_deffered.py
[2024-08-18T07:54:31.162+0000] {logging_mixin.py:190} INFO - [2024-08-18T07:54:31.161+0000] {dag.py:3211} INFO - Sync 1 DAGs
[2024-08-18T07:54:31.207+0000] {logging_mixin.py:190} INFO - [2024-08-18T07:54:31.207+0000] {dag.py:4138} INFO - Setting next_dagrun for s3_to_snowflake_dag to 2024-08-17 23:00:00+00:00, run_after=2024-08-18 23:00:00+00:00
[2024-08-18T07:54:31.328+0000] {processor.py:208} INFO - Processing /opt/airflow/dags/S3toSnowflake_deffered.py took 0.263 seconds
[2024-08-18T07:55:02.669+0000] {processor.py:186} INFO - Started process (PID=749) to work on /opt/airflow/dags/S3toSnowflake_deffered.py
[2024-08-18T07:55:02.671+0000] {processor.py:914} INFO - Processing file /opt/airflow/dags/S3toSnowflake_deffered.py for tasks to queue
[2024-08-18T07:55:02.673+0000] {logging_mixin.py:190} INFO - [2024-08-18T07:55:02.673+0000] {dagbag.py:587} INFO - Filling up the DagBag from /opt/airflow/dags/S3toSnowflake_deffered.py
[2024-08-18T07:55:02.728+0000] {processor.py:925} INFO - DAG(s) 's3_to_snowflake_dag' retrieved from /opt/airflow/dags/S3toSnowflake_deffered.py
[2024-08-18T07:55:02.760+0000] {logging_mixin.py:190} INFO - [2024-08-18T07:55:02.759+0000] {dag.py:3211} INFO - Sync 1 DAGs
[2024-08-18T07:55:02.807+0000] {logging_mixin.py:190} INFO - [2024-08-18T07:55:02.806+0000] {dag.py:4138} INFO - Setting next_dagrun for s3_to_snowflake_dag to 2024-08-17 23:00:00+00:00, run_after=2024-08-18 23:00:00+00:00
[2024-08-18T07:55:02.943+0000] {processor.py:208} INFO - Processing /opt/airflow/dags/S3toSnowflake_deffered.py took 0.282 seconds
[2024-08-18T07:55:33.850+0000] {processor.py:186} INFO - Started process (PID=764) to work on /opt/airflow/dags/S3toSnowflake_deffered.py
[2024-08-18T07:55:33.853+0000] {processor.py:914} INFO - Processing file /opt/airflow/dags/S3toSnowflake_deffered.py for tasks to queue
[2024-08-18T07:55:33.856+0000] {logging_mixin.py:190} INFO - [2024-08-18T07:55:33.856+0000] {dagbag.py:587} INFO - Filling up the DagBag from /opt/airflow/dags/S3toSnowflake_deffered.py
[2024-08-18T07:55:33.896+0000] {processor.py:925} INFO - DAG(s) 's3_to_snowflake_dag' retrieved from /opt/airflow/dags/S3toSnowflake_deffered.py
[2024-08-18T07:55:34.240+0000] {logging_mixin.py:190} INFO - [2024-08-18T07:55:34.238+0000] {dag.py:3211} INFO - Sync 1 DAGs
[2024-08-18T07:55:34.709+0000] {logging_mixin.py:190} INFO - [2024-08-18T07:55:34.708+0000] {dag.py:4138} INFO - Setting next_dagrun for s3_to_snowflake_dag to 2024-08-17 23:00:00+00:00, run_after=2024-08-18 23:00:00+00:00
[2024-08-18T07:55:34.817+0000] {processor.py:208} INFO - Processing /opt/airflow/dags/S3toSnowflake_deffered.py took 0.976 seconds
[2024-08-18T07:56:06.188+0000] {processor.py:186} INFO - Started process (PID=779) to work on /opt/airflow/dags/S3toSnowflake_deffered.py
[2024-08-18T07:56:06.190+0000] {processor.py:914} INFO - Processing file /opt/airflow/dags/S3toSnowflake_deffered.py for tasks to queue
[2024-08-18T07:56:06.193+0000] {logging_mixin.py:190} INFO - [2024-08-18T07:56:06.192+0000] {dagbag.py:587} INFO - Filling up the DagBag from /opt/airflow/dags/S3toSnowflake_deffered.py
[2024-08-18T07:56:06.248+0000] {processor.py:925} INFO - DAG(s) 's3_to_snowflake_dag' retrieved from /opt/airflow/dags/S3toSnowflake_deffered.py
[2024-08-18T07:56:06.299+0000] {logging_mixin.py:190} INFO - [2024-08-18T07:56:06.298+0000] {dag.py:3211} INFO - Sync 1 DAGs
[2024-08-18T07:56:06.347+0000] {logging_mixin.py:190} INFO - [2024-08-18T07:56:06.346+0000] {dag.py:4138} INFO - Setting next_dagrun for s3_to_snowflake_dag to 2024-08-17 23:00:00+00:00, run_after=2024-08-18 23:00:00+00:00
[2024-08-18T07:56:06.481+0000] {processor.py:208} INFO - Processing /opt/airflow/dags/S3toSnowflake_deffered.py took 0.301 seconds
[2024-08-18T07:56:37.545+0000] {processor.py:186} INFO - Started process (PID=794) to work on /opt/airflow/dags/S3toSnowflake_deffered.py
[2024-08-18T07:56:37.578+0000] {processor.py:914} INFO - Processing file /opt/airflow/dags/S3toSnowflake_deffered.py for tasks to queue
[2024-08-18T07:56:37.600+0000] {logging_mixin.py:190} INFO - [2024-08-18T07:56:37.598+0000] {dagbag.py:587} INFO - Filling up the DagBag from /opt/airflow/dags/S3toSnowflake_deffered.py
[2024-08-18T07:56:37.838+0000] {processor.py:925} INFO - DAG(s) 's3_to_snowflake_dag' retrieved from /opt/airflow/dags/S3toSnowflake_deffered.py
[2024-08-18T07:56:37.955+0000] {logging_mixin.py:190} INFO - [2024-08-18T07:56:37.953+0000] {dag.py:3211} INFO - Sync 1 DAGs
[2024-08-18T07:56:38.116+0000] {logging_mixin.py:190} INFO - [2024-08-18T07:56:38.115+0000] {dag.py:4138} INFO - Setting next_dagrun for s3_to_snowflake_dag to 2024-08-17 23:00:00+00:00, run_after=2024-08-18 23:00:00+00:00
[2024-08-18T07:56:38.223+0000] {processor.py:208} INFO - Processing /opt/airflow/dags/S3toSnowflake_deffered.py took 0.751 seconds
[2024-08-18T07:57:08.762+0000] {processor.py:186} INFO - Started process (PID=810) to work on /opt/airflow/dags/S3toSnowflake_deffered.py
[2024-08-18T07:57:08.764+0000] {processor.py:914} INFO - Processing file /opt/airflow/dags/S3toSnowflake_deffered.py for tasks to queue
[2024-08-18T07:57:08.765+0000] {logging_mixin.py:190} INFO - [2024-08-18T07:57:08.765+0000] {dagbag.py:587} INFO - Filling up the DagBag from /opt/airflow/dags/S3toSnowflake_deffered.py
[2024-08-18T07:57:08.792+0000] {processor.py:925} INFO - DAG(s) 's3_to_snowflake_dag' retrieved from /opt/airflow/dags/S3toSnowflake_deffered.py
[2024-08-18T07:57:09.163+0000] {logging_mixin.py:190} INFO - [2024-08-18T07:57:09.162+0000] {dag.py:3211} INFO - Sync 1 DAGs
[2024-08-18T07:57:09.200+0000] {logging_mixin.py:190} INFO - [2024-08-18T07:57:09.200+0000] {dag.py:4138} INFO - Setting next_dagrun for s3_to_snowflake_dag to 2024-08-17 23:00:00+00:00, run_after=2024-08-18 23:00:00+00:00
[2024-08-18T07:57:09.314+0000] {processor.py:208} INFO - Processing /opt/airflow/dags/S3toSnowflake_deffered.py took 0.558 seconds
[2024-08-18T07:57:40.277+0000] {processor.py:186} INFO - Started process (PID=826) to work on /opt/airflow/dags/S3toSnowflake_deffered.py
[2024-08-18T07:57:40.278+0000] {processor.py:914} INFO - Processing file /opt/airflow/dags/S3toSnowflake_deffered.py for tasks to queue
[2024-08-18T07:57:40.280+0000] {logging_mixin.py:190} INFO - [2024-08-18T07:57:40.280+0000] {dagbag.py:587} INFO - Filling up the DagBag from /opt/airflow/dags/S3toSnowflake_deffered.py
[2024-08-18T07:57:40.327+0000] {processor.py:925} INFO - DAG(s) 's3_to_snowflake_dag' retrieved from /opt/airflow/dags/S3toSnowflake_deffered.py
[2024-08-18T07:57:40.376+0000] {logging_mixin.py:190} INFO - [2024-08-18T07:57:40.375+0000] {dag.py:3211} INFO - Sync 1 DAGs
[2024-08-18T07:57:40.425+0000] {logging_mixin.py:190} INFO - [2024-08-18T07:57:40.425+0000] {dag.py:4138} INFO - Setting next_dagrun for s3_to_snowflake_dag to 2024-08-17 23:00:00+00:00, run_after=2024-08-18 23:00:00+00:00
[2024-08-18T07:57:40.529+0000] {processor.py:208} INFO - Processing /opt/airflow/dags/S3toSnowflake_deffered.py took 0.260 seconds
[2024-08-18T07:58:11.645+0000] {processor.py:186} INFO - Started process (PID=842) to work on /opt/airflow/dags/S3toSnowflake_deffered.py
[2024-08-18T07:58:11.647+0000] {processor.py:914} INFO - Processing file /opt/airflow/dags/S3toSnowflake_deffered.py for tasks to queue
[2024-08-18T07:58:11.649+0000] {logging_mixin.py:190} INFO - [2024-08-18T07:58:11.648+0000] {dagbag.py:587} INFO - Filling up the DagBag from /opt/airflow/dags/S3toSnowflake_deffered.py
[2024-08-18T07:58:11.690+0000] {processor.py:925} INFO - DAG(s) 's3_to_snowflake_dag' retrieved from /opt/airflow/dags/S3toSnowflake_deffered.py
[2024-08-18T07:58:11.723+0000] {logging_mixin.py:190} INFO - [2024-08-18T07:58:11.721+0000] {dag.py:3211} INFO - Sync 1 DAGs
[2024-08-18T07:58:11.766+0000] {logging_mixin.py:190} INFO - [2024-08-18T07:58:11.766+0000] {dag.py:4138} INFO - Setting next_dagrun for s3_to_snowflake_dag to 2024-08-17 23:00:00+00:00, run_after=2024-08-18 23:00:00+00:00
[2024-08-18T07:58:11.883+0000] {processor.py:208} INFO - Processing /opt/airflow/dags/S3toSnowflake_deffered.py took 0.244 seconds
[2024-08-18T07:58:42.873+0000] {processor.py:186} INFO - Started process (PID=858) to work on /opt/airflow/dags/S3toSnowflake_deffered.py
[2024-08-18T07:58:42.876+0000] {processor.py:914} INFO - Processing file /opt/airflow/dags/S3toSnowflake_deffered.py for tasks to queue
[2024-08-18T07:58:42.880+0000] {logging_mixin.py:190} INFO - [2024-08-18T07:58:42.879+0000] {dagbag.py:587} INFO - Filling up the DagBag from /opt/airflow/dags/S3toSnowflake_deffered.py
[2024-08-18T07:58:42.959+0000] {processor.py:925} INFO - DAG(s) 's3_to_snowflake_dag' retrieved from /opt/airflow/dags/S3toSnowflake_deffered.py
[2024-08-18T07:58:43.704+0000] {logging_mixin.py:190} INFO - [2024-08-18T07:58:43.703+0000] {dag.py:3211} INFO - Sync 1 DAGs
[2024-08-18T07:58:43.807+0000] {logging_mixin.py:190} INFO - [2024-08-18T07:58:43.806+0000] {dag.py:4138} INFO - Setting next_dagrun for s3_to_snowflake_dag to 2024-08-17 23:00:00+00:00, run_after=2024-08-18 23:00:00+00:00
[2024-08-18T07:58:44.002+0000] {processor.py:208} INFO - Processing /opt/airflow/dags/S3toSnowflake_deffered.py took 1.150 seconds
[2024-08-18T07:59:14.673+0000] {processor.py:186} INFO - Started process (PID=874) to work on /opt/airflow/dags/S3toSnowflake_deffered.py
[2024-08-18T07:59:14.674+0000] {processor.py:914} INFO - Processing file /opt/airflow/dags/S3toSnowflake_deffered.py for tasks to queue
[2024-08-18T07:59:14.677+0000] {logging_mixin.py:190} INFO - [2024-08-18T07:59:14.676+0000] {dagbag.py:587} INFO - Filling up the DagBag from /opt/airflow/dags/S3toSnowflake_deffered.py
[2024-08-18T07:59:14.729+0000] {processor.py:925} INFO - DAG(s) 's3_to_snowflake_dag' retrieved from /opt/airflow/dags/S3toSnowflake_deffered.py
[2024-08-18T07:59:14.782+0000] {logging_mixin.py:190} INFO - [2024-08-18T07:59:14.781+0000] {dag.py:3211} INFO - Sync 1 DAGs
[2024-08-18T07:59:14.826+0000] {logging_mixin.py:190} INFO - [2024-08-18T07:59:14.826+0000] {dag.py:4138} INFO - Setting next_dagrun for s3_to_snowflake_dag to 2024-08-17 23:00:00+00:00, run_after=2024-08-18 23:00:00+00:00
[2024-08-18T07:59:15.126+0000] {processor.py:208} INFO - Processing /opt/airflow/dags/S3toSnowflake_deffered.py took 0.463 seconds
[2024-08-18T07:59:45.276+0000] {processor.py:186} INFO - Started process (PID=890) to work on /opt/airflow/dags/S3toSnowflake_deffered.py
[2024-08-18T07:59:45.278+0000] {processor.py:914} INFO - Processing file /opt/airflow/dags/S3toSnowflake_deffered.py for tasks to queue
[2024-08-18T07:59:45.281+0000] {logging_mixin.py:190} INFO - [2024-08-18T07:59:45.280+0000] {dagbag.py:587} INFO - Filling up the DagBag from /opt/airflow/dags/S3toSnowflake_deffered.py
[2024-08-18T07:59:45.326+0000] {processor.py:925} INFO - DAG(s) 's3_to_snowflake_dag' retrieved from /opt/airflow/dags/S3toSnowflake_deffered.py
[2024-08-18T07:59:45.357+0000] {logging_mixin.py:190} INFO - [2024-08-18T07:59:45.355+0000] {dag.py:3211} INFO - Sync 1 DAGs
[2024-08-18T07:59:45.410+0000] {logging_mixin.py:190} INFO - [2024-08-18T07:59:45.409+0000] {dag.py:4138} INFO - Setting next_dagrun for s3_to_snowflake_dag to 2024-08-17 23:00:00+00:00, run_after=2024-08-18 23:00:00+00:00
[2024-08-18T07:59:45.512+0000] {processor.py:208} INFO - Processing /opt/airflow/dags/S3toSnowflake_deffered.py took 0.246 seconds
[2024-08-18T08:00:16.614+0000] {processor.py:186} INFO - Started process (PID=906) to work on /opt/airflow/dags/S3toSnowflake_deffered.py
[2024-08-18T08:00:16.616+0000] {processor.py:914} INFO - Processing file /opt/airflow/dags/S3toSnowflake_deffered.py for tasks to queue
[2024-08-18T08:00:16.617+0000] {logging_mixin.py:190} INFO - [2024-08-18T08:00:16.617+0000] {dagbag.py:587} INFO - Filling up the DagBag from /opt/airflow/dags/S3toSnowflake_deffered.py
[2024-08-18T08:00:16.659+0000] {processor.py:925} INFO - DAG(s) 's3_to_snowflake_dag' retrieved from /opt/airflow/dags/S3toSnowflake_deffered.py
[2024-08-18T08:00:16.814+0000] {logging_mixin.py:190} INFO - [2024-08-18T08:00:16.813+0000] {dag.py:3211} INFO - Sync 1 DAGs
[2024-08-18T08:00:17.009+0000] {logging_mixin.py:190} INFO - [2024-08-18T08:00:17.009+0000] {dag.py:4138} INFO - Setting next_dagrun for s3_to_snowflake_dag to 2024-08-17 23:00:00+00:00, run_after=2024-08-18 23:00:00+00:00
[2024-08-18T08:00:17.118+0000] {processor.py:208} INFO - Processing /opt/airflow/dags/S3toSnowflake_deffered.py took 0.510 seconds
[2024-08-18T08:00:49.074+0000] {processor.py:186} INFO - Started process (PID=922) to work on /opt/airflow/dags/S3toSnowflake_deffered.py
[2024-08-18T08:00:49.075+0000] {processor.py:914} INFO - Processing file /opt/airflow/dags/S3toSnowflake_deffered.py for tasks to queue
[2024-08-18T08:00:49.077+0000] {logging_mixin.py:190} INFO - [2024-08-18T08:00:49.077+0000] {dagbag.py:587} INFO - Filling up the DagBag from /opt/airflow/dags/S3toSnowflake_deffered.py
[2024-08-18T08:00:49.124+0000] {processor.py:925} INFO - DAG(s) 's3_to_snowflake_dag' retrieved from /opt/airflow/dags/S3toSnowflake_deffered.py
[2024-08-18T08:00:49.179+0000] {logging_mixin.py:190} INFO - [2024-08-18T08:00:49.178+0000] {dag.py:3211} INFO - Sync 1 DAGs
[2024-08-18T08:00:49.226+0000] {logging_mixin.py:190} INFO - [2024-08-18T08:00:49.226+0000] {dag.py:4138} INFO - Setting next_dagrun for s3_to_snowflake_dag to 2024-08-17 23:00:00+00:00, run_after=2024-08-18 23:00:00+00:00
[2024-08-18T08:00:49.352+0000] {processor.py:208} INFO - Processing /opt/airflow/dags/S3toSnowflake_deffered.py took 0.286 seconds
[2024-08-18T08:01:19.830+0000] {processor.py:186} INFO - Started process (PID=938) to work on /opt/airflow/dags/S3toSnowflake_deffered.py
[2024-08-18T08:01:19.832+0000] {processor.py:914} INFO - Processing file /opt/airflow/dags/S3toSnowflake_deffered.py for tasks to queue
[2024-08-18T08:01:19.834+0000] {logging_mixin.py:190} INFO - [2024-08-18T08:01:19.833+0000] {dagbag.py:587} INFO - Filling up the DagBag from /opt/airflow/dags/S3toSnowflake_deffered.py
[2024-08-18T08:01:19.890+0000] {processor.py:925} INFO - DAG(s) 's3_to_snowflake_dag' retrieved from /opt/airflow/dags/S3toSnowflake_deffered.py
[2024-08-18T08:01:19.925+0000] {logging_mixin.py:190} INFO - [2024-08-18T08:01:19.923+0000] {dag.py:3211} INFO - Sync 1 DAGs
[2024-08-18T08:01:19.976+0000] {logging_mixin.py:190} INFO - [2024-08-18T08:01:19.976+0000] {dag.py:4138} INFO - Setting next_dagrun for s3_to_snowflake_dag to 2024-08-17 23:00:00+00:00, run_after=2024-08-18 23:00:00+00:00
[2024-08-18T08:01:20.104+0000] {processor.py:208} INFO - Processing /opt/airflow/dags/S3toSnowflake_deffered.py took 0.279 seconds
[2024-08-18T08:01:54.393+0000] {processor.py:186} INFO - Started process (PID=956) to work on /opt/airflow/dags/S3toSnowflake_deffered.py
[2024-08-18T08:01:54.395+0000] {processor.py:914} INFO - Processing file /opt/airflow/dags/S3toSnowflake_deffered.py for tasks to queue
[2024-08-18T08:01:54.398+0000] {logging_mixin.py:190} INFO - [2024-08-18T08:01:54.397+0000] {dagbag.py:587} INFO - Filling up the DagBag from /opt/airflow/dags/S3toSnowflake_deffered.py
[2024-08-18T08:01:54.463+0000] {processor.py:925} INFO - DAG(s) 's3_to_snowflake_dag' retrieved from /opt/airflow/dags/S3toSnowflake_deffered.py
[2024-08-18T08:01:54.698+0000] {logging_mixin.py:190} INFO - [2024-08-18T08:01:54.697+0000] {dag.py:3211} INFO - Sync 1 DAGs
[2024-08-18T08:01:54.963+0000] {logging_mixin.py:190} INFO - [2024-08-18T08:01:54.963+0000] {dag.py:4138} INFO - Setting next_dagrun for s3_to_snowflake_dag to 2024-08-17 23:00:00+00:00, run_after=2024-08-18 23:00:00+00:00
[2024-08-18T08:01:55.151+0000] {processor.py:208} INFO - Processing /opt/airflow/dags/S3toSnowflake_deffered.py took 0.768 seconds
[2024-08-18T08:02:25.736+0000] {processor.py:186} INFO - Started process (PID=974) to work on /opt/airflow/dags/S3toSnowflake_deffered.py
[2024-08-18T08:02:25.737+0000] {processor.py:914} INFO - Processing file /opt/airflow/dags/S3toSnowflake_deffered.py for tasks to queue
[2024-08-18T08:02:25.739+0000] {logging_mixin.py:190} INFO - [2024-08-18T08:02:25.738+0000] {dagbag.py:587} INFO - Filling up the DagBag from /opt/airflow/dags/S3toSnowflake_deffered.py
[2024-08-18T08:02:25.763+0000] {processor.py:925} INFO - DAG(s) 's3_to_snowflake_dag' retrieved from /opt/airflow/dags/S3toSnowflake_deffered.py
[2024-08-18T08:02:25.810+0000] {logging_mixin.py:190} INFO - [2024-08-18T08:02:25.810+0000] {dag.py:3211} INFO - Sync 1 DAGs
[2024-08-18T08:02:25.853+0000] {logging_mixin.py:190} INFO - [2024-08-18T08:02:25.853+0000] {dag.py:4138} INFO - Setting next_dagrun for s3_to_snowflake_dag to 2024-08-17 23:00:00+00:00, run_after=2024-08-18 23:00:00+00:00
[2024-08-18T08:02:25.933+0000] {processor.py:208} INFO - Processing /opt/airflow/dags/S3toSnowflake_deffered.py took 0.202 seconds
[2024-08-18T08:02:57.208+0000] {processor.py:186} INFO - Started process (PID=992) to work on /opt/airflow/dags/S3toSnowflake_deffered.py
[2024-08-18T08:02:57.209+0000] {processor.py:914} INFO - Processing file /opt/airflow/dags/S3toSnowflake_deffered.py for tasks to queue
[2024-08-18T08:02:57.212+0000] {logging_mixin.py:190} INFO - [2024-08-18T08:02:57.211+0000] {dagbag.py:587} INFO - Filling up the DagBag from /opt/airflow/dags/S3toSnowflake_deffered.py
[2024-08-18T08:02:57.264+0000] {processor.py:925} INFO - DAG(s) 's3_to_snowflake_dag' retrieved from /opt/airflow/dags/S3toSnowflake_deffered.py
[2024-08-18T08:02:57.299+0000] {logging_mixin.py:190} INFO - [2024-08-18T08:02:57.297+0000] {dag.py:3211} INFO - Sync 1 DAGs
[2024-08-18T08:02:57.347+0000] {logging_mixin.py:190} INFO - [2024-08-18T08:02:57.347+0000] {dag.py:4138} INFO - Setting next_dagrun for s3_to_snowflake_dag to 2024-08-17 23:00:00+00:00, run_after=2024-08-18 23:00:00+00:00
[2024-08-18T08:02:57.483+0000] {processor.py:208} INFO - Processing /opt/airflow/dags/S3toSnowflake_deffered.py took 0.282 seconds
[2024-08-18T08:03:28.522+0000] {processor.py:186} INFO - Started process (PID=1010) to work on /opt/airflow/dags/S3toSnowflake_deffered.py
[2024-08-18T08:03:28.523+0000] {processor.py:914} INFO - Processing file /opt/airflow/dags/S3toSnowflake_deffered.py for tasks to queue
[2024-08-18T08:03:28.525+0000] {logging_mixin.py:190} INFO - [2024-08-18T08:03:28.524+0000] {dagbag.py:587} INFO - Filling up the DagBag from /opt/airflow/dags/S3toSnowflake_deffered.py
[2024-08-18T08:03:28.562+0000] {processor.py:925} INFO - DAG(s) 's3_to_snowflake_dag' retrieved from /opt/airflow/dags/S3toSnowflake_deffered.py
[2024-08-18T08:03:28.902+0000] {logging_mixin.py:190} INFO - [2024-08-18T08:03:28.901+0000] {dag.py:3211} INFO - Sync 1 DAGs
[2024-08-18T08:03:28.937+0000] {logging_mixin.py:190} INFO - [2024-08-18T08:03:28.937+0000] {dag.py:4138} INFO - Setting next_dagrun for s3_to_snowflake_dag to 2024-08-17 23:00:00+00:00, run_after=2024-08-18 23:00:00+00:00
[2024-08-18T08:03:29.071+0000] {processor.py:208} INFO - Processing /opt/airflow/dags/S3toSnowflake_deffered.py took 0.554 seconds
[2024-08-18T08:03:59.640+0000] {processor.py:186} INFO - Started process (PID=1028) to work on /opt/airflow/dags/S3toSnowflake_deffered.py
[2024-08-18T08:03:59.642+0000] {processor.py:914} INFO - Processing file /opt/airflow/dags/S3toSnowflake_deffered.py for tasks to queue
[2024-08-18T08:03:59.644+0000] {logging_mixin.py:190} INFO - [2024-08-18T08:03:59.643+0000] {dagbag.py:587} INFO - Filling up the DagBag from /opt/airflow/dags/S3toSnowflake_deffered.py
[2024-08-18T08:03:59.673+0000] {processor.py:925} INFO - DAG(s) 's3_to_snowflake_dag' retrieved from /opt/airflow/dags/S3toSnowflake_deffered.py
[2024-08-18T08:03:59.714+0000] {logging_mixin.py:190} INFO - [2024-08-18T08:03:59.713+0000] {dag.py:3211} INFO - Sync 1 DAGs
[2024-08-18T08:03:59.752+0000] {logging_mixin.py:190} INFO - [2024-08-18T08:03:59.752+0000] {dag.py:4138} INFO - Setting next_dagrun for s3_to_snowflake_dag to 2024-08-17 23:00:00+00:00, run_after=2024-08-18 23:00:00+00:00
[2024-08-18T08:03:59.837+0000] {processor.py:208} INFO - Processing /opt/airflow/dags/S3toSnowflake_deffered.py took 0.204 seconds
[2024-08-18T08:04:30.643+0000] {processor.py:186} INFO - Started process (PID=1046) to work on /opt/airflow/dags/S3toSnowflake_deffered.py
[2024-08-18T08:04:30.644+0000] {processor.py:914} INFO - Processing file /opt/airflow/dags/S3toSnowflake_deffered.py for tasks to queue
[2024-08-18T08:04:30.647+0000] {logging_mixin.py:190} INFO - [2024-08-18T08:04:30.646+0000] {dagbag.py:587} INFO - Filling up the DagBag from /opt/airflow/dags/S3toSnowflake_deffered.py
[2024-08-18T08:04:30.701+0000] {processor.py:925} INFO - DAG(s) 's3_to_snowflake_dag' retrieved from /opt/airflow/dags/S3toSnowflake_deffered.py
[2024-08-18T08:04:30.733+0000] {logging_mixin.py:190} INFO - [2024-08-18T08:04:30.732+0000] {dag.py:3211} INFO - Sync 1 DAGs
[2024-08-18T08:04:30.779+0000] {logging_mixin.py:190} INFO - [2024-08-18T08:04:30.778+0000] {dag.py:4138} INFO - Setting next_dagrun for s3_to_snowflake_dag to 2024-08-17 23:00:00+00:00, run_after=2024-08-18 23:00:00+00:00
[2024-08-18T08:04:30.907+0000] {processor.py:208} INFO - Processing /opt/airflow/dags/S3toSnowflake_deffered.py took 0.270 seconds
[2024-08-18T08:05:02.016+0000] {processor.py:186} INFO - Started process (PID=1064) to work on /opt/airflow/dags/S3toSnowflake_deffered.py
[2024-08-18T08:05:02.018+0000] {processor.py:914} INFO - Processing file /opt/airflow/dags/S3toSnowflake_deffered.py for tasks to queue
[2024-08-18T08:05:02.021+0000] {logging_mixin.py:190} INFO - [2024-08-18T08:05:02.020+0000] {dagbag.py:587} INFO - Filling up the DagBag from /opt/airflow/dags/S3toSnowflake_deffered.py
[2024-08-18T08:05:02.079+0000] {processor.py:925} INFO - DAG(s) 's3_to_snowflake_dag' retrieved from /opt/airflow/dags/S3toSnowflake_deffered.py
[2024-08-18T08:05:02.557+0000] {logging_mixin.py:190} INFO - [2024-08-18T08:05:02.556+0000] {dag.py:3211} INFO - Sync 1 DAGs
[2024-08-18T08:05:02.612+0000] {logging_mixin.py:190} INFO - [2024-08-18T08:05:02.611+0000] {dag.py:4138} INFO - Setting next_dagrun for s3_to_snowflake_dag to 2024-08-17 23:00:00+00:00, run_after=2024-08-18 23:00:00+00:00
[2024-08-18T08:05:02.755+0000] {processor.py:208} INFO - Processing /opt/airflow/dags/S3toSnowflake_deffered.py took 0.748 seconds
[2024-08-18T08:05:33.541+0000] {processor.py:186} INFO - Started process (PID=1082) to work on /opt/airflow/dags/S3toSnowflake_deffered.py
[2024-08-18T08:05:33.543+0000] {processor.py:914} INFO - Processing file /opt/airflow/dags/S3toSnowflake_deffered.py for tasks to queue
[2024-08-18T08:05:33.546+0000] {logging_mixin.py:190} INFO - [2024-08-18T08:05:33.545+0000] {dagbag.py:587} INFO - Filling up the DagBag from /opt/airflow/dags/S3toSnowflake_deffered.py
[2024-08-18T08:05:33.600+0000] {processor.py:925} INFO - DAG(s) 's3_to_snowflake_dag' retrieved from /opt/airflow/dags/S3toSnowflake_deffered.py
[2024-08-18T08:05:33.651+0000] {logging_mixin.py:190} INFO - [2024-08-18T08:05:33.650+0000] {dag.py:3211} INFO - Sync 1 DAGs
[2024-08-18T08:05:33.696+0000] {logging_mixin.py:190} INFO - [2024-08-18T08:05:33.696+0000] {dag.py:4138} INFO - Setting next_dagrun for s3_to_snowflake_dag to 2024-08-17 23:00:00+00:00, run_after=2024-08-18 23:00:00+00:00
[2024-08-18T08:05:34.014+0000] {processor.py:208} INFO - Processing /opt/airflow/dags/S3toSnowflake_deffered.py took 0.481 seconds
[2024-08-18T08:06:06.195+0000] {processor.py:186} INFO - Started process (PID=1100) to work on /opt/airflow/dags/S3toSnowflake_deffered.py
[2024-08-18T08:06:06.196+0000] {processor.py:914} INFO - Processing file /opt/airflow/dags/S3toSnowflake_deffered.py for tasks to queue
[2024-08-18T08:06:06.198+0000] {logging_mixin.py:190} INFO - [2024-08-18T08:06:06.198+0000] {dagbag.py:587} INFO - Filling up the DagBag from /opt/airflow/dags/S3toSnowflake_deffered.py
[2024-08-18T08:06:06.255+0000] {processor.py:925} INFO - DAG(s) 's3_to_snowflake_dag' retrieved from /opt/airflow/dags/S3toSnowflake_deffered.py
[2024-08-18T08:06:06.287+0000] {logging_mixin.py:190} INFO - [2024-08-18T08:06:06.286+0000] {dag.py:3211} INFO - Sync 1 DAGs
[2024-08-18T08:06:06.333+0000] {logging_mixin.py:190} INFO - [2024-08-18T08:06:06.333+0000] {dag.py:4138} INFO - Setting next_dagrun for s3_to_snowflake_dag to 2024-08-17 23:00:00+00:00, run_after=2024-08-18 23:00:00+00:00
[2024-08-18T08:06:06.474+0000] {processor.py:208} INFO - Processing /opt/airflow/dags/S3toSnowflake_deffered.py took 0.284 seconds
[2024-08-18T08:06:38.242+0000] {processor.py:186} INFO - Started process (PID=1118) to work on /opt/airflow/dags/S3toSnowflake_deffered.py
[2024-08-18T08:06:38.244+0000] {processor.py:914} INFO - Processing file /opt/airflow/dags/S3toSnowflake_deffered.py for tasks to queue
[2024-08-18T08:06:38.247+0000] {logging_mixin.py:190} INFO - [2024-08-18T08:06:38.246+0000] {dagbag.py:587} INFO - Filling up the DagBag from /opt/airflow/dags/S3toSnowflake_deffered.py
[2024-08-18T08:06:38.298+0000] {processor.py:925} INFO - DAG(s) 's3_to_snowflake_dag' retrieved from /opt/airflow/dags/S3toSnowflake_deffered.py
[2024-08-18T08:06:38.800+0000] {logging_mixin.py:190} INFO - [2024-08-18T08:06:38.799+0000] {dag.py:3211} INFO - Sync 1 DAGs
[2024-08-18T08:06:38.858+0000] {logging_mixin.py:190} INFO - [2024-08-18T08:06:38.857+0000] {dag.py:4138} INFO - Setting next_dagrun for s3_to_snowflake_dag to 2024-08-17 23:00:00+00:00, run_after=2024-08-18 23:00:00+00:00
[2024-08-18T08:06:39.009+0000] {processor.py:208} INFO - Processing /opt/airflow/dags/S3toSnowflake_deffered.py took 0.776 seconds
[2024-08-18T08:07:10.105+0000] {processor.py:186} INFO - Started process (PID=1136) to work on /opt/airflow/dags/S3toSnowflake_deffered.py
[2024-08-18T08:07:10.107+0000] {processor.py:914} INFO - Processing file /opt/airflow/dags/S3toSnowflake_deffered.py for tasks to queue
[2024-08-18T08:07:10.108+0000] {logging_mixin.py:190} INFO - [2024-08-18T08:07:10.108+0000] {dagbag.py:587} INFO - Filling up the DagBag from /opt/airflow/dags/S3toSnowflake_deffered.py
[2024-08-18T08:07:10.132+0000] {processor.py:925} INFO - DAG(s) 's3_to_snowflake_dag' retrieved from /opt/airflow/dags/S3toSnowflake_deffered.py
[2024-08-18T08:07:10.185+0000] {logging_mixin.py:190} INFO - [2024-08-18T08:07:10.184+0000] {dag.py:3211} INFO - Sync 1 DAGs
[2024-08-18T08:07:10.431+0000] {logging_mixin.py:190} INFO - [2024-08-18T08:07:10.431+0000] {dag.py:4138} INFO - Setting next_dagrun for s3_to_snowflake_dag to 2024-08-17 23:00:00+00:00, run_after=2024-08-18 23:00:00+00:00
[2024-08-18T08:07:10.556+0000] {processor.py:208} INFO - Processing /opt/airflow/dags/S3toSnowflake_deffered.py took 0.456 seconds
[2024-08-18T08:07:42.003+0000] {processor.py:186} INFO - Started process (PID=1154) to work on /opt/airflow/dags/S3toSnowflake_deffered.py
[2024-08-18T08:07:42.008+0000] {processor.py:914} INFO - Processing file /opt/airflow/dags/S3toSnowflake_deffered.py for tasks to queue
[2024-08-18T08:07:42.015+0000] {logging_mixin.py:190} INFO - [2024-08-18T08:07:42.012+0000] {dagbag.py:587} INFO - Filling up the DagBag from /opt/airflow/dags/S3toSnowflake_deffered.py
[2024-08-18T08:07:42.102+0000] {processor.py:925} INFO - DAG(s) 's3_to_snowflake_dag' retrieved from /opt/airflow/dags/S3toSnowflake_deffered.py
[2024-08-18T08:07:42.142+0000] {logging_mixin.py:190} INFO - [2024-08-18T08:07:42.139+0000] {dag.py:3211} INFO - Sync 1 DAGs
[2024-08-18T08:07:42.314+0000] {logging_mixin.py:190} INFO - [2024-08-18T08:07:42.313+0000] {dag.py:4138} INFO - Setting next_dagrun for s3_to_snowflake_dag to 2024-08-17 23:00:00+00:00, run_after=2024-08-18 23:00:00+00:00
[2024-08-18T08:07:42.427+0000] {processor.py:208} INFO - Processing /opt/airflow/dags/S3toSnowflake_deffered.py took 0.478 seconds
[2024-08-18T08:08:13.962+0000] {processor.py:186} INFO - Started process (PID=1172) to work on /opt/airflow/dags/S3toSnowflake_deffered.py
[2024-08-18T08:08:13.964+0000] {processor.py:914} INFO - Processing file /opt/airflow/dags/S3toSnowflake_deffered.py for tasks to queue
[2024-08-18T08:08:13.966+0000] {logging_mixin.py:190} INFO - [2024-08-18T08:08:13.966+0000] {dagbag.py:587} INFO - Filling up the DagBag from /opt/airflow/dags/S3toSnowflake_deffered.py
[2024-08-18T08:08:14.016+0000] {processor.py:925} INFO - DAG(s) 's3_to_snowflake_dag' retrieved from /opt/airflow/dags/S3toSnowflake_deffered.py
[2024-08-18T08:08:14.430+0000] {logging_mixin.py:190} INFO - [2024-08-18T08:08:14.427+0000] {dag.py:3211} INFO - Sync 1 DAGs
[2024-08-18T08:08:14.919+0000] {logging_mixin.py:190} INFO - [2024-08-18T08:08:14.918+0000] {dag.py:4138} INFO - Setting next_dagrun for s3_to_snowflake_dag to 2024-08-17 23:00:00+00:00, run_after=2024-08-18 23:00:00+00:00
[2024-08-18T08:08:15.051+0000] {processor.py:208} INFO - Processing /opt/airflow/dags/S3toSnowflake_deffered.py took 1.099 seconds
[2024-08-18T08:08:45.940+0000] {processor.py:186} INFO - Started process (PID=1190) to work on /opt/airflow/dags/S3toSnowflake_deffered.py
[2024-08-18T08:08:45.942+0000] {processor.py:914} INFO - Processing file /opt/airflow/dags/S3toSnowflake_deffered.py for tasks to queue
[2024-08-18T08:08:45.943+0000] {logging_mixin.py:190} INFO - [2024-08-18T08:08:45.943+0000] {dagbag.py:587} INFO - Filling up the DagBag from /opt/airflow/dags/S3toSnowflake_deffered.py
[2024-08-18T08:08:45.989+0000] {processor.py:925} INFO - DAG(s) 's3_to_snowflake_dag' retrieved from /opt/airflow/dags/S3toSnowflake_deffered.py
[2024-08-18T08:08:46.041+0000] {logging_mixin.py:190} INFO - [2024-08-18T08:08:46.040+0000] {dag.py:3211} INFO - Sync 1 DAGs
[2024-08-18T08:08:46.090+0000] {logging_mixin.py:190} INFO - [2024-08-18T08:08:46.089+0000] {dag.py:4138} INFO - Setting next_dagrun for s3_to_snowflake_dag to 2024-08-17 23:00:00+00:00, run_after=2024-08-18 23:00:00+00:00
[2024-08-18T08:08:46.221+0000] {processor.py:208} INFO - Processing /opt/airflow/dags/S3toSnowflake_deffered.py took 0.287 seconds
[2024-08-18T08:09:20.665+0000] {processor.py:186} INFO - Started process (PID=1209) to work on /opt/airflow/dags/S3toSnowflake_deffered.py
[2024-08-18T08:09:20.667+0000] {processor.py:914} INFO - Processing file /opt/airflow/dags/S3toSnowflake_deffered.py for tasks to queue
[2024-08-18T08:09:20.670+0000] {logging_mixin.py:190} INFO - [2024-08-18T08:09:20.669+0000] {dagbag.py:587} INFO - Filling up the DagBag from /opt/airflow/dags/S3toSnowflake_deffered.py
[2024-08-18T08:09:20.717+0000] {processor.py:925} INFO - DAG(s) 's3_to_snowflake_dag' retrieved from /opt/airflow/dags/S3toSnowflake_deffered.py
[2024-08-18T08:09:20.753+0000] {logging_mixin.py:190} INFO - [2024-08-18T08:09:20.751+0000] {dag.py:3211} INFO - Sync 1 DAGs
[2024-08-18T08:09:20.808+0000] {logging_mixin.py:190} INFO - [2024-08-18T08:09:20.808+0000] {dag.py:4138} INFO - Setting next_dagrun for s3_to_snowflake_dag to 2024-08-17 23:00:00+00:00, run_after=2024-08-18 23:00:00+00:00
[2024-08-18T08:09:20.944+0000] {processor.py:208} INFO - Processing /opt/airflow/dags/S3toSnowflake_deffered.py took 0.287 seconds
[2024-08-18T08:09:52.255+0000] {processor.py:186} INFO - Started process (PID=1227) to work on /opt/airflow/dags/S3toSnowflake_deffered.py
[2024-08-18T08:09:52.256+0000] {processor.py:914} INFO - Processing file /opt/airflow/dags/S3toSnowflake_deffered.py for tasks to queue
[2024-08-18T08:09:52.258+0000] {logging_mixin.py:190} INFO - [2024-08-18T08:09:52.258+0000] {dagbag.py:587} INFO - Filling up the DagBag from /opt/airflow/dags/S3toSnowflake_deffered.py
[2024-08-18T08:09:52.313+0000] {processor.py:925} INFO - DAG(s) 's3_to_snowflake_dag' retrieved from /opt/airflow/dags/S3toSnowflake_deffered.py
[2024-08-18T08:09:52.682+0000] {logging_mixin.py:190} INFO - [2024-08-18T08:09:52.682+0000] {dag.py:3211} INFO - Sync 1 DAGs
[2024-08-18T08:09:52.725+0000] {logging_mixin.py:190} INFO - [2024-08-18T08:09:52.725+0000] {dag.py:4138} INFO - Setting next_dagrun for s3_to_snowflake_dag to 2024-08-17 23:00:00+00:00, run_after=2024-08-18 23:00:00+00:00
[2024-08-18T08:09:52.847+0000] {processor.py:208} INFO - Processing /opt/airflow/dags/S3toSnowflake_deffered.py took 0.598 seconds
[2024-08-18T08:10:23.285+0000] {processor.py:186} INFO - Started process (PID=1245) to work on /opt/airflow/dags/S3toSnowflake_deffered.py
[2024-08-18T08:10:23.287+0000] {processor.py:914} INFO - Processing file /opt/airflow/dags/S3toSnowflake_deffered.py for tasks to queue
[2024-08-18T08:10:23.289+0000] {logging_mixin.py:190} INFO - [2024-08-18T08:10:23.288+0000] {dagbag.py:587} INFO - Filling up the DagBag from /opt/airflow/dags/S3toSnowflake_deffered.py
[2024-08-18T08:10:23.337+0000] {processor.py:925} INFO - DAG(s) 's3_to_snowflake_dag' retrieved from /opt/airflow/dags/S3toSnowflake_deffered.py
[2024-08-18T08:10:23.385+0000] {logging_mixin.py:190} INFO - [2024-08-18T08:10:23.384+0000] {dag.py:3211} INFO - Sync 1 DAGs
[2024-08-18T08:10:23.426+0000] {logging_mixin.py:190} INFO - [2024-08-18T08:10:23.425+0000] {dag.py:4138} INFO - Setting next_dagrun for s3_to_snowflake_dag to 2024-08-17 23:00:00+00:00, run_after=2024-08-18 23:00:00+00:00
[2024-08-18T08:10:23.533+0000] {processor.py:208} INFO - Processing /opt/airflow/dags/S3toSnowflake_deffered.py took 0.254 seconds
[2024-08-18T08:10:54.859+0000] {processor.py:186} INFO - Started process (PID=1263) to work on /opt/airflow/dags/S3toSnowflake_deffered.py
[2024-08-18T08:10:54.861+0000] {processor.py:914} INFO - Processing file /opt/airflow/dags/S3toSnowflake_deffered.py for tasks to queue
[2024-08-18T08:10:54.864+0000] {logging_mixin.py:190} INFO - [2024-08-18T08:10:54.863+0000] {dagbag.py:587} INFO - Filling up the DagBag from /opt/airflow/dags/S3toSnowflake_deffered.py
[2024-08-18T08:10:54.907+0000] {processor.py:925} INFO - DAG(s) 's3_to_snowflake_dag' retrieved from /opt/airflow/dags/S3toSnowflake_deffered.py
[2024-08-18T08:10:54.937+0000] {logging_mixin.py:190} INFO - [2024-08-18T08:10:54.935+0000] {dag.py:3211} INFO - Sync 1 DAGs
[2024-08-18T08:10:54.981+0000] {logging_mixin.py:190} INFO - [2024-08-18T08:10:54.981+0000] {dag.py:4138} INFO - Setting next_dagrun for s3_to_snowflake_dag to 2024-08-17 23:00:00+00:00, run_after=2024-08-18 23:00:00+00:00
[2024-08-18T08:10:55.096+0000] {processor.py:208} INFO - Processing /opt/airflow/dags/S3toSnowflake_deffered.py took 0.242 seconds
[2024-08-18T08:11:26.035+0000] {processor.py:186} INFO - Started process (PID=1281) to work on /opt/airflow/dags/S3toSnowflake_deffered.py
[2024-08-18T08:11:26.037+0000] {processor.py:914} INFO - Processing file /opt/airflow/dags/S3toSnowflake_deffered.py for tasks to queue
[2024-08-18T08:11:26.039+0000] {logging_mixin.py:190} INFO - [2024-08-18T08:11:26.038+0000] {dagbag.py:587} INFO - Filling up the DagBag from /opt/airflow/dags/S3toSnowflake_deffered.py
[2024-08-18T08:11:26.080+0000] {processor.py:925} INFO - DAG(s) 's3_to_snowflake_dag' retrieved from /opt/airflow/dags/S3toSnowflake_deffered.py
[2024-08-18T08:11:26.466+0000] {logging_mixin.py:190} INFO - [2024-08-18T08:11:26.465+0000] {dag.py:3211} INFO - Sync 1 DAGs
[2024-08-18T08:11:26.508+0000] {logging_mixin.py:190} INFO - [2024-08-18T08:11:26.508+0000] {dag.py:4138} INFO - Setting next_dagrun for s3_to_snowflake_dag to 2024-08-17 23:00:00+00:00, run_after=2024-08-18 23:00:00+00:00
[2024-08-18T08:11:26.651+0000] {processor.py:208} INFO - Processing /opt/airflow/dags/S3toSnowflake_deffered.py took 0.621 seconds
[2024-08-18T08:12:00.413+0000] {processor.py:186} INFO - Started process (PID=1300) to work on /opt/airflow/dags/S3toSnowflake_deffered.py
[2024-08-18T08:12:00.415+0000] {processor.py:914} INFO - Processing file /opt/airflow/dags/S3toSnowflake_deffered.py for tasks to queue
[2024-08-18T08:12:00.420+0000] {logging_mixin.py:190} INFO - [2024-08-18T08:12:00.419+0000] {dagbag.py:587} INFO - Filling up the DagBag from /opt/airflow/dags/S3toSnowflake_deffered.py
[2024-08-18T08:12:00.468+0000] {processor.py:925} INFO - DAG(s) 's3_to_snowflake_dag' retrieved from /opt/airflow/dags/S3toSnowflake_deffered.py
[2024-08-18T08:12:00.530+0000] {logging_mixin.py:190} INFO - [2024-08-18T08:12:00.529+0000] {dag.py:3211} INFO - Sync 1 DAGs
[2024-08-18T08:12:00.581+0000] {logging_mixin.py:190} INFO - [2024-08-18T08:12:00.581+0000] {dag.py:4138} INFO - Setting next_dagrun for s3_to_snowflake_dag to 2024-08-17 23:00:00+00:00, run_after=2024-08-18 23:00:00+00:00
[2024-08-18T08:12:00.947+0000] {processor.py:208} INFO - Processing /opt/airflow/dags/S3toSnowflake_deffered.py took 0.540 seconds
[2024-08-18T08:12:32.863+0000] {processor.py:186} INFO - Started process (PID=1319) to work on /opt/airflow/dags/S3toSnowflake_deffered.py
[2024-08-18T08:12:32.865+0000] {processor.py:914} INFO - Processing file /opt/airflow/dags/S3toSnowflake_deffered.py for tasks to queue
[2024-08-18T08:12:32.867+0000] {logging_mixin.py:190} INFO - [2024-08-18T08:12:32.867+0000] {dagbag.py:587} INFO - Filling up the DagBag from /opt/airflow/dags/S3toSnowflake_deffered.py
[2024-08-18T08:12:32.923+0000] {processor.py:925} INFO - DAG(s) 's3_to_snowflake_dag' retrieved from /opt/airflow/dags/S3toSnowflake_deffered.py
[2024-08-18T08:12:32.955+0000] {logging_mixin.py:190} INFO - [2024-08-18T08:12:32.952+0000] {dag.py:3211} INFO - Sync 1 DAGs
[2024-08-18T08:12:33.007+0000] {logging_mixin.py:190} INFO - [2024-08-18T08:12:33.007+0000] {dag.py:4138} INFO - Setting next_dagrun for s3_to_snowflake_dag to 2024-08-17 23:00:00+00:00, run_after=2024-08-18 23:00:00+00:00
[2024-08-18T08:12:33.132+0000] {processor.py:208} INFO - Processing /opt/airflow/dags/S3toSnowflake_deffered.py took 0.276 seconds
[2024-08-18T08:13:10.449+0000] {processor.py:186} INFO - Started process (PID=1340) to work on /opt/airflow/dags/S3toSnowflake_deffered.py
[2024-08-18T08:13:10.450+0000] {processor.py:914} INFO - Processing file /opt/airflow/dags/S3toSnowflake_deffered.py for tasks to queue
[2024-08-18T08:13:10.452+0000] {logging_mixin.py:190} INFO - [2024-08-18T08:13:10.452+0000] {dagbag.py:587} INFO - Filling up the DagBag from /opt/airflow/dags/S3toSnowflake_deffered.py
[2024-08-18T08:13:10.504+0000] {processor.py:925} INFO - DAG(s) 's3_to_snowflake_dag' retrieved from /opt/airflow/dags/S3toSnowflake_deffered.py
[2024-08-18T08:13:10.995+0000] {logging_mixin.py:190} INFO - [2024-08-18T08:13:10.994+0000] {dag.py:3211} INFO - Sync 1 DAGs
[2024-08-18T08:13:11.046+0000] {logging_mixin.py:190} INFO - [2024-08-18T08:13:11.046+0000] {dag.py:4138} INFO - Setting next_dagrun for s3_to_snowflake_dag to 2024-08-17 23:00:00+00:00, run_after=2024-08-18 23:00:00+00:00
[2024-08-18T08:13:11.198+0000] {processor.py:208} INFO - Processing /opt/airflow/dags/S3toSnowflake_deffered.py took 0.755 seconds
[2024-08-18T08:13:55.395+0000] {processor.py:186} INFO - Started process (PID=1361) to work on /opt/airflow/dags/S3toSnowflake_deffered.py
[2024-08-18T08:13:55.396+0000] {processor.py:914} INFO - Processing file /opt/airflow/dags/S3toSnowflake_deffered.py for tasks to queue
[2024-08-18T08:13:55.398+0000] {logging_mixin.py:190} INFO - [2024-08-18T08:13:55.398+0000] {dagbag.py:587} INFO - Filling up the DagBag from /opt/airflow/dags/S3toSnowflake_deffered.py
[2024-08-18T08:13:55.437+0000] {processor.py:925} INFO - DAG(s) 's3_to_snowflake_dag' retrieved from /opt/airflow/dags/S3toSnowflake_deffered.py
[2024-08-18T08:13:55.484+0000] {logging_mixin.py:190} INFO - [2024-08-18T08:13:55.483+0000] {dag.py:3211} INFO - Sync 1 DAGs
[2024-08-18T08:13:55.528+0000] {logging_mixin.py:190} INFO - [2024-08-18T08:13:55.527+0000] {dag.py:4138} INFO - Setting next_dagrun for s3_to_snowflake_dag to 2024-08-17 23:00:00+00:00, run_after=2024-08-18 23:00:00+00:00
[2024-08-18T08:13:55.631+0000] {processor.py:208} INFO - Processing /opt/airflow/dags/S3toSnowflake_deffered.py took 0.243 seconds
