[2024-08-18T07:51:48.134+0000] {processor.py:186} INFO - Started process (PID=655) to work on /opt/airflow/dags/selfdepedent.py
[2024-08-18T07:51:48.136+0000] {processor.py:914} INFO - Processing file /opt/airflow/dags/selfdepedent.py for tasks to queue
[2024-08-18T07:51:48.137+0000] {logging_mixin.py:190} INFO - [2024-08-18T07:51:48.137+0000] {dagbag.py:587} INFO - Filling up the DagBag from /opt/airflow/dags/selfdepedent.py
[2024-08-18T07:51:48.172+0000] {processor.py:925} INFO - DAG(s) 'depends_on_past' retrieved from /opt/airflow/dags/selfdepedent.py
[2024-08-18T07:51:48.596+0000] {logging_mixin.py:190} INFO - [2024-08-18T07:51:48.594+0000] {override.py:1858} INFO - Created Permission View: can read on DAG:depends_on_past
[2024-08-18T07:51:48.683+0000] {logging_mixin.py:190} INFO - [2024-08-18T07:51:48.683+0000] {override.py:1858} INFO - Created Permission View: can edit on DAG:depends_on_past
[2024-08-18T07:51:48.776+0000] {logging_mixin.py:190} INFO - [2024-08-18T07:51:48.776+0000] {override.py:1858} INFO - Created Permission View: can delete on DAG:depends_on_past
[2024-08-18T07:51:48.778+0000] {logging_mixin.py:190} INFO - [2024-08-18T07:51:48.777+0000] {dag.py:3211} INFO - Sync 1 DAGs
[2024-08-18T07:51:48.815+0000] {logging_mixin.py:190} INFO - [2024-08-18T07:51:48.815+0000] {dag.py:3234} INFO - Creating ORM DAG for depends_on_past
[2024-08-18T07:51:48.835+0000] {logging_mixin.py:190} INFO - [2024-08-18T07:51:48.834+0000] {dag.py:4138} INFO - Setting next_dagrun for depends_on_past to 2024-08-17 21:00:00+00:00, run_after=2024-08-18 21:00:00+00:00
[2024-08-18T07:51:48.989+0000] {processor.py:208} INFO - Processing /opt/airflow/dags/selfdepedent.py took 0.860 seconds
[2024-08-18T07:52:19.428+0000] {processor.py:186} INFO - Started process (PID=670) to work on /opt/airflow/dags/selfdepedent.py
[2024-08-18T07:52:19.430+0000] {processor.py:914} INFO - Processing file /opt/airflow/dags/selfdepedent.py for tasks to queue
[2024-08-18T07:52:19.432+0000] {logging_mixin.py:190} INFO - [2024-08-18T07:52:19.431+0000] {dagbag.py:587} INFO - Filling up the DagBag from /opt/airflow/dags/selfdepedent.py
[2024-08-18T07:52:19.494+0000] {processor.py:925} INFO - DAG(s) 'depends_on_past' retrieved from /opt/airflow/dags/selfdepedent.py
[2024-08-18T07:52:19.551+0000] {logging_mixin.py:190} INFO - [2024-08-18T07:52:19.550+0000] {dag.py:3211} INFO - Sync 1 DAGs
[2024-08-18T07:52:19.594+0000] {logging_mixin.py:190} INFO - [2024-08-18T07:52:19.593+0000] {dag.py:4138} INFO - Setting next_dagrun for depends_on_past to 2024-08-17 21:00:00+00:00, run_after=2024-08-18 21:00:00+00:00
[2024-08-18T07:52:19.727+0000] {processor.py:208} INFO - Processing /opt/airflow/dags/selfdepedent.py took 0.304 seconds
[2024-08-18T07:52:50.490+0000] {processor.py:186} INFO - Started process (PID=685) to work on /opt/airflow/dags/selfdepedent.py
[2024-08-18T07:52:50.491+0000] {processor.py:914} INFO - Processing file /opt/airflow/dags/selfdepedent.py for tasks to queue
[2024-08-18T07:52:50.494+0000] {logging_mixin.py:190} INFO - [2024-08-18T07:52:50.493+0000] {dagbag.py:587} INFO - Filling up the DagBag from /opt/airflow/dags/selfdepedent.py
[2024-08-18T07:52:50.555+0000] {processor.py:925} INFO - DAG(s) 'depends_on_past' retrieved from /opt/airflow/dags/selfdepedent.py
[2024-08-18T07:52:50.609+0000] {logging_mixin.py:190} INFO - [2024-08-18T07:52:50.608+0000] {dag.py:3211} INFO - Sync 1 DAGs
[2024-08-18T07:52:50.650+0000] {logging_mixin.py:190} INFO - [2024-08-18T07:52:50.650+0000] {dag.py:4138} INFO - Setting next_dagrun for depends_on_past to 2024-08-17 21:00:00+00:00, run_after=2024-08-18 21:00:00+00:00
[2024-08-18T07:52:50.790+0000] {processor.py:208} INFO - Processing /opt/airflow/dags/selfdepedent.py took 0.305 seconds
[2024-08-18T07:53:21.967+0000] {processor.py:186} INFO - Started process (PID=700) to work on /opt/airflow/dags/selfdepedent.py
[2024-08-18T07:53:21.969+0000] {processor.py:914} INFO - Processing file /opt/airflow/dags/selfdepedent.py for tasks to queue
[2024-08-18T07:53:21.971+0000] {logging_mixin.py:190} INFO - [2024-08-18T07:53:21.970+0000] {dagbag.py:587} INFO - Filling up the DagBag from /opt/airflow/dags/selfdepedent.py
[2024-08-18T07:53:22.025+0000] {processor.py:925} INFO - DAG(s) 'depends_on_past' retrieved from /opt/airflow/dags/selfdepedent.py
[2024-08-18T07:53:22.072+0000] {logging_mixin.py:190} INFO - [2024-08-18T07:53:22.072+0000] {dag.py:3211} INFO - Sync 1 DAGs
[2024-08-18T07:53:22.112+0000] {logging_mixin.py:190} INFO - [2024-08-18T07:53:22.111+0000] {dag.py:4138} INFO - Setting next_dagrun for depends_on_past to 2024-08-17 21:00:00+00:00, run_after=2024-08-18 21:00:00+00:00
[2024-08-18T07:53:22.243+0000] {processor.py:208} INFO - Processing /opt/airflow/dags/selfdepedent.py took 0.281 seconds
[2024-08-18T07:53:52.552+0000] {processor.py:186} INFO - Started process (PID=715) to work on /opt/airflow/dags/selfdepedent.py
[2024-08-18T07:53:52.553+0000] {processor.py:914} INFO - Processing file /opt/airflow/dags/selfdepedent.py for tasks to queue
[2024-08-18T07:53:52.556+0000] {logging_mixin.py:190} INFO - [2024-08-18T07:53:52.555+0000] {dagbag.py:587} INFO - Filling up the DagBag from /opt/airflow/dags/selfdepedent.py
[2024-08-18T07:53:52.607+0000] {processor.py:925} INFO - DAG(s) 'depends_on_past' retrieved from /opt/airflow/dags/selfdepedent.py
[2024-08-18T07:53:52.656+0000] {logging_mixin.py:190} INFO - [2024-08-18T07:53:52.655+0000] {dag.py:3211} INFO - Sync 1 DAGs
[2024-08-18T07:53:52.699+0000] {logging_mixin.py:190} INFO - [2024-08-18T07:53:52.699+0000] {dag.py:4138} INFO - Setting next_dagrun for depends_on_past to 2024-08-17 21:00:00+00:00, run_after=2024-08-18 21:00:00+00:00
[2024-08-18T07:53:52.845+0000] {processor.py:208} INFO - Processing /opt/airflow/dags/selfdepedent.py took 0.299 seconds
[2024-08-18T07:54:24.090+0000] {processor.py:186} INFO - Started process (PID=731) to work on /opt/airflow/dags/selfdepedent.py
[2024-08-18T07:54:24.091+0000] {processor.py:914} INFO - Processing file /opt/airflow/dags/selfdepedent.py for tasks to queue
[2024-08-18T07:54:24.094+0000] {logging_mixin.py:190} INFO - [2024-08-18T07:54:24.093+0000] {dagbag.py:587} INFO - Filling up the DagBag from /opt/airflow/dags/selfdepedent.py
[2024-08-18T07:54:24.150+0000] {processor.py:925} INFO - DAG(s) 'depends_on_past' retrieved from /opt/airflow/dags/selfdepedent.py
[2024-08-18T07:54:24.202+0000] {logging_mixin.py:190} INFO - [2024-08-18T07:54:24.201+0000] {dag.py:3211} INFO - Sync 1 DAGs
[2024-08-18T07:54:24.247+0000] {logging_mixin.py:190} INFO - [2024-08-18T07:54:24.247+0000] {dag.py:4138} INFO - Setting next_dagrun for depends_on_past to 2024-08-17 21:00:00+00:00, run_after=2024-08-18 21:00:00+00:00
[2024-08-18T07:54:24.398+0000] {processor.py:208} INFO - Processing /opt/airflow/dags/selfdepedent.py took 0.316 seconds
[2024-08-18T07:54:55.433+0000] {processor.py:186} INFO - Started process (PID=746) to work on /opt/airflow/dags/selfdepedent.py
[2024-08-18T07:54:55.435+0000] {processor.py:914} INFO - Processing file /opt/airflow/dags/selfdepedent.py for tasks to queue
[2024-08-18T07:54:55.437+0000] {logging_mixin.py:190} INFO - [2024-08-18T07:54:55.437+0000] {dagbag.py:587} INFO - Filling up the DagBag from /opt/airflow/dags/selfdepedent.py
[2024-08-18T07:54:55.494+0000] {processor.py:925} INFO - DAG(s) 'depends_on_past' retrieved from /opt/airflow/dags/selfdepedent.py
[2024-08-18T07:54:55.545+0000] {logging_mixin.py:190} INFO - [2024-08-18T07:54:55.544+0000] {dag.py:3211} INFO - Sync 1 DAGs
[2024-08-18T07:54:55.597+0000] {logging_mixin.py:190} INFO - [2024-08-18T07:54:55.597+0000] {dag.py:4138} INFO - Setting next_dagrun for depends_on_past to 2024-08-17 21:00:00+00:00, run_after=2024-08-18 21:00:00+00:00
[2024-08-18T07:54:55.710+0000] {processor.py:208} INFO - Processing /opt/airflow/dags/selfdepedent.py took 0.281 seconds
[2024-08-18T07:55:27.207+0000] {processor.py:186} INFO - Started process (PID=761) to work on /opt/airflow/dags/selfdepedent.py
[2024-08-18T07:55:27.211+0000] {processor.py:914} INFO - Processing file /opt/airflow/dags/selfdepedent.py for tasks to queue
[2024-08-18T07:55:27.216+0000] {logging_mixin.py:190} INFO - [2024-08-18T07:55:27.215+0000] {dagbag.py:587} INFO - Filling up the DagBag from /opt/airflow/dags/selfdepedent.py
[2024-08-18T07:55:27.339+0000] {processor.py:925} INFO - DAG(s) 'depends_on_past' retrieved from /opt/airflow/dags/selfdepedent.py
[2024-08-18T07:55:27.459+0000] {logging_mixin.py:190} INFO - [2024-08-18T07:55:27.457+0000] {dag.py:3211} INFO - Sync 1 DAGs
[2024-08-18T07:55:27.566+0000] {logging_mixin.py:190} INFO - [2024-08-18T07:55:27.565+0000] {dag.py:4138} INFO - Setting next_dagrun for depends_on_past to 2024-08-17 21:00:00+00:00, run_after=2024-08-18 21:00:00+00:00
[2024-08-18T07:55:27.792+0000] {processor.py:208} INFO - Processing /opt/airflow/dags/selfdepedent.py took 0.604 seconds
[2024-08-18T07:55:58.800+0000] {processor.py:186} INFO - Started process (PID=776) to work on /opt/airflow/dags/selfdepedent.py
[2024-08-18T07:55:58.802+0000] {processor.py:914} INFO - Processing file /opt/airflow/dags/selfdepedent.py for tasks to queue
[2024-08-18T07:55:58.804+0000] {logging_mixin.py:190} INFO - [2024-08-18T07:55:58.803+0000] {dagbag.py:587} INFO - Filling up the DagBag from /opt/airflow/dags/selfdepedent.py
[2024-08-18T07:55:58.857+0000] {processor.py:925} INFO - DAG(s) 'depends_on_past' retrieved from /opt/airflow/dags/selfdepedent.py
[2024-08-18T07:55:58.905+0000] {logging_mixin.py:190} INFO - [2024-08-18T07:55:58.904+0000] {dag.py:3211} INFO - Sync 1 DAGs
[2024-08-18T07:55:58.950+0000] {logging_mixin.py:190} INFO - [2024-08-18T07:55:58.950+0000] {dag.py:4138} INFO - Setting next_dagrun for depends_on_past to 2024-08-17 21:00:00+00:00, run_after=2024-08-18 21:00:00+00:00
[2024-08-18T07:55:59.040+0000] {processor.py:208} INFO - Processing /opt/airflow/dags/selfdepedent.py took 0.246 seconds
[2024-08-18T07:56:30.258+0000] {processor.py:186} INFO - Started process (PID=791) to work on /opt/airflow/dags/selfdepedent.py
[2024-08-18T07:56:30.260+0000] {processor.py:914} INFO - Processing file /opt/airflow/dags/selfdepedent.py for tasks to queue
[2024-08-18T07:56:30.262+0000] {logging_mixin.py:190} INFO - [2024-08-18T07:56:30.262+0000] {dagbag.py:587} INFO - Filling up the DagBag from /opt/airflow/dags/selfdepedent.py
[2024-08-18T07:56:30.345+0000] {processor.py:925} INFO - DAG(s) 'depends_on_past' retrieved from /opt/airflow/dags/selfdepedent.py
[2024-08-18T07:56:30.392+0000] {logging_mixin.py:190} INFO - [2024-08-18T07:56:30.391+0000] {dag.py:3211} INFO - Sync 1 DAGs
[2024-08-18T07:56:30.436+0000] {logging_mixin.py:190} INFO - [2024-08-18T07:56:30.436+0000] {dag.py:4138} INFO - Setting next_dagrun for depends_on_past to 2024-08-17 21:00:00+00:00, run_after=2024-08-18 21:00:00+00:00
[2024-08-18T07:56:30.575+0000] {processor.py:208} INFO - Processing /opt/airflow/dags/selfdepedent.py took 0.322 seconds
[2024-08-18T07:57:01.750+0000] {processor.py:186} INFO - Started process (PID=807) to work on /opt/airflow/dags/selfdepedent.py
[2024-08-18T07:57:01.751+0000] {processor.py:914} INFO - Processing file /opt/airflow/dags/selfdepedent.py for tasks to queue
[2024-08-18T07:57:01.754+0000] {logging_mixin.py:190} INFO - [2024-08-18T07:57:01.753+0000] {dagbag.py:587} INFO - Filling up the DagBag from /opt/airflow/dags/selfdepedent.py
[2024-08-18T07:57:01.812+0000] {processor.py:925} INFO - DAG(s) 'depends_on_past' retrieved from /opt/airflow/dags/selfdepedent.py
[2024-08-18T07:57:01.872+0000] {logging_mixin.py:190} INFO - [2024-08-18T07:57:01.871+0000] {dag.py:3211} INFO - Sync 1 DAGs
[2024-08-18T07:57:01.922+0000] {logging_mixin.py:190} INFO - [2024-08-18T07:57:01.921+0000] {dag.py:4138} INFO - Setting next_dagrun for depends_on_past to 2024-08-17 21:00:00+00:00, run_after=2024-08-18 21:00:00+00:00
[2024-08-18T07:57:02.034+0000] {processor.py:208} INFO - Processing /opt/airflow/dags/selfdepedent.py took 0.291 seconds
[2024-08-18T07:57:33.355+0000] {processor.py:186} INFO - Started process (PID=823) to work on /opt/airflow/dags/selfdepedent.py
[2024-08-18T07:57:33.356+0000] {processor.py:914} INFO - Processing file /opt/airflow/dags/selfdepedent.py for tasks to queue
[2024-08-18T07:57:33.359+0000] {logging_mixin.py:190} INFO - [2024-08-18T07:57:33.358+0000] {dagbag.py:587} INFO - Filling up the DagBag from /opt/airflow/dags/selfdepedent.py
[2024-08-18T07:57:33.415+0000] {processor.py:925} INFO - DAG(s) 'depends_on_past' retrieved from /opt/airflow/dags/selfdepedent.py
[2024-08-18T07:57:33.483+0000] {logging_mixin.py:190} INFO - [2024-08-18T07:57:33.482+0000] {dag.py:3211} INFO - Sync 1 DAGs
[2024-08-18T07:57:33.534+0000] {logging_mixin.py:190} INFO - [2024-08-18T07:57:33.533+0000] {dag.py:4138} INFO - Setting next_dagrun for depends_on_past to 2024-08-17 21:00:00+00:00, run_after=2024-08-18 21:00:00+00:00
[2024-08-18T07:57:33.667+0000] {processor.py:208} INFO - Processing /opt/airflow/dags/selfdepedent.py took 0.320 seconds
[2024-08-18T07:58:04.541+0000] {processor.py:186} INFO - Started process (PID=839) to work on /opt/airflow/dags/selfdepedent.py
[2024-08-18T07:58:04.543+0000] {processor.py:914} INFO - Processing file /opt/airflow/dags/selfdepedent.py for tasks to queue
[2024-08-18T07:58:04.545+0000] {logging_mixin.py:190} INFO - [2024-08-18T07:58:04.545+0000] {dagbag.py:587} INFO - Filling up the DagBag from /opt/airflow/dags/selfdepedent.py
[2024-08-18T07:58:04.597+0000] {processor.py:925} INFO - DAG(s) 'depends_on_past' retrieved from /opt/airflow/dags/selfdepedent.py
[2024-08-18T07:58:04.654+0000] {logging_mixin.py:190} INFO - [2024-08-18T07:58:04.653+0000] {dag.py:3211} INFO - Sync 1 DAGs
[2024-08-18T07:58:04.706+0000] {logging_mixin.py:190} INFO - [2024-08-18T07:58:04.705+0000] {dag.py:4138} INFO - Setting next_dagrun for depends_on_past to 2024-08-17 21:00:00+00:00, run_after=2024-08-18 21:00:00+00:00
[2024-08-18T07:58:04.838+0000] {processor.py:208} INFO - Processing /opt/airflow/dags/selfdepedent.py took 0.303 seconds
[2024-08-18T07:58:35.685+0000] {processor.py:186} INFO - Started process (PID=855) to work on /opt/airflow/dags/selfdepedent.py
[2024-08-18T07:58:35.686+0000] {processor.py:914} INFO - Processing file /opt/airflow/dags/selfdepedent.py for tasks to queue
[2024-08-18T07:58:35.688+0000] {logging_mixin.py:190} INFO - [2024-08-18T07:58:35.688+0000] {dagbag.py:587} INFO - Filling up the DagBag from /opt/airflow/dags/selfdepedent.py
[2024-08-18T07:58:35.730+0000] {processor.py:925} INFO - DAG(s) 'depends_on_past' retrieved from /opt/airflow/dags/selfdepedent.py
[2024-08-18T07:58:35.782+0000] {logging_mixin.py:190} INFO - [2024-08-18T07:58:35.781+0000] {dag.py:3211} INFO - Sync 1 DAGs
[2024-08-18T07:58:35.820+0000] {logging_mixin.py:190} INFO - [2024-08-18T07:58:35.820+0000] {dag.py:4138} INFO - Setting next_dagrun for depends_on_past to 2024-08-17 21:00:00+00:00, run_after=2024-08-18 21:00:00+00:00
[2024-08-18T07:58:35.927+0000] {processor.py:208} INFO - Processing /opt/airflow/dags/selfdepedent.py took 0.254 seconds
[2024-08-18T07:59:07.542+0000] {processor.py:186} INFO - Started process (PID=871) to work on /opt/airflow/dags/selfdepedent.py
[2024-08-18T07:59:07.543+0000] {processor.py:914} INFO - Processing file /opt/airflow/dags/selfdepedent.py for tasks to queue
[2024-08-18T07:59:07.546+0000] {logging_mixin.py:190} INFO - [2024-08-18T07:59:07.545+0000] {dagbag.py:587} INFO - Filling up the DagBag from /opt/airflow/dags/selfdepedent.py
[2024-08-18T07:59:07.606+0000] {processor.py:925} INFO - DAG(s) 'depends_on_past' retrieved from /opt/airflow/dags/selfdepedent.py
[2024-08-18T07:59:07.664+0000] {logging_mixin.py:190} INFO - [2024-08-18T07:59:07.663+0000] {dag.py:3211} INFO - Sync 1 DAGs
[2024-08-18T07:59:07.714+0000] {logging_mixin.py:190} INFO - [2024-08-18T07:59:07.714+0000] {dag.py:4138} INFO - Setting next_dagrun for depends_on_past to 2024-08-17 21:00:00+00:00, run_after=2024-08-18 21:00:00+00:00
[2024-08-18T07:59:08.046+0000] {processor.py:208} INFO - Processing /opt/airflow/dags/selfdepedent.py took 0.512 seconds
[2024-08-18T07:59:39.729+0000] {processor.py:186} INFO - Started process (PID=887) to work on /opt/airflow/dags/selfdepedent.py
[2024-08-18T07:59:39.731+0000] {processor.py:914} INFO - Processing file /opt/airflow/dags/selfdepedent.py for tasks to queue
[2024-08-18T07:59:39.734+0000] {logging_mixin.py:190} INFO - [2024-08-18T07:59:39.734+0000] {dagbag.py:587} INFO - Filling up the DagBag from /opt/airflow/dags/selfdepedent.py
[2024-08-18T07:59:39.775+0000] {processor.py:925} INFO - DAG(s) 'depends_on_past' retrieved from /opt/airflow/dags/selfdepedent.py
[2024-08-18T07:59:39.828+0000] {logging_mixin.py:190} INFO - [2024-08-18T07:59:39.827+0000] {dag.py:3211} INFO - Sync 1 DAGs
[2024-08-18T07:59:39.882+0000] {logging_mixin.py:190} INFO - [2024-08-18T07:59:39.882+0000] {dag.py:4138} INFO - Setting next_dagrun for depends_on_past to 2024-08-17 21:00:00+00:00, run_after=2024-08-18 21:00:00+00:00
[2024-08-18T07:59:40.223+0000] {processor.py:208} INFO - Processing /opt/airflow/dags/selfdepedent.py took 0.504 seconds
[2024-08-18T08:00:11.302+0000] {processor.py:186} INFO - Started process (PID=903) to work on /opt/airflow/dags/selfdepedent.py
[2024-08-18T08:00:11.303+0000] {processor.py:914} INFO - Processing file /opt/airflow/dags/selfdepedent.py for tasks to queue
[2024-08-18T08:00:11.304+0000] {logging_mixin.py:190} INFO - [2024-08-18T08:00:11.304+0000] {dagbag.py:587} INFO - Filling up the DagBag from /opt/airflow/dags/selfdepedent.py
[2024-08-18T08:00:11.341+0000] {processor.py:925} INFO - DAG(s) 'depends_on_past' retrieved from /opt/airflow/dags/selfdepedent.py
[2024-08-18T08:00:11.388+0000] {logging_mixin.py:190} INFO - [2024-08-18T08:00:11.388+0000] {dag.py:3211} INFO - Sync 1 DAGs
[2024-08-18T08:00:11.600+0000] {logging_mixin.py:190} INFO - [2024-08-18T08:00:11.599+0000] {dag.py:4138} INFO - Setting next_dagrun for depends_on_past to 2024-08-17 21:00:00+00:00, run_after=2024-08-18 21:00:00+00:00
[2024-08-18T08:00:11.708+0000] {processor.py:208} INFO - Processing /opt/airflow/dags/selfdepedent.py took 0.411 seconds
[2024-08-18T08:00:42.940+0000] {processor.py:186} INFO - Started process (PID=919) to work on /opt/airflow/dags/selfdepedent.py
[2024-08-18T08:00:42.944+0000] {processor.py:914} INFO - Processing file /opt/airflow/dags/selfdepedent.py for tasks to queue
[2024-08-18T08:00:42.949+0000] {logging_mixin.py:190} INFO - [2024-08-18T08:00:42.948+0000] {dagbag.py:587} INFO - Filling up the DagBag from /opt/airflow/dags/selfdepedent.py
[2024-08-18T08:00:43.041+0000] {processor.py:925} INFO - DAG(s) 'depends_on_past' retrieved from /opt/airflow/dags/selfdepedent.py
[2024-08-18T08:00:43.156+0000] {logging_mixin.py:190} INFO - [2024-08-18T08:00:43.154+0000] {dag.py:3211} INFO - Sync 1 DAGs
[2024-08-18T08:00:43.283+0000] {logging_mixin.py:190} INFO - [2024-08-18T08:00:43.282+0000] {dag.py:4138} INFO - Setting next_dagrun for depends_on_past to 2024-08-17 21:00:00+00:00, run_after=2024-08-18 21:00:00+00:00
[2024-08-18T08:00:43.509+0000] {processor.py:208} INFO - Processing /opt/airflow/dags/selfdepedent.py took 0.585 seconds
[2024-08-18T08:01:14.221+0000] {processor.py:186} INFO - Started process (PID=935) to work on /opt/airflow/dags/selfdepedent.py
[2024-08-18T08:01:14.223+0000] {processor.py:914} INFO - Processing file /opt/airflow/dags/selfdepedent.py for tasks to queue
[2024-08-18T08:01:14.225+0000] {logging_mixin.py:190} INFO - [2024-08-18T08:01:14.224+0000] {dagbag.py:587} INFO - Filling up the DagBag from /opt/airflow/dags/selfdepedent.py
[2024-08-18T08:01:14.291+0000] {processor.py:925} INFO - DAG(s) 'depends_on_past' retrieved from /opt/airflow/dags/selfdepedent.py
[2024-08-18T08:01:14.359+0000] {logging_mixin.py:190} INFO - [2024-08-18T08:01:14.357+0000] {dag.py:3211} INFO - Sync 1 DAGs
[2024-08-18T08:01:14.410+0000] {logging_mixin.py:190} INFO - [2024-08-18T08:01:14.410+0000] {dag.py:4138} INFO - Setting next_dagrun for depends_on_past to 2024-08-17 21:00:00+00:00, run_after=2024-08-18 21:00:00+00:00
[2024-08-18T08:01:14.601+0000] {processor.py:208} INFO - Processing /opt/airflow/dags/selfdepedent.py took 0.386 seconds
[2024-08-18T08:01:45.412+0000] {processor.py:186} INFO - Started process (PID=951) to work on /opt/airflow/dags/selfdepedent.py
[2024-08-18T08:01:45.414+0000] {processor.py:914} INFO - Processing file /opt/airflow/dags/selfdepedent.py for tasks to queue
[2024-08-18T08:01:45.415+0000] {logging_mixin.py:190} INFO - [2024-08-18T08:01:45.415+0000] {dagbag.py:587} INFO - Filling up the DagBag from /opt/airflow/dags/selfdepedent.py
[2024-08-18T08:01:45.473+0000] {processor.py:925} INFO - DAG(s) 'depends_on_past' retrieved from /opt/airflow/dags/selfdepedent.py
[2024-08-18T08:01:45.526+0000] {logging_mixin.py:190} INFO - [2024-08-18T08:01:45.525+0000] {dag.py:3211} INFO - Sync 1 DAGs
[2024-08-18T08:01:45.571+0000] {logging_mixin.py:190} INFO - [2024-08-18T08:01:45.570+0000] {dag.py:4138} INFO - Setting next_dagrun for depends_on_past to 2024-08-17 21:00:00+00:00, run_after=2024-08-18 21:00:00+00:00
[2024-08-18T08:01:45.706+0000] {processor.py:208} INFO - Processing /opt/airflow/dags/selfdepedent.py took 0.299 seconds
[2024-08-18T08:02:17.278+0000] {processor.py:186} INFO - Started process (PID=969) to work on /opt/airflow/dags/selfdepedent.py
[2024-08-18T08:02:17.280+0000] {processor.py:914} INFO - Processing file /opt/airflow/dags/selfdepedent.py for tasks to queue
[2024-08-18T08:02:17.282+0000] {logging_mixin.py:190} INFO - [2024-08-18T08:02:17.281+0000] {dagbag.py:587} INFO - Filling up the DagBag from /opt/airflow/dags/selfdepedent.py
[2024-08-18T08:02:17.332+0000] {processor.py:925} INFO - DAG(s) 'depends_on_past' retrieved from /opt/airflow/dags/selfdepedent.py
[2024-08-18T08:02:17.402+0000] {logging_mixin.py:190} INFO - [2024-08-18T08:02:17.401+0000] {dag.py:3211} INFO - Sync 1 DAGs
[2024-08-18T08:02:17.454+0000] {logging_mixin.py:190} INFO - [2024-08-18T08:02:17.454+0000] {dag.py:4138} INFO - Setting next_dagrun for depends_on_past to 2024-08-17 21:00:00+00:00, run_after=2024-08-18 21:00:00+00:00
[2024-08-18T08:02:17.589+0000] {processor.py:208} INFO - Processing /opt/airflow/dags/selfdepedent.py took 0.318 seconds
[2024-08-18T08:02:48.568+0000] {processor.py:186} INFO - Started process (PID=987) to work on /opt/airflow/dags/selfdepedent.py
[2024-08-18T08:02:48.570+0000] {processor.py:914} INFO - Processing file /opt/airflow/dags/selfdepedent.py for tasks to queue
[2024-08-18T08:02:48.571+0000] {logging_mixin.py:190} INFO - [2024-08-18T08:02:48.571+0000] {dagbag.py:587} INFO - Filling up the DagBag from /opt/airflow/dags/selfdepedent.py
[2024-08-18T08:02:48.626+0000] {processor.py:925} INFO - DAG(s) 'depends_on_past' retrieved from /opt/airflow/dags/selfdepedent.py
[2024-08-18T08:02:48.678+0000] {logging_mixin.py:190} INFO - [2024-08-18T08:02:48.677+0000] {dag.py:3211} INFO - Sync 1 DAGs
[2024-08-18T08:02:48.720+0000] {logging_mixin.py:190} INFO - [2024-08-18T08:02:48.720+0000] {dag.py:4138} INFO - Setting next_dagrun for depends_on_past to 2024-08-17 21:00:00+00:00, run_after=2024-08-18 21:00:00+00:00
[2024-08-18T08:02:48.855+0000] {processor.py:208} INFO - Processing /opt/airflow/dags/selfdepedent.py took 0.292 seconds
[2024-08-18T08:03:19.775+0000] {processor.py:186} INFO - Started process (PID=1005) to work on /opt/airflow/dags/selfdepedent.py
[2024-08-18T08:03:19.777+0000] {processor.py:914} INFO - Processing file /opt/airflow/dags/selfdepedent.py for tasks to queue
[2024-08-18T08:03:19.779+0000] {logging_mixin.py:190} INFO - [2024-08-18T08:03:19.778+0000] {dagbag.py:587} INFO - Filling up the DagBag from /opt/airflow/dags/selfdepedent.py
[2024-08-18T08:03:19.832+0000] {processor.py:925} INFO - DAG(s) 'depends_on_past' retrieved from /opt/airflow/dags/selfdepedent.py
[2024-08-18T08:03:19.881+0000] {logging_mixin.py:190} INFO - [2024-08-18T08:03:19.881+0000] {dag.py:3211} INFO - Sync 1 DAGs
[2024-08-18T08:03:19.924+0000] {logging_mixin.py:190} INFO - [2024-08-18T08:03:19.924+0000] {dag.py:4138} INFO - Setting next_dagrun for depends_on_past to 2024-08-17 21:00:00+00:00, run_after=2024-08-18 21:00:00+00:00
[2024-08-18T08:03:20.063+0000] {processor.py:208} INFO - Processing /opt/airflow/dags/selfdepedent.py took 0.293 seconds
[2024-08-18T08:03:50.985+0000] {processor.py:186} INFO - Started process (PID=1023) to work on /opt/airflow/dags/selfdepedent.py
[2024-08-18T08:03:50.987+0000] {processor.py:914} INFO - Processing file /opt/airflow/dags/selfdepedent.py for tasks to queue
[2024-08-18T08:03:50.988+0000] {logging_mixin.py:190} INFO - [2024-08-18T08:03:50.988+0000] {dagbag.py:587} INFO - Filling up the DagBag from /opt/airflow/dags/selfdepedent.py
[2024-08-18T08:03:51.041+0000] {processor.py:925} INFO - DAG(s) 'depends_on_past' retrieved from /opt/airflow/dags/selfdepedent.py
[2024-08-18T08:03:51.096+0000] {logging_mixin.py:190} INFO - [2024-08-18T08:03:51.095+0000] {dag.py:3211} INFO - Sync 1 DAGs
[2024-08-18T08:03:51.138+0000] {logging_mixin.py:190} INFO - [2024-08-18T08:03:51.138+0000] {dag.py:4138} INFO - Setting next_dagrun for depends_on_past to 2024-08-17 21:00:00+00:00, run_after=2024-08-18 21:00:00+00:00
[2024-08-18T08:03:51.277+0000] {processor.py:208} INFO - Processing /opt/airflow/dags/selfdepedent.py took 0.298 seconds
[2024-08-18T08:04:22.477+0000] {processor.py:186} INFO - Started process (PID=1041) to work on /opt/airflow/dags/selfdepedent.py
[2024-08-18T08:04:22.479+0000] {processor.py:914} INFO - Processing file /opt/airflow/dags/selfdepedent.py for tasks to queue
[2024-08-18T08:04:22.480+0000] {logging_mixin.py:190} INFO - [2024-08-18T08:04:22.480+0000] {dagbag.py:587} INFO - Filling up the DagBag from /opt/airflow/dags/selfdepedent.py
[2024-08-18T08:04:22.523+0000] {processor.py:925} INFO - DAG(s) 'depends_on_past' retrieved from /opt/airflow/dags/selfdepedent.py
[2024-08-18T08:04:22.575+0000] {logging_mixin.py:190} INFO - [2024-08-18T08:04:22.574+0000] {dag.py:3211} INFO - Sync 1 DAGs
[2024-08-18T08:04:22.613+0000] {logging_mixin.py:190} INFO - [2024-08-18T08:04:22.613+0000] {dag.py:4138} INFO - Setting next_dagrun for depends_on_past to 2024-08-17 21:00:00+00:00, run_after=2024-08-18 21:00:00+00:00
[2024-08-18T08:04:22.742+0000] {processor.py:208} INFO - Processing /opt/airflow/dags/selfdepedent.py took 0.269 seconds
[2024-08-18T08:04:53.233+0000] {processor.py:186} INFO - Started process (PID=1059) to work on /opt/airflow/dags/selfdepedent.py
[2024-08-18T08:04:53.235+0000] {processor.py:914} INFO - Processing file /opt/airflow/dags/selfdepedent.py for tasks to queue
[2024-08-18T08:04:53.237+0000] {logging_mixin.py:190} INFO - [2024-08-18T08:04:53.236+0000] {dagbag.py:587} INFO - Filling up the DagBag from /opt/airflow/dags/selfdepedent.py
[2024-08-18T08:04:53.294+0000] {processor.py:925} INFO - DAG(s) 'depends_on_past' retrieved from /opt/airflow/dags/selfdepedent.py
[2024-08-18T08:04:53.344+0000] {logging_mixin.py:190} INFO - [2024-08-18T08:04:53.343+0000] {dag.py:3211} INFO - Sync 1 DAGs
[2024-08-18T08:04:53.385+0000] {logging_mixin.py:190} INFO - [2024-08-18T08:04:53.385+0000] {dag.py:4138} INFO - Setting next_dagrun for depends_on_past to 2024-08-17 21:00:00+00:00, run_after=2024-08-18 21:00:00+00:00
[2024-08-18T08:04:53.522+0000] {processor.py:208} INFO - Processing /opt/airflow/dags/selfdepedent.py took 0.294 seconds
[2024-08-18T08:05:24.370+0000] {processor.py:186} INFO - Started process (PID=1077) to work on /opt/airflow/dags/selfdepedent.py
[2024-08-18T08:05:24.371+0000] {processor.py:914} INFO - Processing file /opt/airflow/dags/selfdepedent.py for tasks to queue
[2024-08-18T08:05:24.373+0000] {logging_mixin.py:190} INFO - [2024-08-18T08:05:24.373+0000] {dagbag.py:587} INFO - Filling up the DagBag from /opt/airflow/dags/selfdepedent.py
[2024-08-18T08:05:24.419+0000] {processor.py:925} INFO - DAG(s) 'depends_on_past' retrieved from /opt/airflow/dags/selfdepedent.py
[2024-08-18T08:05:24.467+0000] {logging_mixin.py:190} INFO - [2024-08-18T08:05:24.466+0000] {dag.py:3211} INFO - Sync 1 DAGs
[2024-08-18T08:05:24.507+0000] {logging_mixin.py:190} INFO - [2024-08-18T08:05:24.507+0000] {dag.py:4138} INFO - Setting next_dagrun for depends_on_past to 2024-08-17 21:00:00+00:00, run_after=2024-08-18 21:00:00+00:00
[2024-08-18T08:05:24.614+0000] {processor.py:208} INFO - Processing /opt/airflow/dags/selfdepedent.py took 0.250 seconds
[2024-08-18T08:05:55.350+0000] {processor.py:186} INFO - Started process (PID=1094) to work on /opt/airflow/dags/selfdepedent.py
[2024-08-18T08:05:55.352+0000] {processor.py:914} INFO - Processing file /opt/airflow/dags/selfdepedent.py for tasks to queue
[2024-08-18T08:05:55.354+0000] {logging_mixin.py:190} INFO - [2024-08-18T08:05:55.353+0000] {dagbag.py:587} INFO - Filling up the DagBag from /opt/airflow/dags/selfdepedent.py
[2024-08-18T08:05:55.405+0000] {processor.py:925} INFO - DAG(s) 'depends_on_past' retrieved from /opt/airflow/dags/selfdepedent.py
[2024-08-18T08:05:55.454+0000] {logging_mixin.py:190} INFO - [2024-08-18T08:05:55.453+0000] {dag.py:3211} INFO - Sync 1 DAGs
[2024-08-18T08:05:55.496+0000] {logging_mixin.py:190} INFO - [2024-08-18T08:05:55.496+0000] {dag.py:4138} INFO - Setting next_dagrun for depends_on_past to 2024-08-17 21:00:00+00:00, run_after=2024-08-18 21:00:00+00:00
[2024-08-18T08:05:55.780+0000] {processor.py:208} INFO - Processing /opt/airflow/dags/selfdepedent.py took 0.436 seconds
[2024-08-18T08:06:27.262+0000] {processor.py:186} INFO - Started process (PID=1112) to work on /opt/airflow/dags/selfdepedent.py
[2024-08-18T08:06:27.264+0000] {processor.py:914} INFO - Processing file /opt/airflow/dags/selfdepedent.py for tasks to queue
[2024-08-18T08:06:27.267+0000] {logging_mixin.py:190} INFO - [2024-08-18T08:06:27.267+0000] {dagbag.py:587} INFO - Filling up the DagBag from /opt/airflow/dags/selfdepedent.py
[2024-08-18T08:06:27.325+0000] {processor.py:925} INFO - DAG(s) 'depends_on_past' retrieved from /opt/airflow/dags/selfdepedent.py
[2024-08-18T08:06:27.386+0000] {logging_mixin.py:190} INFO - [2024-08-18T08:06:27.385+0000] {dag.py:3211} INFO - Sync 1 DAGs
[2024-08-18T08:06:27.689+0000] {logging_mixin.py:190} INFO - [2024-08-18T08:06:27.689+0000] {dag.py:4138} INFO - Setting next_dagrun for depends_on_past to 2024-08-17 21:00:00+00:00, run_after=2024-08-18 21:00:00+00:00
[2024-08-18T08:06:27.845+0000] {processor.py:208} INFO - Processing /opt/airflow/dags/selfdepedent.py took 0.591 seconds
[2024-08-18T08:06:58.571+0000] {processor.py:186} INFO - Started process (PID=1129) to work on /opt/airflow/dags/selfdepedent.py
[2024-08-18T08:06:58.573+0000] {processor.py:914} INFO - Processing file /opt/airflow/dags/selfdepedent.py for tasks to queue
[2024-08-18T08:06:58.576+0000] {logging_mixin.py:190} INFO - [2024-08-18T08:06:58.575+0000] {dagbag.py:587} INFO - Filling up the DagBag from /opt/airflow/dags/selfdepedent.py
[2024-08-18T08:06:58.626+0000] {processor.py:925} INFO - DAG(s) 'depends_on_past' retrieved from /opt/airflow/dags/selfdepedent.py
[2024-08-18T08:06:58.698+0000] {logging_mixin.py:190} INFO - [2024-08-18T08:06:58.697+0000] {dag.py:3211} INFO - Sync 1 DAGs
[2024-08-18T08:06:59.031+0000] {logging_mixin.py:190} INFO - [2024-08-18T08:06:59.031+0000] {dag.py:4138} INFO - Setting next_dagrun for depends_on_past to 2024-08-17 21:00:00+00:00, run_after=2024-08-18 21:00:00+00:00
[2024-08-18T08:06:59.164+0000] {processor.py:208} INFO - Processing /opt/airflow/dags/selfdepedent.py took 0.603 seconds
[2024-08-18T08:07:30.698+0000] {processor.py:186} INFO - Started process (PID=1147) to work on /opt/airflow/dags/selfdepedent.py
[2024-08-18T08:07:30.700+0000] {processor.py:914} INFO - Processing file /opt/airflow/dags/selfdepedent.py for tasks to queue
[2024-08-18T08:07:30.710+0000] {logging_mixin.py:190} INFO - [2024-08-18T08:07:30.710+0000] {dagbag.py:587} INFO - Filling up the DagBag from /opt/airflow/dags/selfdepedent.py
[2024-08-18T08:07:30.762+0000] {processor.py:925} INFO - DAG(s) 'depends_on_past' retrieved from /opt/airflow/dags/selfdepedent.py
[2024-08-18T08:07:30.851+0000] {logging_mixin.py:190} INFO - [2024-08-18T08:07:30.849+0000] {dag.py:3211} INFO - Sync 1 DAGs
[2024-08-18T08:07:30.923+0000] {logging_mixin.py:190} INFO - [2024-08-18T08:07:30.922+0000] {dag.py:4138} INFO - Setting next_dagrun for depends_on_past to 2024-08-17 21:00:00+00:00, run_after=2024-08-18 21:00:00+00:00
[2024-08-18T08:07:31.029+0000] {processor.py:208} INFO - Processing /opt/airflow/dags/selfdepedent.py took 0.341 seconds
[2024-08-18T08:08:02.087+0000] {processor.py:186} INFO - Started process (PID=1165) to work on /opt/airflow/dags/selfdepedent.py
[2024-08-18T08:08:02.090+0000] {processor.py:914} INFO - Processing file /opt/airflow/dags/selfdepedent.py for tasks to queue
[2024-08-18T08:08:02.101+0000] {logging_mixin.py:190} INFO - [2024-08-18T08:08:02.096+0000] {dagbag.py:587} INFO - Filling up the DagBag from /opt/airflow/dags/selfdepedent.py
[2024-08-18T08:08:02.169+0000] {processor.py:925} INFO - DAG(s) 'depends_on_past' retrieved from /opt/airflow/dags/selfdepedent.py
[2024-08-18T08:08:02.258+0000] {logging_mixin.py:190} INFO - [2024-08-18T08:08:02.257+0000] {dag.py:3211} INFO - Sync 1 DAGs
[2024-08-18T08:08:02.484+0000] {logging_mixin.py:190} INFO - [2024-08-18T08:08:02.483+0000] {dag.py:4138} INFO - Setting next_dagrun for depends_on_past to 2024-08-17 21:00:00+00:00, run_after=2024-08-18 21:00:00+00:00
[2024-08-18T08:08:02.686+0000] {processor.py:208} INFO - Processing /opt/airflow/dags/selfdepedent.py took 0.619 seconds
[2024-08-18T08:08:33.843+0000] {processor.py:186} INFO - Started process (PID=1183) to work on /opt/airflow/dags/selfdepedent.py
[2024-08-18T08:08:33.845+0000] {processor.py:914} INFO - Processing file /opt/airflow/dags/selfdepedent.py for tasks to queue
[2024-08-18T08:08:33.848+0000] {logging_mixin.py:190} INFO - [2024-08-18T08:08:33.847+0000] {dagbag.py:587} INFO - Filling up the DagBag from /opt/airflow/dags/selfdepedent.py
[2024-08-18T08:08:33.894+0000] {processor.py:925} INFO - DAG(s) 'depends_on_past' retrieved from /opt/airflow/dags/selfdepedent.py
[2024-08-18T08:08:33.950+0000] {logging_mixin.py:190} INFO - [2024-08-18T08:08:33.950+0000] {dag.py:3211} INFO - Sync 1 DAGs
[2024-08-18T08:08:34.000+0000] {logging_mixin.py:190} INFO - [2024-08-18T08:08:34.000+0000] {dag.py:4138} INFO - Setting next_dagrun for depends_on_past to 2024-08-17 21:00:00+00:00, run_after=2024-08-18 21:00:00+00:00
[2024-08-18T08:08:34.134+0000] {processor.py:208} INFO - Processing /opt/airflow/dags/selfdepedent.py took 0.298 seconds
[2024-08-18T08:09:04.921+0000] {processor.py:186} INFO - Started process (PID=1201) to work on /opt/airflow/dags/selfdepedent.py
[2024-08-18T08:09:04.923+0000] {processor.py:914} INFO - Processing file /opt/airflow/dags/selfdepedent.py for tasks to queue
[2024-08-18T08:09:04.926+0000] {logging_mixin.py:190} INFO - [2024-08-18T08:09:04.925+0000] {dagbag.py:587} INFO - Filling up the DagBag from /opt/airflow/dags/selfdepedent.py
[2024-08-18T08:09:04.987+0000] {processor.py:925} INFO - DAG(s) 'depends_on_past' retrieved from /opt/airflow/dags/selfdepedent.py
[2024-08-18T08:09:05.054+0000] {logging_mixin.py:190} INFO - [2024-08-18T08:09:05.053+0000] {dag.py:3211} INFO - Sync 1 DAGs
[2024-08-18T08:09:05.115+0000] {logging_mixin.py:190} INFO - [2024-08-18T08:09:05.114+0000] {dag.py:4138} INFO - Setting next_dagrun for depends_on_past to 2024-08-17 21:00:00+00:00, run_after=2024-08-18 21:00:00+00:00
[2024-08-18T08:09:05.261+0000] {processor.py:208} INFO - Processing /opt/airflow/dags/selfdepedent.py took 0.350 seconds
[2024-08-18T08:09:35.819+0000] {processor.py:186} INFO - Started process (PID=1219) to work on /opt/airflow/dags/selfdepedent.py
[2024-08-18T08:09:35.821+0000] {processor.py:914} INFO - Processing file /opt/airflow/dags/selfdepedent.py for tasks to queue
[2024-08-18T08:09:35.824+0000] {logging_mixin.py:190} INFO - [2024-08-18T08:09:35.823+0000] {dagbag.py:587} INFO - Filling up the DagBag from /opt/airflow/dags/selfdepedent.py
[2024-08-18T08:09:35.863+0000] {processor.py:925} INFO - DAG(s) 'depends_on_past' retrieved from /opt/airflow/dags/selfdepedent.py
[2024-08-18T08:09:35.914+0000] {logging_mixin.py:190} INFO - [2024-08-18T08:09:35.913+0000] {dag.py:3211} INFO - Sync 1 DAGs
[2024-08-18T08:09:35.964+0000] {logging_mixin.py:190} INFO - [2024-08-18T08:09:35.964+0000] {dag.py:4138} INFO - Setting next_dagrun for depends_on_past to 2024-08-17 21:00:00+00:00, run_after=2024-08-18 21:00:00+00:00
[2024-08-18T08:09:36.072+0000] {processor.py:208} INFO - Processing /opt/airflow/dags/selfdepedent.py took 0.261 seconds
[2024-08-18T08:10:07.409+0000] {processor.py:186} INFO - Started process (PID=1237) to work on /opt/airflow/dags/selfdepedent.py
[2024-08-18T08:10:07.411+0000] {processor.py:914} INFO - Processing file /opt/airflow/dags/selfdepedent.py for tasks to queue
[2024-08-18T08:10:07.415+0000] {logging_mixin.py:190} INFO - [2024-08-18T08:10:07.414+0000] {dagbag.py:587} INFO - Filling up the DagBag from /opt/airflow/dags/selfdepedent.py
[2024-08-18T08:10:07.470+0000] {processor.py:925} INFO - DAG(s) 'depends_on_past' retrieved from /opt/airflow/dags/selfdepedent.py
[2024-08-18T08:10:07.523+0000] {logging_mixin.py:190} INFO - [2024-08-18T08:10:07.522+0000] {dag.py:3211} INFO - Sync 1 DAGs
[2024-08-18T08:10:07.567+0000] {logging_mixin.py:190} INFO - [2024-08-18T08:10:07.567+0000] {dag.py:4138} INFO - Setting next_dagrun for depends_on_past to 2024-08-17 21:00:00+00:00, run_after=2024-08-18 21:00:00+00:00
[2024-08-18T08:10:07.704+0000] {processor.py:208} INFO - Processing /opt/airflow/dags/selfdepedent.py took 0.309 seconds
[2024-08-18T08:10:38.815+0000] {processor.py:186} INFO - Started process (PID=1255) to work on /opt/airflow/dags/selfdepedent.py
[2024-08-18T08:10:38.817+0000] {processor.py:914} INFO - Processing file /opt/airflow/dags/selfdepedent.py for tasks to queue
[2024-08-18T08:10:38.819+0000] {logging_mixin.py:190} INFO - [2024-08-18T08:10:38.818+0000] {dagbag.py:587} INFO - Filling up the DagBag from /opt/airflow/dags/selfdepedent.py
[2024-08-18T08:10:38.882+0000] {processor.py:925} INFO - DAG(s) 'depends_on_past' retrieved from /opt/airflow/dags/selfdepedent.py
[2024-08-18T08:10:38.955+0000] {logging_mixin.py:190} INFO - [2024-08-18T08:10:38.953+0000] {dag.py:3211} INFO - Sync 1 DAGs
[2024-08-18T08:10:39.023+0000] {logging_mixin.py:190} INFO - [2024-08-18T08:10:39.023+0000] {dag.py:4138} INFO - Setting next_dagrun for depends_on_past to 2024-08-17 21:00:00+00:00, run_after=2024-08-18 21:00:00+00:00
[2024-08-18T08:10:39.172+0000] {processor.py:208} INFO - Processing /opt/airflow/dags/selfdepedent.py took 0.367 seconds
[2024-08-18T08:11:11.106+0000] {processor.py:186} INFO - Started process (PID=1273) to work on /opt/airflow/dags/selfdepedent.py
[2024-08-18T08:11:11.107+0000] {processor.py:914} INFO - Processing file /opt/airflow/dags/selfdepedent.py for tasks to queue
[2024-08-18T08:11:11.109+0000] {logging_mixin.py:190} INFO - [2024-08-18T08:11:11.109+0000] {dagbag.py:587} INFO - Filling up the DagBag from /opt/airflow/dags/selfdepedent.py
[2024-08-18T08:11:11.139+0000] {processor.py:925} INFO - DAG(s) 'depends_on_past' retrieved from /opt/airflow/dags/selfdepedent.py
[2024-08-18T08:11:11.178+0000] {logging_mixin.py:190} INFO - [2024-08-18T08:11:11.177+0000] {dag.py:3211} INFO - Sync 1 DAGs
[2024-08-18T08:11:11.211+0000] {logging_mixin.py:190} INFO - [2024-08-18T08:11:11.211+0000] {dag.py:4138} INFO - Setting next_dagrun for depends_on_past to 2024-08-17 21:00:00+00:00, run_after=2024-08-18 21:00:00+00:00
[2024-08-18T08:11:11.302+0000] {processor.py:208} INFO - Processing /opt/airflow/dags/selfdepedent.py took 0.203 seconds
[2024-08-18T08:11:44.073+0000] {processor.py:186} INFO - Started process (PID=1291) to work on /opt/airflow/dags/selfdepedent.py
[2024-08-18T08:11:44.075+0000] {processor.py:914} INFO - Processing file /opt/airflow/dags/selfdepedent.py for tasks to queue
[2024-08-18T08:11:44.076+0000] {logging_mixin.py:190} INFO - [2024-08-18T08:11:44.076+0000] {dagbag.py:587} INFO - Filling up the DagBag from /opt/airflow/dags/selfdepedent.py
[2024-08-18T08:11:44.124+0000] {processor.py:925} INFO - DAG(s) 'depends_on_past' retrieved from /opt/airflow/dags/selfdepedent.py
[2024-08-18T08:11:44.168+0000] {logging_mixin.py:190} INFO - [2024-08-18T08:11:44.168+0000] {dag.py:3211} INFO - Sync 1 DAGs
[2024-08-18T08:11:44.207+0000] {logging_mixin.py:190} INFO - [2024-08-18T08:11:44.207+0000] {dag.py:4138} INFO - Setting next_dagrun for depends_on_past to 2024-08-17 21:00:00+00:00, run_after=2024-08-18 21:00:00+00:00
[2024-08-18T08:11:44.321+0000] {processor.py:208} INFO - Processing /opt/airflow/dags/selfdepedent.py took 0.253 seconds
[2024-08-18T08:12:20.118+0000] {processor.py:186} INFO - Started process (PID=1311) to work on /opt/airflow/dags/selfdepedent.py
[2024-08-18T08:12:20.121+0000] {processor.py:914} INFO - Processing file /opt/airflow/dags/selfdepedent.py for tasks to queue
[2024-08-18T08:12:20.123+0000] {logging_mixin.py:190} INFO - [2024-08-18T08:12:20.122+0000] {dagbag.py:587} INFO - Filling up the DagBag from /opt/airflow/dags/selfdepedent.py
[2024-08-18T08:12:20.177+0000] {processor.py:925} INFO - DAG(s) 'depends_on_past' retrieved from /opt/airflow/dags/selfdepedent.py
[2024-08-18T08:12:20.227+0000] {logging_mixin.py:190} INFO - [2024-08-18T08:12:20.226+0000] {dag.py:3211} INFO - Sync 1 DAGs
[2024-08-18T08:12:20.279+0000] {logging_mixin.py:190} INFO - [2024-08-18T08:12:20.278+0000] {dag.py:4138} INFO - Setting next_dagrun for depends_on_past to 2024-08-17 21:00:00+00:00, run_after=2024-08-18 21:00:00+00:00
[2024-08-18T08:12:20.620+0000] {processor.py:208} INFO - Processing /opt/airflow/dags/selfdepedent.py took 0.509 seconds
[2024-08-18T08:12:52.750+0000] {processor.py:186} INFO - Started process (PID=1330) to work on /opt/airflow/dags/selfdepedent.py
[2024-08-18T08:12:52.752+0000] {processor.py:914} INFO - Processing file /opt/airflow/dags/selfdepedent.py for tasks to queue
[2024-08-18T08:12:52.754+0000] {logging_mixin.py:190} INFO - [2024-08-18T08:12:52.753+0000] {dagbag.py:587} INFO - Filling up the DagBag from /opt/airflow/dags/selfdepedent.py
[2024-08-18T08:12:52.812+0000] {processor.py:925} INFO - DAG(s) 'depends_on_past' retrieved from /opt/airflow/dags/selfdepedent.py
[2024-08-18T08:12:52.866+0000] {logging_mixin.py:190} INFO - [2024-08-18T08:12:52.865+0000] {dag.py:3211} INFO - Sync 1 DAGs
[2024-08-18T08:12:53.096+0000] {logging_mixin.py:190} INFO - [2024-08-18T08:12:53.096+0000] {dag.py:4138} INFO - Setting next_dagrun for depends_on_past to 2024-08-17 21:00:00+00:00, run_after=2024-08-18 21:00:00+00:00
[2024-08-18T08:12:53.225+0000] {processor.py:208} INFO - Processing /opt/airflow/dags/selfdepedent.py took 0.480 seconds
[2024-08-18T08:13:35.278+0000] {processor.py:186} INFO - Started process (PID=1350) to work on /opt/airflow/dags/selfdepedent.py
[2024-08-18T08:13:35.281+0000] {processor.py:914} INFO - Processing file /opt/airflow/dags/selfdepedent.py for tasks to queue
[2024-08-18T08:13:35.283+0000] {logging_mixin.py:190} INFO - [2024-08-18T08:13:35.283+0000] {dagbag.py:587} INFO - Filling up the DagBag from /opt/airflow/dags/selfdepedent.py
[2024-08-18T08:13:35.351+0000] {processor.py:925} INFO - DAG(s) 'depends_on_past' retrieved from /opt/airflow/dags/selfdepedent.py
[2024-08-18T08:13:35.414+0000] {logging_mixin.py:190} INFO - [2024-08-18T08:13:35.413+0000] {dag.py:3211} INFO - Sync 1 DAGs
[2024-08-18T08:13:35.692+0000] {logging_mixin.py:190} INFO - [2024-08-18T08:13:35.691+0000] {dag.py:4138} INFO - Setting next_dagrun for depends_on_past to 2024-08-17 21:00:00+00:00, run_after=2024-08-18 21:00:00+00:00
[2024-08-18T08:13:35.843+0000] {processor.py:208} INFO - Processing /opt/airflow/dags/selfdepedent.py took 0.573 seconds
[2024-08-18T08:14:06.782+0000] {processor.py:186} INFO - Started process (PID=1369) to work on /opt/airflow/dags/selfdepedent.py
[2024-08-18T08:14:06.783+0000] {processor.py:914} INFO - Processing file /opt/airflow/dags/selfdepedent.py for tasks to queue
[2024-08-18T08:14:06.785+0000] {logging_mixin.py:190} INFO - [2024-08-18T08:14:06.785+0000] {dagbag.py:587} INFO - Filling up the DagBag from /opt/airflow/dags/selfdepedent.py
[2024-08-18T08:14:06.842+0000] {processor.py:925} INFO - DAG(s) 'depends_on_past' retrieved from /opt/airflow/dags/selfdepedent.py
[2024-08-18T08:14:06.896+0000] {logging_mixin.py:190} INFO - [2024-08-18T08:14:06.895+0000] {dag.py:3211} INFO - Sync 1 DAGs
[2024-08-18T08:14:06.941+0000] {logging_mixin.py:190} INFO - [2024-08-18T08:14:06.940+0000] {dag.py:4138} INFO - Setting next_dagrun for depends_on_past to 2024-08-17 21:00:00+00:00, run_after=2024-08-18 21:00:00+00:00
[2024-08-18T08:14:07.058+0000] {processor.py:208} INFO - Processing /opt/airflow/dags/selfdepedent.py took 0.284 seconds
