[2024-08-18T07:51:52.702+0000] {processor.py:186} INFO - Started process (PID=657) to work on /opt/airflow/dags/setupTeardown.py
[2024-08-18T07:51:52.704+0000] {processor.py:914} INFO - Processing file /opt/airflow/dags/setupTeardown.py for tasks to queue
[2024-08-18T07:51:52.705+0000] {logging_mixin.py:190} INFO - [2024-08-18T07:51:52.705+0000] {dagbag.py:587} INFO - Filling up the DagBag from /opt/airflow/dags/setupTeardown.py
[2024-08-18T07:51:52.790+0000] {processor.py:925} INFO - DAG(s) 'setup_teardown' retrieved from /opt/airflow/dags/setupTeardown.py
[2024-08-18T07:51:53.262+0000] {logging_mixin.py:190} INFO - [2024-08-18T07:51:53.261+0000] {override.py:1858} INFO - Created Permission View: can read on DAG:setup_teardown
[2024-08-18T07:51:53.352+0000] {logging_mixin.py:190} INFO - [2024-08-18T07:51:53.351+0000] {override.py:1858} INFO - Created Permission View: can edit on DAG:setup_teardown
[2024-08-18T07:51:53.429+0000] {logging_mixin.py:190} INFO - [2024-08-18T07:51:53.429+0000] {override.py:1858} INFO - Created Permission View: can delete on DAG:setup_teardown
[2024-08-18T07:51:53.431+0000] {logging_mixin.py:190} INFO - [2024-08-18T07:51:53.430+0000] {dag.py:3211} INFO - Sync 1 DAGs
[2024-08-18T07:51:53.464+0000] {logging_mixin.py:190} INFO - [2024-08-18T07:51:53.464+0000] {dag.py:3234} INFO - Creating ORM DAG for setup_teardown
[2024-08-18T07:51:53.489+0000] {logging_mixin.py:190} INFO - [2024-08-18T07:51:53.488+0000] {dag.py:4138} INFO - Setting next_dagrun for setup_teardown to 2024-08-17 21:00:00+00:00, run_after=2024-08-18 21:00:00+00:00
[2024-08-18T07:51:53.626+0000] {processor.py:208} INFO - Processing /opt/airflow/dags/setupTeardown.py took 0.929 seconds
[2024-08-18T07:52:24.727+0000] {processor.py:186} INFO - Started process (PID=672) to work on /opt/airflow/dags/setupTeardown.py
[2024-08-18T07:52:24.729+0000] {processor.py:914} INFO - Processing file /opt/airflow/dags/setupTeardown.py for tasks to queue
[2024-08-18T07:52:24.731+0000] {logging_mixin.py:190} INFO - [2024-08-18T07:52:24.730+0000] {dagbag.py:587} INFO - Filling up the DagBag from /opt/airflow/dags/setupTeardown.py
[2024-08-18T07:52:24.784+0000] {processor.py:925} INFO - DAG(s) 'setup_teardown' retrieved from /opt/airflow/dags/setupTeardown.py
[2024-08-18T07:52:24.835+0000] {logging_mixin.py:190} INFO - [2024-08-18T07:52:24.834+0000] {dag.py:3211} INFO - Sync 1 DAGs
[2024-08-18T07:52:24.876+0000] {logging_mixin.py:190} INFO - [2024-08-18T07:52:24.875+0000] {dag.py:4138} INFO - Setting next_dagrun for setup_teardown to 2024-08-17 21:00:00+00:00, run_after=2024-08-18 21:00:00+00:00
[2024-08-18T07:52:25.013+0000] {processor.py:208} INFO - Processing /opt/airflow/dags/setupTeardown.py took 0.291 seconds
[2024-08-18T07:52:55.367+0000] {processor.py:186} INFO - Started process (PID=687) to work on /opt/airflow/dags/setupTeardown.py
[2024-08-18T07:52:55.368+0000] {processor.py:914} INFO - Processing file /opt/airflow/dags/setupTeardown.py for tasks to queue
[2024-08-18T07:52:55.370+0000] {logging_mixin.py:190} INFO - [2024-08-18T07:52:55.370+0000] {dagbag.py:587} INFO - Filling up the DagBag from /opt/airflow/dags/setupTeardown.py
[2024-08-18T07:52:55.422+0000] {processor.py:925} INFO - DAG(s) 'setup_teardown' retrieved from /opt/airflow/dags/setupTeardown.py
[2024-08-18T07:52:55.477+0000] {logging_mixin.py:190} INFO - [2024-08-18T07:52:55.476+0000] {dag.py:3211} INFO - Sync 1 DAGs
[2024-08-18T07:52:55.524+0000] {logging_mixin.py:190} INFO - [2024-08-18T07:52:55.524+0000] {dag.py:4138} INFO - Setting next_dagrun for setup_teardown to 2024-08-17 21:00:00+00:00, run_after=2024-08-18 21:00:00+00:00
[2024-08-18T07:52:55.656+0000] {processor.py:208} INFO - Processing /opt/airflow/dags/setupTeardown.py took 0.295 seconds
[2024-08-18T07:53:26.830+0000] {processor.py:186} INFO - Started process (PID=702) to work on /opt/airflow/dags/setupTeardown.py
[2024-08-18T07:53:26.831+0000] {processor.py:914} INFO - Processing file /opt/airflow/dags/setupTeardown.py for tasks to queue
[2024-08-18T07:53:26.834+0000] {logging_mixin.py:190} INFO - [2024-08-18T07:53:26.833+0000] {dagbag.py:587} INFO - Filling up the DagBag from /opt/airflow/dags/setupTeardown.py
[2024-08-18T07:53:26.889+0000] {processor.py:925} INFO - DAG(s) 'setup_teardown' retrieved from /opt/airflow/dags/setupTeardown.py
[2024-08-18T07:53:26.939+0000] {logging_mixin.py:190} INFO - [2024-08-18T07:53:26.938+0000] {dag.py:3211} INFO - Sync 1 DAGs
[2024-08-18T07:53:26.989+0000] {logging_mixin.py:190} INFO - [2024-08-18T07:53:26.989+0000] {dag.py:4138} INFO - Setting next_dagrun for setup_teardown to 2024-08-17 21:00:00+00:00, run_after=2024-08-18 21:00:00+00:00
[2024-08-18T07:53:27.122+0000] {processor.py:208} INFO - Processing /opt/airflow/dags/setupTeardown.py took 0.298 seconds
[2024-08-18T07:53:58.136+0000] {processor.py:186} INFO - Started process (PID=717) to work on /opt/airflow/dags/setupTeardown.py
[2024-08-18T07:53:58.137+0000] {processor.py:914} INFO - Processing file /opt/airflow/dags/setupTeardown.py for tasks to queue
[2024-08-18T07:53:58.139+0000] {logging_mixin.py:190} INFO - [2024-08-18T07:53:58.139+0000] {dagbag.py:587} INFO - Filling up the DagBag from /opt/airflow/dags/setupTeardown.py
[2024-08-18T07:53:58.189+0000] {processor.py:925} INFO - DAG(s) 'setup_teardown' retrieved from /opt/airflow/dags/setupTeardown.py
[2024-08-18T07:53:58.239+0000] {logging_mixin.py:190} INFO - [2024-08-18T07:53:58.238+0000] {dag.py:3211} INFO - Sync 1 DAGs
[2024-08-18T07:53:58.283+0000] {logging_mixin.py:190} INFO - [2024-08-18T07:53:58.282+0000] {dag.py:4138} INFO - Setting next_dagrun for setup_teardown to 2024-08-17 21:00:00+00:00, run_after=2024-08-18 21:00:00+00:00
[2024-08-18T07:53:58.408+0000] {processor.py:208} INFO - Processing /opt/airflow/dags/setupTeardown.py took 0.277 seconds
[2024-08-18T07:54:29.338+0000] {processor.py:186} INFO - Started process (PID=733) to work on /opt/airflow/dags/setupTeardown.py
[2024-08-18T07:54:29.340+0000] {processor.py:914} INFO - Processing file /opt/airflow/dags/setupTeardown.py for tasks to queue
[2024-08-18T07:54:29.343+0000] {logging_mixin.py:190} INFO - [2024-08-18T07:54:29.342+0000] {dagbag.py:587} INFO - Filling up the DagBag from /opt/airflow/dags/setupTeardown.py
[2024-08-18T07:54:29.400+0000] {processor.py:925} INFO - DAG(s) 'setup_teardown' retrieved from /opt/airflow/dags/setupTeardown.py
[2024-08-18T07:54:29.453+0000] {logging_mixin.py:190} INFO - [2024-08-18T07:54:29.452+0000] {dag.py:3211} INFO - Sync 1 DAGs
[2024-08-18T07:54:29.497+0000] {logging_mixin.py:190} INFO - [2024-08-18T07:54:29.497+0000] {dag.py:4138} INFO - Setting next_dagrun for setup_teardown to 2024-08-17 21:00:00+00:00, run_after=2024-08-18 21:00:00+00:00
[2024-08-18T07:54:29.635+0000] {processor.py:208} INFO - Processing /opt/airflow/dags/setupTeardown.py took 0.302 seconds
[2024-08-18T07:55:00.249+0000] {processor.py:186} INFO - Started process (PID=748) to work on /opt/airflow/dags/setupTeardown.py
[2024-08-18T07:55:00.251+0000] {processor.py:914} INFO - Processing file /opt/airflow/dags/setupTeardown.py for tasks to queue
[2024-08-18T07:55:00.252+0000] {logging_mixin.py:190} INFO - [2024-08-18T07:55:00.252+0000] {dagbag.py:587} INFO - Filling up the DagBag from /opt/airflow/dags/setupTeardown.py
[2024-08-18T07:55:00.274+0000] {processor.py:925} INFO - DAG(s) 'setup_teardown' retrieved from /opt/airflow/dags/setupTeardown.py
[2024-08-18T07:55:00.313+0000] {logging_mixin.py:190} INFO - [2024-08-18T07:55:00.312+0000] {dag.py:3211} INFO - Sync 1 DAGs
[2024-08-18T07:55:00.357+0000] {logging_mixin.py:190} INFO - [2024-08-18T07:55:00.356+0000] {dag.py:4138} INFO - Setting next_dagrun for setup_teardown to 2024-08-17 21:00:00+00:00, run_after=2024-08-18 21:00:00+00:00
[2024-08-18T07:55:00.493+0000] {processor.py:208} INFO - Processing /opt/airflow/dags/setupTeardown.py took 0.249 seconds
[2024-08-18T07:55:31.985+0000] {processor.py:186} INFO - Started process (PID=763) to work on /opt/airflow/dags/setupTeardown.py
[2024-08-18T07:55:31.987+0000] {processor.py:914} INFO - Processing file /opt/airflow/dags/setupTeardown.py for tasks to queue
[2024-08-18T07:55:31.993+0000] {logging_mixin.py:190} INFO - [2024-08-18T07:55:31.992+0000] {dagbag.py:587} INFO - Filling up the DagBag from /opt/airflow/dags/setupTeardown.py
[2024-08-18T07:55:32.059+0000] {processor.py:925} INFO - DAG(s) 'setup_teardown' retrieved from /opt/airflow/dags/setupTeardown.py
[2024-08-18T07:55:32.151+0000] {logging_mixin.py:190} INFO - [2024-08-18T07:55:32.149+0000] {dag.py:3211} INFO - Sync 1 DAGs
[2024-08-18T07:55:32.248+0000] {logging_mixin.py:190} INFO - [2024-08-18T07:55:32.248+0000] {dag.py:4138} INFO - Setting next_dagrun for setup_teardown to 2024-08-17 21:00:00+00:00, run_after=2024-08-18 21:00:00+00:00
[2024-08-18T07:55:32.409+0000] {processor.py:208} INFO - Processing /opt/airflow/dags/setupTeardown.py took 0.446 seconds
[2024-08-18T07:56:03.301+0000] {processor.py:186} INFO - Started process (PID=778) to work on /opt/airflow/dags/setupTeardown.py
[2024-08-18T07:56:03.302+0000] {processor.py:914} INFO - Processing file /opt/airflow/dags/setupTeardown.py for tasks to queue
[2024-08-18T07:56:03.304+0000] {logging_mixin.py:190} INFO - [2024-08-18T07:56:03.304+0000] {dagbag.py:587} INFO - Filling up the DagBag from /opt/airflow/dags/setupTeardown.py
[2024-08-18T07:56:03.352+0000] {processor.py:925} INFO - DAG(s) 'setup_teardown' retrieved from /opt/airflow/dags/setupTeardown.py
[2024-08-18T07:56:03.406+0000] {logging_mixin.py:190} INFO - [2024-08-18T07:56:03.405+0000] {dag.py:3211} INFO - Sync 1 DAGs
[2024-08-18T07:56:03.449+0000] {logging_mixin.py:190} INFO - [2024-08-18T07:56:03.449+0000] {dag.py:4138} INFO - Setting next_dagrun for setup_teardown to 2024-08-17 21:00:00+00:00, run_after=2024-08-18 21:00:00+00:00
[2024-08-18T07:56:03.568+0000] {processor.py:208} INFO - Processing /opt/airflow/dags/setupTeardown.py took 0.274 seconds
[2024-08-18T07:56:34.531+0000] {processor.py:186} INFO - Started process (PID=793) to work on /opt/airflow/dags/setupTeardown.py
[2024-08-18T07:56:34.533+0000] {processor.py:914} INFO - Processing file /opt/airflow/dags/setupTeardown.py for tasks to queue
[2024-08-18T07:56:34.535+0000] {logging_mixin.py:190} INFO - [2024-08-18T07:56:34.535+0000] {dagbag.py:587} INFO - Filling up the DagBag from /opt/airflow/dags/setupTeardown.py
[2024-08-18T07:56:34.563+0000] {processor.py:925} INFO - DAG(s) 'setup_teardown' retrieved from /opt/airflow/dags/setupTeardown.py
[2024-08-18T07:56:34.618+0000] {logging_mixin.py:190} INFO - [2024-08-18T07:56:34.617+0000] {dag.py:3211} INFO - Sync 1 DAGs
[2024-08-18T07:56:34.659+0000] {logging_mixin.py:190} INFO - [2024-08-18T07:56:34.659+0000] {dag.py:4138} INFO - Setting next_dagrun for setup_teardown to 2024-08-17 21:00:00+00:00, run_after=2024-08-18 21:00:00+00:00
[2024-08-18T07:56:34.789+0000] {processor.py:208} INFO - Processing /opt/airflow/dags/setupTeardown.py took 0.264 seconds
[2024-08-18T07:57:05.252+0000] {processor.py:186} INFO - Started process (PID=809) to work on /opt/airflow/dags/setupTeardown.py
[2024-08-18T07:57:05.254+0000] {processor.py:914} INFO - Processing file /opt/airflow/dags/setupTeardown.py for tasks to queue
[2024-08-18T07:57:05.256+0000] {logging_mixin.py:190} INFO - [2024-08-18T07:57:05.255+0000] {dagbag.py:587} INFO - Filling up the DagBag from /opt/airflow/dags/setupTeardown.py
[2024-08-18T07:57:05.312+0000] {processor.py:925} INFO - DAG(s) 'setup_teardown' retrieved from /opt/airflow/dags/setupTeardown.py
[2024-08-18T07:57:05.381+0000] {logging_mixin.py:190} INFO - [2024-08-18T07:57:05.380+0000] {dag.py:3211} INFO - Sync 1 DAGs
[2024-08-18T07:57:05.421+0000] {logging_mixin.py:190} INFO - [2024-08-18T07:57:05.421+0000] {dag.py:4138} INFO - Setting next_dagrun for setup_teardown to 2024-08-17 21:00:00+00:00, run_after=2024-08-18 21:00:00+00:00
[2024-08-18T07:57:05.537+0000] {processor.py:208} INFO - Processing /opt/airflow/dags/setupTeardown.py took 0.290 seconds
[2024-08-18T07:57:36.266+0000] {processor.py:186} INFO - Started process (PID=825) to work on /opt/airflow/dags/setupTeardown.py
[2024-08-18T07:57:36.268+0000] {processor.py:914} INFO - Processing file /opt/airflow/dags/setupTeardown.py for tasks to queue
[2024-08-18T07:57:36.270+0000] {logging_mixin.py:190} INFO - [2024-08-18T07:57:36.269+0000] {dagbag.py:587} INFO - Filling up the DagBag from /opt/airflow/dags/setupTeardown.py
[2024-08-18T07:57:36.334+0000] {processor.py:925} INFO - DAG(s) 'setup_teardown' retrieved from /opt/airflow/dags/setupTeardown.py
[2024-08-18T07:57:36.392+0000] {logging_mixin.py:190} INFO - [2024-08-18T07:57:36.392+0000] {dag.py:3211} INFO - Sync 1 DAGs
[2024-08-18T07:57:36.445+0000] {logging_mixin.py:190} INFO - [2024-08-18T07:57:36.445+0000] {dag.py:4138} INFO - Setting next_dagrun for setup_teardown to 2024-08-17 21:00:00+00:00, run_after=2024-08-18 21:00:00+00:00
[2024-08-18T07:57:36.581+0000] {processor.py:208} INFO - Processing /opt/airflow/dags/setupTeardown.py took 0.322 seconds
[2024-08-18T07:58:07.819+0000] {processor.py:186} INFO - Started process (PID=841) to work on /opt/airflow/dags/setupTeardown.py
[2024-08-18T07:58:07.821+0000] {processor.py:914} INFO - Processing file /opt/airflow/dags/setupTeardown.py for tasks to queue
[2024-08-18T07:58:07.825+0000] {logging_mixin.py:190} INFO - [2024-08-18T07:58:07.824+0000] {dagbag.py:587} INFO - Filling up the DagBag from /opt/airflow/dags/setupTeardown.py
[2024-08-18T07:58:07.864+0000] {processor.py:925} INFO - DAG(s) 'setup_teardown' retrieved from /opt/airflow/dags/setupTeardown.py
[2024-08-18T07:58:07.926+0000] {logging_mixin.py:190} INFO - [2024-08-18T07:58:07.925+0000] {dag.py:3211} INFO - Sync 1 DAGs
[2024-08-18T07:58:07.970+0000] {logging_mixin.py:190} INFO - [2024-08-18T07:58:07.970+0000] {dag.py:4138} INFO - Setting next_dagrun for setup_teardown to 2024-08-17 21:00:00+00:00, run_after=2024-08-18 21:00:00+00:00
[2024-08-18T07:58:08.049+0000] {processor.py:208} INFO - Processing /opt/airflow/dags/setupTeardown.py took 0.238 seconds
[2024-08-18T07:58:39.258+0000] {processor.py:186} INFO - Started process (PID=857) to work on /opt/airflow/dags/setupTeardown.py
[2024-08-18T07:58:39.259+0000] {processor.py:914} INFO - Processing file /opt/airflow/dags/setupTeardown.py for tasks to queue
[2024-08-18T07:58:39.262+0000] {logging_mixin.py:190} INFO - [2024-08-18T07:58:39.261+0000] {dagbag.py:587} INFO - Filling up the DagBag from /opt/airflow/dags/setupTeardown.py
[2024-08-18T07:58:39.308+0000] {processor.py:925} INFO - DAG(s) 'setup_teardown' retrieved from /opt/airflow/dags/setupTeardown.py
[2024-08-18T07:58:39.403+0000] {logging_mixin.py:190} INFO - [2024-08-18T07:58:39.396+0000] {dag.py:3211} INFO - Sync 1 DAGs
[2024-08-18T07:58:39.454+0000] {logging_mixin.py:190} INFO - [2024-08-18T07:58:39.453+0000] {dag.py:4138} INFO - Setting next_dagrun for setup_teardown to 2024-08-17 21:00:00+00:00, run_after=2024-08-18 21:00:00+00:00
[2024-08-18T07:58:39.554+0000] {processor.py:208} INFO - Processing /opt/airflow/dags/setupTeardown.py took 0.307 seconds
[2024-08-18T07:59:11.718+0000] {processor.py:186} INFO - Started process (PID=873) to work on /opt/airflow/dags/setupTeardown.py
[2024-08-18T07:59:11.720+0000] {processor.py:914} INFO - Processing file /opt/airflow/dags/setupTeardown.py for tasks to queue
[2024-08-18T07:59:11.723+0000] {logging_mixin.py:190} INFO - [2024-08-18T07:59:11.723+0000] {dagbag.py:587} INFO - Filling up the DagBag from /opt/airflow/dags/setupTeardown.py
[2024-08-18T07:59:11.784+0000] {processor.py:925} INFO - DAG(s) 'setup_teardown' retrieved from /opt/airflow/dags/setupTeardown.py
[2024-08-18T07:59:11.847+0000] {logging_mixin.py:190} INFO - [2024-08-18T07:59:11.845+0000] {dag.py:3211} INFO - Sync 1 DAGs
[2024-08-18T07:59:11.896+0000] {logging_mixin.py:190} INFO - [2024-08-18T07:59:11.896+0000] {dag.py:4138} INFO - Setting next_dagrun for setup_teardown to 2024-08-17 21:00:00+00:00, run_after=2024-08-18 21:00:00+00:00
[2024-08-18T07:59:12.269+0000] {processor.py:208} INFO - Processing /opt/airflow/dags/setupTeardown.py took 0.559 seconds
[2024-08-18T07:59:43.443+0000] {processor.py:186} INFO - Started process (PID=889) to work on /opt/airflow/dags/setupTeardown.py
[2024-08-18T07:59:43.445+0000] {processor.py:914} INFO - Processing file /opt/airflow/dags/setupTeardown.py for tasks to queue
[2024-08-18T07:59:43.448+0000] {logging_mixin.py:190} INFO - [2024-08-18T07:59:43.447+0000] {dagbag.py:587} INFO - Filling up the DagBag from /opt/airflow/dags/setupTeardown.py
[2024-08-18T07:59:43.490+0000] {processor.py:925} INFO - DAG(s) 'setup_teardown' retrieved from /opt/airflow/dags/setupTeardown.py
[2024-08-18T07:59:43.550+0000] {logging_mixin.py:190} INFO - [2024-08-18T07:59:43.548+0000] {dag.py:3211} INFO - Sync 1 DAGs
[2024-08-18T07:59:43.602+0000] {logging_mixin.py:190} INFO - [2024-08-18T07:59:43.602+0000] {dag.py:4138} INFO - Setting next_dagrun for setup_teardown to 2024-08-17 21:00:00+00:00, run_after=2024-08-18 21:00:00+00:00
[2024-08-18T07:59:43.935+0000] {processor.py:208} INFO - Processing /opt/airflow/dags/setupTeardown.py took 0.502 seconds
[2024-08-18T08:00:14.730+0000] {processor.py:186} INFO - Started process (PID=905) to work on /opt/airflow/dags/setupTeardown.py
[2024-08-18T08:00:14.731+0000] {processor.py:914} INFO - Processing file /opt/airflow/dags/setupTeardown.py for tasks to queue
[2024-08-18T08:00:14.733+0000] {logging_mixin.py:190} INFO - [2024-08-18T08:00:14.733+0000] {dagbag.py:587} INFO - Filling up the DagBag from /opt/airflow/dags/setupTeardown.py
[2024-08-18T08:00:14.757+0000] {processor.py:925} INFO - DAG(s) 'setup_teardown' retrieved from /opt/airflow/dags/setupTeardown.py
[2024-08-18T08:00:14.800+0000] {logging_mixin.py:190} INFO - [2024-08-18T08:00:14.800+0000] {dag.py:3211} INFO - Sync 1 DAGs
[2024-08-18T08:00:15.037+0000] {logging_mixin.py:190} INFO - [2024-08-18T08:00:15.037+0000] {dag.py:4138} INFO - Setting next_dagrun for setup_teardown to 2024-08-17 21:00:00+00:00, run_after=2024-08-18 21:00:00+00:00
[2024-08-18T08:00:15.148+0000] {processor.py:208} INFO - Processing /opt/airflow/dags/setupTeardown.py took 0.425 seconds
[2024-08-18T08:00:47.233+0000] {processor.py:186} INFO - Started process (PID=921) to work on /opt/airflow/dags/setupTeardown.py
[2024-08-18T08:00:47.235+0000] {processor.py:914} INFO - Processing file /opt/airflow/dags/setupTeardown.py for tasks to queue
[2024-08-18T08:00:47.239+0000] {logging_mixin.py:190} INFO - [2024-08-18T08:00:47.237+0000] {dagbag.py:587} INFO - Filling up the DagBag from /opt/airflow/dags/setupTeardown.py
[2024-08-18T08:00:47.328+0000] {processor.py:925} INFO - DAG(s) 'setup_teardown' retrieved from /opt/airflow/dags/setupTeardown.py
[2024-08-18T08:00:47.415+0000] {logging_mixin.py:190} INFO - [2024-08-18T08:00:47.414+0000] {dag.py:3211} INFO - Sync 1 DAGs
[2024-08-18T08:00:47.470+0000] {logging_mixin.py:190} INFO - [2024-08-18T08:00:47.469+0000] {dag.py:4138} INFO - Setting next_dagrun for setup_teardown to 2024-08-17 21:00:00+00:00, run_after=2024-08-18 21:00:00+00:00
[2024-08-18T08:00:47.629+0000] {processor.py:208} INFO - Processing /opt/airflow/dags/setupTeardown.py took 0.462 seconds
[2024-08-18T08:01:18.090+0000] {processor.py:186} INFO - Started process (PID=937) to work on /opt/airflow/dags/setupTeardown.py
[2024-08-18T08:01:18.091+0000] {processor.py:914} INFO - Processing file /opt/airflow/dags/setupTeardown.py for tasks to queue
[2024-08-18T08:01:18.093+0000] {logging_mixin.py:190} INFO - [2024-08-18T08:01:18.093+0000] {dagbag.py:587} INFO - Filling up the DagBag from /opt/airflow/dags/setupTeardown.py
[2024-08-18T08:01:18.149+0000] {processor.py:925} INFO - DAG(s) 'setup_teardown' retrieved from /opt/airflow/dags/setupTeardown.py
[2024-08-18T08:01:18.217+0000] {logging_mixin.py:190} INFO - [2024-08-18T08:01:18.217+0000] {dag.py:3211} INFO - Sync 1 DAGs
[2024-08-18T08:01:18.262+0000] {logging_mixin.py:190} INFO - [2024-08-18T08:01:18.261+0000] {dag.py:4138} INFO - Setting next_dagrun for setup_teardown to 2024-08-17 21:00:00+00:00, run_after=2024-08-18 21:00:00+00:00
[2024-08-18T08:01:18.385+0000] {processor.py:208} INFO - Processing /opt/airflow/dags/setupTeardown.py took 0.303 seconds
[2024-08-18T08:01:48.953+0000] {processor.py:186} INFO - Started process (PID=953) to work on /opt/airflow/dags/setupTeardown.py
[2024-08-18T08:01:48.954+0000] {processor.py:914} INFO - Processing file /opt/airflow/dags/setupTeardown.py for tasks to queue
[2024-08-18T08:01:48.956+0000] {logging_mixin.py:190} INFO - [2024-08-18T08:01:48.956+0000] {dagbag.py:587} INFO - Filling up the DagBag from /opt/airflow/dags/setupTeardown.py
[2024-08-18T08:01:49.003+0000] {processor.py:925} INFO - DAG(s) 'setup_teardown' retrieved from /opt/airflow/dags/setupTeardown.py
[2024-08-18T08:01:49.062+0000] {logging_mixin.py:190} INFO - [2024-08-18T08:01:49.061+0000] {dag.py:3211} INFO - Sync 1 DAGs
[2024-08-18T08:01:49.107+0000] {logging_mixin.py:190} INFO - [2024-08-18T08:01:49.107+0000] {dag.py:4138} INFO - Setting next_dagrun for setup_teardown to 2024-08-17 21:00:00+00:00, run_after=2024-08-18 21:00:00+00:00
[2024-08-18T08:01:49.238+0000] {processor.py:208} INFO - Processing /opt/airflow/dags/setupTeardown.py took 0.290 seconds
[2024-08-18T08:02:20.579+0000] {processor.py:186} INFO - Started process (PID=971) to work on /opt/airflow/dags/setupTeardown.py
[2024-08-18T08:02:20.581+0000] {processor.py:914} INFO - Processing file /opt/airflow/dags/setupTeardown.py for tasks to queue
[2024-08-18T08:02:20.583+0000] {logging_mixin.py:190} INFO - [2024-08-18T08:02:20.583+0000] {dagbag.py:587} INFO - Filling up the DagBag from /opt/airflow/dags/setupTeardown.py
[2024-08-18T08:02:20.641+0000] {processor.py:925} INFO - DAG(s) 'setup_teardown' retrieved from /opt/airflow/dags/setupTeardown.py
[2024-08-18T08:02:20.713+0000] {logging_mixin.py:190} INFO - [2024-08-18T08:02:20.712+0000] {dag.py:3211} INFO - Sync 1 DAGs
[2024-08-18T08:02:20.757+0000] {logging_mixin.py:190} INFO - [2024-08-18T08:02:20.757+0000] {dag.py:4138} INFO - Setting next_dagrun for setup_teardown to 2024-08-17 21:00:00+00:00, run_after=2024-08-18 21:00:00+00:00
[2024-08-18T08:02:20.873+0000] {processor.py:208} INFO - Processing /opt/airflow/dags/setupTeardown.py took 0.299 seconds
[2024-08-18T08:02:51.695+0000] {processor.py:186} INFO - Started process (PID=989) to work on /opt/airflow/dags/setupTeardown.py
[2024-08-18T08:02:51.696+0000] {processor.py:914} INFO - Processing file /opt/airflow/dags/setupTeardown.py for tasks to queue
[2024-08-18T08:02:51.699+0000] {logging_mixin.py:190} INFO - [2024-08-18T08:02:51.698+0000] {dagbag.py:587} INFO - Filling up the DagBag from /opt/airflow/dags/setupTeardown.py
[2024-08-18T08:02:51.748+0000] {processor.py:925} INFO - DAG(s) 'setup_teardown' retrieved from /opt/airflow/dags/setupTeardown.py
[2024-08-18T08:02:51.803+0000] {logging_mixin.py:190} INFO - [2024-08-18T08:02:51.802+0000] {dag.py:3211} INFO - Sync 1 DAGs
[2024-08-18T08:02:51.848+0000] {logging_mixin.py:190} INFO - [2024-08-18T08:02:51.848+0000] {dag.py:4138} INFO - Setting next_dagrun for setup_teardown to 2024-08-17 21:00:00+00:00, run_after=2024-08-18 21:00:00+00:00
[2024-08-18T08:02:51.980+0000] {processor.py:208} INFO - Processing /opt/airflow/dags/setupTeardown.py took 0.291 seconds
[2024-08-18T08:03:23.225+0000] {processor.py:186} INFO - Started process (PID=1007) to work on /opt/airflow/dags/setupTeardown.py
[2024-08-18T08:03:23.228+0000] {processor.py:914} INFO - Processing file /opt/airflow/dags/setupTeardown.py for tasks to queue
[2024-08-18T08:03:23.230+0000] {logging_mixin.py:190} INFO - [2024-08-18T08:03:23.230+0000] {dagbag.py:587} INFO - Filling up the DagBag from /opt/airflow/dags/setupTeardown.py
[2024-08-18T08:03:23.289+0000] {processor.py:925} INFO - DAG(s) 'setup_teardown' retrieved from /opt/airflow/dags/setupTeardown.py
[2024-08-18T08:03:23.346+0000] {logging_mixin.py:190} INFO - [2024-08-18T08:03:23.345+0000] {dag.py:3211} INFO - Sync 1 DAGs
[2024-08-18T08:03:23.386+0000] {logging_mixin.py:190} INFO - [2024-08-18T08:03:23.386+0000] {dag.py:4138} INFO - Setting next_dagrun for setup_teardown to 2024-08-17 21:00:00+00:00, run_after=2024-08-18 21:00:00+00:00
[2024-08-18T08:03:23.527+0000] {processor.py:208} INFO - Processing /opt/airflow/dags/setupTeardown.py took 0.308 seconds
[2024-08-18T08:03:54.386+0000] {processor.py:186} INFO - Started process (PID=1025) to work on /opt/airflow/dags/setupTeardown.py
[2024-08-18T08:03:54.387+0000] {processor.py:914} INFO - Processing file /opt/airflow/dags/setupTeardown.py for tasks to queue
[2024-08-18T08:03:54.389+0000] {logging_mixin.py:190} INFO - [2024-08-18T08:03:54.389+0000] {dagbag.py:587} INFO - Filling up the DagBag from /opt/airflow/dags/setupTeardown.py
[2024-08-18T08:03:54.446+0000] {processor.py:925} INFO - DAG(s) 'setup_teardown' retrieved from /opt/airflow/dags/setupTeardown.py
[2024-08-18T08:03:54.502+0000] {logging_mixin.py:190} INFO - [2024-08-18T08:03:54.501+0000] {dag.py:3211} INFO - Sync 1 DAGs
[2024-08-18T08:03:54.542+0000] {logging_mixin.py:190} INFO - [2024-08-18T08:03:54.542+0000] {dag.py:4138} INFO - Setting next_dagrun for setup_teardown to 2024-08-17 21:00:00+00:00, run_after=2024-08-18 21:00:00+00:00
[2024-08-18T08:03:54.637+0000] {processor.py:208} INFO - Processing /opt/airflow/dags/setupTeardown.py took 0.257 seconds
[2024-08-18T08:04:25.364+0000] {processor.py:186} INFO - Started process (PID=1043) to work on /opt/airflow/dags/setupTeardown.py
[2024-08-18T08:04:25.366+0000] {processor.py:914} INFO - Processing file /opt/airflow/dags/setupTeardown.py for tasks to queue
[2024-08-18T08:04:25.368+0000] {logging_mixin.py:190} INFO - [2024-08-18T08:04:25.367+0000] {dagbag.py:587} INFO - Filling up the DagBag from /opt/airflow/dags/setupTeardown.py
[2024-08-18T08:04:25.417+0000] {processor.py:925} INFO - DAG(s) 'setup_teardown' retrieved from /opt/airflow/dags/setupTeardown.py
[2024-08-18T08:04:25.463+0000] {logging_mixin.py:190} INFO - [2024-08-18T08:04:25.463+0000] {dag.py:3211} INFO - Sync 1 DAGs
[2024-08-18T08:04:25.502+0000] {logging_mixin.py:190} INFO - [2024-08-18T08:04:25.502+0000] {dag.py:4138} INFO - Setting next_dagrun for setup_teardown to 2024-08-17 21:00:00+00:00, run_after=2024-08-18 21:00:00+00:00
[2024-08-18T08:04:25.636+0000] {processor.py:208} INFO - Processing /opt/airflow/dags/setupTeardown.py took 0.277 seconds
[2024-08-18T08:04:56.550+0000] {processor.py:186} INFO - Started process (PID=1061) to work on /opt/airflow/dags/setupTeardown.py
[2024-08-18T08:04:56.552+0000] {processor.py:914} INFO - Processing file /opt/airflow/dags/setupTeardown.py for tasks to queue
[2024-08-18T08:04:56.556+0000] {logging_mixin.py:190} INFO - [2024-08-18T08:04:56.555+0000] {dagbag.py:587} INFO - Filling up the DagBag from /opt/airflow/dags/setupTeardown.py
[2024-08-18T08:04:56.621+0000] {processor.py:925} INFO - DAG(s) 'setup_teardown' retrieved from /opt/airflow/dags/setupTeardown.py
[2024-08-18T08:04:56.704+0000] {logging_mixin.py:190} INFO - [2024-08-18T08:04:56.703+0000] {dag.py:3211} INFO - Sync 1 DAGs
[2024-08-18T08:04:56.771+0000] {logging_mixin.py:190} INFO - [2024-08-18T08:04:56.770+0000] {dag.py:4138} INFO - Setting next_dagrun for setup_teardown to 2024-08-17 21:00:00+00:00, run_after=2024-08-18 21:00:00+00:00
[2024-08-18T08:04:56.904+0000] {processor.py:208} INFO - Processing /opt/airflow/dags/setupTeardown.py took 0.368 seconds
[2024-08-18T08:05:27.797+0000] {processor.py:186} INFO - Started process (PID=1079) to work on /opt/airflow/dags/setupTeardown.py
[2024-08-18T08:05:27.799+0000] {processor.py:914} INFO - Processing file /opt/airflow/dags/setupTeardown.py for tasks to queue
[2024-08-18T08:05:27.801+0000] {logging_mixin.py:190} INFO - [2024-08-18T08:05:27.801+0000] {dagbag.py:587} INFO - Filling up the DagBag from /opt/airflow/dags/setupTeardown.py
[2024-08-18T08:05:27.846+0000] {processor.py:925} INFO - DAG(s) 'setup_teardown' retrieved from /opt/airflow/dags/setupTeardown.py
[2024-08-18T08:05:27.902+0000] {logging_mixin.py:190} INFO - [2024-08-18T08:05:27.901+0000] {dag.py:3211} INFO - Sync 1 DAGs
[2024-08-18T08:05:27.958+0000] {logging_mixin.py:190} INFO - [2024-08-18T08:05:27.957+0000] {dag.py:4138} INFO - Setting next_dagrun for setup_teardown to 2024-08-17 21:00:00+00:00, run_after=2024-08-18 21:00:00+00:00
[2024-08-18T08:05:28.294+0000] {processor.py:208} INFO - Processing /opt/airflow/dags/setupTeardown.py took 0.504 seconds
[2024-08-18T08:06:01.002+0000] {processor.py:186} INFO - Started process (PID=1097) to work on /opt/airflow/dags/setupTeardown.py
[2024-08-18T08:06:01.004+0000] {processor.py:914} INFO - Processing file /opt/airflow/dags/setupTeardown.py for tasks to queue
[2024-08-18T08:06:01.006+0000] {logging_mixin.py:190} INFO - [2024-08-18T08:06:01.005+0000] {dagbag.py:587} INFO - Filling up the DagBag from /opt/airflow/dags/setupTeardown.py
[2024-08-18T08:06:01.062+0000] {processor.py:925} INFO - DAG(s) 'setup_teardown' retrieved from /opt/airflow/dags/setupTeardown.py
[2024-08-18T08:06:01.117+0000] {logging_mixin.py:190} INFO - [2024-08-18T08:06:01.115+0000] {dag.py:3211} INFO - Sync 1 DAGs
[2024-08-18T08:06:01.158+0000] {logging_mixin.py:190} INFO - [2024-08-18T08:06:01.158+0000] {dag.py:4138} INFO - Setting next_dagrun for setup_teardown to 2024-08-17 21:00:00+00:00, run_after=2024-08-18 21:00:00+00:00
[2024-08-18T08:06:01.445+0000] {processor.py:208} INFO - Processing /opt/airflow/dags/setupTeardown.py took 0.449 seconds
[2024-08-18T08:06:33.310+0000] {processor.py:186} INFO - Started process (PID=1115) to work on /opt/airflow/dags/setupTeardown.py
[2024-08-18T08:06:33.312+0000] {processor.py:914} INFO - Processing file /opt/airflow/dags/setupTeardown.py for tasks to queue
[2024-08-18T08:06:33.314+0000] {logging_mixin.py:190} INFO - [2024-08-18T08:06:33.313+0000] {dagbag.py:587} INFO - Filling up the DagBag from /opt/airflow/dags/setupTeardown.py
[2024-08-18T08:06:33.367+0000] {processor.py:925} INFO - DAG(s) 'setup_teardown' retrieved from /opt/airflow/dags/setupTeardown.py
[2024-08-18T08:06:33.438+0000] {logging_mixin.py:190} INFO - [2024-08-18T08:06:33.436+0000] {dag.py:3211} INFO - Sync 1 DAGs
[2024-08-18T08:06:33.694+0000] {logging_mixin.py:190} INFO - [2024-08-18T08:06:33.694+0000] {dag.py:4138} INFO - Setting next_dagrun for setup_teardown to 2024-08-17 21:00:00+00:00, run_after=2024-08-18 21:00:00+00:00
[2024-08-18T08:06:33.814+0000] {processor.py:208} INFO - Processing /opt/airflow/dags/setupTeardown.py took 0.513 seconds
[2024-08-18T08:07:04.633+0000] {processor.py:186} INFO - Started process (PID=1133) to work on /opt/airflow/dags/setupTeardown.py
[2024-08-18T08:07:04.636+0000] {processor.py:914} INFO - Processing file /opt/airflow/dags/setupTeardown.py for tasks to queue
[2024-08-18T08:07:04.640+0000] {logging_mixin.py:190} INFO - [2024-08-18T08:07:04.639+0000] {dagbag.py:587} INFO - Filling up the DagBag from /opt/airflow/dags/setupTeardown.py
[2024-08-18T08:07:04.688+0000] {processor.py:925} INFO - DAG(s) 'setup_teardown' retrieved from /opt/airflow/dags/setupTeardown.py
[2024-08-18T08:07:04.754+0000] {logging_mixin.py:190} INFO - [2024-08-18T08:07:04.752+0000] {dag.py:3211} INFO - Sync 1 DAGs
[2024-08-18T08:07:05.089+0000] {logging_mixin.py:190} INFO - [2024-08-18T08:07:05.089+0000] {dag.py:4138} INFO - Setting next_dagrun for setup_teardown to 2024-08-17 21:00:00+00:00, run_after=2024-08-18 21:00:00+00:00
[2024-08-18T08:07:05.205+0000] {processor.py:208} INFO - Processing /opt/airflow/dags/setupTeardown.py took 0.580 seconds
[2024-08-18T08:07:38.307+0000] {processor.py:186} INFO - Started process (PID=1151) to work on /opt/airflow/dags/setupTeardown.py
[2024-08-18T08:07:38.310+0000] {processor.py:914} INFO - Processing file /opt/airflow/dags/setupTeardown.py for tasks to queue
[2024-08-18T08:07:38.313+0000] {logging_mixin.py:190} INFO - [2024-08-18T08:07:38.313+0000] {dagbag.py:587} INFO - Filling up the DagBag from /opt/airflow/dags/setupTeardown.py
[2024-08-18T08:07:38.365+0000] {processor.py:925} INFO - DAG(s) 'setup_teardown' retrieved from /opt/airflow/dags/setupTeardown.py
[2024-08-18T08:07:38.424+0000] {logging_mixin.py:190} INFO - [2024-08-18T08:07:38.422+0000] {dag.py:3211} INFO - Sync 1 DAGs
[2024-08-18T08:07:38.479+0000] {logging_mixin.py:190} INFO - [2024-08-18T08:07:38.479+0000] {dag.py:4138} INFO - Setting next_dagrun for setup_teardown to 2024-08-17 21:00:00+00:00, run_after=2024-08-18 21:00:00+00:00
[2024-08-18T08:07:38.605+0000] {processor.py:208} INFO - Processing /opt/airflow/dags/setupTeardown.py took 0.307 seconds
[2024-08-18T08:08:11.716+0000] {processor.py:186} INFO - Started process (PID=1170) to work on /opt/airflow/dags/setupTeardown.py
[2024-08-18T08:08:11.718+0000] {processor.py:914} INFO - Processing file /opt/airflow/dags/setupTeardown.py for tasks to queue
[2024-08-18T08:08:11.720+0000] {logging_mixin.py:190} INFO - [2024-08-18T08:08:11.720+0000] {dagbag.py:587} INFO - Filling up the DagBag from /opt/airflow/dags/setupTeardown.py
[2024-08-18T08:08:11.785+0000] {processor.py:925} INFO - DAG(s) 'setup_teardown' retrieved from /opt/airflow/dags/setupTeardown.py
[2024-08-18T08:08:11.845+0000] {logging_mixin.py:190} INFO - [2024-08-18T08:08:11.845+0000] {dag.py:3211} INFO - Sync 1 DAGs
[2024-08-18T08:08:11.899+0000] {logging_mixin.py:190} INFO - [2024-08-18T08:08:11.899+0000] {dag.py:4138} INFO - Setting next_dagrun for setup_teardown to 2024-08-17 21:00:00+00:00, run_after=2024-08-18 21:00:00+00:00
[2024-08-18T08:08:12.037+0000] {processor.py:208} INFO - Processing /opt/airflow/dags/setupTeardown.py took 0.329 seconds
[2024-08-18T08:08:43.169+0000] {processor.py:186} INFO - Started process (PID=1188) to work on /opt/airflow/dags/setupTeardown.py
[2024-08-18T08:08:43.171+0000] {processor.py:914} INFO - Processing file /opt/airflow/dags/setupTeardown.py for tasks to queue
[2024-08-18T08:08:43.173+0000] {logging_mixin.py:190} INFO - [2024-08-18T08:08:43.172+0000] {dagbag.py:587} INFO - Filling up the DagBag from /opt/airflow/dags/setupTeardown.py
[2024-08-18T08:08:43.226+0000] {processor.py:925} INFO - DAG(s) 'setup_teardown' retrieved from /opt/airflow/dags/setupTeardown.py
[2024-08-18T08:08:43.280+0000] {logging_mixin.py:190} INFO - [2024-08-18T08:08:43.279+0000] {dag.py:3211} INFO - Sync 1 DAGs
[2024-08-18T08:08:43.325+0000] {logging_mixin.py:190} INFO - [2024-08-18T08:08:43.325+0000] {dag.py:4138} INFO - Setting next_dagrun for setup_teardown to 2024-08-17 21:00:00+00:00, run_after=2024-08-18 21:00:00+00:00
[2024-08-18T08:08:43.461+0000] {processor.py:208} INFO - Processing /opt/airflow/dags/setupTeardown.py took 0.298 seconds
[2024-08-18T08:09:17.191+0000] {processor.py:186} INFO - Started process (PID=1207) to work on /opt/airflow/dags/setupTeardown.py
[2024-08-18T08:09:17.193+0000] {processor.py:914} INFO - Processing file /opt/airflow/dags/setupTeardown.py for tasks to queue
[2024-08-18T08:09:17.196+0000] {logging_mixin.py:190} INFO - [2024-08-18T08:09:17.196+0000] {dagbag.py:587} INFO - Filling up the DagBag from /opt/airflow/dags/setupTeardown.py
[2024-08-18T08:09:17.248+0000] {processor.py:925} INFO - DAG(s) 'setup_teardown' retrieved from /opt/airflow/dags/setupTeardown.py
[2024-08-18T08:09:17.324+0000] {logging_mixin.py:190} INFO - [2024-08-18T08:09:17.323+0000] {dag.py:3211} INFO - Sync 1 DAGs
[2024-08-18T08:09:17.389+0000] {logging_mixin.py:190} INFO - [2024-08-18T08:09:17.388+0000] {dag.py:4138} INFO - Setting next_dagrun for setup_teardown to 2024-08-17 21:00:00+00:00, run_after=2024-08-18 21:00:00+00:00
[2024-08-18T08:09:17.512+0000] {processor.py:208} INFO - Processing /opt/airflow/dags/setupTeardown.py took 0.331 seconds
[2024-08-18T08:09:48.792+0000] {processor.py:186} INFO - Started process (PID=1225) to work on /opt/airflow/dags/setupTeardown.py
[2024-08-18T08:09:48.794+0000] {processor.py:914} INFO - Processing file /opt/airflow/dags/setupTeardown.py for tasks to queue
[2024-08-18T08:09:48.796+0000] {logging_mixin.py:190} INFO - [2024-08-18T08:09:48.796+0000] {dagbag.py:587} INFO - Filling up the DagBag from /opt/airflow/dags/setupTeardown.py
[2024-08-18T08:09:48.859+0000] {processor.py:925} INFO - DAG(s) 'setup_teardown' retrieved from /opt/airflow/dags/setupTeardown.py
[2024-08-18T08:09:48.913+0000] {logging_mixin.py:190} INFO - [2024-08-18T08:09:48.913+0000] {dag.py:3211} INFO - Sync 1 DAGs
[2024-08-18T08:09:48.959+0000] {logging_mixin.py:190} INFO - [2024-08-18T08:09:48.959+0000] {dag.py:4138} INFO - Setting next_dagrun for setup_teardown to 2024-08-17 21:00:00+00:00, run_after=2024-08-18 21:00:00+00:00
[2024-08-18T08:09:49.091+0000] {processor.py:208} INFO - Processing /opt/airflow/dags/setupTeardown.py took 0.306 seconds
[2024-08-18T08:10:19.766+0000] {processor.py:186} INFO - Started process (PID=1243) to work on /opt/airflow/dags/setupTeardown.py
[2024-08-18T08:10:19.768+0000] {processor.py:914} INFO - Processing file /opt/airflow/dags/setupTeardown.py for tasks to queue
[2024-08-18T08:10:19.771+0000] {logging_mixin.py:190} INFO - [2024-08-18T08:10:19.770+0000] {dagbag.py:587} INFO - Filling up the DagBag from /opt/airflow/dags/setupTeardown.py
[2024-08-18T08:10:19.818+0000] {processor.py:925} INFO - DAG(s) 'setup_teardown' retrieved from /opt/airflow/dags/setupTeardown.py
[2024-08-18T08:10:19.885+0000] {logging_mixin.py:190} INFO - [2024-08-18T08:10:19.884+0000] {dag.py:3211} INFO - Sync 1 DAGs
[2024-08-18T08:10:19.946+0000] {logging_mixin.py:190} INFO - [2024-08-18T08:10:19.946+0000] {dag.py:4138} INFO - Setting next_dagrun for setup_teardown to 2024-08-17 21:00:00+00:00, run_after=2024-08-18 21:00:00+00:00
[2024-08-18T08:10:20.083+0000] {processor.py:208} INFO - Processing /opt/airflow/dags/setupTeardown.py took 0.326 seconds
[2024-08-18T08:10:51.242+0000] {processor.py:186} INFO - Started process (PID=1261) to work on /opt/airflow/dags/setupTeardown.py
[2024-08-18T08:10:51.246+0000] {processor.py:914} INFO - Processing file /opt/airflow/dags/setupTeardown.py for tasks to queue
[2024-08-18T08:10:51.249+0000] {logging_mixin.py:190} INFO - [2024-08-18T08:10:51.249+0000] {dagbag.py:587} INFO - Filling up the DagBag from /opt/airflow/dags/setupTeardown.py
[2024-08-18T08:10:51.315+0000] {processor.py:925} INFO - DAG(s) 'setup_teardown' retrieved from /opt/airflow/dags/setupTeardown.py
[2024-08-18T08:10:51.387+0000] {logging_mixin.py:190} INFO - [2024-08-18T08:10:51.386+0000] {dag.py:3211} INFO - Sync 1 DAGs
[2024-08-18T08:10:51.457+0000] {logging_mixin.py:190} INFO - [2024-08-18T08:10:51.457+0000] {dag.py:4138} INFO - Setting next_dagrun for setup_teardown to 2024-08-17 21:00:00+00:00, run_after=2024-08-18 21:00:00+00:00
[2024-08-18T08:10:51.616+0000] {processor.py:208} INFO - Processing /opt/airflow/dags/setupTeardown.py took 0.382 seconds
[2024-08-18T08:11:22.270+0000] {processor.py:186} INFO - Started process (PID=1279) to work on /opt/airflow/dags/setupTeardown.py
[2024-08-18T08:11:22.272+0000] {processor.py:914} INFO - Processing file /opt/airflow/dags/setupTeardown.py for tasks to queue
[2024-08-18T08:11:22.274+0000] {logging_mixin.py:190} INFO - [2024-08-18T08:11:22.273+0000] {dagbag.py:587} INFO - Filling up the DagBag from /opt/airflow/dags/setupTeardown.py
[2024-08-18T08:11:22.323+0000] {processor.py:925} INFO - DAG(s) 'setup_teardown' retrieved from /opt/airflow/dags/setupTeardown.py
[2024-08-18T08:11:22.382+0000] {logging_mixin.py:190} INFO - [2024-08-18T08:11:22.381+0000] {dag.py:3211} INFO - Sync 1 DAGs
[2024-08-18T08:11:22.430+0000] {logging_mixin.py:190} INFO - [2024-08-18T08:11:22.429+0000] {dag.py:4138} INFO - Setting next_dagrun for setup_teardown to 2024-08-17 21:00:00+00:00, run_after=2024-08-18 21:00:00+00:00
[2024-08-18T08:11:22.559+0000] {processor.py:208} INFO - Processing /opt/airflow/dags/setupTeardown.py took 0.295 seconds
[2024-08-18T08:11:56.365+0000] {processor.py:186} INFO - Started process (PID=1298) to work on /opt/airflow/dags/setupTeardown.py
[2024-08-18T08:11:56.368+0000] {processor.py:914} INFO - Processing file /opt/airflow/dags/setupTeardown.py for tasks to queue
[2024-08-18T08:11:56.370+0000] {logging_mixin.py:190} INFO - [2024-08-18T08:11:56.370+0000] {dagbag.py:587} INFO - Filling up the DagBag from /opt/airflow/dags/setupTeardown.py
[2024-08-18T08:11:56.430+0000] {processor.py:925} INFO - DAG(s) 'setup_teardown' retrieved from /opt/airflow/dags/setupTeardown.py
[2024-08-18T08:11:56.496+0000] {logging_mixin.py:190} INFO - [2024-08-18T08:11:56.495+0000] {dag.py:3211} INFO - Sync 1 DAGs
[2024-08-18T08:11:56.561+0000] {logging_mixin.py:190} INFO - [2024-08-18T08:11:56.560+0000] {dag.py:4138} INFO - Setting next_dagrun for setup_teardown to 2024-08-17 21:00:00+00:00, run_after=2024-08-18 21:00:00+00:00
[2024-08-18T08:11:56.928+0000] {processor.py:208} INFO - Processing /opt/airflow/dags/setupTeardown.py took 0.571 seconds
[2024-08-18T08:12:29.115+0000] {processor.py:186} INFO - Started process (PID=1317) to work on /opt/airflow/dags/setupTeardown.py
[2024-08-18T08:12:29.117+0000] {processor.py:914} INFO - Processing file /opt/airflow/dags/setupTeardown.py for tasks to queue
[2024-08-18T08:12:29.120+0000] {logging_mixin.py:190} INFO - [2024-08-18T08:12:29.119+0000] {dagbag.py:587} INFO - Filling up the DagBag from /opt/airflow/dags/setupTeardown.py
[2024-08-18T08:12:29.165+0000] {processor.py:925} INFO - DAG(s) 'setup_teardown' retrieved from /opt/airflow/dags/setupTeardown.py
[2024-08-18T08:12:29.218+0000] {logging_mixin.py:190} INFO - [2024-08-18T08:12:29.217+0000] {dag.py:3211} INFO - Sync 1 DAGs
[2024-08-18T08:12:29.436+0000] {logging_mixin.py:190} INFO - [2024-08-18T08:12:29.435+0000] {dag.py:4138} INFO - Setting next_dagrun for setup_teardown to 2024-08-17 21:00:00+00:00, run_after=2024-08-18 21:00:00+00:00
[2024-08-18T08:12:29.557+0000] {processor.py:208} INFO - Processing /opt/airflow/dags/setupTeardown.py took 0.449 seconds
[2024-08-18T08:13:03.714+0000] {processor.py:186} INFO - Started process (PID=1336) to work on /opt/airflow/dags/setupTeardown.py
[2024-08-18T08:13:03.716+0000] {processor.py:914} INFO - Processing file /opt/airflow/dags/setupTeardown.py for tasks to queue
[2024-08-18T08:13:03.718+0000] {logging_mixin.py:190} INFO - [2024-08-18T08:13:03.718+0000] {dagbag.py:587} INFO - Filling up the DagBag from /opt/airflow/dags/setupTeardown.py
[2024-08-18T08:13:03.777+0000] {processor.py:925} INFO - DAG(s) 'setup_teardown' retrieved from /opt/airflow/dags/setupTeardown.py
[2024-08-18T08:13:03.842+0000] {logging_mixin.py:190} INFO - [2024-08-18T08:13:03.841+0000] {dag.py:3211} INFO - Sync 1 DAGs
[2024-08-18T08:13:04.128+0000] {logging_mixin.py:190} INFO - [2024-08-18T08:13:04.127+0000] {dag.py:4138} INFO - Setting next_dagrun for setup_teardown to 2024-08-17 21:00:00+00:00, run_after=2024-08-18 21:00:00+00:00
[2024-08-18T08:13:04.262+0000] {processor.py:208} INFO - Processing /opt/airflow/dags/setupTeardown.py took 0.557 seconds
[2024-08-18T08:13:42.373+0000] {processor.py:186} INFO - Started process (PID=1354) to work on /opt/airflow/dags/setupTeardown.py
[2024-08-18T08:13:42.375+0000] {processor.py:914} INFO - Processing file /opt/airflow/dags/setupTeardown.py for tasks to queue
[2024-08-18T08:13:42.378+0000] {logging_mixin.py:190} INFO - [2024-08-18T08:13:42.377+0000] {dagbag.py:587} INFO - Filling up the DagBag from /opt/airflow/dags/setupTeardown.py
[2024-08-18T08:13:42.429+0000] {processor.py:925} INFO - DAG(s) 'setup_teardown' retrieved from /opt/airflow/dags/setupTeardown.py
[2024-08-18T08:13:42.505+0000] {logging_mixin.py:190} INFO - [2024-08-18T08:13:42.504+0000] {dag.py:3211} INFO - Sync 1 DAGs
[2024-08-18T08:13:42.842+0000] {logging_mixin.py:190} INFO - [2024-08-18T08:13:42.841+0000] {dag.py:4138} INFO - Setting next_dagrun for setup_teardown to 2024-08-17 21:00:00+00:00, run_after=2024-08-18 21:00:00+00:00
[2024-08-18T08:13:42.970+0000] {processor.py:208} INFO - Processing /opt/airflow/dags/setupTeardown.py took 0.606 seconds
