[2024-08-18T07:46:47.496+0000] {processor.py:186} INFO - Started process (PID=540) to work on /opt/airflow/dags/triggerRule.py
[2024-08-18T07:46:47.498+0000] {processor.py:914} INFO - Processing file /opt/airflow/dags/triggerRule.py for tasks to queue
[2024-08-18T07:46:47.501+0000] {logging_mixin.py:190} INFO - [2024-08-18T07:46:47.500+0000] {dagbag.py:587} INFO - Filling up the DagBag from /opt/airflow/dags/triggerRule.py
[2024-08-18T07:46:47.597+0000] {processor.py:925} INFO - DAG(s) 'trigger_rules' retrieved from /opt/airflow/dags/triggerRule.py
[2024-08-18T07:46:47.947+0000] {logging_mixin.py:190} INFO - [2024-08-18T07:46:47.945+0000] {override.py:1858} INFO - Created Permission View: can read on DAG:trigger_rules
[2024-08-18T07:46:48.048+0000] {logging_mixin.py:190} INFO - [2024-08-18T07:46:48.047+0000] {override.py:1858} INFO - Created Permission View: can edit on DAG:trigger_rules
[2024-08-18T07:46:48.149+0000] {logging_mixin.py:190} INFO - [2024-08-18T07:46:48.148+0000] {override.py:1858} INFO - Created Permission View: can delete on DAG:trigger_rules
[2024-08-18T07:46:48.151+0000] {logging_mixin.py:190} INFO - [2024-08-18T07:46:48.150+0000] {dag.py:3211} INFO - Sync 1 DAGs
[2024-08-18T07:46:48.206+0000] {logging_mixin.py:190} INFO - [2024-08-18T07:46:48.205+0000] {dag.py:3234} INFO - Creating ORM DAG for trigger_rules
[2024-08-18T07:46:48.234+0000] {logging_mixin.py:190} INFO - [2024-08-18T07:46:48.234+0000] {dag.py:4138} INFO - Setting next_dagrun for trigger_rules to 2024-08-17 21:00:00+00:00, run_after=2024-08-18 21:00:00+00:00
[2024-08-18T07:46:48.415+0000] {processor.py:208} INFO - Processing /opt/airflow/dags/triggerRule.py took 0.927 seconds
[2024-08-18T07:47:19.696+0000] {processor.py:186} INFO - Started process (PID=552) to work on /opt/airflow/dags/triggerRule.py
[2024-08-18T07:47:19.698+0000] {processor.py:914} INFO - Processing file /opt/airflow/dags/triggerRule.py for tasks to queue
[2024-08-18T07:47:19.702+0000] {logging_mixin.py:190} INFO - [2024-08-18T07:47:19.701+0000] {dagbag.py:587} INFO - Filling up the DagBag from /opt/airflow/dags/triggerRule.py
[2024-08-18T07:47:19.758+0000] {processor.py:925} INFO - DAG(s) 'trigger_rules' retrieved from /opt/airflow/dags/triggerRule.py
[2024-08-18T07:47:19.828+0000] {logging_mixin.py:190} INFO - [2024-08-18T07:47:19.826+0000] {dag.py:3211} INFO - Sync 1 DAGs
[2024-08-18T07:47:19.888+0000] {logging_mixin.py:190} INFO - [2024-08-18T07:47:19.887+0000] {dag.py:4138} INFO - Setting next_dagrun for trigger_rules to 2024-08-17 21:00:00+00:00, run_after=2024-08-18 21:00:00+00:00
[2024-08-18T07:47:20.047+0000] {processor.py:208} INFO - Processing /opt/airflow/dags/triggerRule.py took 0.366 seconds
[2024-08-18T07:47:51.015+0000] {processor.py:186} INFO - Started process (PID=564) to work on /opt/airflow/dags/triggerRule.py
[2024-08-18T07:47:51.016+0000] {processor.py:914} INFO - Processing file /opt/airflow/dags/triggerRule.py for tasks to queue
[2024-08-18T07:47:51.019+0000] {logging_mixin.py:190} INFO - [2024-08-18T07:47:51.018+0000] {dagbag.py:587} INFO - Filling up the DagBag from /opt/airflow/dags/triggerRule.py
[2024-08-18T07:47:51.068+0000] {processor.py:925} INFO - DAG(s) 'trigger_rules' retrieved from /opt/airflow/dags/triggerRule.py
[2024-08-18T07:47:51.123+0000] {logging_mixin.py:190} INFO - [2024-08-18T07:47:51.121+0000] {dag.py:3211} INFO - Sync 1 DAGs
[2024-08-18T07:47:51.170+0000] {logging_mixin.py:190} INFO - [2024-08-18T07:47:51.170+0000] {dag.py:4138} INFO - Setting next_dagrun for trigger_rules to 2024-08-17 21:00:00+00:00, run_after=2024-08-18 21:00:00+00:00
[2024-08-18T07:47:51.519+0000] {processor.py:208} INFO - Processing /opt/airflow/dags/triggerRule.py took 0.512 seconds
[2024-08-18T07:48:22.891+0000] {processor.py:186} INFO - Started process (PID=576) to work on /opt/airflow/dags/triggerRule.py
[2024-08-18T07:48:22.893+0000] {processor.py:914} INFO - Processing file /opt/airflow/dags/triggerRule.py for tasks to queue
[2024-08-18T07:48:22.895+0000] {logging_mixin.py:190} INFO - [2024-08-18T07:48:22.895+0000] {dagbag.py:587} INFO - Filling up the DagBag from /opt/airflow/dags/triggerRule.py
[2024-08-18T07:48:22.955+0000] {processor.py:925} INFO - DAG(s) 'trigger_rules' retrieved from /opt/airflow/dags/triggerRule.py
[2024-08-18T07:48:23.010+0000] {logging_mixin.py:190} INFO - [2024-08-18T07:48:23.008+0000] {dag.py:3211} INFO - Sync 1 DAGs
[2024-08-18T07:48:23.066+0000] {logging_mixin.py:190} INFO - [2024-08-18T07:48:23.066+0000] {dag.py:4138} INFO - Setting next_dagrun for trigger_rules to 2024-08-17 21:00:00+00:00, run_after=2024-08-18 21:00:00+00:00
[2024-08-18T07:48:23.203+0000] {processor.py:208} INFO - Processing /opt/airflow/dags/triggerRule.py took 0.318 seconds
[2024-08-18T07:48:54.350+0000] {processor.py:186} INFO - Started process (PID=588) to work on /opt/airflow/dags/triggerRule.py
[2024-08-18T07:48:54.352+0000] {processor.py:914} INFO - Processing file /opt/airflow/dags/triggerRule.py for tasks to queue
[2024-08-18T07:48:54.354+0000] {logging_mixin.py:190} INFO - [2024-08-18T07:48:54.353+0000] {dagbag.py:587} INFO - Filling up the DagBag from /opt/airflow/dags/triggerRule.py
[2024-08-18T07:48:54.413+0000] {processor.py:925} INFO - DAG(s) 'trigger_rules' retrieved from /opt/airflow/dags/triggerRule.py
[2024-08-18T07:48:54.470+0000] {logging_mixin.py:190} INFO - [2024-08-18T07:48:54.469+0000] {dag.py:3211} INFO - Sync 1 DAGs
[2024-08-18T07:48:54.514+0000] {logging_mixin.py:190} INFO - [2024-08-18T07:48:54.513+0000] {dag.py:4138} INFO - Setting next_dagrun for trigger_rules to 2024-08-17 21:00:00+00:00, run_after=2024-08-18 21:00:00+00:00
[2024-08-18T07:48:54.646+0000] {processor.py:208} INFO - Processing /opt/airflow/dags/triggerRule.py took 0.302 seconds
[2024-08-18T07:49:24.846+0000] {processor.py:186} INFO - Started process (PID=600) to work on /opt/airflow/dags/triggerRule.py
[2024-08-18T07:49:24.848+0000] {processor.py:914} INFO - Processing file /opt/airflow/dags/triggerRule.py for tasks to queue
[2024-08-18T07:49:24.850+0000] {logging_mixin.py:190} INFO - [2024-08-18T07:49:24.849+0000] {dagbag.py:587} INFO - Filling up the DagBag from /opt/airflow/dags/triggerRule.py
[2024-08-18T07:49:24.892+0000] {processor.py:925} INFO - DAG(s) 'trigger_rules' retrieved from /opt/airflow/dags/triggerRule.py
[2024-08-18T07:49:24.945+0000] {logging_mixin.py:190} INFO - [2024-08-18T07:49:24.945+0000] {dag.py:3211} INFO - Sync 1 DAGs
[2024-08-18T07:49:24.992+0000] {logging_mixin.py:190} INFO - [2024-08-18T07:49:24.991+0000] {dag.py:4138} INFO - Setting next_dagrun for trigger_rules to 2024-08-17 21:00:00+00:00, run_after=2024-08-18 21:00:00+00:00
[2024-08-18T07:49:25.107+0000] {processor.py:208} INFO - Processing /opt/airflow/dags/triggerRule.py took 0.267 seconds
[2024-08-18T07:49:55.467+0000] {processor.py:186} INFO - Started process (PID=612) to work on /opt/airflow/dags/triggerRule.py
[2024-08-18T07:49:55.468+0000] {processor.py:914} INFO - Processing file /opt/airflow/dags/triggerRule.py for tasks to queue
[2024-08-18T07:49:55.470+0000] {logging_mixin.py:190} INFO - [2024-08-18T07:49:55.470+0000] {dagbag.py:587} INFO - Filling up the DagBag from /opt/airflow/dags/triggerRule.py
[2024-08-18T07:49:55.531+0000] {processor.py:925} INFO - DAG(s) 'trigger_rules' retrieved from /opt/airflow/dags/triggerRule.py
[2024-08-18T07:49:55.587+0000] {logging_mixin.py:190} INFO - [2024-08-18T07:49:55.586+0000] {dag.py:3211} INFO - Sync 1 DAGs
[2024-08-18T07:49:55.628+0000] {logging_mixin.py:190} INFO - [2024-08-18T07:49:55.628+0000] {dag.py:4138} INFO - Setting next_dagrun for trigger_rules to 2024-08-17 21:00:00+00:00, run_after=2024-08-18 21:00:00+00:00
[2024-08-18T07:49:55.769+0000] {processor.py:208} INFO - Processing /opt/airflow/dags/triggerRule.py took 0.307 seconds
[2024-08-18T07:50:27.258+0000] {processor.py:186} INFO - Started process (PID=624) to work on /opt/airflow/dags/triggerRule.py
[2024-08-18T07:50:27.261+0000] {processor.py:914} INFO - Processing file /opt/airflow/dags/triggerRule.py for tasks to queue
[2024-08-18T07:50:27.263+0000] {logging_mixin.py:190} INFO - [2024-08-18T07:50:27.263+0000] {dagbag.py:587} INFO - Filling up the DagBag from /opt/airflow/dags/triggerRule.py
[2024-08-18T07:50:27.322+0000] {processor.py:925} INFO - DAG(s) 'trigger_rules' retrieved from /opt/airflow/dags/triggerRule.py
[2024-08-18T07:50:27.381+0000] {logging_mixin.py:190} INFO - [2024-08-18T07:50:27.380+0000] {dag.py:3211} INFO - Sync 1 DAGs
[2024-08-18T07:50:27.422+0000] {logging_mixin.py:190} INFO - [2024-08-18T07:50:27.422+0000] {dag.py:4138} INFO - Setting next_dagrun for trigger_rules to 2024-08-17 21:00:00+00:00, run_after=2024-08-18 21:00:00+00:00
[2024-08-18T07:50:27.558+0000] {processor.py:208} INFO - Processing /opt/airflow/dags/triggerRule.py took 0.307 seconds
[2024-08-18T07:50:57.972+0000] {processor.py:186} INFO - Started process (PID=636) to work on /opt/airflow/dags/triggerRule.py
[2024-08-18T07:50:57.973+0000] {processor.py:914} INFO - Processing file /opt/airflow/dags/triggerRule.py for tasks to queue
[2024-08-18T07:50:57.976+0000] {logging_mixin.py:190} INFO - [2024-08-18T07:50:57.975+0000] {dagbag.py:587} INFO - Filling up the DagBag from /opt/airflow/dags/triggerRule.py
[2024-08-18T07:50:58.031+0000] {processor.py:925} INFO - DAG(s) 'trigger_rules' retrieved from /opt/airflow/dags/triggerRule.py
[2024-08-18T07:50:58.083+0000] {logging_mixin.py:190} INFO - [2024-08-18T07:50:58.082+0000] {dag.py:3211} INFO - Sync 1 DAGs
[2024-08-18T07:50:58.122+0000] {logging_mixin.py:190} INFO - [2024-08-18T07:50:58.122+0000] {dag.py:4138} INFO - Setting next_dagrun for trigger_rules to 2024-08-17 21:00:00+00:00, run_after=2024-08-18 21:00:00+00:00
[2024-08-18T07:50:58.259+0000] {processor.py:208} INFO - Processing /opt/airflow/dags/triggerRule.py took 0.292 seconds
[2024-08-18T07:51:28.648+0000] {processor.py:186} INFO - Started process (PID=648) to work on /opt/airflow/dags/triggerRule.py
[2024-08-18T07:51:28.650+0000] {processor.py:914} INFO - Processing file /opt/airflow/dags/triggerRule.py for tasks to queue
[2024-08-18T07:51:28.652+0000] {logging_mixin.py:190} INFO - [2024-08-18T07:51:28.651+0000] {dagbag.py:587} INFO - Filling up the DagBag from /opt/airflow/dags/triggerRule.py
[2024-08-18T07:51:28.710+0000] {processor.py:925} INFO - DAG(s) 'trigger_rules' retrieved from /opt/airflow/dags/triggerRule.py
[2024-08-18T07:51:28.760+0000] {logging_mixin.py:190} INFO - [2024-08-18T07:51:28.759+0000] {dag.py:3211} INFO - Sync 1 DAGs
[2024-08-18T07:51:28.801+0000] {logging_mixin.py:190} INFO - [2024-08-18T07:51:28.800+0000] {dag.py:4138} INFO - Setting next_dagrun for trigger_rules to 2024-08-17 21:00:00+00:00, run_after=2024-08-18 21:00:00+00:00
[2024-08-18T07:51:28.934+0000] {processor.py:208} INFO - Processing /opt/airflow/dags/triggerRule.py took 0.293 seconds
[2024-08-18T07:52:01.944+0000] {processor.py:186} INFO - Started process (PID=663) to work on /opt/airflow/dags/triggerRule.py
[2024-08-18T07:52:01.945+0000] {processor.py:914} INFO - Processing file /opt/airflow/dags/triggerRule.py for tasks to queue
[2024-08-18T07:52:01.948+0000] {logging_mixin.py:190} INFO - [2024-08-18T07:52:01.947+0000] {dagbag.py:587} INFO - Filling up the DagBag from /opt/airflow/dags/triggerRule.py
[2024-08-18T07:52:01.992+0000] {processor.py:925} INFO - DAG(s) 'trigger_rules' retrieved from /opt/airflow/dags/triggerRule.py
[2024-08-18T07:52:02.038+0000] {logging_mixin.py:190} INFO - [2024-08-18T07:52:02.038+0000] {dag.py:3211} INFO - Sync 1 DAGs
[2024-08-18T07:52:02.078+0000] {logging_mixin.py:190} INFO - [2024-08-18T07:52:02.077+0000] {dag.py:4138} INFO - Setting next_dagrun for trigger_rules to 2024-08-17 21:00:00+00:00, run_after=2024-08-18 21:00:00+00:00
[2024-08-18T07:52:02.193+0000] {processor.py:208} INFO - Processing /opt/airflow/dags/triggerRule.py took 0.254 seconds
[2024-08-18T07:52:34.283+0000] {processor.py:186} INFO - Started process (PID=678) to work on /opt/airflow/dags/triggerRule.py
[2024-08-18T07:52:34.285+0000] {processor.py:914} INFO - Processing file /opt/airflow/dags/triggerRule.py for tasks to queue
[2024-08-18T07:52:34.288+0000] {logging_mixin.py:190} INFO - [2024-08-18T07:52:34.287+0000] {dagbag.py:587} INFO - Filling up the DagBag from /opt/airflow/dags/triggerRule.py
[2024-08-18T07:52:34.348+0000] {processor.py:925} INFO - DAG(s) 'trigger_rules' retrieved from /opt/airflow/dags/triggerRule.py
[2024-08-18T07:52:34.398+0000] {logging_mixin.py:190} INFO - [2024-08-18T07:52:34.398+0000] {dag.py:3211} INFO - Sync 1 DAGs
[2024-08-18T07:52:34.438+0000] {logging_mixin.py:190} INFO - [2024-08-18T07:52:34.437+0000] {dag.py:4138} INFO - Setting next_dagrun for trigger_rules to 2024-08-17 21:00:00+00:00, run_after=2024-08-18 21:00:00+00:00
[2024-08-18T07:52:34.563+0000] {processor.py:208} INFO - Processing /opt/airflow/dags/triggerRule.py took 0.291 seconds
[2024-08-18T07:53:06.228+0000] {processor.py:186} INFO - Started process (PID=693) to work on /opt/airflow/dags/triggerRule.py
[2024-08-18T07:53:06.229+0000] {processor.py:914} INFO - Processing file /opt/airflow/dags/triggerRule.py for tasks to queue
[2024-08-18T07:53:06.232+0000] {logging_mixin.py:190} INFO - [2024-08-18T07:53:06.232+0000] {dagbag.py:587} INFO - Filling up the DagBag from /opt/airflow/dags/triggerRule.py
[2024-08-18T07:53:06.280+0000] {processor.py:925} INFO - DAG(s) 'trigger_rules' retrieved from /opt/airflow/dags/triggerRule.py
[2024-08-18T07:53:06.339+0000] {logging_mixin.py:190} INFO - [2024-08-18T07:53:06.338+0000] {dag.py:3211} INFO - Sync 1 DAGs
[2024-08-18T07:53:06.389+0000] {logging_mixin.py:190} INFO - [2024-08-18T07:53:06.389+0000] {dag.py:4138} INFO - Setting next_dagrun for trigger_rules to 2024-08-17 21:00:00+00:00, run_after=2024-08-18 21:00:00+00:00
[2024-08-18T07:53:06.500+0000] {processor.py:208} INFO - Processing /opt/airflow/dags/triggerRule.py took 0.280 seconds
[2024-08-18T07:53:37.789+0000] {processor.py:186} INFO - Started process (PID=708) to work on /opt/airflow/dags/triggerRule.py
[2024-08-18T07:53:37.791+0000] {processor.py:914} INFO - Processing file /opt/airflow/dags/triggerRule.py for tasks to queue
[2024-08-18T07:53:37.793+0000] {logging_mixin.py:190} INFO - [2024-08-18T07:53:37.793+0000] {dagbag.py:587} INFO - Filling up the DagBag from /opt/airflow/dags/triggerRule.py
[2024-08-18T07:53:37.844+0000] {processor.py:925} INFO - DAG(s) 'trigger_rules' retrieved from /opt/airflow/dags/triggerRule.py
[2024-08-18T07:53:37.892+0000] {logging_mixin.py:190} INFO - [2024-08-18T07:53:37.891+0000] {dag.py:3211} INFO - Sync 1 DAGs
[2024-08-18T07:53:37.936+0000] {logging_mixin.py:190} INFO - [2024-08-18T07:53:37.936+0000] {dag.py:4138} INFO - Setting next_dagrun for trigger_rules to 2024-08-17 21:00:00+00:00, run_after=2024-08-18 21:00:00+00:00
[2024-08-18T07:53:38.077+0000] {processor.py:208} INFO - Processing /opt/airflow/dags/triggerRule.py took 0.293 seconds
[2024-08-18T07:54:08.723+0000] {processor.py:186} INFO - Started process (PID=724) to work on /opt/airflow/dags/triggerRule.py
[2024-08-18T07:54:08.725+0000] {processor.py:914} INFO - Processing file /opt/airflow/dags/triggerRule.py for tasks to queue
[2024-08-18T07:54:08.727+0000] {logging_mixin.py:190} INFO - [2024-08-18T07:54:08.726+0000] {dagbag.py:587} INFO - Filling up the DagBag from /opt/airflow/dags/triggerRule.py
[2024-08-18T07:54:08.775+0000] {processor.py:925} INFO - DAG(s) 'trigger_rules' retrieved from /opt/airflow/dags/triggerRule.py
[2024-08-18T07:54:08.830+0000] {logging_mixin.py:190} INFO - [2024-08-18T07:54:08.829+0000] {dag.py:3211} INFO - Sync 1 DAGs
[2024-08-18T07:54:08.884+0000] {logging_mixin.py:190} INFO - [2024-08-18T07:54:08.884+0000] {dag.py:4138} INFO - Setting next_dagrun for trigger_rules to 2024-08-17 21:00:00+00:00, run_after=2024-08-18 21:00:00+00:00
[2024-08-18T07:54:09.325+0000] {processor.py:208} INFO - Processing /opt/airflow/dags/triggerRule.py took 0.610 seconds
[2024-08-18T07:54:39.879+0000] {processor.py:186} INFO - Started process (PID=739) to work on /opt/airflow/dags/triggerRule.py
[2024-08-18T07:54:39.881+0000] {processor.py:914} INFO - Processing file /opt/airflow/dags/triggerRule.py for tasks to queue
[2024-08-18T07:54:39.883+0000] {logging_mixin.py:190} INFO - [2024-08-18T07:54:39.882+0000] {dagbag.py:587} INFO - Filling up the DagBag from /opt/airflow/dags/triggerRule.py
[2024-08-18T07:54:39.952+0000] {processor.py:925} INFO - DAG(s) 'trigger_rules' retrieved from /opt/airflow/dags/triggerRule.py
[2024-08-18T07:54:40.006+0000] {logging_mixin.py:190} INFO - [2024-08-18T07:54:40.005+0000] {dag.py:3211} INFO - Sync 1 DAGs
[2024-08-18T07:54:40.050+0000] {logging_mixin.py:190} INFO - [2024-08-18T07:54:40.049+0000] {dag.py:4138} INFO - Setting next_dagrun for trigger_rules to 2024-08-17 21:00:00+00:00, run_after=2024-08-18 21:00:00+00:00
[2024-08-18T07:54:40.185+0000] {processor.py:208} INFO - Processing /opt/airflow/dags/triggerRule.py took 0.311 seconds
[2024-08-18T07:55:11.263+0000] {processor.py:186} INFO - Started process (PID=754) to work on /opt/airflow/dags/triggerRule.py
[2024-08-18T07:55:11.265+0000] {processor.py:914} INFO - Processing file /opt/airflow/dags/triggerRule.py for tasks to queue
[2024-08-18T07:55:11.267+0000] {logging_mixin.py:190} INFO - [2024-08-18T07:55:11.267+0000] {dagbag.py:587} INFO - Filling up the DagBag from /opt/airflow/dags/triggerRule.py
[2024-08-18T07:55:11.307+0000] {processor.py:925} INFO - DAG(s) 'trigger_rules' retrieved from /opt/airflow/dags/triggerRule.py
[2024-08-18T07:55:11.358+0000] {logging_mixin.py:190} INFO - [2024-08-18T07:55:11.357+0000] {dag.py:3211} INFO - Sync 1 DAGs
[2024-08-18T07:55:11.391+0000] {logging_mixin.py:190} INFO - [2024-08-18T07:55:11.391+0000] {dag.py:4138} INFO - Setting next_dagrun for trigger_rules to 2024-08-17 21:00:00+00:00, run_after=2024-08-18 21:00:00+00:00
[2024-08-18T07:55:11.480+0000] {processor.py:208} INFO - Processing /opt/airflow/dags/triggerRule.py took 0.224 seconds
[2024-08-18T07:55:43.331+0000] {processor.py:186} INFO - Started process (PID=769) to work on /opt/airflow/dags/triggerRule.py
[2024-08-18T07:55:43.332+0000] {processor.py:914} INFO - Processing file /opt/airflow/dags/triggerRule.py for tasks to queue
[2024-08-18T07:55:43.335+0000] {logging_mixin.py:190} INFO - [2024-08-18T07:55:43.334+0000] {dagbag.py:587} INFO - Filling up the DagBag from /opt/airflow/dags/triggerRule.py
[2024-08-18T07:55:43.387+0000] {processor.py:925} INFO - DAG(s) 'trigger_rules' retrieved from /opt/airflow/dags/triggerRule.py
[2024-08-18T07:55:43.459+0000] {logging_mixin.py:190} INFO - [2024-08-18T07:55:43.458+0000] {dag.py:3211} INFO - Sync 1 DAGs
[2024-08-18T07:55:43.514+0000] {logging_mixin.py:190} INFO - [2024-08-18T07:55:43.513+0000] {dag.py:4138} INFO - Setting next_dagrun for trigger_rules to 2024-08-17 21:00:00+00:00, run_after=2024-08-18 21:00:00+00:00
[2024-08-18T07:55:43.656+0000] {processor.py:208} INFO - Processing /opt/airflow/dags/triggerRule.py took 0.333 seconds
[2024-08-18T07:56:14.506+0000] {processor.py:186} INFO - Started process (PID=784) to work on /opt/airflow/dags/triggerRule.py
[2024-08-18T07:56:14.508+0000] {processor.py:914} INFO - Processing file /opt/airflow/dags/triggerRule.py for tasks to queue
[2024-08-18T07:56:14.510+0000] {logging_mixin.py:190} INFO - [2024-08-18T07:56:14.509+0000] {dagbag.py:587} INFO - Filling up the DagBag from /opt/airflow/dags/triggerRule.py
[2024-08-18T07:56:14.559+0000] {processor.py:925} INFO - DAG(s) 'trigger_rules' retrieved from /opt/airflow/dags/triggerRule.py
[2024-08-18T07:56:14.617+0000] {logging_mixin.py:190} INFO - [2024-08-18T07:56:14.616+0000] {dag.py:3211} INFO - Sync 1 DAGs
[2024-08-18T07:56:14.766+0000] {logging_mixin.py:190} INFO - [2024-08-18T07:56:14.765+0000] {dag.py:4138} INFO - Setting next_dagrun for trigger_rules to 2024-08-17 21:00:00+00:00, run_after=2024-08-18 21:00:00+00:00
[2024-08-18T07:56:14.851+0000] {processor.py:208} INFO - Processing /opt/airflow/dags/triggerRule.py took 0.352 seconds
[2024-08-18T07:56:45.242+0000] {processor.py:186} INFO - Started process (PID=799) to work on /opt/airflow/dags/triggerRule.py
[2024-08-18T07:56:45.245+0000] {processor.py:914} INFO - Processing file /opt/airflow/dags/triggerRule.py for tasks to queue
[2024-08-18T07:56:45.248+0000] {logging_mixin.py:190} INFO - [2024-08-18T07:56:45.247+0000] {dagbag.py:587} INFO - Filling up the DagBag from /opt/airflow/dags/triggerRule.py
[2024-08-18T07:56:45.306+0000] {processor.py:925} INFO - DAG(s) 'trigger_rules' retrieved from /opt/airflow/dags/triggerRule.py
[2024-08-18T07:56:45.367+0000] {logging_mixin.py:190} INFO - [2024-08-18T07:56:45.366+0000] {dag.py:3211} INFO - Sync 1 DAGs
[2024-08-18T07:56:45.417+0000] {logging_mixin.py:190} INFO - [2024-08-18T07:56:45.417+0000] {dag.py:4138} INFO - Setting next_dagrun for trigger_rules to 2024-08-17 21:00:00+00:00, run_after=2024-08-18 21:00:00+00:00
[2024-08-18T07:56:45.564+0000] {processor.py:208} INFO - Processing /opt/airflow/dags/triggerRule.py took 0.330 seconds
[2024-08-18T07:57:15.806+0000] {processor.py:186} INFO - Started process (PID=814) to work on /opt/airflow/dags/triggerRule.py
[2024-08-18T07:57:15.809+0000] {processor.py:914} INFO - Processing file /opt/airflow/dags/triggerRule.py for tasks to queue
[2024-08-18T07:57:15.811+0000] {logging_mixin.py:190} INFO - [2024-08-18T07:57:15.811+0000] {dagbag.py:587} INFO - Filling up the DagBag from /opt/airflow/dags/triggerRule.py
[2024-08-18T07:57:15.877+0000] {processor.py:925} INFO - DAG(s) 'trigger_rules' retrieved from /opt/airflow/dags/triggerRule.py
[2024-08-18T07:57:15.958+0000] {logging_mixin.py:190} INFO - [2024-08-18T07:57:15.957+0000] {dag.py:3211} INFO - Sync 1 DAGs
[2024-08-18T07:57:16.018+0000] {logging_mixin.py:190} INFO - [2024-08-18T07:57:16.017+0000] {dag.py:4138} INFO - Setting next_dagrun for trigger_rules to 2024-08-17 21:00:00+00:00, run_after=2024-08-18 21:00:00+00:00
[2024-08-18T07:57:16.167+0000] {processor.py:208} INFO - Processing /opt/airflow/dags/triggerRule.py took 0.370 seconds
[2024-08-18T07:57:47.213+0000] {processor.py:186} INFO - Started process (PID=830) to work on /opt/airflow/dags/triggerRule.py
[2024-08-18T07:57:47.216+0000] {processor.py:914} INFO - Processing file /opt/airflow/dags/triggerRule.py for tasks to queue
[2024-08-18T07:57:47.220+0000] {logging_mixin.py:190} INFO - [2024-08-18T07:57:47.219+0000] {dagbag.py:587} INFO - Filling up the DagBag from /opt/airflow/dags/triggerRule.py
[2024-08-18T07:57:47.270+0000] {processor.py:925} INFO - DAG(s) 'trigger_rules' retrieved from /opt/airflow/dags/triggerRule.py
[2024-08-18T07:57:47.327+0000] {logging_mixin.py:190} INFO - [2024-08-18T07:57:47.326+0000] {dag.py:3211} INFO - Sync 1 DAGs
[2024-08-18T07:57:47.382+0000] {logging_mixin.py:190} INFO - [2024-08-18T07:57:47.381+0000] {dag.py:4138} INFO - Setting next_dagrun for trigger_rules to 2024-08-17 21:00:00+00:00, run_after=2024-08-18 21:00:00+00:00
[2024-08-18T07:57:47.666+0000] {processor.py:208} INFO - Processing /opt/airflow/dags/triggerRule.py took 0.459 seconds
[2024-08-18T07:58:18.045+0000] {processor.py:186} INFO - Started process (PID=846) to work on /opt/airflow/dags/triggerRule.py
[2024-08-18T07:58:18.046+0000] {processor.py:914} INFO - Processing file /opt/airflow/dags/triggerRule.py for tasks to queue
[2024-08-18T07:58:18.047+0000] {logging_mixin.py:190} INFO - [2024-08-18T07:58:18.047+0000] {dagbag.py:587} INFO - Filling up the DagBag from /opt/airflow/dags/triggerRule.py
[2024-08-18T07:58:18.100+0000] {processor.py:925} INFO - DAG(s) 'trigger_rules' retrieved from /opt/airflow/dags/triggerRule.py
[2024-08-18T07:58:18.152+0000] {logging_mixin.py:190} INFO - [2024-08-18T07:58:18.151+0000] {dag.py:3211} INFO - Sync 1 DAGs
[2024-08-18T07:58:18.199+0000] {logging_mixin.py:190} INFO - [2024-08-18T07:58:18.199+0000] {dag.py:4138} INFO - Setting next_dagrun for trigger_rules to 2024-08-17 21:00:00+00:00, run_after=2024-08-18 21:00:00+00:00
[2024-08-18T07:58:18.334+0000] {processor.py:208} INFO - Processing /opt/airflow/dags/triggerRule.py took 0.295 seconds
[2024-08-18T07:58:50.004+0000] {processor.py:186} INFO - Started process (PID=861) to work on /opt/airflow/dags/triggerRule.py
[2024-08-18T07:58:50.019+0000] {processor.py:914} INFO - Processing file /opt/airflow/dags/triggerRule.py for tasks to queue
[2024-08-18T07:58:50.026+0000] {logging_mixin.py:190} INFO - [2024-08-18T07:58:50.024+0000] {dagbag.py:587} INFO - Filling up the DagBag from /opt/airflow/dags/triggerRule.py
[2024-08-18T07:58:50.357+0000] {processor.py:925} INFO - DAG(s) 'trigger_rules' retrieved from /opt/airflow/dags/triggerRule.py
[2024-08-18T07:58:50.518+0000] {logging_mixin.py:190} INFO - [2024-08-18T07:58:50.517+0000] {dag.py:3211} INFO - Sync 1 DAGs
[2024-08-18T07:58:50.752+0000] {logging_mixin.py:190} INFO - [2024-08-18T07:58:50.751+0000] {dag.py:4138} INFO - Setting next_dagrun for trigger_rules to 2024-08-17 21:00:00+00:00, run_after=2024-08-18 21:00:00+00:00
[2024-08-18T07:58:50.961+0000] {processor.py:208} INFO - Processing /opt/airflow/dags/triggerRule.py took 0.986 seconds
[2024-08-18T07:59:21.946+0000] {processor.py:186} INFO - Started process (PID=877) to work on /opt/airflow/dags/triggerRule.py
[2024-08-18T07:59:21.948+0000] {processor.py:914} INFO - Processing file /opt/airflow/dags/triggerRule.py for tasks to queue
[2024-08-18T07:59:21.950+0000] {logging_mixin.py:190} INFO - [2024-08-18T07:59:21.950+0000] {dagbag.py:587} INFO - Filling up the DagBag from /opt/airflow/dags/triggerRule.py
[2024-08-18T07:59:21.992+0000] {processor.py:925} INFO - DAG(s) 'trigger_rules' retrieved from /opt/airflow/dags/triggerRule.py
[2024-08-18T07:59:22.033+0000] {logging_mixin.py:190} INFO - [2024-08-18T07:59:22.032+0000] {dag.py:3211} INFO - Sync 1 DAGs
[2024-08-18T07:59:22.062+0000] {logging_mixin.py:190} INFO - [2024-08-18T07:59:22.062+0000] {dag.py:4138} INFO - Setting next_dagrun for trigger_rules to 2024-08-17 21:00:00+00:00, run_after=2024-08-18 21:00:00+00:00
[2024-08-18T07:59:22.337+0000] {processor.py:208} INFO - Processing /opt/airflow/dags/triggerRule.py took 0.398 seconds
[2024-08-18T07:59:52.754+0000] {processor.py:186} INFO - Started process (PID=893) to work on /opt/airflow/dags/triggerRule.py
[2024-08-18T07:59:52.755+0000] {processor.py:914} INFO - Processing file /opt/airflow/dags/triggerRule.py for tasks to queue
[2024-08-18T07:59:52.757+0000] {logging_mixin.py:190} INFO - [2024-08-18T07:59:52.757+0000] {dagbag.py:587} INFO - Filling up the DagBag from /opt/airflow/dags/triggerRule.py
[2024-08-18T07:59:52.812+0000] {processor.py:925} INFO - DAG(s) 'trigger_rules' retrieved from /opt/airflow/dags/triggerRule.py
[2024-08-18T07:59:52.863+0000] {logging_mixin.py:190} INFO - [2024-08-18T07:59:52.862+0000] {dag.py:3211} INFO - Sync 1 DAGs
[2024-08-18T07:59:53.076+0000] {logging_mixin.py:190} INFO - [2024-08-18T07:59:53.076+0000] {dag.py:4138} INFO - Setting next_dagrun for trigger_rules to 2024-08-17 21:00:00+00:00, run_after=2024-08-18 21:00:00+00:00
[2024-08-18T07:59:53.209+0000] {processor.py:208} INFO - Processing /opt/airflow/dags/triggerRule.py took 0.460 seconds
[2024-08-18T08:00:24.451+0000] {processor.py:186} INFO - Started process (PID=909) to work on /opt/airflow/dags/triggerRule.py
[2024-08-18T08:00:24.453+0000] {processor.py:914} INFO - Processing file /opt/airflow/dags/triggerRule.py for tasks to queue
[2024-08-18T08:00:24.457+0000] {logging_mixin.py:190} INFO - [2024-08-18T08:00:24.456+0000] {dagbag.py:587} INFO - Filling up the DagBag from /opt/airflow/dags/triggerRule.py
[2024-08-18T08:00:24.516+0000] {processor.py:925} INFO - DAG(s) 'trigger_rules' retrieved from /opt/airflow/dags/triggerRule.py
[2024-08-18T08:00:24.570+0000] {logging_mixin.py:190} INFO - [2024-08-18T08:00:24.569+0000] {dag.py:3211} INFO - Sync 1 DAGs
[2024-08-18T08:00:24.773+0000] {logging_mixin.py:190} INFO - [2024-08-18T08:00:24.773+0000] {dag.py:4138} INFO - Setting next_dagrun for trigger_rules to 2024-08-17 21:00:00+00:00, run_after=2024-08-18 21:00:00+00:00
[2024-08-18T08:00:24.847+0000] {processor.py:208} INFO - Processing /opt/airflow/dags/triggerRule.py took 0.404 seconds
[2024-08-18T08:00:56.143+0000] {processor.py:186} INFO - Started process (PID=925) to work on /opt/airflow/dags/triggerRule.py
[2024-08-18T08:00:56.145+0000] {processor.py:914} INFO - Processing file /opt/airflow/dags/triggerRule.py for tasks to queue
[2024-08-18T08:00:56.146+0000] {logging_mixin.py:190} INFO - [2024-08-18T08:00:56.146+0000] {dagbag.py:587} INFO - Filling up the DagBag from /opt/airflow/dags/triggerRule.py
[2024-08-18T08:00:56.176+0000] {processor.py:925} INFO - DAG(s) 'trigger_rules' retrieved from /opt/airflow/dags/triggerRule.py
[2024-08-18T08:00:56.227+0000] {logging_mixin.py:190} INFO - [2024-08-18T08:00:56.226+0000] {dag.py:3211} INFO - Sync 1 DAGs
[2024-08-18T08:00:56.270+0000] {logging_mixin.py:190} INFO - [2024-08-18T08:00:56.270+0000] {dag.py:4138} INFO - Setting next_dagrun for trigger_rules to 2024-08-17 21:00:00+00:00, run_after=2024-08-18 21:00:00+00:00
[2024-08-18T08:00:56.403+0000] {processor.py:208} INFO - Processing /opt/airflow/dags/triggerRule.py took 0.265 seconds
[2024-08-18T08:01:26.983+0000] {processor.py:186} INFO - Started process (PID=941) to work on /opt/airflow/dags/triggerRule.py
[2024-08-18T08:01:26.984+0000] {processor.py:914} INFO - Processing file /opt/airflow/dags/triggerRule.py for tasks to queue
[2024-08-18T08:01:26.986+0000] {logging_mixin.py:190} INFO - [2024-08-18T08:01:26.986+0000] {dagbag.py:587} INFO - Filling up the DagBag from /opt/airflow/dags/triggerRule.py
[2024-08-18T08:01:27.045+0000] {processor.py:925} INFO - DAG(s) 'trigger_rules' retrieved from /opt/airflow/dags/triggerRule.py
[2024-08-18T08:01:27.096+0000] {logging_mixin.py:190} INFO - [2024-08-18T08:01:27.095+0000] {dag.py:3211} INFO - Sync 1 DAGs
[2024-08-18T08:01:27.139+0000] {logging_mixin.py:190} INFO - [2024-08-18T08:01:27.139+0000] {dag.py:4138} INFO - Setting next_dagrun for trigger_rules to 2024-08-17 21:00:00+00:00, run_after=2024-08-18 21:00:00+00:00
[2024-08-18T08:01:27.253+0000] {processor.py:208} INFO - Processing /opt/airflow/dags/triggerRule.py took 0.275 seconds
[2024-08-18T08:01:59.424+0000] {processor.py:186} INFO - Started process (PID=959) to work on /opt/airflow/dags/triggerRule.py
[2024-08-18T08:01:59.425+0000] {processor.py:914} INFO - Processing file /opt/airflow/dags/triggerRule.py for tasks to queue
[2024-08-18T08:01:59.427+0000] {logging_mixin.py:190} INFO - [2024-08-18T08:01:59.427+0000] {dagbag.py:587} INFO - Filling up the DagBag from /opt/airflow/dags/triggerRule.py
[2024-08-18T08:01:59.454+0000] {processor.py:925} INFO - DAG(s) 'trigger_rules' retrieved from /opt/airflow/dags/triggerRule.py
[2024-08-18T08:01:59.497+0000] {logging_mixin.py:190} INFO - [2024-08-18T08:01:59.496+0000] {dag.py:3211} INFO - Sync 1 DAGs
[2024-08-18T08:01:59.537+0000] {logging_mixin.py:190} INFO - [2024-08-18T08:01:59.536+0000] {dag.py:4138} INFO - Setting next_dagrun for trigger_rules to 2024-08-17 21:00:00+00:00, run_after=2024-08-18 21:00:00+00:00
[2024-08-18T08:01:59.659+0000] {processor.py:208} INFO - Processing /opt/airflow/dags/triggerRule.py took 0.240 seconds
[2024-08-18T08:02:30.754+0000] {processor.py:186} INFO - Started process (PID=977) to work on /opt/airflow/dags/triggerRule.py
[2024-08-18T08:02:30.755+0000] {processor.py:914} INFO - Processing file /opt/airflow/dags/triggerRule.py for tasks to queue
[2024-08-18T08:02:30.757+0000] {logging_mixin.py:190} INFO - [2024-08-18T08:02:30.756+0000] {dagbag.py:587} INFO - Filling up the DagBag from /opt/airflow/dags/triggerRule.py
[2024-08-18T08:02:30.814+0000] {processor.py:925} INFO - DAG(s) 'trigger_rules' retrieved from /opt/airflow/dags/triggerRule.py
[2024-08-18T08:02:30.875+0000] {logging_mixin.py:190} INFO - [2024-08-18T08:02:30.873+0000] {dag.py:3211} INFO - Sync 1 DAGs
[2024-08-18T08:02:30.924+0000] {logging_mixin.py:190} INFO - [2024-08-18T08:02:30.924+0000] {dag.py:4138} INFO - Setting next_dagrun for trigger_rules to 2024-08-17 21:00:00+00:00, run_after=2024-08-18 21:00:00+00:00
[2024-08-18T08:02:31.063+0000] {processor.py:208} INFO - Processing /opt/airflow/dags/triggerRule.py took 0.314 seconds
[2024-08-18T08:03:02.077+0000] {processor.py:186} INFO - Started process (PID=995) to work on /opt/airflow/dags/triggerRule.py
[2024-08-18T08:03:02.079+0000] {processor.py:914} INFO - Processing file /opt/airflow/dags/triggerRule.py for tasks to queue
[2024-08-18T08:03:02.080+0000] {logging_mixin.py:190} INFO - [2024-08-18T08:03:02.080+0000] {dagbag.py:587} INFO - Filling up the DagBag from /opt/airflow/dags/triggerRule.py
[2024-08-18T08:03:02.126+0000] {processor.py:925} INFO - DAG(s) 'trigger_rules' retrieved from /opt/airflow/dags/triggerRule.py
[2024-08-18T08:03:02.175+0000] {logging_mixin.py:190} INFO - [2024-08-18T08:03:02.175+0000] {dag.py:3211} INFO - Sync 1 DAGs
[2024-08-18T08:03:02.218+0000] {logging_mixin.py:190} INFO - [2024-08-18T08:03:02.217+0000] {dag.py:4138} INFO - Setting next_dagrun for trigger_rules to 2024-08-17 21:00:00+00:00, run_after=2024-08-18 21:00:00+00:00
[2024-08-18T08:03:02.343+0000] {processor.py:208} INFO - Processing /opt/airflow/dags/triggerRule.py took 0.272 seconds
[2024-08-18T08:03:33.552+0000] {processor.py:186} INFO - Started process (PID=1013) to work on /opt/airflow/dags/triggerRule.py
[2024-08-18T08:03:33.553+0000] {processor.py:914} INFO - Processing file /opt/airflow/dags/triggerRule.py for tasks to queue
[2024-08-18T08:03:33.555+0000] {logging_mixin.py:190} INFO - [2024-08-18T08:03:33.555+0000] {dagbag.py:587} INFO - Filling up the DagBag from /opt/airflow/dags/triggerRule.py
[2024-08-18T08:03:33.607+0000] {processor.py:925} INFO - DAG(s) 'trigger_rules' retrieved from /opt/airflow/dags/triggerRule.py
[2024-08-18T08:03:33.656+0000] {logging_mixin.py:190} INFO - [2024-08-18T08:03:33.656+0000] {dag.py:3211} INFO - Sync 1 DAGs
[2024-08-18T08:03:33.699+0000] {logging_mixin.py:190} INFO - [2024-08-18T08:03:33.699+0000] {dag.py:4138} INFO - Setting next_dagrun for trigger_rules to 2024-08-17 21:00:00+00:00, run_after=2024-08-18 21:00:00+00:00
[2024-08-18T08:03:33.832+0000] {processor.py:208} INFO - Processing /opt/airflow/dags/triggerRule.py took 0.287 seconds
[2024-08-18T08:04:04.626+0000] {processor.py:186} INFO - Started process (PID=1031) to work on /opt/airflow/dags/triggerRule.py
[2024-08-18T08:04:04.628+0000] {processor.py:914} INFO - Processing file /opt/airflow/dags/triggerRule.py for tasks to queue
[2024-08-18T08:04:04.630+0000] {logging_mixin.py:190} INFO - [2024-08-18T08:04:04.630+0000] {dagbag.py:587} INFO - Filling up the DagBag from /opt/airflow/dags/triggerRule.py
[2024-08-18T08:04:04.681+0000] {processor.py:925} INFO - DAG(s) 'trigger_rules' retrieved from /opt/airflow/dags/triggerRule.py
[2024-08-18T08:04:04.742+0000] {logging_mixin.py:190} INFO - [2024-08-18T08:04:04.741+0000] {dag.py:3211} INFO - Sync 1 DAGs
[2024-08-18T08:04:04.789+0000] {logging_mixin.py:190} INFO - [2024-08-18T08:04:04.788+0000] {dag.py:4138} INFO - Setting next_dagrun for trigger_rules to 2024-08-17 21:00:00+00:00, run_after=2024-08-18 21:00:00+00:00
[2024-08-18T08:04:04.913+0000] {processor.py:208} INFO - Processing /opt/airflow/dags/triggerRule.py took 0.294 seconds
[2024-08-18T08:04:35.912+0000] {processor.py:186} INFO - Started process (PID=1049) to work on /opt/airflow/dags/triggerRule.py
[2024-08-18T08:04:35.914+0000] {processor.py:914} INFO - Processing file /opt/airflow/dags/triggerRule.py for tasks to queue
[2024-08-18T08:04:35.916+0000] {logging_mixin.py:190} INFO - [2024-08-18T08:04:35.915+0000] {dagbag.py:587} INFO - Filling up the DagBag from /opt/airflow/dags/triggerRule.py
[2024-08-18T08:04:35.965+0000] {processor.py:925} INFO - DAG(s) 'trigger_rules' retrieved from /opt/airflow/dags/triggerRule.py
[2024-08-18T08:04:36.123+0000] {logging_mixin.py:190} INFO - [2024-08-18T08:04:36.121+0000] {dag.py:3211} INFO - Sync 1 DAGs
[2024-08-18T08:04:36.234+0000] {logging_mixin.py:190} INFO - [2024-08-18T08:04:36.234+0000] {dag.py:4138} INFO - Setting next_dagrun for trigger_rules to 2024-08-17 21:00:00+00:00, run_after=2024-08-18 21:00:00+00:00
[2024-08-18T08:04:36.314+0000] {processor.py:208} INFO - Processing /opt/airflow/dags/triggerRule.py took 0.410 seconds
[2024-08-18T08:05:06.724+0000] {processor.py:186} INFO - Started process (PID=1067) to work on /opt/airflow/dags/triggerRule.py
[2024-08-18T08:05:06.726+0000] {processor.py:914} INFO - Processing file /opt/airflow/dags/triggerRule.py for tasks to queue
[2024-08-18T08:05:06.730+0000] {logging_mixin.py:190} INFO - [2024-08-18T08:05:06.729+0000] {dagbag.py:587} INFO - Filling up the DagBag from /opt/airflow/dags/triggerRule.py
[2024-08-18T08:05:06.792+0000] {processor.py:925} INFO - DAG(s) 'trigger_rules' retrieved from /opt/airflow/dags/triggerRule.py
[2024-08-18T08:05:06.854+0000] {logging_mixin.py:190} INFO - [2024-08-18T08:05:06.853+0000] {dag.py:3211} INFO - Sync 1 DAGs
[2024-08-18T08:05:06.900+0000] {logging_mixin.py:190} INFO - [2024-08-18T08:05:06.899+0000] {dag.py:4138} INFO - Setting next_dagrun for trigger_rules to 2024-08-17 21:00:00+00:00, run_after=2024-08-18 21:00:00+00:00
[2024-08-18T08:05:07.012+0000] {processor.py:208} INFO - Processing /opt/airflow/dags/triggerRule.py took 0.295 seconds
[2024-08-18T08:05:37.929+0000] {processor.py:186} INFO - Started process (PID=1085) to work on /opt/airflow/dags/triggerRule.py
[2024-08-18T08:05:37.931+0000] {processor.py:914} INFO - Processing file /opt/airflow/dags/triggerRule.py for tasks to queue
[2024-08-18T08:05:37.932+0000] {logging_mixin.py:190} INFO - [2024-08-18T08:05:37.932+0000] {dagbag.py:587} INFO - Filling up the DagBag from /opt/airflow/dags/triggerRule.py
[2024-08-18T08:05:37.974+0000] {processor.py:925} INFO - DAG(s) 'trigger_rules' retrieved from /opt/airflow/dags/triggerRule.py
[2024-08-18T08:05:38.019+0000] {logging_mixin.py:190} INFO - [2024-08-18T08:05:38.019+0000] {dag.py:3211} INFO - Sync 1 DAGs
[2024-08-18T08:05:38.060+0000] {logging_mixin.py:190} INFO - [2024-08-18T08:05:38.059+0000] {dag.py:4138} INFO - Setting next_dagrun for trigger_rules to 2024-08-17 21:00:00+00:00, run_after=2024-08-18 21:00:00+00:00
[2024-08-18T08:05:38.338+0000] {processor.py:208} INFO - Processing /opt/airflow/dags/triggerRule.py took 0.414 seconds
[2024-08-18T08:06:08.779+0000] {processor.py:186} INFO - Started process (PID=1102) to work on /opt/airflow/dags/triggerRule.py
[2024-08-18T08:06:08.781+0000] {processor.py:914} INFO - Processing file /opt/airflow/dags/triggerRule.py for tasks to queue
[2024-08-18T08:06:08.783+0000] {logging_mixin.py:190} INFO - [2024-08-18T08:06:08.783+0000] {dagbag.py:587} INFO - Filling up the DagBag from /opt/airflow/dags/triggerRule.py
[2024-08-18T08:06:08.840+0000] {processor.py:925} INFO - DAG(s) 'trigger_rules' retrieved from /opt/airflow/dags/triggerRule.py
[2024-08-18T08:06:08.891+0000] {logging_mixin.py:190} INFO - [2024-08-18T08:06:08.890+0000] {dag.py:3211} INFO - Sync 1 DAGs
[2024-08-18T08:06:09.104+0000] {logging_mixin.py:190} INFO - [2024-08-18T08:06:09.104+0000] {dag.py:4138} INFO - Setting next_dagrun for trigger_rules to 2024-08-17 21:00:00+00:00, run_after=2024-08-18 21:00:00+00:00
[2024-08-18T08:06:09.231+0000] {processor.py:208} INFO - Processing /opt/airflow/dags/triggerRule.py took 0.457 seconds
[2024-08-18T08:06:39.416+0000] {processor.py:186} INFO - Started process (PID=1119) to work on /opt/airflow/dags/triggerRule.py
[2024-08-18T08:06:39.418+0000] {processor.py:914} INFO - Processing file /opt/airflow/dags/triggerRule.py for tasks to queue
[2024-08-18T08:06:39.422+0000] {logging_mixin.py:190} INFO - [2024-08-18T08:06:39.422+0000] {dagbag.py:587} INFO - Filling up the DagBag from /opt/airflow/dags/triggerRule.py
[2024-08-18T08:06:39.484+0000] {processor.py:925} INFO - DAG(s) 'trigger_rules' retrieved from /opt/airflow/dags/triggerRule.py
[2024-08-18T08:06:39.560+0000] {logging_mixin.py:190} INFO - [2024-08-18T08:06:39.559+0000] {dag.py:3211} INFO - Sync 1 DAGs
[2024-08-18T08:06:39.866+0000] {logging_mixin.py:190} INFO - [2024-08-18T08:06:39.865+0000] {dag.py:4138} INFO - Setting next_dagrun for trigger_rules to 2024-08-17 21:00:00+00:00, run_after=2024-08-18 21:00:00+00:00
[2024-08-18T08:06:40.007+0000] {processor.py:208} INFO - Processing /opt/airflow/dags/triggerRule.py took 0.601 seconds
[2024-08-18T08:07:11.945+0000] {processor.py:186} INFO - Started process (PID=1137) to work on /opt/airflow/dags/triggerRule.py
[2024-08-18T08:07:11.946+0000] {processor.py:914} INFO - Processing file /opt/airflow/dags/triggerRule.py for tasks to queue
[2024-08-18T08:07:11.948+0000] {logging_mixin.py:190} INFO - [2024-08-18T08:07:11.948+0000] {dagbag.py:587} INFO - Filling up the DagBag from /opt/airflow/dags/triggerRule.py
[2024-08-18T08:07:11.999+0000] {processor.py:925} INFO - DAG(s) 'trigger_rules' retrieved from /opt/airflow/dags/triggerRule.py
[2024-08-18T08:07:12.049+0000] {logging_mixin.py:190} INFO - [2024-08-18T08:07:12.048+0000] {dag.py:3211} INFO - Sync 1 DAGs
[2024-08-18T08:07:12.103+0000] {logging_mixin.py:190} INFO - [2024-08-18T08:07:12.103+0000] {dag.py:4138} INFO - Setting next_dagrun for trigger_rules to 2024-08-17 21:00:00+00:00, run_after=2024-08-18 21:00:00+00:00
[2024-08-18T08:07:12.256+0000] {processor.py:208} INFO - Processing /opt/airflow/dags/triggerRule.py took 0.317 seconds
[2024-08-18T08:07:43.980+0000] {processor.py:186} INFO - Started process (PID=1155) to work on /opt/airflow/dags/triggerRule.py
[2024-08-18T08:07:43.983+0000] {processor.py:914} INFO - Processing file /opt/airflow/dags/triggerRule.py for tasks to queue
[2024-08-18T08:07:43.986+0000] {logging_mixin.py:190} INFO - [2024-08-18T08:07:43.985+0000] {dagbag.py:587} INFO - Filling up the DagBag from /opt/airflow/dags/triggerRule.py
[2024-08-18T08:07:44.067+0000] {processor.py:925} INFO - DAG(s) 'trigger_rules' retrieved from /opt/airflow/dags/triggerRule.py
[2024-08-18T08:07:44.163+0000] {logging_mixin.py:190} INFO - [2024-08-18T08:07:44.161+0000] {dag.py:3211} INFO - Sync 1 DAGs
[2024-08-18T08:07:44.304+0000] {logging_mixin.py:190} INFO - [2024-08-18T08:07:44.303+0000] {dag.py:4138} INFO - Setting next_dagrun for trigger_rules to 2024-08-17 21:00:00+00:00, run_after=2024-08-18 21:00:00+00:00
[2024-08-18T08:07:44.500+0000] {processor.py:208} INFO - Processing /opt/airflow/dags/triggerRule.py took 0.529 seconds
[2024-08-18T08:08:16.604+0000] {processor.py:186} INFO - Started process (PID=1173) to work on /opt/airflow/dags/triggerRule.py
[2024-08-18T08:08:16.606+0000] {processor.py:914} INFO - Processing file /opt/airflow/dags/triggerRule.py for tasks to queue
[2024-08-18T08:08:16.608+0000] {logging_mixin.py:190} INFO - [2024-08-18T08:08:16.608+0000] {dagbag.py:587} INFO - Filling up the DagBag from /opt/airflow/dags/triggerRule.py
[2024-08-18T08:08:16.668+0000] {processor.py:925} INFO - DAG(s) 'trigger_rules' retrieved from /opt/airflow/dags/triggerRule.py
[2024-08-18T08:08:16.727+0000] {logging_mixin.py:190} INFO - [2024-08-18T08:08:16.726+0000] {dag.py:3211} INFO - Sync 1 DAGs
[2024-08-18T08:08:16.774+0000] {logging_mixin.py:190} INFO - [2024-08-18T08:08:16.774+0000] {dag.py:4138} INFO - Setting next_dagrun for trigger_rules to 2024-08-17 21:00:00+00:00, run_after=2024-08-18 21:00:00+00:00
[2024-08-18T08:08:16.902+0000] {processor.py:208} INFO - Processing /opt/airflow/dags/triggerRule.py took 0.306 seconds
[2024-08-18T08:08:48.304+0000] {processor.py:186} INFO - Started process (PID=1191) to work on /opt/airflow/dags/triggerRule.py
[2024-08-18T08:08:48.306+0000] {processor.py:914} INFO - Processing file /opt/airflow/dags/triggerRule.py for tasks to queue
[2024-08-18T08:08:48.307+0000] {logging_mixin.py:190} INFO - [2024-08-18T08:08:48.307+0000] {dagbag.py:587} INFO - Filling up the DagBag from /opt/airflow/dags/triggerRule.py
[2024-08-18T08:08:48.367+0000] {processor.py:925} INFO - DAG(s) 'trigger_rules' retrieved from /opt/airflow/dags/triggerRule.py
[2024-08-18T08:08:48.427+0000] {logging_mixin.py:190} INFO - [2024-08-18T08:08:48.426+0000] {dag.py:3211} INFO - Sync 1 DAGs
[2024-08-18T08:08:48.467+0000] {logging_mixin.py:190} INFO - [2024-08-18T08:08:48.467+0000] {dag.py:4138} INFO - Setting next_dagrun for trigger_rules to 2024-08-17 21:00:00+00:00, run_after=2024-08-18 21:00:00+00:00
[2024-08-18T08:08:48.587+0000] {processor.py:208} INFO - Processing /opt/airflow/dags/triggerRule.py took 0.289 seconds
[2024-08-18T08:09:18.964+0000] {processor.py:186} INFO - Started process (PID=1208) to work on /opt/airflow/dags/triggerRule.py
[2024-08-18T08:09:18.966+0000] {processor.py:914} INFO - Processing file /opt/airflow/dags/triggerRule.py for tasks to queue
[2024-08-18T08:09:18.970+0000] {logging_mixin.py:190} INFO - [2024-08-18T08:09:18.969+0000] {dagbag.py:587} INFO - Filling up the DagBag from /opt/airflow/dags/triggerRule.py
[2024-08-18T08:09:19.032+0000] {processor.py:925} INFO - DAG(s) 'trigger_rules' retrieved from /opt/airflow/dags/triggerRule.py
[2024-08-18T08:09:19.098+0000] {logging_mixin.py:190} INFO - [2024-08-18T08:09:19.097+0000] {dag.py:3211} INFO - Sync 1 DAGs
[2024-08-18T08:09:19.160+0000] {logging_mixin.py:190} INFO - [2024-08-18T08:09:19.160+0000] {dag.py:4138} INFO - Setting next_dagrun for trigger_rules to 2024-08-17 21:00:00+00:00, run_after=2024-08-18 21:00:00+00:00
[2024-08-18T08:09:19.277+0000] {processor.py:208} INFO - Processing /opt/airflow/dags/triggerRule.py took 0.322 seconds
[2024-08-18T08:09:50.493+0000] {processor.py:186} INFO - Started process (PID=1226) to work on /opt/airflow/dags/triggerRule.py
[2024-08-18T08:09:50.495+0000] {processor.py:914} INFO - Processing file /opt/airflow/dags/triggerRule.py for tasks to queue
[2024-08-18T08:09:50.497+0000] {logging_mixin.py:190} INFO - [2024-08-18T08:09:50.497+0000] {dagbag.py:587} INFO - Filling up the DagBag from /opt/airflow/dags/triggerRule.py
[2024-08-18T08:09:50.552+0000] {processor.py:925} INFO - DAG(s) 'trigger_rules' retrieved from /opt/airflow/dags/triggerRule.py
[2024-08-18T08:09:50.608+0000] {logging_mixin.py:190} INFO - [2024-08-18T08:09:50.607+0000] {dag.py:3211} INFO - Sync 1 DAGs
[2024-08-18T08:09:50.657+0000] {logging_mixin.py:190} INFO - [2024-08-18T08:09:50.657+0000] {dag.py:4138} INFO - Setting next_dagrun for trigger_rules to 2024-08-17 21:00:00+00:00, run_after=2024-08-18 21:00:00+00:00
[2024-08-18T08:09:50.793+0000] {processor.py:208} INFO - Processing /opt/airflow/dags/triggerRule.py took 0.309 seconds
[2024-08-18T08:10:22.106+0000] {processor.py:186} INFO - Started process (PID=1244) to work on /opt/airflow/dags/triggerRule.py
[2024-08-18T08:10:22.108+0000] {processor.py:914} INFO - Processing file /opt/airflow/dags/triggerRule.py for tasks to queue
[2024-08-18T08:10:22.111+0000] {logging_mixin.py:190} INFO - [2024-08-18T08:10:22.110+0000] {dagbag.py:587} INFO - Filling up the DagBag from /opt/airflow/dags/triggerRule.py
[2024-08-18T08:10:22.181+0000] {processor.py:925} INFO - DAG(s) 'trigger_rules' retrieved from /opt/airflow/dags/triggerRule.py
[2024-08-18T08:10:22.242+0000] {logging_mixin.py:190} INFO - [2024-08-18T08:10:22.241+0000] {dag.py:3211} INFO - Sync 1 DAGs
[2024-08-18T08:10:22.289+0000] {logging_mixin.py:190} INFO - [2024-08-18T08:10:22.289+0000] {dag.py:4138} INFO - Setting next_dagrun for trigger_rules to 2024-08-17 21:00:00+00:00, run_after=2024-08-18 21:00:00+00:00
[2024-08-18T08:10:22.426+0000] {processor.py:208} INFO - Processing /opt/airflow/dags/triggerRule.py took 0.330 seconds
[2024-08-18T08:10:53.041+0000] {processor.py:186} INFO - Started process (PID=1262) to work on /opt/airflow/dags/triggerRule.py
[2024-08-18T08:10:53.042+0000] {processor.py:914} INFO - Processing file /opt/airflow/dags/triggerRule.py for tasks to queue
[2024-08-18T08:10:53.045+0000] {logging_mixin.py:190} INFO - [2024-08-18T08:10:53.045+0000] {dagbag.py:587} INFO - Filling up the DagBag from /opt/airflow/dags/triggerRule.py
[2024-08-18T08:10:53.098+0000] {processor.py:925} INFO - DAG(s) 'trigger_rules' retrieved from /opt/airflow/dags/triggerRule.py
[2024-08-18T08:10:53.153+0000] {logging_mixin.py:190} INFO - [2024-08-18T08:10:53.152+0000] {dag.py:3211} INFO - Sync 1 DAGs
[2024-08-18T08:10:53.199+0000] {logging_mixin.py:190} INFO - [2024-08-18T08:10:53.198+0000] {dag.py:4138} INFO - Setting next_dagrun for trigger_rules to 2024-08-17 21:00:00+00:00, run_after=2024-08-18 21:00:00+00:00
[2024-08-18T08:10:53.329+0000] {processor.py:208} INFO - Processing /opt/airflow/dags/triggerRule.py took 0.295 seconds
[2024-08-18T08:11:23.956+0000] {processor.py:186} INFO - Started process (PID=1280) to work on /opt/airflow/dags/triggerRule.py
[2024-08-18T08:11:23.958+0000] {processor.py:914} INFO - Processing file /opt/airflow/dags/triggerRule.py for tasks to queue
[2024-08-18T08:11:23.960+0000] {logging_mixin.py:190} INFO - [2024-08-18T08:11:23.959+0000] {dagbag.py:587} INFO - Filling up the DagBag from /opt/airflow/dags/triggerRule.py
[2024-08-18T08:11:23.999+0000] {processor.py:925} INFO - DAG(s) 'trigger_rules' retrieved from /opt/airflow/dags/triggerRule.py
[2024-08-18T08:11:24.050+0000] {logging_mixin.py:190} INFO - [2024-08-18T08:11:24.048+0000] {dag.py:3211} INFO - Sync 1 DAGs
[2024-08-18T08:11:24.097+0000] {logging_mixin.py:190} INFO - [2024-08-18T08:11:24.097+0000] {dag.py:4138} INFO - Setting next_dagrun for trigger_rules to 2024-08-17 21:00:00+00:00, run_after=2024-08-18 21:00:00+00:00
[2024-08-18T08:11:24.228+0000] {processor.py:208} INFO - Processing /opt/airflow/dags/triggerRule.py took 0.278 seconds
[2024-08-18T08:11:58.412+0000] {processor.py:186} INFO - Started process (PID=1299) to work on /opt/airflow/dags/triggerRule.py
[2024-08-18T08:11:58.414+0000] {processor.py:914} INFO - Processing file /opt/airflow/dags/triggerRule.py for tasks to queue
[2024-08-18T08:11:58.418+0000] {logging_mixin.py:190} INFO - [2024-08-18T08:11:58.416+0000] {dagbag.py:587} INFO - Filling up the DagBag from /opt/airflow/dags/triggerRule.py
[2024-08-18T08:11:58.481+0000] {processor.py:925} INFO - DAG(s) 'trigger_rules' retrieved from /opt/airflow/dags/triggerRule.py
[2024-08-18T08:11:58.546+0000] {logging_mixin.py:190} INFO - [2024-08-18T08:11:58.545+0000] {dag.py:3211} INFO - Sync 1 DAGs
[2024-08-18T08:11:58.604+0000] {logging_mixin.py:190} INFO - [2024-08-18T08:11:58.604+0000] {dag.py:4138} INFO - Setting next_dagrun for trigger_rules to 2024-08-17 21:00:00+00:00, run_after=2024-08-18 21:00:00+00:00
[2024-08-18T08:11:59.031+0000] {processor.py:208} INFO - Processing /opt/airflow/dags/triggerRule.py took 0.627 seconds
[2024-08-18T08:12:30.961+0000] {processor.py:186} INFO - Started process (PID=1318) to work on /opt/airflow/dags/triggerRule.py
[2024-08-18T08:12:30.962+0000] {processor.py:914} INFO - Processing file /opt/airflow/dags/triggerRule.py for tasks to queue
[2024-08-18T08:12:30.964+0000] {logging_mixin.py:190} INFO - [2024-08-18T08:12:30.964+0000] {dagbag.py:587} INFO - Filling up the DagBag from /opt/airflow/dags/triggerRule.py
[2024-08-18T08:12:31.012+0000] {processor.py:925} INFO - DAG(s) 'trigger_rules' retrieved from /opt/airflow/dags/triggerRule.py
[2024-08-18T08:12:31.067+0000] {logging_mixin.py:190} INFO - [2024-08-18T08:12:31.066+0000] {dag.py:3211} INFO - Sync 1 DAGs
[2024-08-18T08:12:31.320+0000] {logging_mixin.py:190} INFO - [2024-08-18T08:12:31.319+0000] {dag.py:4138} INFO - Setting next_dagrun for trigger_rules to 2024-08-17 21:00:00+00:00, run_after=2024-08-18 21:00:00+00:00
[2024-08-18T08:12:31.458+0000] {processor.py:208} INFO - Processing /opt/airflow/dags/triggerRule.py took 0.505 seconds
[2024-08-18T08:13:05.542+0000] {processor.py:186} INFO - Started process (PID=1337) to work on /opt/airflow/dags/triggerRule.py
[2024-08-18T08:13:05.543+0000] {processor.py:914} INFO - Processing file /opt/airflow/dags/triggerRule.py for tasks to queue
[2024-08-18T08:13:05.545+0000] {logging_mixin.py:190} INFO - [2024-08-18T08:13:05.545+0000] {dagbag.py:587} INFO - Filling up the DagBag from /opt/airflow/dags/triggerRule.py
[2024-08-18T08:13:05.602+0000] {processor.py:925} INFO - DAG(s) 'trigger_rules' retrieved from /opt/airflow/dags/triggerRule.py
[2024-08-18T08:13:05.660+0000] {logging_mixin.py:190} INFO - [2024-08-18T08:13:05.659+0000] {dag.py:3211} INFO - Sync 1 DAGs
[2024-08-18T08:13:05.929+0000] {logging_mixin.py:190} INFO - [2024-08-18T08:13:05.929+0000] {dag.py:4138} INFO - Setting next_dagrun for trigger_rules to 2024-08-17 21:00:00+00:00, run_after=2024-08-18 21:00:00+00:00
[2024-08-18T08:13:06.085+0000] {processor.py:208} INFO - Processing /opt/airflow/dags/triggerRule.py took 0.551 seconds
[2024-08-18T08:13:44.382+0000] {processor.py:186} INFO - Started process (PID=1355) to work on /opt/airflow/dags/triggerRule.py
[2024-08-18T08:13:44.386+0000] {processor.py:914} INFO - Processing file /opt/airflow/dags/triggerRule.py for tasks to queue
[2024-08-18T08:13:44.390+0000] {logging_mixin.py:190} INFO - [2024-08-18T08:13:44.389+0000] {dagbag.py:587} INFO - Filling up the DagBag from /opt/airflow/dags/triggerRule.py
[2024-08-18T08:13:44.453+0000] {processor.py:925} INFO - DAG(s) 'trigger_rules' retrieved from /opt/airflow/dags/triggerRule.py
[2024-08-18T08:13:44.516+0000] {logging_mixin.py:190} INFO - [2024-08-18T08:13:44.515+0000] {dag.py:3211} INFO - Sync 1 DAGs
[2024-08-18T08:13:44.849+0000] {logging_mixin.py:190} INFO - [2024-08-18T08:13:44.848+0000] {dag.py:4138} INFO - Setting next_dagrun for trigger_rules to 2024-08-17 21:00:00+00:00, run_after=2024-08-18 21:00:00+00:00
[2024-08-18T08:13:44.982+0000] {processor.py:208} INFO - Processing /opt/airflow/dags/triggerRule.py took 0.618 seconds
