[2024-08-18T07:16:45.494+0000] {processor.py:186} INFO - Started process (PID=85) to work on /opt/airflow/dags/variable.py
[2024-08-18T07:16:45.496+0000] {processor.py:914} INFO - Processing file /opt/airflow/dags/variable.py for tasks to queue
[2024-08-18T07:16:45.499+0000] {logging_mixin.py:190} INFO - [2024-08-18T07:16:45.498+0000] {dagbag.py:587} INFO - Filling up the DagBag from /opt/airflow/dags/variable.py
[2024-08-18T07:16:45.564+0000] {processor.py:925} INFO - DAG(s) 'live_exchange_rates' retrieved from /opt/airflow/dags/variable.py
[2024-08-18T07:16:45.880+0000] {logging_mixin.py:190} INFO - [2024-08-18T07:16:45.879+0000] {override.py:1858} INFO - Created Permission View: can read on DAG:live_exchange_rates
[2024-08-18T07:16:45.952+0000] {logging_mixin.py:190} INFO - [2024-08-18T07:16:45.951+0000] {override.py:1858} INFO - Created Permission View: can edit on DAG:live_exchange_rates
[2024-08-18T07:16:45.993+0000] {logging_mixin.py:190} INFO - [2024-08-18T07:16:45.993+0000] {override.py:1858} INFO - Created Permission View: can delete on DAG:live_exchange_rates
[2024-08-18T07:16:45.994+0000] {logging_mixin.py:190} INFO - [2024-08-18T07:16:45.994+0000] {dag.py:3211} INFO - Sync 1 DAGs
[2024-08-18T07:16:46.018+0000] {logging_mixin.py:190} INFO - [2024-08-18T07:16:46.017+0000] {dag.py:3234} INFO - Creating ORM DAG for live_exchange_rates
[2024-08-18T07:16:46.030+0000] {logging_mixin.py:190} INFO - [2024-08-18T07:16:46.030+0000] {dag.py:4138} INFO - Setting next_dagrun for live_exchange_rates to 2024-08-17 21:00:00+00:00, run_after=2024-08-18 21:00:00+00:00
[2024-08-18T07:16:46.095+0000] {processor.py:208} INFO - Processing /opt/airflow/dags/variable.py took 0.606 seconds
[2024-08-18T07:17:16.890+0000] {processor.py:186} INFO - Started process (PID=90) to work on /opt/airflow/dags/variable.py
[2024-08-18T07:17:16.892+0000] {processor.py:914} INFO - Processing file /opt/airflow/dags/variable.py for tasks to queue
[2024-08-18T07:17:16.894+0000] {logging_mixin.py:190} INFO - [2024-08-18T07:17:16.894+0000] {dagbag.py:587} INFO - Filling up the DagBag from /opt/airflow/dags/variable.py
[2024-08-18T07:17:16.953+0000] {processor.py:925} INFO - DAG(s) 'live_exchange_rates' retrieved from /opt/airflow/dags/variable.py
[2024-08-18T07:17:17.004+0000] {logging_mixin.py:190} INFO - [2024-08-18T07:17:17.004+0000] {dag.py:3211} INFO - Sync 1 DAGs
[2024-08-18T07:17:17.043+0000] {logging_mixin.py:190} INFO - [2024-08-18T07:17:17.043+0000] {dag.py:4138} INFO - Setting next_dagrun for live_exchange_rates to 2024-08-17 21:00:00+00:00, run_after=2024-08-18 21:00:00+00:00
[2024-08-18T07:17:17.139+0000] {processor.py:208} INFO - Processing /opt/airflow/dags/variable.py took 0.255 seconds
[2024-08-18T07:17:47.633+0000] {processor.py:186} INFO - Started process (PID=95) to work on /opt/airflow/dags/variable.py
[2024-08-18T07:17:47.635+0000] {processor.py:914} INFO - Processing file /opt/airflow/dags/variable.py for tasks to queue
[2024-08-18T07:17:47.641+0000] {logging_mixin.py:190} INFO - [2024-08-18T07:17:47.640+0000] {dagbag.py:587} INFO - Filling up the DagBag from /opt/airflow/dags/variable.py
[2024-08-18T07:17:47.704+0000] {processor.py:925} INFO - DAG(s) 'live_exchange_rates' retrieved from /opt/airflow/dags/variable.py
[2024-08-18T07:17:47.760+0000] {logging_mixin.py:190} INFO - [2024-08-18T07:17:47.759+0000] {dag.py:3211} INFO - Sync 1 DAGs
[2024-08-18T07:17:47.811+0000] {logging_mixin.py:190} INFO - [2024-08-18T07:17:47.811+0000] {dag.py:4138} INFO - Setting next_dagrun for live_exchange_rates to 2024-08-17 21:00:00+00:00, run_after=2024-08-18 21:00:00+00:00
[2024-08-18T07:17:47.942+0000] {processor.py:208} INFO - Processing /opt/airflow/dags/variable.py took 0.317 seconds
[2024-08-18T07:18:18.715+0000] {processor.py:186} INFO - Started process (PID=100) to work on /opt/airflow/dags/variable.py
[2024-08-18T07:18:18.721+0000] {processor.py:914} INFO - Processing file /opt/airflow/dags/variable.py for tasks to queue
[2024-08-18T07:18:18.728+0000] {logging_mixin.py:190} INFO - [2024-08-18T07:18:18.727+0000] {dagbag.py:587} INFO - Filling up the DagBag from /opt/airflow/dags/variable.py
[2024-08-18T07:18:18.786+0000] {processor.py:925} INFO - DAG(s) 'live_exchange_rates' retrieved from /opt/airflow/dags/variable.py
[2024-08-18T07:18:18.830+0000] {logging_mixin.py:190} INFO - [2024-08-18T07:18:18.830+0000] {dag.py:3211} INFO - Sync 1 DAGs
[2024-08-18T07:18:18.877+0000] {logging_mixin.py:190} INFO - [2024-08-18T07:18:18.876+0000] {dag.py:4138} INFO - Setting next_dagrun for live_exchange_rates to 2024-08-17 21:00:00+00:00, run_after=2024-08-18 21:00:00+00:00
[2024-08-18T07:18:19.010+0000] {processor.py:208} INFO - Processing /opt/airflow/dags/variable.py took 0.306 seconds
[2024-08-18T07:18:49.279+0000] {processor.py:186} INFO - Started process (PID=105) to work on /opt/airflow/dags/variable.py
[2024-08-18T07:18:49.284+0000] {processor.py:914} INFO - Processing file /opt/airflow/dags/variable.py for tasks to queue
[2024-08-18T07:18:49.291+0000] {logging_mixin.py:190} INFO - [2024-08-18T07:18:49.291+0000] {dagbag.py:587} INFO - Filling up the DagBag from /opt/airflow/dags/variable.py
[2024-08-18T07:18:49.349+0000] {processor.py:925} INFO - DAG(s) 'live_exchange_rates' retrieved from /opt/airflow/dags/variable.py
[2024-08-18T07:18:49.397+0000] {logging_mixin.py:190} INFO - [2024-08-18T07:18:49.396+0000] {dag.py:3211} INFO - Sync 1 DAGs
[2024-08-18T07:18:49.442+0000] {logging_mixin.py:190} INFO - [2024-08-18T07:18:49.442+0000] {dag.py:4138} INFO - Setting next_dagrun for live_exchange_rates to 2024-08-17 21:00:00+00:00, run_after=2024-08-18 21:00:00+00:00
[2024-08-18T07:18:49.536+0000] {processor.py:208} INFO - Processing /opt/airflow/dags/variable.py took 0.262 seconds
[2024-08-18T07:19:19.811+0000] {processor.py:186} INFO - Started process (PID=110) to work on /opt/airflow/dags/variable.py
[2024-08-18T07:19:19.813+0000] {processor.py:914} INFO - Processing file /opt/airflow/dags/variable.py for tasks to queue
[2024-08-18T07:19:19.816+0000] {logging_mixin.py:190} INFO - [2024-08-18T07:19:19.815+0000] {dagbag.py:587} INFO - Filling up the DagBag from /opt/airflow/dags/variable.py
[2024-08-18T07:19:19.851+0000] {processor.py:925} INFO - DAG(s) 'live_exchange_rates' retrieved from /opt/airflow/dags/variable.py
[2024-08-18T07:19:19.890+0000] {logging_mixin.py:190} INFO - [2024-08-18T07:19:19.889+0000] {dag.py:3211} INFO - Sync 1 DAGs
[2024-08-18T07:19:19.925+0000] {logging_mixin.py:190} INFO - [2024-08-18T07:19:19.925+0000] {dag.py:4138} INFO - Setting next_dagrun for live_exchange_rates to 2024-08-17 21:00:00+00:00, run_after=2024-08-18 21:00:00+00:00
[2024-08-18T07:19:20.025+0000] {processor.py:208} INFO - Processing /opt/airflow/dags/variable.py took 0.219 seconds
[2024-08-18T07:19:50.762+0000] {processor.py:186} INFO - Started process (PID=115) to work on /opt/airflow/dags/variable.py
[2024-08-18T07:19:50.764+0000] {processor.py:914} INFO - Processing file /opt/airflow/dags/variable.py for tasks to queue
[2024-08-18T07:19:50.766+0000] {logging_mixin.py:190} INFO - [2024-08-18T07:19:50.766+0000] {dagbag.py:587} INFO - Filling up the DagBag from /opt/airflow/dags/variable.py
[2024-08-18T07:19:50.796+0000] {processor.py:925} INFO - DAG(s) 'live_exchange_rates' retrieved from /opt/airflow/dags/variable.py
[2024-08-18T07:19:50.825+0000] {logging_mixin.py:190} INFO - [2024-08-18T07:19:50.825+0000] {dag.py:3211} INFO - Sync 1 DAGs
[2024-08-18T07:19:50.851+0000] {logging_mixin.py:190} INFO - [2024-08-18T07:19:50.851+0000] {dag.py:4138} INFO - Setting next_dagrun for live_exchange_rates to 2024-08-17 21:00:00+00:00, run_after=2024-08-18 21:00:00+00:00
[2024-08-18T07:19:50.913+0000] {processor.py:208} INFO - Processing /opt/airflow/dags/variable.py took 0.156 seconds
[2024-08-18T07:20:22.207+0000] {processor.py:186} INFO - Started process (PID=120) to work on /opt/airflow/dags/variable.py
[2024-08-18T07:20:22.208+0000] {processor.py:914} INFO - Processing file /opt/airflow/dags/variable.py for tasks to queue
[2024-08-18T07:20:22.210+0000] {logging_mixin.py:190} INFO - [2024-08-18T07:20:22.210+0000] {dagbag.py:587} INFO - Filling up the DagBag from /opt/airflow/dags/variable.py
[2024-08-18T07:20:22.252+0000] {processor.py:925} INFO - DAG(s) 'live_exchange_rates' retrieved from /opt/airflow/dags/variable.py
[2024-08-18T07:20:22.292+0000] {logging_mixin.py:190} INFO - [2024-08-18T07:20:22.292+0000] {dag.py:3211} INFO - Sync 1 DAGs
[2024-08-18T07:20:22.329+0000] {logging_mixin.py:190} INFO - [2024-08-18T07:20:22.328+0000] {dag.py:4138} INFO - Setting next_dagrun for live_exchange_rates to 2024-08-17 21:00:00+00:00, run_after=2024-08-18 21:00:00+00:00
[2024-08-18T07:20:22.409+0000] {processor.py:208} INFO - Processing /opt/airflow/dags/variable.py took 0.208 seconds
